/cm/local/apps/slurm/var/spool/job402250/slurm_script: line 19: /common/ketrong/minconda3/etc/profile.d/conda.sh: No such file or directory
/cm/local/apps/slurm/var/spool/job402250/slurm_script: line 22: $'\nconda create --name tpot2devenv -c conda-forge python=3.10\n': command not found
/cm/local/apps/slurm/var/spool/job402250/slurm_script: line 27: $'\npip install -r requirements.txt\n': command not found
RunStart
2023-11-21 09:49:45.023889: I tensorflow/core/util/port.cc:113] oneDNN custom operations are on. You may see slightly different numerical results due to floating-point round-off errors from different computation orders. To turn them off, set the environment variable `TF_ENABLE_ONEDNN_OPTS=0`.
2023-11-21 09:49:45.056419: E external/local_xla/xla/stream_executor/cuda/cuda_dnn.cc:9261] Unable to register cuDNN factory: Attempting to register factory for plugin cuDNN when one has already been registered
2023-11-21 09:49:45.056441: E external/local_xla/xla/stream_executor/cuda/cuda_fft.cc:607] Unable to register cuFFT factory: Attempting to register factory for plugin cuFFT when one has already been registered
2023-11-21 09:49:45.057229: E external/local_xla/xla/stream_executor/cuda/cuda_blas.cc:1515] Unable to register cuBLAS factory: Attempting to register factory for plugin cuBLAS when one has already been registered
2023-11-21 09:49:45.061994: I tensorflow/core/platform/cpu_feature_guard.cc:182] This TensorFlow binary is optimized to use available CPU instructions in performance-critical operations.
To enable the following instructions: AVX2 AVX512F AVX512_VNNI FMA, in other operations, rebuild TensorFlow with the appropriate compiler flags.
2023-11-21 09:49:47.525630: W tensorflow/compiler/tf2tensorrt/utils/py_utils.cc:38] TF-TRT Warning: Could not find TensorRT
WARNING:tensorflow:From /home/ketrong/miniconda3/envs/tpot2devenv/lib/python3.10/site-packages/tensorflow/python/compat/v2_compat.py:108: disable_resource_variables (from tensorflow.python.ops.variable_scope) is deprecated and will be removed in a future version.
Instructions for updating:
non-resource variables are not supported in the long term
working on 
tpot2_imputetest/Impute_Experiments/logs//tpot2_base_imputation_6_0.5_MAR_0
loading data
tpot2_imputetest/Impute_Experiments/data/6_True.pkl
running experiment 1/3 - Does large hyperparameter space improve reconstruction accuracy over simple
[I 2023-11-21 09:50:56,001] A new study created in memory with name: no-name-e9e25408-2222-4807-b708-3fd20c76001f
[W 2023-11-21 09:50:56,004] Trial 0 failed with parameters: {'model_name': 'SimpleImputer', 'strategy': 'constant'} because of the following error: TypeError("SimpleImputer.__init__() got an unexpected keyword argument 'model_name'").
Traceback (most recent call last):
  File "/home/ketrong/miniconda3/envs/tpot2devenv/lib/python3.10/site-packages/optuna/study/_optimize.py", line 200, in _run_trial
    value_or_values = func(trial)
  File "/common/ketrong/AutoImputeExp/tpot2_imputetest/Impute_Experiments/autoimpute.py", line 57, in obj
    my_model = autoutils.MyModel(random_state = self.random_state, **my_params)
  File "/common/ketrong/AutoImputeExp/tpot2_imputetest/Impute_Experiments/autoutils.py", line 35, in MyModel
    my_model = SimpleImputer(
TypeError: SimpleImputer.__init__() got an unexpected keyword argument 'model_name'
[W 2023-11-21 09:50:56,017] Trial 0 failed with value None.
[W 2023-11-21 09:50:56,005] Trial 1 failed with parameters: {'model_name': 'SimpleImputer', 'strategy': 'mean'} because of the following error: TypeError("SimpleImputer.__init__() got an unexpected keyword argument 'model_name'").
Traceback (most recent call last):
  File "/home/ketrong/miniconda3/envs/tpot2devenv/lib/python3.10/site-packages/optuna/study/_optimize.py", line 200, in _run_trial
    value_or_values = func(trial)
  File "/common/ketrong/AutoImputeExp/tpot2_imputetest/Impute_Experiments/autoimpute.py", line 57, in obj
    my_model = autoutils.MyModel(random_state = self.random_state, **my_params)
  File "/common/ketrong/AutoImputeExp/tpot2_imputetest/Impute_Experiments/autoutils.py", line 35, in MyModel
    my_model = SimpleImputer(
TypeError: SimpleImputer.__init__() got an unexpected keyword argument 'model_name'
[W 2023-11-21 09:50:56,198] Trial 1 failed with value None.
[W 2023-11-21 09:50:56,006] Trial 3 failed with parameters: {'model_name': 'SimpleImputer', 'strategy': 'mean'} because of the following error: TypeError("SimpleImputer.__init__() got an unexpected keyword argument 'model_name'").
Traceback (most recent call last):
  File "/home/ketrong/miniconda3/envs/tpot2devenv/lib/python3.10/site-packages/optuna/study/_optimize.py", line 200, in _run_trial
    value_or_values = func(trial)
  File "/common/ketrong/AutoImputeExp/tpot2_imputetest/Impute_Experiments/autoimpute.py", line 57, in obj
    my_model = autoutils.MyModel(random_state = self.random_state, **my_params)
  File "/common/ketrong/AutoImputeExp/tpot2_imputetest/Impute_Experiments/autoutils.py", line 35, in MyModel
    my_model = SimpleImputer(
TypeError: SimpleImputer.__init__() got an unexpected keyword argument 'model_name'
[W 2023-11-21 09:50:56,337] Trial 3 failed with value None.
[W 2023-11-21 09:50:56,008] Trial 5 failed with parameters: {'model_name': 'SimpleImputer', 'strategy': 'median'} because of the following error: TypeError("SimpleImputer.__init__() got an unexpected keyword argument 'model_name'").
Traceback (most recent call last):
  File "/home/ketrong/miniconda3/envs/tpot2devenv/lib/python3.10/site-packages/optuna/study/_optimize.py", line 200, in _run_trial
    value_or_values = func(trial)
  File "/common/ketrong/AutoImputeExp/tpot2_imputetest/Impute_Experiments/autoimpute.py", line 57, in obj
    my_model = autoutils.MyModel(random_state = self.random_state, **my_params)
  File "/common/ketrong/AutoImputeExp/tpot2_imputetest/Impute_Experiments/autoutils.py", line 35, in MyModel
    my_model = SimpleImputer(
TypeError: SimpleImputer.__init__() got an unexpected keyword argument 'model_name'
[W 2023-11-21 09:50:56,478] Trial 5 failed with value None.
[W 2023-11-21 09:50:56,010] Trial 7 failed with parameters: {'model_name': 'SimpleImputer', 'strategy': 'constant'} because of the following error: TypeError("SimpleImputer.__init__() got an unexpected keyword argument 'model_name'").
Traceback (most recent call last):
  File "/home/ketrong/miniconda3/envs/tpot2devenv/lib/python3.10/site-packages/optuna/study/_optimize.py", line 200, in _run_trial
    value_or_values = func(trial)
  File "/common/ketrong/AutoImputeExp/tpot2_imputetest/Impute_Experiments/autoimpute.py", line 57, in obj
    my_model = autoutils.MyModel(random_state = self.random_state, **my_params)
  File "/common/ketrong/AutoImputeExp/tpot2_imputetest/Impute_Experiments/autoutils.py", line 35, in MyModel
    my_model = SimpleImputer(
TypeError: SimpleImputer.__init__() got an unexpected keyword argument 'model_name'
[W 2023-11-21 09:50:56,621] Trial 7 failed with value None.
[W 2023-11-21 09:50:56,016] Trial 9 failed with parameters: {'model_name': 'SimpleImputer', 'strategy': 'most_frequent'} because of the following error: TypeError("SimpleImputer.__init__() got an unexpected keyword argument 'model_name'").
Traceback (most recent call last):
  File "/home/ketrong/miniconda3/envs/tpot2devenv/lib/python3.10/site-packages/optuna/study/_optimize.py", line 200, in _run_trial
    value_or_values = func(trial)
  File "/common/ketrong/AutoImputeExp/tpot2_imputetest/Impute_Experiments/autoimpute.py", line 57, in obj
    my_model = autoutils.MyModel(random_state = self.random_state, **my_params)
  File "/common/ketrong/AutoImputeExp/tpot2_imputetest/Impute_Experiments/autoutils.py", line 35, in MyModel
    my_model = SimpleImputer(
TypeError: SimpleImputer.__init__() got an unexpected keyword argument 'model_name'
[W 2023-11-21 09:50:56,763] Trial 9 failed with value None.
[W 2023-11-21 09:50:56,006] Trial 2 failed with parameters: {'model_name': 'SimpleImputer', 'strategy': 'constant'} because of the following error: TypeError("SimpleImputer.__init__() got an unexpected keyword argument 'model_name'").
Traceback (most recent call last):
  File "/home/ketrong/miniconda3/envs/tpot2devenv/lib/python3.10/site-packages/optuna/study/_optimize.py", line 200, in _run_trial
    value_or_values = func(trial)
  File "/common/ketrong/AutoImputeExp/tpot2_imputetest/Impute_Experiments/autoimpute.py", line 57, in obj
    my_model = autoutils.MyModel(random_state = self.random_state, **my_params)
  File "/common/ketrong/AutoImputeExp/tpot2_imputetest/Impute_Experiments/autoutils.py", line 35, in MyModel
    my_model = SimpleImputer(
TypeError: SimpleImputer.__init__() got an unexpected keyword argument 'model_name'
[W 2023-11-21 09:50:56,902] Trial 2 failed with value None.
[W 2023-11-21 09:50:56,009] Trial 6 failed with parameters: {'model_name': 'SimpleImputer', 'strategy': 'constant'} because of the following error: TypeError("SimpleImputer.__init__() got an unexpected keyword argument 'model_name'").
Traceback (most recent call last):
  File "/home/ketrong/miniconda3/envs/tpot2devenv/lib/python3.10/site-packages/optuna/study/_optimize.py", line 200, in _run_trial
    value_or_values = func(trial)
  File "/common/ketrong/AutoImputeExp/tpot2_imputetest/Impute_Experiments/autoimpute.py", line 57, in obj
    my_model = autoutils.MyModel(random_state = self.random_state, **my_params)
  File "/common/ketrong/AutoImputeExp/tpot2_imputetest/Impute_Experiments/autoutils.py", line 35, in MyModel
    my_model = SimpleImputer(
TypeError: SimpleImputer.__init__() got an unexpected keyword argument 'model_name'
[W 2023-11-21 09:50:57,042] Trial 6 failed with value None.
[W 2023-11-21 09:50:56,476] Trial 12 failed with parameters: {'model_name': 'SimpleImputer', 'strategy': 'median'} because of the following error: TypeError("SimpleImputer.__init__() got an unexpected keyword argument 'model_name'").
Traceback (most recent call last):
  File "/home/ketrong/miniconda3/envs/tpot2devenv/lib/python3.10/site-packages/optuna/study/_optimize.py", line 200, in _run_trial
    value_or_values = func(trial)
  File "/common/ketrong/AutoImputeExp/tpot2_imputetest/Impute_Experiments/autoimpute.py", line 57, in obj
    my_model = autoutils.MyModel(random_state = self.random_state, **my_params)
  File "/common/ketrong/AutoImputeExp/tpot2_imputetest/Impute_Experiments/autoutils.py", line 35, in MyModel
    my_model = SimpleImputer(
TypeError: SimpleImputer.__init__() got an unexpected keyword argument 'model_name'
[W 2023-11-21 09:50:57,188] Trial 12 failed with value None.
[W 2023-11-21 09:50:56,620] Trial 13 failed with parameters: {'model_name': 'SimpleImputer', 'strategy': 'most_frequent'} because of the following error: TypeError("SimpleImputer.__init__() got an unexpected keyword argument 'model_name'").
Traceback (most recent call last):
  File "/home/ketrong/miniconda3/envs/tpot2devenv/lib/python3.10/site-packages/optuna/study/_optimize.py", line 200, in _run_trial
    value_or_values = func(trial)
  File "/common/ketrong/AutoImputeExp/tpot2_imputetest/Impute_Experiments/autoimpute.py", line 57, in obj
    my_model = autoutils.MyModel(random_state = self.random_state, **my_params)
  File "/common/ketrong/AutoImputeExp/tpot2_imputetest/Impute_Experiments/autoutils.py", line 35, in MyModel
    my_model = SimpleImputer(
TypeError: SimpleImputer.__init__() got an unexpected keyword argument 'model_name'
[W 2023-11-21 09:50:57,330] Trial 13 failed with value None.
[W 2023-11-21 09:50:56,007] Trial 4 failed with parameters: {'model_name': 'SimpleImputer', 'strategy': 'most_frequent'} because of the following error: TypeError("SimpleImputer.__init__() got an unexpected keyword argument 'model_name'").
Traceback (most recent call last):
  File "/home/ketrong/miniconda3/envs/tpot2devenv/lib/python3.10/site-packages/optuna/study/_optimize.py", line 200, in _run_trial
    value_or_values = func(trial)
  File "/common/ketrong/AutoImputeExp/tpot2_imputetest/Impute_Experiments/autoimpute.py", line 57, in obj
    my_model = autoutils.MyModel(random_state = self.random_state, **my_params)
  File "/common/ketrong/AutoImputeExp/tpot2_imputetest/Impute_Experiments/autoutils.py", line 35, in MyModel
    my_model = SimpleImputer(
TypeError: SimpleImputer.__init__() got an unexpected keyword argument 'model_name'
[W 2023-11-21 09:50:57,473] Trial 4 failed with value None.
[W 2023-11-21 09:50:56,476] Trial 11 failed with parameters: {'model_name': 'SimpleImputer', 'strategy': 'constant'} because of the following error: TypeError("SimpleImputer.__init__() got an unexpected keyword argument 'model_name'").
Traceback (most recent call last):
  File "/home/ketrong/miniconda3/envs/tpot2devenv/lib/python3.10/site-packages/optuna/study/_optimize.py", line 200, in _run_trial
    value_or_values = func(trial)
  File "/common/ketrong/AutoImputeExp/tpot2_imputetest/Impute_Experiments/autoimpute.py", line 57, in obj
    my_model = autoutils.MyModel(random_state = self.random_state, **my_params)
  File "/common/ketrong/AutoImputeExp/tpot2_imputetest/Impute_Experiments/autoutils.py", line 35, in MyModel
    my_model = SimpleImputer(
TypeError: SimpleImputer.__init__() got an unexpected keyword argument 'model_name'
[W 2023-11-21 09:50:57,611] Trial 11 failed with value None.
[W 2023-11-21 09:50:56,015] Trial 8 failed with parameters: {'model_name': 'SimpleImputer', 'strategy': 'median'} because of the following error: TypeError("SimpleImputer.__init__() got an unexpected keyword argument 'model_name'").
Traceback (most recent call last):
  File "/home/ketrong/miniconda3/envs/tpot2devenv/lib/python3.10/site-packages/optuna/study/_optimize.py", line 200, in _run_trial
    value_or_values = func(trial)
  File "/common/ketrong/AutoImputeExp/tpot2_imputetest/Impute_Experiments/autoimpute.py", line 57, in obj
    my_model = autoutils.MyModel(random_state = self.random_state, **my_params)
  File "/common/ketrong/AutoImputeExp/tpot2_imputetest/Impute_Experiments/autoutils.py", line 35, in MyModel
    my_model = SimpleImputer(
TypeError: SimpleImputer.__init__() got an unexpected keyword argument 'model_name'
[W 2023-11-21 09:50:57,752] Trial 8 failed with value None.
[W 2023-11-21 09:50:56,621] Trial 14 failed with parameters: {'model_name': 'SimpleImputer', 'strategy': 'mean'} because of the following error: TypeError("SimpleImputer.__init__() got an unexpected keyword argument 'model_name'").
Traceback (most recent call last):
  File "/home/ketrong/miniconda3/envs/tpot2devenv/lib/python3.10/site-packages/optuna/study/_optimize.py", line 200, in _run_trial
    value_or_values = func(trial)
  File "/common/ketrong/AutoImputeExp/tpot2_imputetest/Impute_Experiments/autoimpute.py", line 57, in obj
    my_model = autoutils.MyModel(random_state = self.random_state, **my_params)
  File "/common/ketrong/AutoImputeExp/tpot2_imputetest/Impute_Experiments/autoutils.py", line 35, in MyModel
    my_model = SimpleImputer(
TypeError: SimpleImputer.__init__() got an unexpected keyword argument 'model_name'
[W 2023-11-21 09:50:57,892] Trial 14 failed with value None.
[W 2023-11-21 09:50:56,016] Trial 10 failed with parameters: {'model_name': 'SimpleImputer', 'strategy': 'constant'} because of the following error: TypeError("SimpleImputer.__init__() got an unexpected keyword argument 'model_name'").
Traceback (most recent call last):
  File "/home/ketrong/miniconda3/envs/tpot2devenv/lib/python3.10/site-packages/optuna/study/_optimize.py", line 200, in _run_trial
    value_or_values = func(trial)
  File "/common/ketrong/AutoImputeExp/tpot2_imputetest/Impute_Experiments/autoimpute.py", line 57, in obj
    my_model = autoutils.MyModel(random_state = self.random_state, **my_params)
  File "/common/ketrong/AutoImputeExp/tpot2_imputetest/Impute_Experiments/autoutils.py", line 35, in MyModel
    my_model = SimpleImputer(
TypeError: SimpleImputer.__init__() got an unexpected keyword argument 'model_name'
[W 2023-11-21 09:50:58,032] Trial 10 failed with value None.
[W 2023-11-21 09:50:57,751] Trial 18 failed with parameters: {'model_name': 'SimpleImputer', 'strategy': 'most_frequent'} because of the following error: TypeError("SimpleImputer.__init__() got an unexpected keyword argument 'model_name'").
Traceback (most recent call last):
  File "/home/ketrong/miniconda3/envs/tpot2devenv/lib/python3.10/site-packages/optuna/study/_optimize.py", line 200, in _run_trial
    value_or_values = func(trial)
  File "/common/ketrong/AutoImputeExp/tpot2_imputetest/Impute_Experiments/autoimpute.py", line 57, in obj
    my_model = autoutils.MyModel(random_state = self.random_state, **my_params)
  File "/common/ketrong/AutoImputeExp/tpot2_imputetest/Impute_Experiments/autoutils.py", line 35, in MyModel
    my_model = SimpleImputer(
TypeError: SimpleImputer.__init__() got an unexpected keyword argument 'model_name'
[W 2023-11-21 09:50:58,174] Trial 18 failed with value None.
[W 2023-11-21 09:50:57,329] Trial 17 failed with parameters: {'model_name': 'SimpleImputer', 'strategy': 'most_frequent'} because of the following error: TypeError("SimpleImputer.__init__() got an unexpected keyword argument 'model_name'").
Traceback (most recent call last):
  File "/home/ketrong/miniconda3/envs/tpot2devenv/lib/python3.10/site-packages/optuna/study/_optimize.py", line 200, in _run_trial
    value_or_values = func(trial)
  File "/common/ketrong/AutoImputeExp/tpot2_imputetest/Impute_Experiments/autoimpute.py", line 57, in obj
    my_model = autoutils.MyModel(random_state = self.random_state, **my_params)
  File "/common/ketrong/AutoImputeExp/tpot2_imputetest/Impute_Experiments/autoutils.py", line 35, in MyModel
    my_model = SimpleImputer(
TypeError: SimpleImputer.__init__() got an unexpected keyword argument 'model_name'
[W 2023-11-21 09:50:58,318] Trial 17 failed with value None.
[W 2023-11-21 09:50:57,186] Trial 16 failed with parameters: {'model_name': 'SimpleImputer', 'strategy': 'mean'} because of the following error: TypeError("SimpleImputer.__init__() got an unexpected keyword argument 'model_name'").
Traceback (most recent call last):
  File "/home/ketrong/miniconda3/envs/tpot2devenv/lib/python3.10/site-packages/optuna/study/_optimize.py", line 200, in _run_trial
    value_or_values = func(trial)
  File "/common/ketrong/AutoImputeExp/tpot2_imputetest/Impute_Experiments/autoimpute.py", line 57, in obj
    my_model = autoutils.MyModel(random_state = self.random_state, **my_params)
  File "/common/ketrong/AutoImputeExp/tpot2_imputetest/Impute_Experiments/autoutils.py", line 35, in MyModel
    my_model = SimpleImputer(
TypeError: SimpleImputer.__init__() got an unexpected keyword argument 'model_name'
[W 2023-11-21 09:50:58,458] Trial 16 failed with value None.
[W 2023-11-21 09:50:57,041] Trial 15 failed with parameters: {'model_name': 'SimpleImputer', 'strategy': 'median'} because of the following error: TypeError("SimpleImputer.__init__() got an unexpected keyword argument 'model_name'").
Traceback (most recent call last):
  File "/home/ketrong/miniconda3/envs/tpot2devenv/lib/python3.10/site-packages/optuna/study/_optimize.py", line 200, in _run_trial
    value_or_values = func(trial)
  File "/common/ketrong/AutoImputeExp/tpot2_imputetest/Impute_Experiments/autoimpute.py", line 57, in obj
    my_model = autoutils.MyModel(random_state = self.random_state, **my_params)
  File "/common/ketrong/AutoImputeExp/tpot2_imputetest/Impute_Experiments/autoutils.py", line 35, in MyModel
    my_model = SimpleImputer(
TypeError: SimpleImputer.__init__() got an unexpected keyword argument 'model_name'
[W 2023-11-21 09:50:58,596] Trial 15 failed with value None.
[W 2023-11-21 09:50:58,316] Trial 20 failed with parameters: {'model_name': 'SimpleImputer', 'strategy': 'median'} because of the following error: TypeError("SimpleImputer.__init__() got an unexpected keyword argument 'model_name'").
Traceback (most recent call last):
  File "/home/ketrong/miniconda3/envs/tpot2devenv/lib/python3.10/site-packages/optuna/study/_optimize.py", line 200, in _run_trial
    value_or_values = func(trial)
  File "/common/ketrong/AutoImputeExp/tpot2_imputetest/Impute_Experiments/autoimpute.py", line 57, in obj
    my_model = autoutils.MyModel(random_state = self.random_state, **my_params)
  File "/common/ketrong/AutoImputeExp/tpot2_imputetest/Impute_Experiments/autoutils.py", line 35, in MyModel
    my_model = SimpleImputer(
TypeError: SimpleImputer.__init__() got an unexpected keyword argument 'model_name'
[W 2023-11-21 09:50:58,736] Trial 20 failed with value None.
[W 2023-11-21 09:50:58,173] Trial 19 failed with parameters: {'model_name': 'SimpleImputer', 'strategy': 'most_frequent'} because of the following error: TypeError("SimpleImputer.__init__() got an unexpected keyword argument 'model_name'").
Traceback (most recent call last):
  File "/home/ketrong/miniconda3/envs/tpot2devenv/lib/python3.10/site-packages/optuna/study/_optimize.py", line 200, in _run_trial
    value_or_values = func(trial)
  File "/common/ketrong/AutoImputeExp/tpot2_imputetest/Impute_Experiments/autoimpute.py", line 57, in obj
    my_model = autoutils.MyModel(random_state = self.random_state, **my_params)
  File "/common/ketrong/AutoImputeExp/tpot2_imputetest/Impute_Experiments/autoutils.py", line 35, in MyModel
    my_model = SimpleImputer(
TypeError: SimpleImputer.__init__() got an unexpected keyword argument 'model_name'
[W 2023-11-21 09:50:58,878] Trial 19 failed with value None.
[W 2023-11-21 09:50:58,877] Trial 21 failed with parameters: {'model_name': 'SimpleImputer', 'strategy': 'median'} because of the following error: TypeError("SimpleImputer.__init__() got an unexpected keyword argument 'model_name'").
Traceback (most recent call last):
  File "/home/ketrong/miniconda3/envs/tpot2devenv/lib/python3.10/site-packages/optuna/study/_optimize.py", line 200, in _run_trial
    value_or_values = func(trial)
  File "/common/ketrong/AutoImputeExp/tpot2_imputetest/Impute_Experiments/autoimpute.py", line 57, in obj
    my_model = autoutils.MyModel(random_state = self.random_state, **my_params)
  File "/common/ketrong/AutoImputeExp/tpot2_imputetest/Impute_Experiments/autoutils.py", line 35, in MyModel
    my_model = SimpleImputer(
TypeError: SimpleImputer.__init__() got an unexpected keyword argument 'model_name'
[W 2023-11-21 09:50:59,022] Trial 21 failed with value None.
[W 2023-11-21 09:50:58,878] Trial 22 failed with parameters: {'model_name': 'SimpleImputer', 'strategy': 'mean'} because of the following error: TypeError("SimpleImputer.__init__() got an unexpected keyword argument 'model_name'").
Traceback (most recent call last):
  File "/home/ketrong/miniconda3/envs/tpot2devenv/lib/python3.10/site-packages/optuna/study/_optimize.py", line 200, in _run_trial
    value_or_values = func(trial)
  File "/common/ketrong/AutoImputeExp/tpot2_imputetest/Impute_Experiments/autoimpute.py", line 57, in obj
    my_model = autoutils.MyModel(random_state = self.random_state, **my_params)
  File "/common/ketrong/AutoImputeExp/tpot2_imputetest/Impute_Experiments/autoutils.py", line 35, in MyModel
    my_model = SimpleImputer(
TypeError: SimpleImputer.__init__() got an unexpected keyword argument 'model_name'
[W 2023-11-21 09:50:59,162] Trial 22 failed with value None.
[W 2023-11-21 09:50:59,022] Trial 23 failed with parameters: {'model_name': 'SimpleImputer', 'strategy': 'constant'} because of the following error: TypeError("SimpleImputer.__init__() got an unexpected keyword argument 'model_name'").
Traceback (most recent call last):
  File "/home/ketrong/miniconda3/envs/tpot2devenv/lib/python3.10/site-packages/optuna/study/_optimize.py", line 200, in _run_trial
    value_or_values = func(trial)
  File "/common/ketrong/AutoImputeExp/tpot2_imputetest/Impute_Experiments/autoimpute.py", line 57, in obj
    my_model = autoutils.MyModel(random_state = self.random_state, **my_params)
  File "/common/ketrong/AutoImputeExp/tpot2_imputetest/Impute_Experiments/autoutils.py", line 35, in MyModel
    my_model = SimpleImputer(
TypeError: SimpleImputer.__init__() got an unexpected keyword argument 'model_name'
[W 2023-11-21 09:50:59,304] Trial 23 failed with value None.
[W 2023-11-21 09:50:59,305] Trial 24 failed with parameters: {'model_name': 'SimpleImputer', 'strategy': 'mean'} because of the following error: TypeError("SimpleImputer.__init__() got an unexpected keyword argument 'model_name'").
Traceback (most recent call last):
  File "/home/ketrong/miniconda3/envs/tpot2devenv/lib/python3.10/site-packages/optuna/study/_optimize.py", line 200, in _run_trial
    value_or_values = func(trial)
  File "/common/ketrong/AutoImputeExp/tpot2_imputetest/Impute_Experiments/autoimpute.py", line 57, in obj
    my_model = autoutils.MyModel(random_state = self.random_state, **my_params)
  File "/common/ketrong/AutoImputeExp/tpot2_imputetest/Impute_Experiments/autoutils.py", line 35, in MyModel
    my_model = SimpleImputer(
TypeError: SimpleImputer.__init__() got an unexpected keyword argument 'model_name'
[W 2023-11-21 09:50:59,445] Trial 24 failed with value None.
[W 2023-11-21 09:50:59,445] Trial 25 failed with parameters: {'model_name': 'SimpleImputer', 'strategy': 'most_frequent'} because of the following error: TypeError("SimpleImputer.__init__() got an unexpected keyword argument 'model_name'").
Traceback (most recent call last):
  File "/home/ketrong/miniconda3/envs/tpot2devenv/lib/python3.10/site-packages/optuna/study/_optimize.py", line 200, in _run_trial
    value_or_values = func(trial)
  File "/common/ketrong/AutoImputeExp/tpot2_imputetest/Impute_Experiments/autoimpute.py", line 57, in obj
    my_model = autoutils.MyModel(random_state = self.random_state, **my_params)
  File "/common/ketrong/AutoImputeExp/tpot2_imputetest/Impute_Experiments/autoutils.py", line 35, in MyModel
    my_model = SimpleImputer(
TypeError: SimpleImputer.__init__() got an unexpected keyword argument 'model_name'
[W 2023-11-21 09:50:59,586] Trial 25 failed with value None.
[W 2023-11-21 09:50:59,586] Trial 26 failed with parameters: {'model_name': 'SimpleImputer', 'strategy': 'mean'} because of the following error: TypeError("SimpleImputer.__init__() got an unexpected keyword argument 'model_name'").
Traceback (most recent call last):
  File "/home/ketrong/miniconda3/envs/tpot2devenv/lib/python3.10/site-packages/optuna/study/_optimize.py", line 200, in _run_trial
    value_or_values = func(trial)
  File "/common/ketrong/AutoImputeExp/tpot2_imputetest/Impute_Experiments/autoimpute.py", line 57, in obj
    my_model = autoutils.MyModel(random_state = self.random_state, **my_params)
  File "/common/ketrong/AutoImputeExp/tpot2_imputetest/Impute_Experiments/autoutils.py", line 35, in MyModel
    my_model = SimpleImputer(
TypeError: SimpleImputer.__init__() got an unexpected keyword argument 'model_name'
[W 2023-11-21 09:50:59,724] Trial 26 failed with value None.
[W 2023-11-21 09:50:59,864] Trial 27 failed with parameters: {'model_name': 'SimpleImputer', 'strategy': 'constant'} because of the following error: TypeError("SimpleImputer.__init__() got an unexpected keyword argument 'model_name'").
Traceback (most recent call last):
  File "/home/ketrong/miniconda3/envs/tpot2devenv/lib/python3.10/site-packages/optuna/study/_optimize.py", line 200, in _run_trial
    value_or_values = func(trial)
  File "/common/ketrong/AutoImputeExp/tpot2_imputetest/Impute_Experiments/autoimpute.py", line 57, in obj
    my_model = autoutils.MyModel(random_state = self.random_state, **my_params)
  File "/common/ketrong/AutoImputeExp/tpot2_imputetest/Impute_Experiments/autoutils.py", line 35, in MyModel
    my_model = SimpleImputer(
TypeError: SimpleImputer.__init__() got an unexpected keyword argument 'model_name'
[W 2023-11-21 09:50:59,864] Trial 27 failed with value None.
[W 2023-11-21 09:51:00,003] Trial 28 failed with parameters: {'model_name': 'SimpleImputer', 'strategy': 'most_frequent'} because of the following error: TypeError("SimpleImputer.__init__() got an unexpected keyword argument 'model_name'").
Traceback (most recent call last):
  File "/home/ketrong/miniconda3/envs/tpot2devenv/lib/python3.10/site-packages/optuna/study/_optimize.py", line 200, in _run_trial
    value_or_values = func(trial)
  File "/common/ketrong/AutoImputeExp/tpot2_imputetest/Impute_Experiments/autoimpute.py", line 57, in obj
    my_model = autoutils.MyModel(random_state = self.random_state, **my_params)
  File "/common/ketrong/AutoImputeExp/tpot2_imputetest/Impute_Experiments/autoutils.py", line 35, in MyModel
    my_model = SimpleImputer(
TypeError: SimpleImputer.__init__() got an unexpected keyword argument 'model_name'
[W 2023-11-21 09:51:00,004] Trial 28 failed with value None.
[W 2023-11-21 09:51:00,147] Trial 29 failed with parameters: {'model_name': 'SimpleImputer', 'strategy': 'mean'} because of the following error: TypeError("SimpleImputer.__init__() got an unexpected keyword argument 'model_name'").
Traceback (most recent call last):
  File "/home/ketrong/miniconda3/envs/tpot2devenv/lib/python3.10/site-packages/optuna/study/_optimize.py", line 200, in _run_trial
    value_or_values = func(trial)
  File "/common/ketrong/AutoImputeExp/tpot2_imputetest/Impute_Experiments/autoimpute.py", line 57, in obj
    my_model = autoutils.MyModel(random_state = self.random_state, **my_params)
  File "/common/ketrong/AutoImputeExp/tpot2_imputetest/Impute_Experiments/autoutils.py", line 35, in MyModel
    my_model = SimpleImputer(
TypeError: SimpleImputer.__init__() got an unexpected keyword argument 'model_name'
[W 2023-11-21 09:51:00,147] Trial 29 failed with value None.
[W 2023-11-21 09:51:00,287] Trial 30 failed with parameters: {'model_name': 'SimpleImputer', 'strategy': 'most_frequent'} because of the following error: TypeError("SimpleImputer.__init__() got an unexpected keyword argument 'model_name'").
Traceback (most recent call last):
  File "/home/ketrong/miniconda3/envs/tpot2devenv/lib/python3.10/site-packages/optuna/study/_optimize.py", line 200, in _run_trial
    value_or_values = func(trial)
  File "/common/ketrong/AutoImputeExp/tpot2_imputetest/Impute_Experiments/autoimpute.py", line 57, in obj
    my_model = autoutils.MyModel(random_state = self.random_state, **my_params)
  File "/common/ketrong/AutoImputeExp/tpot2_imputetest/Impute_Experiments/autoutils.py", line 35, in MyModel
    my_model = SimpleImputer(
TypeError: SimpleImputer.__init__() got an unexpected keyword argument 'model_name'
[W 2023-11-21 09:51:00,287] Trial 30 failed with value None.
[W 2023-11-21 09:51:00,426] Trial 31 failed with parameters: {'model_name': 'SimpleImputer', 'strategy': 'median'} because of the following error: TypeError("SimpleImputer.__init__() got an unexpected keyword argument 'model_name'").
Traceback (most recent call last):
  File "/home/ketrong/miniconda3/envs/tpot2devenv/lib/python3.10/site-packages/optuna/study/_optimize.py", line 200, in _run_trial
    value_or_values = func(trial)
  File "/common/ketrong/AutoImputeExp/tpot2_imputetest/Impute_Experiments/autoimpute.py", line 57, in obj
    my_model = autoutils.MyModel(random_state = self.random_state, **my_params)
  File "/common/ketrong/AutoImputeExp/tpot2_imputetest/Impute_Experiments/autoutils.py", line 35, in MyModel
    my_model = SimpleImputer(
TypeError: SimpleImputer.__init__() got an unexpected keyword argument 'model_name'
[W 2023-11-21 09:51:00,426] Trial 31 failed with value None.
[W 2023-11-21 09:51:00,566] Trial 32 failed with parameters: {'model_name': 'SimpleImputer', 'strategy': 'most_frequent'} because of the following error: TypeError("SimpleImputer.__init__() got an unexpected keyword argument 'model_name'").
Traceback (most recent call last):
  File "/home/ketrong/miniconda3/envs/tpot2devenv/lib/python3.10/site-packages/optuna/study/_optimize.py", line 200, in _run_trial
    value_or_values = func(trial)
  File "/common/ketrong/AutoImputeExp/tpot2_imputetest/Impute_Experiments/autoimpute.py", line 57, in obj
    my_model = autoutils.MyModel(random_state = self.random_state, **my_params)
  File "/common/ketrong/AutoImputeExp/tpot2_imputetest/Impute_Experiments/autoutils.py", line 35, in MyModel
    my_model = SimpleImputer(
TypeError: SimpleImputer.__init__() got an unexpected keyword argument 'model_name'
[W 2023-11-21 09:51:00,566] Trial 32 failed with value None.
[W 2023-11-21 09:51:00,710] Trial 33 failed with parameters: {'model_name': 'SimpleImputer', 'strategy': 'median'} because of the following error: TypeError("SimpleImputer.__init__() got an unexpected keyword argument 'model_name'").
Traceback (most recent call last):
  File "/home/ketrong/miniconda3/envs/tpot2devenv/lib/python3.10/site-packages/optuna/study/_optimize.py", line 200, in _run_trial
    value_or_values = func(trial)
  File "/common/ketrong/AutoImputeExp/tpot2_imputetest/Impute_Experiments/autoimpute.py", line 57, in obj
    my_model = autoutils.MyModel(random_state = self.random_state, **my_params)
  File "/common/ketrong/AutoImputeExp/tpot2_imputetest/Impute_Experiments/autoutils.py", line 35, in MyModel
    my_model = SimpleImputer(
TypeError: SimpleImputer.__init__() got an unexpected keyword argument 'model_name'
[W 2023-11-21 09:51:00,710] Trial 33 failed with value None.
[W 2023-11-21 09:51:00,848] Trial 34 failed with parameters: {'model_name': 'SimpleImputer', 'strategy': 'most_frequent'} because of the following error: TypeError("SimpleImputer.__init__() got an unexpected keyword argument 'model_name'").
Traceback (most recent call last):
  File "/home/ketrong/miniconda3/envs/tpot2devenv/lib/python3.10/site-packages/optuna/study/_optimize.py", line 200, in _run_trial
    value_or_values = func(trial)
  File "/common/ketrong/AutoImputeExp/tpot2_imputetest/Impute_Experiments/autoimpute.py", line 57, in obj
    my_model = autoutils.MyModel(random_state = self.random_state, **my_params)
  File "/common/ketrong/AutoImputeExp/tpot2_imputetest/Impute_Experiments/autoutils.py", line 35, in MyModel
    my_model = SimpleImputer(
TypeError: SimpleImputer.__init__() got an unexpected keyword argument 'model_name'
[W 2023-11-21 09:51:00,848] Trial 34 failed with value None.
[W 2023-11-21 09:51:00,848] Trial 35 failed with parameters: {'model_name': 'SimpleImputer', 'strategy': 'most_frequent'} because of the following error: TypeError("SimpleImputer.__init__() got an unexpected keyword argument 'model_name'").
Traceback (most recent call last):
  File "/home/ketrong/miniconda3/envs/tpot2devenv/lib/python3.10/site-packages/optuna/study/_optimize.py", line 200, in _run_trial
    value_or_values = func(trial)
  File "/common/ketrong/AutoImputeExp/tpot2_imputetest/Impute_Experiments/autoimpute.py", line 57, in obj
    my_model = autoutils.MyModel(random_state = self.random_state, **my_params)
  File "/common/ketrong/AutoImputeExp/tpot2_imputetest/Impute_Experiments/autoutils.py", line 35, in MyModel
    my_model = SimpleImputer(
TypeError: SimpleImputer.__init__() got an unexpected keyword argument 'model_name'
[W 2023-11-21 09:51:00,988] Trial 35 failed with value None.
[W 2023-11-21 09:51:01,128] Trial 36 failed with parameters: {'model_name': 'SimpleImputer', 'strategy': 'median'} because of the following error: TypeError("SimpleImputer.__init__() got an unexpected keyword argument 'model_name'").
Traceback (most recent call last):
  File "/home/ketrong/miniconda3/envs/tpot2devenv/lib/python3.10/site-packages/optuna/study/_optimize.py", line 200, in _run_trial
    value_or_values = func(trial)
  File "/common/ketrong/AutoImputeExp/tpot2_imputetest/Impute_Experiments/autoimpute.py", line 57, in obj
    my_model = autoutils.MyModel(random_state = self.random_state, **my_params)
  File "/common/ketrong/AutoImputeExp/tpot2_imputetest/Impute_Experiments/autoutils.py", line 35, in MyModel
    my_model = SimpleImputer(
TypeError: SimpleImputer.__init__() got an unexpected keyword argument 'model_name'
[W 2023-11-21 09:51:01,128] Trial 36 failed with value None.
[W 2023-11-21 09:51:01,267] Trial 37 failed with parameters: {'model_name': 'SimpleImputer', 'strategy': 'median'} because of the following error: TypeError("SimpleImputer.__init__() got an unexpected keyword argument 'model_name'").
Traceback (most recent call last):
  File "/home/ketrong/miniconda3/envs/tpot2devenv/lib/python3.10/site-packages/optuna/study/_optimize.py", line 200, in _run_trial
    value_or_values = func(trial)
  File "/common/ketrong/AutoImputeExp/tpot2_imputetest/Impute_Experiments/autoimpute.py", line 57, in obj
    my_model = autoutils.MyModel(random_state = self.random_state, **my_params)
  File "/common/ketrong/AutoImputeExp/tpot2_imputetest/Impute_Experiments/autoutils.py", line 35, in MyModel
    my_model = SimpleImputer(
TypeError: SimpleImputer.__init__() got an unexpected keyword argument 'model_name'
[W 2023-11-21 09:51:01,268] Trial 37 failed with value None.
[W 2023-11-21 09:51:01,406] Trial 38 failed with parameters: {'model_name': 'SimpleImputer', 'strategy': 'most_frequent'} because of the following error: TypeError("SimpleImputer.__init__() got an unexpected keyword argument 'model_name'").
Traceback (most recent call last):
  File "/home/ketrong/miniconda3/envs/tpot2devenv/lib/python3.10/site-packages/optuna/study/_optimize.py", line 200, in _run_trial
    value_or_values = func(trial)
  File "/common/ketrong/AutoImputeExp/tpot2_imputetest/Impute_Experiments/autoimpute.py", line 57, in obj
    my_model = autoutils.MyModel(random_state = self.random_state, **my_params)
  File "/common/ketrong/AutoImputeExp/tpot2_imputetest/Impute_Experiments/autoutils.py", line 35, in MyModel
    my_model = SimpleImputer(
TypeError: SimpleImputer.__init__() got an unexpected keyword argument 'model_name'
[W 2023-11-21 09:51:01,407] Trial 38 failed with value None.
[W 2023-11-21 09:51:01,546] Trial 39 failed with parameters: {'model_name': 'SimpleImputer', 'strategy': 'median'} because of the following error: TypeError("SimpleImputer.__init__() got an unexpected keyword argument 'model_name'").
Traceback (most recent call last):
  File "/home/ketrong/miniconda3/envs/tpot2devenv/lib/python3.10/site-packages/optuna/study/_optimize.py", line 200, in _run_trial
    value_or_values = func(trial)
  File "/common/ketrong/AutoImputeExp/tpot2_imputetest/Impute_Experiments/autoimpute.py", line 57, in obj
    my_model = autoutils.MyModel(random_state = self.random_state, **my_params)
  File "/common/ketrong/AutoImputeExp/tpot2_imputetest/Impute_Experiments/autoutils.py", line 35, in MyModel
    my_model = SimpleImputer(
TypeError: SimpleImputer.__init__() got an unexpected keyword argument 'model_name'
[W 2023-11-21 09:51:01,547] Trial 39 failed with value None.
[W 2023-11-21 09:51:01,547] Trial 40 failed with parameters: {'model_name': 'SimpleImputer', 'strategy': 'mean'} because of the following error: TypeError("SimpleImputer.__init__() got an unexpected keyword argument 'model_name'").
Traceback (most recent call last):
  File "/home/ketrong/miniconda3/envs/tpot2devenv/lib/python3.10/site-packages/optuna/study/_optimize.py", line 200, in _run_trial
    value_or_values = func(trial)
  File "/common/ketrong/AutoImputeExp/tpot2_imputetest/Impute_Experiments/autoimpute.py", line 57, in obj
    my_model = autoutils.MyModel(random_state = self.random_state, **my_params)
  File "/common/ketrong/AutoImputeExp/tpot2_imputetest/Impute_Experiments/autoutils.py", line 35, in MyModel
    my_model = SimpleImputer(
TypeError: SimpleImputer.__init__() got an unexpected keyword argument 'model_name'
[W 2023-11-21 09:51:01,685] Trial 40 failed with value None.
[W 2023-11-21 09:51:01,824] Trial 41 failed with parameters: {'model_name': 'SimpleImputer', 'strategy': 'constant'} because of the following error: TypeError("SimpleImputer.__init__() got an unexpected keyword argument 'model_name'").
Traceback (most recent call last):
  File "/home/ketrong/miniconda3/envs/tpot2devenv/lib/python3.10/site-packages/optuna/study/_optimize.py", line 200, in _run_trial
    value_or_values = func(trial)
  File "/common/ketrong/AutoImputeExp/tpot2_imputetest/Impute_Experiments/autoimpute.py", line 57, in obj
    my_model = autoutils.MyModel(random_state = self.random_state, **my_params)
  File "/common/ketrong/AutoImputeExp/tpot2_imputetest/Impute_Experiments/autoutils.py", line 35, in MyModel
    my_model = SimpleImputer(
TypeError: SimpleImputer.__init__() got an unexpected keyword argument 'model_name'
[W 2023-11-21 09:51:01,825] Trial 41 failed with value None.
[W 2023-11-21 09:51:01,824] Trial 42 failed with parameters: {'model_name': 'SimpleImputer', 'strategy': 'most_frequent'} because of the following error: TypeError("SimpleImputer.__init__() got an unexpected keyword argument 'model_name'").
Traceback (most recent call last):
  File "/home/ketrong/miniconda3/envs/tpot2devenv/lib/python3.10/site-packages/optuna/study/_optimize.py", line 200, in _run_trial
    value_or_values = func(trial)
  File "/common/ketrong/AutoImputeExp/tpot2_imputetest/Impute_Experiments/autoimpute.py", line 57, in obj
    my_model = autoutils.MyModel(random_state = self.random_state, **my_params)
  File "/common/ketrong/AutoImputeExp/tpot2_imputetest/Impute_Experiments/autoutils.py", line 35, in MyModel
    my_model = SimpleImputer(
TypeError: SimpleImputer.__init__() got an unexpected keyword argument 'model_name'
[W 2023-11-21 09:51:01,967] Trial 42 failed with value None.
[W 2023-11-21 09:51:01,825] Trial 43 failed with parameters: {'model_name': 'SimpleImputer', 'strategy': 'mean'} because of the following error: TypeError("SimpleImputer.__init__() got an unexpected keyword argument 'model_name'").
Traceback (most recent call last):
  File "/home/ketrong/miniconda3/envs/tpot2devenv/lib/python3.10/site-packages/optuna/study/_optimize.py", line 200, in _run_trial
    value_or_values = func(trial)
  File "/common/ketrong/AutoImputeExp/tpot2_imputetest/Impute_Experiments/autoimpute.py", line 57, in obj
    my_model = autoutils.MyModel(random_state = self.random_state, **my_params)
  File "/common/ketrong/AutoImputeExp/tpot2_imputetest/Impute_Experiments/autoutils.py", line 35, in MyModel
    my_model = SimpleImputer(
TypeError: SimpleImputer.__init__() got an unexpected keyword argument 'model_name'
[W 2023-11-21 09:51:02,106] Trial 43 failed with value None.
[W 2023-11-21 09:51:01,967] Trial 45 failed with parameters: {'model_name': 'SimpleImputer', 'strategy': 'constant'} because of the following error: TypeError("SimpleImputer.__init__() got an unexpected keyword argument 'model_name'").
Traceback (most recent call last):
  File "/home/ketrong/miniconda3/envs/tpot2devenv/lib/python3.10/site-packages/optuna/study/_optimize.py", line 200, in _run_trial
    value_or_values = func(trial)
  File "/common/ketrong/AutoImputeExp/tpot2_imputetest/Impute_Experiments/autoimpute.py", line 57, in obj
    my_model = autoutils.MyModel(random_state = self.random_state, **my_params)
  File "/common/ketrong/AutoImputeExp/tpot2_imputetest/Impute_Experiments/autoutils.py", line 35, in MyModel
    my_model = SimpleImputer(
TypeError: SimpleImputer.__init__() got an unexpected keyword argument 'model_name'
[W 2023-11-21 09:51:02,245] Trial 45 failed with value None.
[W 2023-11-21 09:51:02,106] Trial 46 failed with parameters: {'model_name': 'SimpleImputer', 'strategy': 'mean'} because of the following error: TypeError("SimpleImputer.__init__() got an unexpected keyword argument 'model_name'").
Traceback (most recent call last):
  File "/home/ketrong/miniconda3/envs/tpot2devenv/lib/python3.10/site-packages/optuna/study/_optimize.py", line 200, in _run_trial
    value_or_values = func(trial)
  File "/common/ketrong/AutoImputeExp/tpot2_imputetest/Impute_Experiments/autoimpute.py", line 57, in obj
    my_model = autoutils.MyModel(random_state = self.random_state, **my_params)
  File "/common/ketrong/AutoImputeExp/tpot2_imputetest/Impute_Experiments/autoutils.py", line 35, in MyModel
    my_model = SimpleImputer(
TypeError: SimpleImputer.__init__() got an unexpected keyword argument 'model_name'
[W 2023-11-21 09:51:02,383] Trial 46 failed with value None.
[W 2023-11-21 09:51:02,106] Trial 47 failed with parameters: {'model_name': 'SimpleImputer', 'strategy': 'mean'} because of the following error: TypeError("SimpleImputer.__init__() got an unexpected keyword argument 'model_name'").
Traceback (most recent call last):
  File "/home/ketrong/miniconda3/envs/tpot2devenv/lib/python3.10/site-packages/optuna/study/_optimize.py", line 200, in _run_trial
    value_or_values = func(trial)
  File "/common/ketrong/AutoImputeExp/tpot2_imputetest/Impute_Experiments/autoimpute.py", line 57, in obj
    my_model = autoutils.MyModel(random_state = self.random_state, **my_params)
  File "/common/ketrong/AutoImputeExp/tpot2_imputetest/Impute_Experiments/autoutils.py", line 35, in MyModel
    my_model = SimpleImputer(
TypeError: SimpleImputer.__init__() got an unexpected keyword argument 'model_name'
[W 2023-11-21 09:51:02,522] Trial 47 failed with value None.
[W 2023-11-21 09:51:01,967] Trial 44 failed with parameters: {'model_name': 'SimpleImputer', 'strategy': 'most_frequent'} because of the following error: TypeError("SimpleImputer.__init__() got an unexpected keyword argument 'model_name'").
Traceback (most recent call last):
  File "/home/ketrong/miniconda3/envs/tpot2devenv/lib/python3.10/site-packages/optuna/study/_optimize.py", line 200, in _run_trial
    value_or_values = func(trial)
  File "/common/ketrong/AutoImputeExp/tpot2_imputetest/Impute_Experiments/autoimpute.py", line 57, in obj
    my_model = autoutils.MyModel(random_state = self.random_state, **my_params)
  File "/common/ketrong/AutoImputeExp/tpot2_imputetest/Impute_Experiments/autoutils.py", line 35, in MyModel
    my_model = SimpleImputer(
TypeError: SimpleImputer.__init__() got an unexpected keyword argument 'model_name'
[W 2023-11-21 09:51:02,664] Trial 44 failed with value None.
failed on 
tpot2_imputetest/Impute_Experiments/logs//tpot2_base_imputation_6_0.5_MAR_0
SimpleImputer.__init__() got an unexpected keyword argument 'model_name'
Traceback (most recent call last):
  File "/common/ketrong/AutoImputeExp/tpot2_imputetest/Impute_Experiments/utils.py", line 169, in loop_through_tasks
    SimpleImputeSpace.fit(X_train_pandas)
  File "/common/ketrong/AutoImputeExp/tpot2_imputetest/Impute_Experiments/autoimpute.py", line 60, in fit
    self.study.optimize(obj, n_trials=self.n_trials, n_jobs=self.n_jobs, show_progress_bar=self.show_progress, gc_after_trial=self.garbage_collect)
  File "/home/ketrong/miniconda3/envs/tpot2devenv/lib/python3.10/site-packages/optuna/study/study.py", line 451, in optimize
    _optimize(
  File "/home/ketrong/miniconda3/envs/tpot2devenv/lib/python3.10/site-packages/optuna/study/_optimize.py", line 103, in _optimize
    f.result()
  File "/home/ketrong/miniconda3/envs/tpot2devenv/lib/python3.10/concurrent/futures/_base.py", line 451, in result
    return self.__get_result()
  File "/home/ketrong/miniconda3/envs/tpot2devenv/lib/python3.10/concurrent/futures/_base.py", line 403, in __get_result
    raise self._exception
  File "/home/ketrong/miniconda3/envs/tpot2devenv/lib/python3.10/concurrent/futures/thread.py", line 58, in run
    result = self.fn(*self.args, **self.kwargs)
  File "/home/ketrong/miniconda3/envs/tpot2devenv/lib/python3.10/site-packages/optuna/study/_optimize.py", line 163, in _optimize_sequential
    frozen_trial = _run_trial(study, func, catch)
  File "/home/ketrong/miniconda3/envs/tpot2devenv/lib/python3.10/site-packages/optuna/study/_optimize.py", line 251, in _run_trial
    raise func_err
  File "/home/ketrong/miniconda3/envs/tpot2devenv/lib/python3.10/site-packages/optuna/study/_optimize.py", line 200, in _run_trial
    value_or_values = func(trial)
  File "/common/ketrong/AutoImputeExp/tpot2_imputetest/Impute_Experiments/autoimpute.py", line 57, in obj
    my_model = autoutils.MyModel(random_state = self.random_state, **my_params)
  File "/common/ketrong/AutoImputeExp/tpot2_imputetest/Impute_Experiments/autoutils.py", line 35, in MyModel
    my_model = SimpleImputer(
TypeError: SimpleImputer.__init__() got an unexpected keyword argument 'model_name'

DONE
