/cm/local/apps/slurm/var/spool/job379087/slurm_script: line 19: /common/ketrong/minconda3/etc/profile.d/conda.sh: No such file or directory
/cm/local/apps/slurm/var/spool/job379087/slurm_script: line 22: $'\nconda create --name tpot2devenv -c conda-forge python=3.10\n': command not found
/cm/local/apps/slurm/var/spool/job379087/slurm_script: line 27: $'\npip install -r requirements.txt\n': command not found
RunStart
2023-11-17 15:46:23.475816: I tensorflow/core/util/port.cc:113] oneDNN custom operations are on. You may see slightly different numerical results due to floating-point round-off errors from different computation orders. To turn them off, set the environment variable `TF_ENABLE_ONEDNN_OPTS=0`.
2023-11-17 15:46:23.512183: E external/local_xla/xla/stream_executor/cuda/cuda_dnn.cc:9261] Unable to register cuDNN factory: Attempting to register factory for plugin cuDNN when one has already been registered
2023-11-17 15:46:23.512209: E external/local_xla/xla/stream_executor/cuda/cuda_fft.cc:607] Unable to register cuFFT factory: Attempting to register factory for plugin cuFFT when one has already been registered
2023-11-17 15:46:23.513585: E external/local_xla/xla/stream_executor/cuda/cuda_blas.cc:1515] Unable to register cuBLAS factory: Attempting to register factory for plugin cuBLAS when one has already been registered
2023-11-17 15:46:23.519954: I tensorflow/core/platform/cpu_feature_guard.cc:182] This TensorFlow binary is optimized to use available CPU instructions in performance-critical operations.
To enable the following instructions: AVX2 AVX512F AVX512_VNNI FMA, in other operations, rebuild TensorFlow with the appropriate compiler flags.
2023-11-17 15:46:24.739218: W tensorflow/compiler/tf2tensorrt/utils/py_utils.cc:38] TF-TRT Warning: Could not find TensorRT
WARNING:tensorflow:From /home/ketrong/miniconda3/envs/tpot2devenv/lib/python3.10/site-packages/tensorflow/python/compat/v2_compat.py:108: disable_resource_variables (from tensorflow.python.ops.variable_scope) is deprecated and will be removed in a future version.
Instructions for updating:
non-resource variables are not supported in the long term
working on 
tpot2_imputetest/Impute_Experiments/logs//tpot2_base_normal_6_0.1_MCAR_0
loading data
tpot2_imputetest/Impute_Experiments/data/6_True.pkl
running experiment 1/3 - Does large hyperparameter space improve reconstruction accuracy over simple
[I 2023-11-17 15:46:45,159] A new study created in memory with name: no-name-bfc84bcd-95d7-4875-9f9b-962e7e3f8e20
[W 2023-11-17 15:46:45,160] Trial 0 failed with parameters: {} because of the following error: AttributeError("module 'utils' has no attribute 'trial_suggestion'").
Traceback (most recent call last):
  File "/home/ketrong/miniconda3/envs/tpot2devenv/lib/python3.10/site-packages/optuna/study/_optimize.py", line 200, in _run_trial
    value_or_values = func(trial)
  File "/common/ketrong/AutoImputeExp/tpot2_imputetest/Impute_Experiments/autoimpute.py", line 55, in obj
    my_params = utils.trial_suggestion(trial, self.model_names, column_len=len(X.columns), random_state=self.random_state)
AttributeError: module 'utils' has no attribute 'trial_suggestion'
[W 2023-11-17 15:46:45,165] Trial 0 failed with value None.
[W 2023-11-17 15:46:45,161] Trial 1 failed with parameters: {} because of the following error: AttributeError("module 'utils' has no attribute 'trial_suggestion'").
Traceback (most recent call last):
  File "/home/ketrong/miniconda3/envs/tpot2devenv/lib/python3.10/site-packages/optuna/study/_optimize.py", line 200, in _run_trial
    value_or_values = func(trial)
  File "/common/ketrong/AutoImputeExp/tpot2_imputetest/Impute_Experiments/autoimpute.py", line 55, in obj
    my_params = utils.trial_suggestion(trial, self.model_names, column_len=len(X.columns), random_state=self.random_state)
AttributeError: module 'utils' has no attribute 'trial_suggestion'
[W 2023-11-17 15:46:45,351] Trial 1 failed with value None.
[W 2023-11-17 15:46:45,163] Trial 3 failed with parameters: {} because of the following error: AttributeError("module 'utils' has no attribute 'trial_suggestion'").
Traceback (most recent call last):
  File "/home/ketrong/miniconda3/envs/tpot2devenv/lib/python3.10/site-packages/optuna/study/_optimize.py", line 200, in _run_trial
    value_or_values = func(trial)
  File "/common/ketrong/AutoImputeExp/tpot2_imputetest/Impute_Experiments/autoimpute.py", line 55, in obj
    my_params = utils.trial_suggestion(trial, self.model_names, column_len=len(X.columns), random_state=self.random_state)
AttributeError: module 'utils' has no attribute 'trial_suggestion'
[W 2023-11-17 15:46:45,505] Trial 3 failed with value None.
[W 2023-11-17 15:46:45,164] Trial 5 failed with parameters: {} because of the following error: AttributeError("module 'utils' has no attribute 'trial_suggestion'").
Traceback (most recent call last):
  File "/home/ketrong/miniconda3/envs/tpot2devenv/lib/python3.10/site-packages/optuna/study/_optimize.py", line 200, in _run_trial
    value_or_values = func(trial)
  File "/common/ketrong/AutoImputeExp/tpot2_imputetest/Impute_Experiments/autoimpute.py", line 55, in obj
    my_params = utils.trial_suggestion(trial, self.model_names, column_len=len(X.columns), random_state=self.random_state)
AttributeError: module 'utils' has no attribute 'trial_suggestion'
[W 2023-11-17 15:46:45,661] Trial 5 failed with value None.
[W 2023-11-17 15:46:45,350] Trial 6 failed with parameters: {} because of the following error: AttributeError("module 'utils' has no attribute 'trial_suggestion'").
Traceback (most recent call last):
  File "/home/ketrong/miniconda3/envs/tpot2devenv/lib/python3.10/site-packages/optuna/study/_optimize.py", line 200, in _run_trial
    value_or_values = func(trial)
  File "/common/ketrong/AutoImputeExp/tpot2_imputetest/Impute_Experiments/autoimpute.py", line 55, in obj
    my_params = utils.trial_suggestion(trial, self.model_names, column_len=len(X.columns), random_state=self.random_state)
AttributeError: module 'utils' has no attribute 'trial_suggestion'
[W 2023-11-17 15:46:45,813] Trial 6 failed with value None.
[W 2023-11-17 15:46:45,659] Trial 7 failed with parameters: {} because of the following error: AttributeError("module 'utils' has no attribute 'trial_suggestion'").
Traceback (most recent call last):
  File "/home/ketrong/miniconda3/envs/tpot2devenv/lib/python3.10/site-packages/optuna/study/_optimize.py", line 200, in _run_trial
    value_or_values = func(trial)
  File "/common/ketrong/AutoImputeExp/tpot2_imputetest/Impute_Experiments/autoimpute.py", line 55, in obj
    my_params = utils.trial_suggestion(trial, self.model_names, column_len=len(X.columns), random_state=self.random_state)
AttributeError: module 'utils' has no attribute 'trial_suggestion'
[W 2023-11-17 15:46:45,967] Trial 7 failed with value None.
[W 2023-11-17 15:46:45,660] Trial 8 failed with parameters: {} because of the following error: AttributeError("module 'utils' has no attribute 'trial_suggestion'").
Traceback (most recent call last):
  File "/home/ketrong/miniconda3/envs/tpot2devenv/lib/python3.10/site-packages/optuna/study/_optimize.py", line 200, in _run_trial
    value_or_values = func(trial)
  File "/common/ketrong/AutoImputeExp/tpot2_imputetest/Impute_Experiments/autoimpute.py", line 55, in obj
    my_params = utils.trial_suggestion(trial, self.model_names, column_len=len(X.columns), random_state=self.random_state)
AttributeError: module 'utils' has no attribute 'trial_suggestion'
[W 2023-11-17 15:46:46,123] Trial 8 failed with value None.
[W 2023-11-17 15:46:45,163] Trial 4 failed with parameters: {} because of the following error: AttributeError("module 'utils' has no attribute 'trial_suggestion'").
Traceback (most recent call last):
  File "/home/ketrong/miniconda3/envs/tpot2devenv/lib/python3.10/site-packages/optuna/study/_optimize.py", line 200, in _run_trial
    value_or_values = func(trial)
  File "/common/ketrong/AutoImputeExp/tpot2_imputetest/Impute_Experiments/autoimpute.py", line 55, in obj
    my_params = utils.trial_suggestion(trial, self.model_names, column_len=len(X.columns), random_state=self.random_state)
AttributeError: module 'utils' has no attribute 'trial_suggestion'
[W 2023-11-17 15:46:46,278] Trial 4 failed with value None.
[W 2023-11-17 15:46:45,162] Trial 2 failed with parameters: {} because of the following error: AttributeError("module 'utils' has no attribute 'trial_suggestion'").
Traceback (most recent call last):
  File "/home/ketrong/miniconda3/envs/tpot2devenv/lib/python3.10/site-packages/optuna/study/_optimize.py", line 200, in _run_trial
    value_or_values = func(trial)
  File "/common/ketrong/AutoImputeExp/tpot2_imputetest/Impute_Experiments/autoimpute.py", line 55, in obj
    my_params = utils.trial_suggestion(trial, self.model_names, column_len=len(X.columns), random_state=self.random_state)
AttributeError: module 'utils' has no attribute 'trial_suggestion'
[W 2023-11-17 15:46:46,433] Trial 2 failed with value None.
[W 2023-11-17 15:46:45,660] Trial 9 failed with parameters: {} because of the following error: AttributeError("module 'utils' has no attribute 'trial_suggestion'").
Traceback (most recent call last):
  File "/home/ketrong/miniconda3/envs/tpot2devenv/lib/python3.10/site-packages/optuna/study/_optimize.py", line 200, in _run_trial
    value_or_values = func(trial)
  File "/common/ketrong/AutoImputeExp/tpot2_imputetest/Impute_Experiments/autoimpute.py", line 55, in obj
    my_params = utils.trial_suggestion(trial, self.model_names, column_len=len(X.columns), random_state=self.random_state)
AttributeError: module 'utils' has no attribute 'trial_suggestion'
[W 2023-11-17 15:46:46,587] Trial 9 failed with value None.
[W 2023-11-17 15:46:46,276] Trial 13 failed with parameters: {} because of the following error: AttributeError("module 'utils' has no attribute 'trial_suggestion'").
Traceback (most recent call last):
  File "/home/ketrong/miniconda3/envs/tpot2devenv/lib/python3.10/site-packages/optuna/study/_optimize.py", line 200, in _run_trial
    value_or_values = func(trial)
  File "/common/ketrong/AutoImputeExp/tpot2_imputetest/Impute_Experiments/autoimpute.py", line 55, in obj
    my_params = utils.trial_suggestion(trial, self.model_names, column_len=len(X.columns), random_state=self.random_state)
AttributeError: module 'utils' has no attribute 'trial_suggestion'
[W 2023-11-17 15:46:46,738] Trial 13 failed with value None.
[W 2023-11-17 15:46:46,277] Trial 15 failed with parameters: {} because of the following error: AttributeError("module 'utils' has no attribute 'trial_suggestion'").
Traceback (most recent call last):
  File "/home/ketrong/miniconda3/envs/tpot2devenv/lib/python3.10/site-packages/optuna/study/_optimize.py", line 200, in _run_trial
    value_or_values = func(trial)
  File "/common/ketrong/AutoImputeExp/tpot2_imputetest/Impute_Experiments/autoimpute.py", line 55, in obj
    my_params = utils.trial_suggestion(trial, self.model_names, column_len=len(X.columns), random_state=self.random_state)
AttributeError: module 'utils' has no attribute 'trial_suggestion'
[W 2023-11-17 15:46:46,894] Trial 15 failed with value None.
[W 2023-11-17 15:46:45,967] Trial 11 failed with parameters: {} because of the following error: AttributeError("module 'utils' has no attribute 'trial_suggestion'").
Traceback (most recent call last):
  File "/home/ketrong/miniconda3/envs/tpot2devenv/lib/python3.10/site-packages/optuna/study/_optimize.py", line 200, in _run_trial
    value_or_values = func(trial)
  File "/common/ketrong/AutoImputeExp/tpot2_imputetest/Impute_Experiments/autoimpute.py", line 55, in obj
    my_params = utils.trial_suggestion(trial, self.model_names, column_len=len(X.columns), random_state=self.random_state)
AttributeError: module 'utils' has no attribute 'trial_suggestion'
[W 2023-11-17 15:46:47,052] Trial 11 failed with value None.
[W 2023-11-17 15:46:46,276] Trial 14 failed with parameters: {} because of the following error: AttributeError("module 'utils' has no attribute 'trial_suggestion'").
Traceback (most recent call last):
  File "/home/ketrong/miniconda3/envs/tpot2devenv/lib/python3.10/site-packages/optuna/study/_optimize.py", line 200, in _run_trial
    value_or_values = func(trial)
  File "/common/ketrong/AutoImputeExp/tpot2_imputetest/Impute_Experiments/autoimpute.py", line 55, in obj
    my_params = utils.trial_suggestion(trial, self.model_names, column_len=len(X.columns), random_state=self.random_state)
AttributeError: module 'utils' has no attribute 'trial_suggestion'
[W 2023-11-17 15:46:47,204] Trial 14 failed with value None.
[W 2023-11-17 15:46:46,894] Trial 16 failed with parameters: {} because of the following error: AttributeError("module 'utils' has no attribute 'trial_suggestion'").
Traceback (most recent call last):
  File "/home/ketrong/miniconda3/envs/tpot2devenv/lib/python3.10/site-packages/optuna/study/_optimize.py", line 200, in _run_trial
    value_or_values = func(trial)
  File "/common/ketrong/AutoImputeExp/tpot2_imputetest/Impute_Experiments/autoimpute.py", line 55, in obj
    my_params = utils.trial_suggestion(trial, self.model_names, column_len=len(X.columns), random_state=self.random_state)
AttributeError: module 'utils' has no attribute 'trial_suggestion'
[W 2023-11-17 15:46:47,357] Trial 16 failed with value None.
[W 2023-11-17 15:46:47,052] Trial 18 failed with parameters: {} because of the following error: AttributeError("module 'utils' has no attribute 'trial_suggestion'").
Traceback (most recent call last):
  File "/home/ketrong/miniconda3/envs/tpot2devenv/lib/python3.10/site-packages/optuna/study/_optimize.py", line 200, in _run_trial
    value_or_values = func(trial)
  File "/common/ketrong/AutoImputeExp/tpot2_imputetest/Impute_Experiments/autoimpute.py", line 55, in obj
    my_params = utils.trial_suggestion(trial, self.model_names, column_len=len(X.columns), random_state=self.random_state)
AttributeError: module 'utils' has no attribute 'trial_suggestion'
[W 2023-11-17 15:46:47,512] Trial 18 failed with value None.
[W 2023-11-17 15:46:47,204] Trial 19 failed with parameters: {} because of the following error: AttributeError("module 'utils' has no attribute 'trial_suggestion'").
Traceback (most recent call last):
  File "/home/ketrong/miniconda3/envs/tpot2devenv/lib/python3.10/site-packages/optuna/study/_optimize.py", line 200, in _run_trial
    value_or_values = func(trial)
  File "/common/ketrong/AutoImputeExp/tpot2_imputetest/Impute_Experiments/autoimpute.py", line 55, in obj
    my_params = utils.trial_suggestion(trial, self.model_names, column_len=len(X.columns), random_state=self.random_state)
AttributeError: module 'utils' has no attribute 'trial_suggestion'
[W 2023-11-17 15:46:47,672] Trial 19 failed with value None.
[W 2023-11-17 15:46:46,122] Trial 12 failed with parameters: {} because of the following error: AttributeError("module 'utils' has no attribute 'trial_suggestion'").
Traceback (most recent call last):
  File "/home/ketrong/miniconda3/envs/tpot2devenv/lib/python3.10/site-packages/optuna/study/_optimize.py", line 200, in _run_trial
    value_or_values = func(trial)
  File "/common/ketrong/AutoImputeExp/tpot2_imputetest/Impute_Experiments/autoimpute.py", line 55, in obj
    my_params = utils.trial_suggestion(trial, self.model_names, column_len=len(X.columns), random_state=self.random_state)
AttributeError: module 'utils' has no attribute 'trial_suggestion'
[W 2023-11-17 15:46:47,825] Trial 12 failed with value None.
[W 2023-11-17 15:46:47,049] Trial 17 failed with parameters: {} because of the following error: AttributeError("module 'utils' has no attribute 'trial_suggestion'").
Traceback (most recent call last):
  File "/home/ketrong/miniconda3/envs/tpot2devenv/lib/python3.10/site-packages/optuna/study/_optimize.py", line 200, in _run_trial
    value_or_values = func(trial)
  File "/common/ketrong/AutoImputeExp/tpot2_imputetest/Impute_Experiments/autoimpute.py", line 55, in obj
    my_params = utils.trial_suggestion(trial, self.model_names, column_len=len(X.columns), random_state=self.random_state)
AttributeError: module 'utils' has no attribute 'trial_suggestion'
[W 2023-11-17 15:46:47,977] Trial 17 failed with value None.
[W 2023-11-17 15:46:45,812] Trial 10 failed with parameters: {} because of the following error: AttributeError("module 'utils' has no attribute 'trial_suggestion'").
Traceback (most recent call last):
  File "/home/ketrong/miniconda3/envs/tpot2devenv/lib/python3.10/site-packages/optuna/study/_optimize.py", line 200, in _run_trial
    value_or_values = func(trial)
  File "/common/ketrong/AutoImputeExp/tpot2_imputetest/Impute_Experiments/autoimpute.py", line 55, in obj
    my_params = utils.trial_suggestion(trial, self.model_names, column_len=len(X.columns), random_state=self.random_state)
AttributeError: module 'utils' has no attribute 'trial_suggestion'
[W 2023-11-17 15:46:48,132] Trial 10 failed with value None.
[W 2023-11-17 15:46:47,669] Trial 23 failed with parameters: {} because of the following error: AttributeError("module 'utils' has no attribute 'trial_suggestion'").
Traceback (most recent call last):
  File "/home/ketrong/miniconda3/envs/tpot2devenv/lib/python3.10/site-packages/optuna/study/_optimize.py", line 200, in _run_trial
    value_or_values = func(trial)
  File "/common/ketrong/AutoImputeExp/tpot2_imputetest/Impute_Experiments/autoimpute.py", line 55, in obj
    my_params = utils.trial_suggestion(trial, self.model_names, column_len=len(X.columns), random_state=self.random_state)
AttributeError: module 'utils' has no attribute 'trial_suggestion'
[W 2023-11-17 15:46:48,285] Trial 23 failed with value None.
[W 2023-11-17 15:46:47,356] Trial 20 failed with parameters: {} because of the following error: AttributeError("module 'utils' has no attribute 'trial_suggestion'").
Traceback (most recent call last):
  File "/home/ketrong/miniconda3/envs/tpot2devenv/lib/python3.10/site-packages/optuna/study/_optimize.py", line 200, in _run_trial
    value_or_values = func(trial)
  File "/common/ketrong/AutoImputeExp/tpot2_imputetest/Impute_Experiments/autoimpute.py", line 55, in obj
    my_params = utils.trial_suggestion(trial, self.model_names, column_len=len(X.columns), random_state=self.random_state)
AttributeError: module 'utils' has no attribute 'trial_suggestion'
[W 2023-11-17 15:46:48,440] Trial 20 failed with value None.
[W 2023-11-17 15:46:47,511] Trial 21 failed with parameters: {} because of the following error: AttributeError("module 'utils' has no attribute 'trial_suggestion'").
Traceback (most recent call last):
  File "/home/ketrong/miniconda3/envs/tpot2devenv/lib/python3.10/site-packages/optuna/study/_optimize.py", line 200, in _run_trial
    value_or_values = func(trial)
  File "/common/ketrong/AutoImputeExp/tpot2_imputetest/Impute_Experiments/autoimpute.py", line 55, in obj
    my_params = utils.trial_suggestion(trial, self.model_names, column_len=len(X.columns), random_state=self.random_state)
AttributeError: module 'utils' has no attribute 'trial_suggestion'
[W 2023-11-17 15:46:48,595] Trial 21 failed with value None.
[W 2023-11-17 15:46:48,131] Trial 26 failed with parameters: {} because of the following error: AttributeError("module 'utils' has no attribute 'trial_suggestion'").
Traceback (most recent call last):
  File "/home/ketrong/miniconda3/envs/tpot2devenv/lib/python3.10/site-packages/optuna/study/_optimize.py", line 200, in _run_trial
    value_or_values = func(trial)
  File "/common/ketrong/AutoImputeExp/tpot2_imputetest/Impute_Experiments/autoimpute.py", line 55, in obj
    my_params = utils.trial_suggestion(trial, self.model_names, column_len=len(X.columns), random_state=self.random_state)
AttributeError: module 'utils' has no attribute 'trial_suggestion'
[W 2023-11-17 15:46:48,748] Trial 26 failed with value None.
[W 2023-11-17 15:46:47,825] Trial 25 failed with parameters: {} because of the following error: AttributeError("module 'utils' has no attribute 'trial_suggestion'").
Traceback (most recent call last):
  File "/home/ketrong/miniconda3/envs/tpot2devenv/lib/python3.10/site-packages/optuna/study/_optimize.py", line 200, in _run_trial
    value_or_values = func(trial)
  File "/common/ketrong/AutoImputeExp/tpot2_imputetest/Impute_Experiments/autoimpute.py", line 55, in obj
    my_params = utils.trial_suggestion(trial, self.model_names, column_len=len(X.columns), random_state=self.random_state)
AttributeError: module 'utils' has no attribute 'trial_suggestion'
[W 2023-11-17 15:46:48,901] Trial 25 failed with value None.
[W 2023-11-17 15:46:48,438] Trial 28 failed with parameters: {} because of the following error: AttributeError("module 'utils' has no attribute 'trial_suggestion'").
Traceback (most recent call last):
  File "/home/ketrong/miniconda3/envs/tpot2devenv/lib/python3.10/site-packages/optuna/study/_optimize.py", line 200, in _run_trial
    value_or_values = func(trial)
  File "/common/ketrong/AutoImputeExp/tpot2_imputetest/Impute_Experiments/autoimpute.py", line 55, in obj
    my_params = utils.trial_suggestion(trial, self.model_names, column_len=len(X.columns), random_state=self.random_state)
AttributeError: module 'utils' has no attribute 'trial_suggestion'
[W 2023-11-17 15:46:49,056] Trial 28 failed with value None.
[W 2023-11-17 15:46:47,667] Trial 22 failed with parameters: {} because of the following error: AttributeError("module 'utils' has no attribute 'trial_suggestion'").
Traceback (most recent call last):
  File "/home/ketrong/miniconda3/envs/tpot2devenv/lib/python3.10/site-packages/optuna/study/_optimize.py", line 200, in _run_trial
    value_or_values = func(trial)
  File "/common/ketrong/AutoImputeExp/tpot2_imputetest/Impute_Experiments/autoimpute.py", line 55, in obj
    my_params = utils.trial_suggestion(trial, self.model_names, column_len=len(X.columns), random_state=self.random_state)
AttributeError: module 'utils' has no attribute 'trial_suggestion'
[W 2023-11-17 15:46:49,208] Trial 22 failed with value None.
[W 2023-11-17 15:46:48,595] Trial 31 failed with parameters: {} because of the following error: AttributeError("module 'utils' has no attribute 'trial_suggestion'").
Traceback (most recent call last):
  File "/home/ketrong/miniconda3/envs/tpot2devenv/lib/python3.10/site-packages/optuna/study/_optimize.py", line 200, in _run_trial
    value_or_values = func(trial)
  File "/common/ketrong/AutoImputeExp/tpot2_imputetest/Impute_Experiments/autoimpute.py", line 55, in obj
    my_params = utils.trial_suggestion(trial, self.model_names, column_len=len(X.columns), random_state=self.random_state)
AttributeError: module 'utils' has no attribute 'trial_suggestion'
[W 2023-11-17 15:46:49,361] Trial 31 failed with value None.
[W 2023-11-17 15:46:48,283] Trial 27 failed with parameters: {} because of the following error: AttributeError("module 'utils' has no attribute 'trial_suggestion'").
Traceback (most recent call last):
  File "/home/ketrong/miniconda3/envs/tpot2devenv/lib/python3.10/site-packages/optuna/study/_optimize.py", line 200, in _run_trial
    value_or_values = func(trial)
  File "/common/ketrong/AutoImputeExp/tpot2_imputetest/Impute_Experiments/autoimpute.py", line 55, in obj
    my_params = utils.trial_suggestion(trial, self.model_names, column_len=len(X.columns), random_state=self.random_state)
AttributeError: module 'utils' has no attribute 'trial_suggestion'
[W 2023-11-17 15:46:49,514] Trial 27 failed with value None.
[W 2023-11-17 15:46:48,593] Trial 30 failed with parameters: {} because of the following error: AttributeError("module 'utils' has no attribute 'trial_suggestion'").
Traceback (most recent call last):
  File "/home/ketrong/miniconda3/envs/tpot2devenv/lib/python3.10/site-packages/optuna/study/_optimize.py", line 200, in _run_trial
    value_or_values = func(trial)
  File "/common/ketrong/AutoImputeExp/tpot2_imputetest/Impute_Experiments/autoimpute.py", line 55, in obj
    my_params = utils.trial_suggestion(trial, self.model_names, column_len=len(X.columns), random_state=self.random_state)
AttributeError: module 'utils' has no attribute 'trial_suggestion'
[W 2023-11-17 15:46:49,666] Trial 30 failed with value None.
[W 2023-11-17 15:46:49,208] Trial 33 failed with parameters: {} because of the following error: AttributeError("module 'utils' has no attribute 'trial_suggestion'").
Traceback (most recent call last):
  File "/home/ketrong/miniconda3/envs/tpot2devenv/lib/python3.10/site-packages/optuna/study/_optimize.py", line 200, in _run_trial
    value_or_values = func(trial)
  File "/common/ketrong/AutoImputeExp/tpot2_imputetest/Impute_Experiments/autoimpute.py", line 55, in obj
    my_params = utils.trial_suggestion(trial, self.model_names, column_len=len(X.columns), random_state=self.random_state)
AttributeError: module 'utils' has no attribute 'trial_suggestion'
[W 2023-11-17 15:46:49,819] Trial 33 failed with value None.
[W 2023-11-17 15:46:49,361] Trial 34 failed with parameters: {} because of the following error: AttributeError("module 'utils' has no attribute 'trial_suggestion'").
Traceback (most recent call last):
  File "/home/ketrong/miniconda3/envs/tpot2devenv/lib/python3.10/site-packages/optuna/study/_optimize.py", line 200, in _run_trial
    value_or_values = func(trial)
  File "/common/ketrong/AutoImputeExp/tpot2_imputetest/Impute_Experiments/autoimpute.py", line 55, in obj
    my_params = utils.trial_suggestion(trial, self.model_names, column_len=len(X.columns), random_state=self.random_state)
AttributeError: module 'utils' has no attribute 'trial_suggestion'
[W 2023-11-17 15:46:49,974] Trial 34 failed with value None.
[W 2023-11-17 15:46:48,439] Trial 29 failed with parameters: {} because of the following error: AttributeError("module 'utils' has no attribute 'trial_suggestion'").
Traceback (most recent call last):
  File "/home/ketrong/miniconda3/envs/tpot2devenv/lib/python3.10/site-packages/optuna/study/_optimize.py", line 200, in _run_trial
    value_or_values = func(trial)
  File "/common/ketrong/AutoImputeExp/tpot2_imputetest/Impute_Experiments/autoimpute.py", line 55, in obj
    my_params = utils.trial_suggestion(trial, self.model_names, column_len=len(X.columns), random_state=self.random_state)
AttributeError: module 'utils' has no attribute 'trial_suggestion'
[W 2023-11-17 15:46:50,127] Trial 29 failed with value None.
[W 2023-11-17 15:46:47,671] Trial 24 failed with parameters: {} because of the following error: AttributeError("module 'utils' has no attribute 'trial_suggestion'").
Traceback (most recent call last):
  File "/home/ketrong/miniconda3/envs/tpot2devenv/lib/python3.10/site-packages/optuna/study/_optimize.py", line 200, in _run_trial
    value_or_values = func(trial)
  File "/common/ketrong/AutoImputeExp/tpot2_imputetest/Impute_Experiments/autoimpute.py", line 55, in obj
    my_params = utils.trial_suggestion(trial, self.model_names, column_len=len(X.columns), random_state=self.random_state)
AttributeError: module 'utils' has no attribute 'trial_suggestion'
[W 2023-11-17 15:46:50,280] Trial 24 failed with value None.
[W 2023-11-17 15:46:48,900] Trial 32 failed with parameters: {} because of the following error: AttributeError("module 'utils' has no attribute 'trial_suggestion'").
Traceback (most recent call last):
  File "/home/ketrong/miniconda3/envs/tpot2devenv/lib/python3.10/site-packages/optuna/study/_optimize.py", line 200, in _run_trial
    value_or_values = func(trial)
  File "/common/ketrong/AutoImputeExp/tpot2_imputetest/Impute_Experiments/autoimpute.py", line 55, in obj
    my_params = utils.trial_suggestion(trial, self.model_names, column_len=len(X.columns), random_state=self.random_state)
AttributeError: module 'utils' has no attribute 'trial_suggestion'
[W 2023-11-17 15:46:50,435] Trial 32 failed with value None.
[W 2023-11-17 15:46:49,665] Trial 35 failed with parameters: {} because of the following error: AttributeError("module 'utils' has no attribute 'trial_suggestion'").
Traceback (most recent call last):
  File "/home/ketrong/miniconda3/envs/tpot2devenv/lib/python3.10/site-packages/optuna/study/_optimize.py", line 200, in _run_trial
    value_or_values = func(trial)
  File "/common/ketrong/AutoImputeExp/tpot2_imputetest/Impute_Experiments/autoimpute.py", line 55, in obj
    my_params = utils.trial_suggestion(trial, self.model_names, column_len=len(X.columns), random_state=self.random_state)
AttributeError: module 'utils' has no attribute 'trial_suggestion'
[W 2023-11-17 15:46:50,589] Trial 35 failed with value None.
[W 2023-11-17 15:46:49,819] Trial 36 failed with parameters: {} because of the following error: AttributeError("module 'utils' has no attribute 'trial_suggestion'").
Traceback (most recent call last):
  File "/home/ketrong/miniconda3/envs/tpot2devenv/lib/python3.10/site-packages/optuna/study/_optimize.py", line 200, in _run_trial
    value_or_values = func(trial)
  File "/common/ketrong/AutoImputeExp/tpot2_imputetest/Impute_Experiments/autoimpute.py", line 55, in obj
    my_params = utils.trial_suggestion(trial, self.model_names, column_len=len(X.columns), random_state=self.random_state)
AttributeError: module 'utils' has no attribute 'trial_suggestion'
[W 2023-11-17 15:46:50,742] Trial 36 failed with value None.
[W 2023-11-17 15:46:49,974] Trial 37 failed with parameters: {} because of the following error: AttributeError("module 'utils' has no attribute 'trial_suggestion'").
Traceback (most recent call last):
  File "/home/ketrong/miniconda3/envs/tpot2devenv/lib/python3.10/site-packages/optuna/study/_optimize.py", line 200, in _run_trial
    value_or_values = func(trial)
  File "/common/ketrong/AutoImputeExp/tpot2_imputetest/Impute_Experiments/autoimpute.py", line 55, in obj
    my_params = utils.trial_suggestion(trial, self.model_names, column_len=len(X.columns), random_state=self.random_state)
AttributeError: module 'utils' has no attribute 'trial_suggestion'
[W 2023-11-17 15:46:50,897] Trial 37 failed with value None.
[W 2023-11-17 15:46:50,279] Trial 39 failed with parameters: {} because of the following error: AttributeError("module 'utils' has no attribute 'trial_suggestion'").
Traceback (most recent call last):
  File "/home/ketrong/miniconda3/envs/tpot2devenv/lib/python3.10/site-packages/optuna/study/_optimize.py", line 200, in _run_trial
    value_or_values = func(trial)
  File "/common/ketrong/AutoImputeExp/tpot2_imputetest/Impute_Experiments/autoimpute.py", line 55, in obj
    my_params = utils.trial_suggestion(trial, self.model_names, column_len=len(X.columns), random_state=self.random_state)
AttributeError: module 'utils' has no attribute 'trial_suggestion'
[W 2023-11-17 15:46:51,049] Trial 39 failed with value None.
[W 2023-11-17 15:46:50,279] Trial 40 failed with parameters: {} because of the following error: AttributeError("module 'utils' has no attribute 'trial_suggestion'").
Traceback (most recent call last):
  File "/home/ketrong/miniconda3/envs/tpot2devenv/lib/python3.10/site-packages/optuna/study/_optimize.py", line 200, in _run_trial
    value_or_values = func(trial)
  File "/common/ketrong/AutoImputeExp/tpot2_imputetest/Impute_Experiments/autoimpute.py", line 55, in obj
    my_params = utils.trial_suggestion(trial, self.model_names, column_len=len(X.columns), random_state=self.random_state)
AttributeError: module 'utils' has no attribute 'trial_suggestion'
[W 2023-11-17 15:46:51,203] Trial 40 failed with value None.
[W 2023-11-17 15:46:50,127] Trial 38 failed with parameters: {} because of the following error: AttributeError("module 'utils' has no attribute 'trial_suggestion'").
Traceback (most recent call last):
  File "/home/ketrong/miniconda3/envs/tpot2devenv/lib/python3.10/site-packages/optuna/study/_optimize.py", line 200, in _run_trial
    value_or_values = func(trial)
  File "/common/ketrong/AutoImputeExp/tpot2_imputetest/Impute_Experiments/autoimpute.py", line 55, in obj
    my_params = utils.trial_suggestion(trial, self.model_names, column_len=len(X.columns), random_state=self.random_state)
AttributeError: module 'utils' has no attribute 'trial_suggestion'
[W 2023-11-17 15:46:51,355] Trial 38 failed with value None.
[W 2023-11-17 15:46:50,897] Trial 41 failed with parameters: {} because of the following error: AttributeError("module 'utils' has no attribute 'trial_suggestion'").
Traceback (most recent call last):
  File "/home/ketrong/miniconda3/envs/tpot2devenv/lib/python3.10/site-packages/optuna/study/_optimize.py", line 200, in _run_trial
    value_or_values = func(trial)
  File "/common/ketrong/AutoImputeExp/tpot2_imputetest/Impute_Experiments/autoimpute.py", line 55, in obj
    my_params = utils.trial_suggestion(trial, self.model_names, column_len=len(X.columns), random_state=self.random_state)
AttributeError: module 'utils' has no attribute 'trial_suggestion'
[W 2023-11-17 15:46:51,508] Trial 41 failed with value None.
[W 2023-11-17 15:46:51,355] Trial 43 failed with parameters: {} because of the following error: AttributeError("module 'utils' has no attribute 'trial_suggestion'").
Traceback (most recent call last):
  File "/home/ketrong/miniconda3/envs/tpot2devenv/lib/python3.10/site-packages/optuna/study/_optimize.py", line 200, in _run_trial
    value_or_values = func(trial)
  File "/common/ketrong/AutoImputeExp/tpot2_imputetest/Impute_Experiments/autoimpute.py", line 55, in obj
    my_params = utils.trial_suggestion(trial, self.model_names, column_len=len(X.columns), random_state=self.random_state)
AttributeError: module 'utils' has no attribute 'trial_suggestion'
[W 2023-11-17 15:46:51,660] Trial 43 failed with value None.
[W 2023-11-17 15:46:51,049] Trial 42 failed with parameters: {} because of the following error: AttributeError("module 'utils' has no attribute 'trial_suggestion'").
Traceback (most recent call last):
  File "/home/ketrong/miniconda3/envs/tpot2devenv/lib/python3.10/site-packages/optuna/study/_optimize.py", line 200, in _run_trial
    value_or_values = func(trial)
  File "/common/ketrong/AutoImputeExp/tpot2_imputetest/Impute_Experiments/autoimpute.py", line 55, in obj
    my_params = utils.trial_suggestion(trial, self.model_names, column_len=len(X.columns), random_state=self.random_state)
AttributeError: module 'utils' has no attribute 'trial_suggestion'
[W 2023-11-17 15:46:51,811] Trial 42 failed with value None.
[W 2023-11-17 15:46:51,659] Trial 44 failed with parameters: {} because of the following error: AttributeError("module 'utils' has no attribute 'trial_suggestion'").
Traceback (most recent call last):
  File "/home/ketrong/miniconda3/envs/tpot2devenv/lib/python3.10/site-packages/optuna/study/_optimize.py", line 200, in _run_trial
    value_or_values = func(trial)
  File "/common/ketrong/AutoImputeExp/tpot2_imputetest/Impute_Experiments/autoimpute.py", line 55, in obj
    my_params = utils.trial_suggestion(trial, self.model_names, column_len=len(X.columns), random_state=self.random_state)
AttributeError: module 'utils' has no attribute 'trial_suggestion'
[W 2023-11-17 15:46:51,964] Trial 44 failed with value None.
[W 2023-11-17 15:46:52,115] Trial 45 failed with parameters: {} because of the following error: AttributeError("module 'utils' has no attribute 'trial_suggestion'").
Traceback (most recent call last):
  File "/home/ketrong/miniconda3/envs/tpot2devenv/lib/python3.10/site-packages/optuna/study/_optimize.py", line 200, in _run_trial
    value_or_values = func(trial)
  File "/common/ketrong/AutoImputeExp/tpot2_imputetest/Impute_Experiments/autoimpute.py", line 55, in obj
    my_params = utils.trial_suggestion(trial, self.model_names, column_len=len(X.columns), random_state=self.random_state)
AttributeError: module 'utils' has no attribute 'trial_suggestion'
[W 2023-11-17 15:46:52,116] Trial 45 failed with value None.
[W 2023-11-17 15:46:52,116] Trial 46 failed with parameters: {} because of the following error: AttributeError("module 'utils' has no attribute 'trial_suggestion'").
Traceback (most recent call last):
  File "/home/ketrong/miniconda3/envs/tpot2devenv/lib/python3.10/site-packages/optuna/study/_optimize.py", line 200, in _run_trial
    value_or_values = func(trial)
  File "/common/ketrong/AutoImputeExp/tpot2_imputetest/Impute_Experiments/autoimpute.py", line 55, in obj
    my_params = utils.trial_suggestion(trial, self.model_names, column_len=len(X.columns), random_state=self.random_state)
AttributeError: module 'utils' has no attribute 'trial_suggestion'
[W 2023-11-17 15:46:52,271] Trial 46 failed with value None.
[W 2023-11-17 15:46:52,271] Trial 47 failed with parameters: {} because of the following error: AttributeError("module 'utils' has no attribute 'trial_suggestion'").
Traceback (most recent call last):
  File "/home/ketrong/miniconda3/envs/tpot2devenv/lib/python3.10/site-packages/optuna/study/_optimize.py", line 200, in _run_trial
    value_or_values = func(trial)
  File "/common/ketrong/AutoImputeExp/tpot2_imputetest/Impute_Experiments/autoimpute.py", line 55, in obj
    my_params = utils.trial_suggestion(trial, self.model_names, column_len=len(X.columns), random_state=self.random_state)
AttributeError: module 'utils' has no attribute 'trial_suggestion'
[W 2023-11-17 15:46:52,424] Trial 47 failed with value None.
failed on 
tpot2_imputetest/Impute_Experiments/logs//tpot2_base_normal_6_0.1_MCAR_0
module 'utils' has no attribute 'trial_suggestion'
Traceback (most recent call last):
  File "/common/ketrong/AutoImputeExp/tpot2_imputetest/Impute_Experiments/utils.py", line 169, in loop_through_tasks
    SimpleImputeSpace.fit(X_train_pandas)
  File "/common/ketrong/AutoImputeExp/tpot2_imputetest/Impute_Experiments/autoimpute.py", line 59, in fit
    self.study.optimize(obj, n_trials=self.n_trials, n_jobs=self.n_jobs, show_progress_bar=self.show_progress, gc_after_trial=self.garbage_collect)
  File "/home/ketrong/miniconda3/envs/tpot2devenv/lib/python3.10/site-packages/optuna/study/study.py", line 451, in optimize
    _optimize(
  File "/home/ketrong/miniconda3/envs/tpot2devenv/lib/python3.10/site-packages/optuna/study/_optimize.py", line 103, in _optimize
    f.result()
  File "/home/ketrong/miniconda3/envs/tpot2devenv/lib/python3.10/concurrent/futures/_base.py", line 451, in result
    return self.__get_result()
  File "/home/ketrong/miniconda3/envs/tpot2devenv/lib/python3.10/concurrent/futures/_base.py", line 403, in __get_result
    raise self._exception
  File "/home/ketrong/miniconda3/envs/tpot2devenv/lib/python3.10/concurrent/futures/thread.py", line 58, in run
    result = self.fn(*self.args, **self.kwargs)
  File "/home/ketrong/miniconda3/envs/tpot2devenv/lib/python3.10/site-packages/optuna/study/_optimize.py", line 163, in _optimize_sequential
    frozen_trial = _run_trial(study, func, catch)
  File "/home/ketrong/miniconda3/envs/tpot2devenv/lib/python3.10/site-packages/optuna/study/_optimize.py", line 251, in _run_trial
    raise func_err
  File "/home/ketrong/miniconda3/envs/tpot2devenv/lib/python3.10/site-packages/optuna/study/_optimize.py", line 200, in _run_trial
    value_or_values = func(trial)
  File "/common/ketrong/AutoImputeExp/tpot2_imputetest/Impute_Experiments/autoimpute.py", line 55, in obj
    my_params = utils.trial_suggestion(trial, self.model_names, column_len=len(X.columns), random_state=self.random_state)
AttributeError: module 'utils' has no attribute 'trial_suggestion'

DONE
