/cm/local/apps/slurm/var/spool/job423678/slurm_script: line 19: /common/ketrong/minconda3/etc/profile.d/conda.sh: No such file or directory
/cm/local/apps/slurm/var/spool/job423678/slurm_script: line 22: $'\nconda create --name tpot2devenv -c conda-forge python=3.10\n': command not found
/cm/local/apps/slurm/var/spool/job423678/slurm_script: line 27: $'\npip install -r requirements.txt\n': command not found
RunStart
2023-12-01 11:00:15.541615: I tensorflow/core/util/port.cc:113] oneDNN custom operations are on. You may see slightly different numerical results due to floating-point round-off errors from different computation orders. To turn them off, set the environment variable `TF_ENABLE_ONEDNN_OPTS=0`.
2023-12-01 11:00:15.576759: E external/local_xla/xla/stream_executor/cuda/cuda_dnn.cc:9261] Unable to register cuDNN factory: Attempting to register factory for plugin cuDNN when one has already been registered
2023-12-01 11:00:15.576782: E external/local_xla/xla/stream_executor/cuda/cuda_fft.cc:607] Unable to register cuFFT factory: Attempting to register factory for plugin cuFFT when one has already been registered
2023-12-01 11:00:15.577903: E external/local_xla/xla/stream_executor/cuda/cuda_blas.cc:1515] Unable to register cuBLAS factory: Attempting to register factory for plugin cuBLAS when one has already been registered
2023-12-01 11:00:15.583346: I tensorflow/core/platform/cpu_feature_guard.cc:182] This TensorFlow binary is optimized to use available CPU instructions in performance-critical operations.
To enable the following instructions: AVX2 AVX512F AVX512_VNNI FMA, in other operations, rebuild TensorFlow with the appropriate compiler flags.
2023-12-01 11:00:17.745383: W tensorflow/compiler/tf2tensorrt/utils/py_utils.cc:38] TF-TRT Warning: Could not find TensorRT
WARNING:tensorflow:From /home/ketrong/miniconda3/envs/tpot2devenv/lib/python3.10/site-packages/tensorflow/python/compat/v2_compat.py:108: disable_resource_variables (from tensorflow.python.ops.variable_scope) is deprecated and will be removed in a future version.
Instructions for updating:
non-resource variables are not supported in the long term
start
working on 
tpot2_imputetest/Impute_Experiments/logs//small_run
loading data
tpot2_imputetest/Impute_Experiments/data/26_True.pkl
starting impute modules
running experiment 1/3 - Does large hyperparameter space improve reconstruction accuracy over simple
[I 2023-12-01 11:00:30,874] A new study created in memory with name: no-name-685bab6f-95aa-48f6-9fa1-e91f1792907c
[W 2023-12-01 11:00:30,876] Trial 0 failed with parameters: {'model_name': 'KNNImputer', 'weights': 'distance', 'keep_empty_features': False} because of the following error: InvalidParameterError("The 'n_neighbors' parameter of KNNImputer must be an int in the range [1, inf). Got None instead.").
Traceback (most recent call last):
  File "/home/ketrong/miniconda3/envs/tpot2devenv/lib/python3.10/site-packages/optuna/study/_optimize.py", line 200, in _run_trial
    value_or_values = func(trial)
  File "/common/ketrong/AutoImputeExp/tpot2_imputetest/Impute_Experiments/autoimpute.py", line 59, in obj
    return autoutils.score(trial, splitting, my_model, X, self.missing_set_train, self.masked_set_train)
  File "/common/ketrong/AutoImputeExp/tpot2_imputetest/Impute_Experiments/autoutils.py", line 61, in score
    my_model.fit(missing_set)
  File "/home/ketrong/miniconda3/envs/tpot2devenv/lib/python3.10/site-packages/sklearn/base.py", line 1145, in wrapper
    estimator._validate_params()
  File "/home/ketrong/miniconda3/envs/tpot2devenv/lib/python3.10/site-packages/sklearn/base.py", line 638, in _validate_params
    validate_parameter_constraints(
  File "/home/ketrong/miniconda3/envs/tpot2devenv/lib/python3.10/site-packages/sklearn/utils/_param_validation.py", line 96, in validate_parameter_constraints
    raise InvalidParameterError(
sklearn.utils._param_validation.InvalidParameterError: The 'n_neighbors' parameter of KNNImputer must be an int in the range [1, inf). Got None instead.
[W 2023-12-01 11:00:30,885] Trial 0 failed with value None.
[W 2023-12-01 11:00:30,879] Trial 1 failed with parameters: {'model_name': 'KNNImputer', 'weights': 'uniform', 'keep_empty_features': False} because of the following error: InvalidParameterError("The 'n_neighbors' parameter of KNNImputer must be an int in the range [1, inf). Got None instead.").
Traceback (most recent call last):
  File "/home/ketrong/miniconda3/envs/tpot2devenv/lib/python3.10/site-packages/optuna/study/_optimize.py", line 200, in _run_trial
    value_or_values = func(trial)
  File "/common/ketrong/AutoImputeExp/tpot2_imputetest/Impute_Experiments/autoimpute.py", line 59, in obj
    return autoutils.score(trial, splitting, my_model, X, self.missing_set_train, self.masked_set_train)
  File "/common/ketrong/AutoImputeExp/tpot2_imputetest/Impute_Experiments/autoutils.py", line 61, in score
    my_model.fit(missing_set)
  File "/home/ketrong/miniconda3/envs/tpot2devenv/lib/python3.10/site-packages/sklearn/base.py", line 1145, in wrapper
    estimator._validate_params()
  File "/home/ketrong/miniconda3/envs/tpot2devenv/lib/python3.10/site-packages/sklearn/base.py", line 638, in _validate_params
    validate_parameter_constraints(
  File "/home/ketrong/miniconda3/envs/tpot2devenv/lib/python3.10/site-packages/sklearn/utils/_param_validation.py", line 96, in validate_parameter_constraints
    raise InvalidParameterError(
sklearn.utils._param_validation.InvalidParameterError: The 'n_neighbors' parameter of KNNImputer must be an int in the range [1, inf). Got None instead.
[W 2023-12-01 11:00:31,094] Trial 1 failed with value None.
[W 2023-12-01 11:00:30,880] Trial 3 failed with parameters: {'model_name': 'KNNImputer', 'weights': 'distance', 'keep_empty_features': False} because of the following error: InvalidParameterError("The 'n_neighbors' parameter of KNNImputer must be an int in the range [1, inf). Got None instead.").
Traceback (most recent call last):
  File "/home/ketrong/miniconda3/envs/tpot2devenv/lib/python3.10/site-packages/optuna/study/_optimize.py", line 200, in _run_trial
    value_or_values = func(trial)
  File "/common/ketrong/AutoImputeExp/tpot2_imputetest/Impute_Experiments/autoimpute.py", line 59, in obj
    return autoutils.score(trial, splitting, my_model, X, self.missing_set_train, self.masked_set_train)
  File "/common/ketrong/AutoImputeExp/tpot2_imputetest/Impute_Experiments/autoutils.py", line 61, in score
    my_model.fit(missing_set)
  File "/home/ketrong/miniconda3/envs/tpot2devenv/lib/python3.10/site-packages/sklearn/base.py", line 1145, in wrapper
    estimator._validate_params()
  File "/home/ketrong/miniconda3/envs/tpot2devenv/lib/python3.10/site-packages/sklearn/base.py", line 638, in _validate_params
    validate_parameter_constraints(
  File "/home/ketrong/miniconda3/envs/tpot2devenv/lib/python3.10/site-packages/sklearn/utils/_param_validation.py", line 96, in validate_parameter_constraints
    raise InvalidParameterError(
sklearn.utils._param_validation.InvalidParameterError: The 'n_neighbors' parameter of KNNImputer must be an int in the range [1, inf). Got None instead.
[W 2023-12-01 11:00:31,238] Trial 3 failed with value None.
[W 2023-12-01 11:00:30,882] Trial 5 failed with parameters: {'model_name': 'KNNImputer', 'weights': 'uniform', 'keep_empty_features': False} because of the following error: InvalidParameterError("The 'n_neighbors' parameter of KNNImputer must be an int in the range [1, inf). Got None instead.").
Traceback (most recent call last):
  File "/home/ketrong/miniconda3/envs/tpot2devenv/lib/python3.10/site-packages/optuna/study/_optimize.py", line 200, in _run_trial
    value_or_values = func(trial)
  File "/common/ketrong/AutoImputeExp/tpot2_imputetest/Impute_Experiments/autoimpute.py", line 59, in obj
    return autoutils.score(trial, splitting, my_model, X, self.missing_set_train, self.masked_set_train)
  File "/common/ketrong/AutoImputeExp/tpot2_imputetest/Impute_Experiments/autoutils.py", line 61, in score
    my_model.fit(missing_set)
  File "/home/ketrong/miniconda3/envs/tpot2devenv/lib/python3.10/site-packages/sklearn/base.py", line 1145, in wrapper
    estimator._validate_params()
  File "/home/ketrong/miniconda3/envs/tpot2devenv/lib/python3.10/site-packages/sklearn/base.py", line 638, in _validate_params
    validate_parameter_constraints(
  File "/home/ketrong/miniconda3/envs/tpot2devenv/lib/python3.10/site-packages/sklearn/utils/_param_validation.py", line 96, in validate_parameter_constraints
    raise InvalidParameterError(
sklearn.utils._param_validation.InvalidParameterError: The 'n_neighbors' parameter of KNNImputer must be an int in the range [1, inf). Got None instead.
[W 2023-12-01 11:00:31,383] Trial 5 failed with value None.
[W 2023-12-01 11:00:30,884] Trial 7 failed with parameters: {'model_name': 'KNNImputer', 'weights': 'uniform', 'keep_empty_features': False} because of the following error: InvalidParameterError("The 'n_neighbors' parameter of KNNImputer must be an int in the range [1, inf). Got None instead.").
Traceback (most recent call last):
  File "/home/ketrong/miniconda3/envs/tpot2devenv/lib/python3.10/site-packages/optuna/study/_optimize.py", line 200, in _run_trial
    value_or_values = func(trial)
  File "/common/ketrong/AutoImputeExp/tpot2_imputetest/Impute_Experiments/autoimpute.py", line 59, in obj
    return autoutils.score(trial, splitting, my_model, X, self.missing_set_train, self.masked_set_train)
  File "/common/ketrong/AutoImputeExp/tpot2_imputetest/Impute_Experiments/autoutils.py", line 61, in score
    my_model.fit(missing_set)
  File "/home/ketrong/miniconda3/envs/tpot2devenv/lib/python3.10/site-packages/sklearn/base.py", line 1145, in wrapper
    estimator._validate_params()
  File "/home/ketrong/miniconda3/envs/tpot2devenv/lib/python3.10/site-packages/sklearn/base.py", line 638, in _validate_params
    validate_parameter_constraints(
  File "/home/ketrong/miniconda3/envs/tpot2devenv/lib/python3.10/site-packages/sklearn/utils/_param_validation.py", line 96, in validate_parameter_constraints
    raise InvalidParameterError(
sklearn.utils._param_validation.InvalidParameterError: The 'n_neighbors' parameter of KNNImputer must be an int in the range [1, inf). Got None instead.
[W 2023-12-01 11:00:31,525] Trial 7 failed with value None.
[W 2023-12-01 11:00:31,093] Trial 8 failed with parameters: {'model_name': 'KNNImputer', 'weights': 'uniform', 'keep_empty_features': False} because of the following error: InvalidParameterError("The 'n_neighbors' parameter of KNNImputer must be an int in the range [1, inf). Got None instead.").
Traceback (most recent call last):
  File "/home/ketrong/miniconda3/envs/tpot2devenv/lib/python3.10/site-packages/optuna/study/_optimize.py", line 200, in _run_trial
    value_or_values = func(trial)
  File "/common/ketrong/AutoImputeExp/tpot2_imputetest/Impute_Experiments/autoimpute.py", line 59, in obj
    return autoutils.score(trial, splitting, my_model, X, self.missing_set_train, self.masked_set_train)
  File "/common/ketrong/AutoImputeExp/tpot2_imputetest/Impute_Experiments/autoutils.py", line 61, in score
    my_model.fit(missing_set)
  File "/home/ketrong/miniconda3/envs/tpot2devenv/lib/python3.10/site-packages/sklearn/base.py", line 1145, in wrapper
    estimator._validate_params()
  File "/home/ketrong/miniconda3/envs/tpot2devenv/lib/python3.10/site-packages/sklearn/base.py", line 638, in _validate_params
    validate_parameter_constraints(
  File "/home/ketrong/miniconda3/envs/tpot2devenv/lib/python3.10/site-packages/sklearn/utils/_param_validation.py", line 96, in validate_parameter_constraints
    raise InvalidParameterError(
sklearn.utils._param_validation.InvalidParameterError: The 'n_neighbors' parameter of KNNImputer must be an int in the range [1, inf). Got None instead.
[W 2023-12-01 11:00:31,670] Trial 8 failed with value None.
[W 2023-12-01 11:00:30,881] Trial 4 failed with parameters: {'model_name': 'KNNImputer', 'weights': 'uniform', 'keep_empty_features': False} because of the following error: InvalidParameterError("The 'n_neighbors' parameter of KNNImputer must be an int in the range [1, inf). Got None instead.").
Traceback (most recent call last):
  File "/home/ketrong/miniconda3/envs/tpot2devenv/lib/python3.10/site-packages/optuna/study/_optimize.py", line 200, in _run_trial
    value_or_values = func(trial)
  File "/common/ketrong/AutoImputeExp/tpot2_imputetest/Impute_Experiments/autoimpute.py", line 59, in obj
    return autoutils.score(trial, splitting, my_model, X, self.missing_set_train, self.masked_set_train)
  File "/common/ketrong/AutoImputeExp/tpot2_imputetest/Impute_Experiments/autoutils.py", line 61, in score
    my_model.fit(missing_set)
  File "/home/ketrong/miniconda3/envs/tpot2devenv/lib/python3.10/site-packages/sklearn/base.py", line 1145, in wrapper
    estimator._validate_params()
  File "/home/ketrong/miniconda3/envs/tpot2devenv/lib/python3.10/site-packages/sklearn/base.py", line 638, in _validate_params
    validate_parameter_constraints(
  File "/home/ketrong/miniconda3/envs/tpot2devenv/lib/python3.10/site-packages/sklearn/utils/_param_validation.py", line 96, in validate_parameter_constraints
    raise InvalidParameterError(
sklearn.utils._param_validation.InvalidParameterError: The 'n_neighbors' parameter of KNNImputer must be an int in the range [1, inf). Got None instead.
[W 2023-12-01 11:00:31,811] Trial 4 failed with value None.
[W 2023-12-01 11:00:30,879] Trial 2 failed with parameters: {'model_name': 'KNNImputer', 'weights': 'distance', 'keep_empty_features': False} because of the following error: InvalidParameterError("The 'n_neighbors' parameter of KNNImputer must be an int in the range [1, inf). Got None instead.").
Traceback (most recent call last):
  File "/home/ketrong/miniconda3/envs/tpot2devenv/lib/python3.10/site-packages/optuna/study/_optimize.py", line 200, in _run_trial
    value_or_values = func(trial)
  File "/common/ketrong/AutoImputeExp/tpot2_imputetest/Impute_Experiments/autoimpute.py", line 59, in obj
    return autoutils.score(trial, splitting, my_model, X, self.missing_set_train, self.masked_set_train)
  File "/common/ketrong/AutoImputeExp/tpot2_imputetest/Impute_Experiments/autoutils.py", line 61, in score
    my_model.fit(missing_set)
  File "/home/ketrong/miniconda3/envs/tpot2devenv/lib/python3.10/site-packages/sklearn/base.py", line 1145, in wrapper
    estimator._validate_params()
  File "/home/ketrong/miniconda3/envs/tpot2devenv/lib/python3.10/site-packages/sklearn/base.py", line 638, in _validate_params
    validate_parameter_constraints(
  File "/home/ketrong/miniconda3/envs/tpot2devenv/lib/python3.10/site-packages/sklearn/utils/_param_validation.py", line 96, in validate_parameter_constraints
    raise InvalidParameterError(
sklearn.utils._param_validation.InvalidParameterError: The 'n_neighbors' parameter of KNNImputer must be an int in the range [1, inf). Got None instead.
[W 2023-12-01 11:00:31,957] Trial 2 failed with value None.
[W 2023-12-01 11:00:31,094] Trial 9 failed with parameters: {'model_name': 'KNNImputer', 'weights': 'uniform', 'keep_empty_features': False} because of the following error: InvalidParameterError("The 'n_neighbors' parameter of KNNImputer must be an int in the range [1, inf). Got None instead.").
Traceback (most recent call last):
  File "/home/ketrong/miniconda3/envs/tpot2devenv/lib/python3.10/site-packages/optuna/study/_optimize.py", line 200, in _run_trial
    value_or_values = func(trial)
  File "/common/ketrong/AutoImputeExp/tpot2_imputetest/Impute_Experiments/autoimpute.py", line 59, in obj
    return autoutils.score(trial, splitting, my_model, X, self.missing_set_train, self.masked_set_train)
  File "/common/ketrong/AutoImputeExp/tpot2_imputetest/Impute_Experiments/autoutils.py", line 61, in score
    my_model.fit(missing_set)
  File "/home/ketrong/miniconda3/envs/tpot2devenv/lib/python3.10/site-packages/sklearn/base.py", line 1145, in wrapper
    estimator._validate_params()
  File "/home/ketrong/miniconda3/envs/tpot2devenv/lib/python3.10/site-packages/sklearn/base.py", line 638, in _validate_params
    validate_parameter_constraints(
  File "/home/ketrong/miniconda3/envs/tpot2devenv/lib/python3.10/site-packages/sklearn/utils/_param_validation.py", line 96, in validate_parameter_constraints
    raise InvalidParameterError(
sklearn.utils._param_validation.InvalidParameterError: The 'n_neighbors' parameter of KNNImputer must be an int in the range [1, inf). Got None instead.
[W 2023-12-01 11:00:32,100] Trial 9 failed with value None.
[W 2023-12-01 11:00:30,883] Trial 6 failed with parameters: {'model_name': 'KNNImputer', 'weights': 'distance', 'keep_empty_features': False} because of the following error: InvalidParameterError("The 'n_neighbors' parameter of KNNImputer must be an int in the range [1, inf). Got None instead.").
Traceback (most recent call last):
  File "/home/ketrong/miniconda3/envs/tpot2devenv/lib/python3.10/site-packages/optuna/study/_optimize.py", line 200, in _run_trial
    value_or_values = func(trial)
  File "/common/ketrong/AutoImputeExp/tpot2_imputetest/Impute_Experiments/autoimpute.py", line 59, in obj
    return autoutils.score(trial, splitting, my_model, X, self.missing_set_train, self.masked_set_train)
  File "/common/ketrong/AutoImputeExp/tpot2_imputetest/Impute_Experiments/autoutils.py", line 61, in score
    my_model.fit(missing_set)
  File "/home/ketrong/miniconda3/envs/tpot2devenv/lib/python3.10/site-packages/sklearn/base.py", line 1145, in wrapper
    estimator._validate_params()
  File "/home/ketrong/miniconda3/envs/tpot2devenv/lib/python3.10/site-packages/sklearn/base.py", line 638, in _validate_params
    validate_parameter_constraints(
  File "/home/ketrong/miniconda3/envs/tpot2devenv/lib/python3.10/site-packages/sklearn/utils/_param_validation.py", line 96, in validate_parameter_constraints
    raise InvalidParameterError(
sklearn.utils._param_validation.InvalidParameterError: The 'n_neighbors' parameter of KNNImputer must be an int in the range [1, inf). Got None instead.
[W 2023-12-01 11:00:32,242] Trial 6 failed with value None.
[W 2023-12-01 11:00:31,524] Trial 10 failed with parameters: {'model_name': 'KNNImputer', 'weights': 'uniform', 'keep_empty_features': False} because of the following error: InvalidParameterError("The 'n_neighbors' parameter of KNNImputer must be an int in the range [1, inf). Got None instead.").
Traceback (most recent call last):
  File "/home/ketrong/miniconda3/envs/tpot2devenv/lib/python3.10/site-packages/optuna/study/_optimize.py", line 200, in _run_trial
    value_or_values = func(trial)
  File "/common/ketrong/AutoImputeExp/tpot2_imputetest/Impute_Experiments/autoimpute.py", line 59, in obj
    return autoutils.score(trial, splitting, my_model, X, self.missing_set_train, self.masked_set_train)
  File "/common/ketrong/AutoImputeExp/tpot2_imputetest/Impute_Experiments/autoutils.py", line 61, in score
    my_model.fit(missing_set)
  File "/home/ketrong/miniconda3/envs/tpot2devenv/lib/python3.10/site-packages/sklearn/base.py", line 1145, in wrapper
    estimator._validate_params()
  File "/home/ketrong/miniconda3/envs/tpot2devenv/lib/python3.10/site-packages/sklearn/base.py", line 638, in _validate_params
    validate_parameter_constraints(
  File "/home/ketrong/miniconda3/envs/tpot2devenv/lib/python3.10/site-packages/sklearn/utils/_param_validation.py", line 96, in validate_parameter_constraints
    raise InvalidParameterError(
sklearn.utils._param_validation.InvalidParameterError: The 'n_neighbors' parameter of KNNImputer must be an int in the range [1, inf). Got None instead.
[W 2023-12-01 11:00:32,382] Trial 10 failed with value None.
[W 2023-12-01 11:00:31,955] Trial 14 failed with parameters: {'model_name': 'KNNImputer', 'weights': 'uniform', 'keep_empty_features': False} because of the following error: InvalidParameterError("The 'n_neighbors' parameter of KNNImputer must be an int in the range [1, inf). Got None instead.").
Traceback (most recent call last):
  File "/home/ketrong/miniconda3/envs/tpot2devenv/lib/python3.10/site-packages/optuna/study/_optimize.py", line 200, in _run_trial
    value_or_values = func(trial)
  File "/common/ketrong/AutoImputeExp/tpot2_imputetest/Impute_Experiments/autoimpute.py", line 59, in obj
    return autoutils.score(trial, splitting, my_model, X, self.missing_set_train, self.masked_set_train)
  File "/common/ketrong/AutoImputeExp/tpot2_imputetest/Impute_Experiments/autoutils.py", line 61, in score
    my_model.fit(missing_set)
  File "/home/ketrong/miniconda3/envs/tpot2devenv/lib/python3.10/site-packages/sklearn/base.py", line 1145, in wrapper
    estimator._validate_params()
  File "/home/ketrong/miniconda3/envs/tpot2devenv/lib/python3.10/site-packages/sklearn/base.py", line 638, in _validate_params
    validate_parameter_constraints(
  File "/home/ketrong/miniconda3/envs/tpot2devenv/lib/python3.10/site-packages/sklearn/utils/_param_validation.py", line 96, in validate_parameter_constraints
    raise InvalidParameterError(
sklearn.utils._param_validation.InvalidParameterError: The 'n_neighbors' parameter of KNNImputer must be an int in the range [1, inf). Got None instead.
[W 2023-12-01 11:00:32,525] Trial 14 failed with value None.
[W 2023-12-01 11:00:31,525] Trial 11 failed with parameters: {'model_name': 'KNNImputer', 'weights': 'distance', 'keep_empty_features': False} because of the following error: InvalidParameterError("The 'n_neighbors' parameter of KNNImputer must be an int in the range [1, inf). Got None instead.").
Traceback (most recent call last):
  File "/home/ketrong/miniconda3/envs/tpot2devenv/lib/python3.10/site-packages/optuna/study/_optimize.py", line 200, in _run_trial
    value_or_values = func(trial)
  File "/common/ketrong/AutoImputeExp/tpot2_imputetest/Impute_Experiments/autoimpute.py", line 59, in obj
    return autoutils.score(trial, splitting, my_model, X, self.missing_set_train, self.masked_set_train)
  File "/common/ketrong/AutoImputeExp/tpot2_imputetest/Impute_Experiments/autoutils.py", line 61, in score
    my_model.fit(missing_set)
  File "/home/ketrong/miniconda3/envs/tpot2devenv/lib/python3.10/site-packages/sklearn/base.py", line 1145, in wrapper
    estimator._validate_params()
  File "/home/ketrong/miniconda3/envs/tpot2devenv/lib/python3.10/site-packages/sklearn/base.py", line 638, in _validate_params
    validate_parameter_constraints(
  File "/home/ketrong/miniconda3/envs/tpot2devenv/lib/python3.10/site-packages/sklearn/utils/_param_validation.py", line 96, in validate_parameter_constraints
    raise InvalidParameterError(
sklearn.utils._param_validation.InvalidParameterError: The 'n_neighbors' parameter of KNNImputer must be an int in the range [1, inf). Got None instead.
[W 2023-12-01 11:00:32,665] Trial 11 failed with value None.
[W 2023-12-01 11:00:31,670] Trial 12 failed with parameters: {'model_name': 'KNNImputer', 'weights': 'distance', 'keep_empty_features': False} because of the following error: InvalidParameterError("The 'n_neighbors' parameter of KNNImputer must be an int in the range [1, inf). Got None instead.").
Traceback (most recent call last):
  File "/home/ketrong/miniconda3/envs/tpot2devenv/lib/python3.10/site-packages/optuna/study/_optimize.py", line 200, in _run_trial
    value_or_values = func(trial)
  File "/common/ketrong/AutoImputeExp/tpot2_imputetest/Impute_Experiments/autoimpute.py", line 59, in obj
    return autoutils.score(trial, splitting, my_model, X, self.missing_set_train, self.masked_set_train)
  File "/common/ketrong/AutoImputeExp/tpot2_imputetest/Impute_Experiments/autoutils.py", line 61, in score
    my_model.fit(missing_set)
  File "/home/ketrong/miniconda3/envs/tpot2devenv/lib/python3.10/site-packages/sklearn/base.py", line 1145, in wrapper
    estimator._validate_params()
  File "/home/ketrong/miniconda3/envs/tpot2devenv/lib/python3.10/site-packages/sklearn/base.py", line 638, in _validate_params
    validate_parameter_constraints(
  File "/home/ketrong/miniconda3/envs/tpot2devenv/lib/python3.10/site-packages/sklearn/utils/_param_validation.py", line 96, in validate_parameter_constraints
    raise InvalidParameterError(
sklearn.utils._param_validation.InvalidParameterError: The 'n_neighbors' parameter of KNNImputer must be an int in the range [1, inf). Got None instead.
[W 2023-12-01 11:00:32,809] Trial 12 failed with value None.
[W 2023-12-01 11:00:31,956] Trial 15 failed with parameters: {'model_name': 'KNNImputer', 'weights': 'distance', 'keep_empty_features': False} because of the following error: InvalidParameterError("The 'n_neighbors' parameter of KNNImputer must be an int in the range [1, inf). Got None instead.").
Traceback (most recent call last):
  File "/home/ketrong/miniconda3/envs/tpot2devenv/lib/python3.10/site-packages/optuna/study/_optimize.py", line 200, in _run_trial
    value_or_values = func(trial)
  File "/common/ketrong/AutoImputeExp/tpot2_imputetest/Impute_Experiments/autoimpute.py", line 59, in obj
    return autoutils.score(trial, splitting, my_model, X, self.missing_set_train, self.masked_set_train)
  File "/common/ketrong/AutoImputeExp/tpot2_imputetest/Impute_Experiments/autoutils.py", line 61, in score
    my_model.fit(missing_set)
  File "/home/ketrong/miniconda3/envs/tpot2devenv/lib/python3.10/site-packages/sklearn/base.py", line 1145, in wrapper
    estimator._validate_params()
  File "/home/ketrong/miniconda3/envs/tpot2devenv/lib/python3.10/site-packages/sklearn/base.py", line 638, in _validate_params
    validate_parameter_constraints(
  File "/home/ketrong/miniconda3/envs/tpot2devenv/lib/python3.10/site-packages/sklearn/utils/_param_validation.py", line 96, in validate_parameter_constraints
    raise InvalidParameterError(
sklearn.utils._param_validation.InvalidParameterError: The 'n_neighbors' parameter of KNNImputer must be an int in the range [1, inf). Got None instead.
[W 2023-12-01 11:00:32,951] Trial 15 failed with value None.
[W 2023-12-01 11:00:32,100] Trial 16 failed with parameters: {'model_name': 'KNNImputer', 'weights': 'uniform', 'keep_empty_features': False} because of the following error: InvalidParameterError("The 'n_neighbors' parameter of KNNImputer must be an int in the range [1, inf). Got None instead.").
Traceback (most recent call last):
  File "/home/ketrong/miniconda3/envs/tpot2devenv/lib/python3.10/site-packages/optuna/study/_optimize.py", line 200, in _run_trial
    value_or_values = func(trial)
  File "/common/ketrong/AutoImputeExp/tpot2_imputetest/Impute_Experiments/autoimpute.py", line 59, in obj
    return autoutils.score(trial, splitting, my_model, X, self.missing_set_train, self.masked_set_train)
  File "/common/ketrong/AutoImputeExp/tpot2_imputetest/Impute_Experiments/autoutils.py", line 61, in score
    my_model.fit(missing_set)
  File "/home/ketrong/miniconda3/envs/tpot2devenv/lib/python3.10/site-packages/sklearn/base.py", line 1145, in wrapper
    estimator._validate_params()
  File "/home/ketrong/miniconda3/envs/tpot2devenv/lib/python3.10/site-packages/sklearn/base.py", line 638, in _validate_params
    validate_parameter_constraints(
  File "/home/ketrong/miniconda3/envs/tpot2devenv/lib/python3.10/site-packages/sklearn/utils/_param_validation.py", line 96, in validate_parameter_constraints
    raise InvalidParameterError(
sklearn.utils._param_validation.InvalidParameterError: The 'n_neighbors' parameter of KNNImputer must be an int in the range [1, inf). Got None instead.
[W 2023-12-01 11:00:33,094] Trial 16 failed with value None.
[W 2023-12-01 11:00:33,094] Trial 17 failed with parameters: {'model_name': 'KNNImputer', 'weights': 'uniform', 'keep_empty_features': False} because of the following error: InvalidParameterError("The 'n_neighbors' parameter of KNNImputer must be an int in the range [1, inf). Got None instead.").
Traceback (most recent call last):
  File "/home/ketrong/miniconda3/envs/tpot2devenv/lib/python3.10/site-packages/optuna/study/_optimize.py", line 200, in _run_trial
    value_or_values = func(trial)
  File "/common/ketrong/AutoImputeExp/tpot2_imputetest/Impute_Experiments/autoimpute.py", line 59, in obj
    return autoutils.score(trial, splitting, my_model, X, self.missing_set_train, self.masked_set_train)
  File "/common/ketrong/AutoImputeExp/tpot2_imputetest/Impute_Experiments/autoutils.py", line 61, in score
    my_model.fit(missing_set)
  File "/home/ketrong/miniconda3/envs/tpot2devenv/lib/python3.10/site-packages/sklearn/base.py", line 1145, in wrapper
    estimator._validate_params()
  File "/home/ketrong/miniconda3/envs/tpot2devenv/lib/python3.10/site-packages/sklearn/base.py", line 638, in _validate_params
    validate_parameter_constraints(
  File "/home/ketrong/miniconda3/envs/tpot2devenv/lib/python3.10/site-packages/sklearn/utils/_param_validation.py", line 96, in validate_parameter_constraints
    raise InvalidParameterError(
sklearn.utils._param_validation.InvalidParameterError: The 'n_neighbors' parameter of KNNImputer must be an int in the range [1, inf). Got None instead.
[W 2023-12-01 11:00:33,240] Trial 17 failed with value None.
[W 2023-12-01 11:00:31,954] Trial 13 failed with parameters: {'model_name': 'KNNImputer', 'weights': 'distance', 'keep_empty_features': False} because of the following error: InvalidParameterError("The 'n_neighbors' parameter of KNNImputer must be an int in the range [1, inf). Got None instead.").
Traceback (most recent call last):
  File "/home/ketrong/miniconda3/envs/tpot2devenv/lib/python3.10/site-packages/optuna/study/_optimize.py", line 200, in _run_trial
    value_or_values = func(trial)
  File "/common/ketrong/AutoImputeExp/tpot2_imputetest/Impute_Experiments/autoimpute.py", line 59, in obj
    return autoutils.score(trial, splitting, my_model, X, self.missing_set_train, self.masked_set_train)
  File "/common/ketrong/AutoImputeExp/tpot2_imputetest/Impute_Experiments/autoutils.py", line 61, in score
    my_model.fit(missing_set)
  File "/home/ketrong/miniconda3/envs/tpot2devenv/lib/python3.10/site-packages/sklearn/base.py", line 1145, in wrapper
    estimator._validate_params()
  File "/home/ketrong/miniconda3/envs/tpot2devenv/lib/python3.10/site-packages/sklearn/base.py", line 638, in _validate_params
    validate_parameter_constraints(
  File "/home/ketrong/miniconda3/envs/tpot2devenv/lib/python3.10/site-packages/sklearn/utils/_param_validation.py", line 96, in validate_parameter_constraints
    raise InvalidParameterError(
sklearn.utils._param_validation.InvalidParameterError: The 'n_neighbors' parameter of KNNImputer must be an int in the range [1, inf). Got None instead.
[W 2023-12-01 11:00:33,384] Trial 13 failed with value None.
[W 2023-12-01 11:00:33,096] Trial 18 failed with parameters: {'model_name': 'KNNImputer', 'weights': 'distance', 'keep_empty_features': False} because of the following error: InvalidParameterError("The 'n_neighbors' parameter of KNNImputer must be an int in the range [1, inf). Got None instead.").
Traceback (most recent call last):
  File "/home/ketrong/miniconda3/envs/tpot2devenv/lib/python3.10/site-packages/optuna/study/_optimize.py", line 200, in _run_trial
    value_or_values = func(trial)
  File "/common/ketrong/AutoImputeExp/tpot2_imputetest/Impute_Experiments/autoimpute.py", line 59, in obj
    return autoutils.score(trial, splitting, my_model, X, self.missing_set_train, self.masked_set_train)
  File "/common/ketrong/AutoImputeExp/tpot2_imputetest/Impute_Experiments/autoutils.py", line 61, in score
    my_model.fit(missing_set)
  File "/home/ketrong/miniconda3/envs/tpot2devenv/lib/python3.10/site-packages/sklearn/base.py", line 1145, in wrapper
    estimator._validate_params()
  File "/home/ketrong/miniconda3/envs/tpot2devenv/lib/python3.10/site-packages/sklearn/base.py", line 638, in _validate_params
    validate_parameter_constraints(
  File "/home/ketrong/miniconda3/envs/tpot2devenv/lib/python3.10/site-packages/sklearn/utils/_param_validation.py", line 96, in validate_parameter_constraints
    raise InvalidParameterError(
sklearn.utils._param_validation.InvalidParameterError: The 'n_neighbors' parameter of KNNImputer must be an int in the range [1, inf). Got None instead.
[W 2023-12-01 11:00:33,527] Trial 18 failed with value None.
[W 2023-12-01 11:00:33,383] Trial 20 failed with parameters: {'model_name': 'KNNImputer', 'weights': 'distance', 'keep_empty_features': False} because of the following error: InvalidParameterError("The 'n_neighbors' parameter of KNNImputer must be an int in the range [1, inf). Got None instead.").
Traceback (most recent call last):
  File "/home/ketrong/miniconda3/envs/tpot2devenv/lib/python3.10/site-packages/optuna/study/_optimize.py", line 200, in _run_trial
    value_or_values = func(trial)
  File "/common/ketrong/AutoImputeExp/tpot2_imputetest/Impute_Experiments/autoimpute.py", line 59, in obj
    return autoutils.score(trial, splitting, my_model, X, self.missing_set_train, self.masked_set_train)
  File "/common/ketrong/AutoImputeExp/tpot2_imputetest/Impute_Experiments/autoutils.py", line 61, in score
    my_model.fit(missing_set)
  File "/home/ketrong/miniconda3/envs/tpot2devenv/lib/python3.10/site-packages/sklearn/base.py", line 1145, in wrapper
    estimator._validate_params()
  File "/home/ketrong/miniconda3/envs/tpot2devenv/lib/python3.10/site-packages/sklearn/base.py", line 638, in _validate_params
    validate_parameter_constraints(
  File "/home/ketrong/miniconda3/envs/tpot2devenv/lib/python3.10/site-packages/sklearn/utils/_param_validation.py", line 96, in validate_parameter_constraints
    raise InvalidParameterError(
sklearn.utils._param_validation.InvalidParameterError: The 'n_neighbors' parameter of KNNImputer must be an int in the range [1, inf). Got None instead.
[W 2023-12-01 11:00:33,674] Trial 20 failed with value None.
[W 2023-12-01 11:00:33,240] Trial 19 failed with parameters: {'model_name': 'KNNImputer', 'weights': 'distance', 'keep_empty_features': False} because of the following error: InvalidParameterError("The 'n_neighbors' parameter of KNNImputer must be an int in the range [1, inf). Got None instead.").
Traceback (most recent call last):
  File "/home/ketrong/miniconda3/envs/tpot2devenv/lib/python3.10/site-packages/optuna/study/_optimize.py", line 200, in _run_trial
    value_or_values = func(trial)
  File "/common/ketrong/AutoImputeExp/tpot2_imputetest/Impute_Experiments/autoimpute.py", line 59, in obj
    return autoutils.score(trial, splitting, my_model, X, self.missing_set_train, self.masked_set_train)
  File "/common/ketrong/AutoImputeExp/tpot2_imputetest/Impute_Experiments/autoutils.py", line 61, in score
    my_model.fit(missing_set)
  File "/home/ketrong/miniconda3/envs/tpot2devenv/lib/python3.10/site-packages/sklearn/base.py", line 1145, in wrapper
    estimator._validate_params()
  File "/home/ketrong/miniconda3/envs/tpot2devenv/lib/python3.10/site-packages/sklearn/base.py", line 638, in _validate_params
    validate_parameter_constraints(
  File "/home/ketrong/miniconda3/envs/tpot2devenv/lib/python3.10/site-packages/sklearn/utils/_param_validation.py", line 96, in validate_parameter_constraints
    raise InvalidParameterError(
sklearn.utils._param_validation.InvalidParameterError: The 'n_neighbors' parameter of KNNImputer must be an int in the range [1, inf). Got None instead.
[W 2023-12-01 11:00:33,820] Trial 19 failed with value None.
[W 2023-12-01 11:00:33,671] Trial 22 failed with parameters: {'model_name': 'KNNImputer', 'weights': 'uniform', 'keep_empty_features': False} because of the following error: InvalidParameterError("The 'n_neighbors' parameter of KNNImputer must be an int in the range [1, inf). Got None instead.").
Traceback (most recent call last):
  File "/home/ketrong/miniconda3/envs/tpot2devenv/lib/python3.10/site-packages/optuna/study/_optimize.py", line 200, in _run_trial
    value_or_values = func(trial)
  File "/common/ketrong/AutoImputeExp/tpot2_imputetest/Impute_Experiments/autoimpute.py", line 59, in obj
    return autoutils.score(trial, splitting, my_model, X, self.missing_set_train, self.masked_set_train)
  File "/common/ketrong/AutoImputeExp/tpot2_imputetest/Impute_Experiments/autoutils.py", line 61, in score
    my_model.fit(missing_set)
  File "/home/ketrong/miniconda3/envs/tpot2devenv/lib/python3.10/site-packages/sklearn/base.py", line 1145, in wrapper
    estimator._validate_params()
  File "/home/ketrong/miniconda3/envs/tpot2devenv/lib/python3.10/site-packages/sklearn/base.py", line 638, in _validate_params
    validate_parameter_constraints(
  File "/home/ketrong/miniconda3/envs/tpot2devenv/lib/python3.10/site-packages/sklearn/utils/_param_validation.py", line 96, in validate_parameter_constraints
    raise InvalidParameterError(
sklearn.utils._param_validation.InvalidParameterError: The 'n_neighbors' parameter of KNNImputer must be an int in the range [1, inf). Got None instead.
[W 2023-12-01 11:00:33,962] Trial 22 failed with value None.
[W 2023-12-01 11:00:33,673] Trial 24 failed with parameters: {'model_name': 'KNNImputer', 'weights': 'uniform', 'keep_empty_features': False} because of the following error: InvalidParameterError("The 'n_neighbors' parameter of KNNImputer must be an int in the range [1, inf). Got None instead.").
Traceback (most recent call last):
  File "/home/ketrong/miniconda3/envs/tpot2devenv/lib/python3.10/site-packages/optuna/study/_optimize.py", line 200, in _run_trial
    value_or_values = func(trial)
  File "/common/ketrong/AutoImputeExp/tpot2_imputetest/Impute_Experiments/autoimpute.py", line 59, in obj
    return autoutils.score(trial, splitting, my_model, X, self.missing_set_train, self.masked_set_train)
  File "/common/ketrong/AutoImputeExp/tpot2_imputetest/Impute_Experiments/autoutils.py", line 61, in score
    my_model.fit(missing_set)
  File "/home/ketrong/miniconda3/envs/tpot2devenv/lib/python3.10/site-packages/sklearn/base.py", line 1145, in wrapper
    estimator._validate_params()
  File "/home/ketrong/miniconda3/envs/tpot2devenv/lib/python3.10/site-packages/sklearn/base.py", line 638, in _validate_params
    validate_parameter_constraints(
  File "/home/ketrong/miniconda3/envs/tpot2devenv/lib/python3.10/site-packages/sklearn/utils/_param_validation.py", line 96, in validate_parameter_constraints
    raise InvalidParameterError(
sklearn.utils._param_validation.InvalidParameterError: The 'n_neighbors' parameter of KNNImputer must be an int in the range [1, inf). Got None instead.
[W 2023-12-01 11:00:34,109] Trial 24 failed with value None.
[W 2023-12-01 11:00:33,816] Trial 25 failed with parameters: {'model_name': 'KNNImputer', 'weights': 'distance', 'keep_empty_features': False} because of the following error: InvalidParameterError("The 'n_neighbors' parameter of KNNImputer must be an int in the range [1, inf). Got None instead.").
Traceback (most recent call last):
  File "/home/ketrong/miniconda3/envs/tpot2devenv/lib/python3.10/site-packages/optuna/study/_optimize.py", line 200, in _run_trial
    value_or_values = func(trial)
  File "/common/ketrong/AutoImputeExp/tpot2_imputetest/Impute_Experiments/autoimpute.py", line 59, in obj
    return autoutils.score(trial, splitting, my_model, X, self.missing_set_train, self.masked_set_train)
  File "/common/ketrong/AutoImputeExp/tpot2_imputetest/Impute_Experiments/autoutils.py", line 61, in score
    my_model.fit(missing_set)
  File "/home/ketrong/miniconda3/envs/tpot2devenv/lib/python3.10/site-packages/sklearn/base.py", line 1145, in wrapper
    estimator._validate_params()
  File "/home/ketrong/miniconda3/envs/tpot2devenv/lib/python3.10/site-packages/sklearn/base.py", line 638, in _validate_params
    validate_parameter_constraints(
  File "/home/ketrong/miniconda3/envs/tpot2devenv/lib/python3.10/site-packages/sklearn/utils/_param_validation.py", line 96, in validate_parameter_constraints
    raise InvalidParameterError(
sklearn.utils._param_validation.InvalidParameterError: The 'n_neighbors' parameter of KNNImputer must be an int in the range [1, inf). Got None instead.
[W 2023-12-01 11:00:34,256] Trial 25 failed with value None.
[W 2023-12-01 11:00:33,819] Trial 27 failed with parameters: {'model_name': 'KNNImputer', 'weights': 'distance', 'keep_empty_features': False} because of the following error: InvalidParameterError("The 'n_neighbors' parameter of KNNImputer must be an int in the range [1, inf). Got None instead.").
Traceback (most recent call last):
  File "/home/ketrong/miniconda3/envs/tpot2devenv/lib/python3.10/site-packages/optuna/study/_optimize.py", line 200, in _run_trial
    value_or_values = func(trial)
  File "/common/ketrong/AutoImputeExp/tpot2_imputetest/Impute_Experiments/autoimpute.py", line 59, in obj
    return autoutils.score(trial, splitting, my_model, X, self.missing_set_train, self.masked_set_train)
  File "/common/ketrong/AutoImputeExp/tpot2_imputetest/Impute_Experiments/autoutils.py", line 61, in score
    my_model.fit(missing_set)
  File "/home/ketrong/miniconda3/envs/tpot2devenv/lib/python3.10/site-packages/sklearn/base.py", line 1145, in wrapper
    estimator._validate_params()
  File "/home/ketrong/miniconda3/envs/tpot2devenv/lib/python3.10/site-packages/sklearn/base.py", line 638, in _validate_params
    validate_parameter_constraints(
  File "/home/ketrong/miniconda3/envs/tpot2devenv/lib/python3.10/site-packages/sklearn/utils/_param_validation.py", line 96, in validate_parameter_constraints
    raise InvalidParameterError(
sklearn.utils._param_validation.InvalidParameterError: The 'n_neighbors' parameter of KNNImputer must be an int in the range [1, inf). Got None instead.
[W 2023-12-01 11:00:34,398] Trial 27 failed with value None.
[W 2023-12-01 11:00:33,672] Trial 23 failed with parameters: {'model_name': 'KNNImputer', 'weights': 'distance', 'keep_empty_features': False} because of the following error: InvalidParameterError("The 'n_neighbors' parameter of KNNImputer must be an int in the range [1, inf). Got None instead.").
Traceback (most recent call last):
  File "/home/ketrong/miniconda3/envs/tpot2devenv/lib/python3.10/site-packages/optuna/study/_optimize.py", line 200, in _run_trial
    value_or_values = func(trial)
  File "/common/ketrong/AutoImputeExp/tpot2_imputetest/Impute_Experiments/autoimpute.py", line 59, in obj
    return autoutils.score(trial, splitting, my_model, X, self.missing_set_train, self.masked_set_train)
  File "/common/ketrong/AutoImputeExp/tpot2_imputetest/Impute_Experiments/autoutils.py", line 61, in score
    my_model.fit(missing_set)
  File "/home/ketrong/miniconda3/envs/tpot2devenv/lib/python3.10/site-packages/sklearn/base.py", line 1145, in wrapper
    estimator._validate_params()
  File "/home/ketrong/miniconda3/envs/tpot2devenv/lib/python3.10/site-packages/sklearn/base.py", line 638, in _validate_params
    validate_parameter_constraints(
  File "/home/ketrong/miniconda3/envs/tpot2devenv/lib/python3.10/site-packages/sklearn/utils/_param_validation.py", line 96, in validate_parameter_constraints
    raise InvalidParameterError(
sklearn.utils._param_validation.InvalidParameterError: The 'n_neighbors' parameter of KNNImputer must be an int in the range [1, inf). Got None instead.
[W 2023-12-01 11:00:34,541] Trial 23 failed with value None.
[W 2023-12-01 11:00:33,384] Trial 21 failed with parameters: {'model_name': 'KNNImputer', 'weights': 'distance', 'keep_empty_features': False} because of the following error: InvalidParameterError("The 'n_neighbors' parameter of KNNImputer must be an int in the range [1, inf). Got None instead.").
Traceback (most recent call last):
  File "/home/ketrong/miniconda3/envs/tpot2devenv/lib/python3.10/site-packages/optuna/study/_optimize.py", line 200, in _run_trial
    value_or_values = func(trial)
  File "/common/ketrong/AutoImputeExp/tpot2_imputetest/Impute_Experiments/autoimpute.py", line 59, in obj
    return autoutils.score(trial, splitting, my_model, X, self.missing_set_train, self.masked_set_train)
  File "/common/ketrong/AutoImputeExp/tpot2_imputetest/Impute_Experiments/autoutils.py", line 61, in score
    my_model.fit(missing_set)
  File "/home/ketrong/miniconda3/envs/tpot2devenv/lib/python3.10/site-packages/sklearn/base.py", line 1145, in wrapper
    estimator._validate_params()
  File "/home/ketrong/miniconda3/envs/tpot2devenv/lib/python3.10/site-packages/sklearn/base.py", line 638, in _validate_params
    validate_parameter_constraints(
  File "/home/ketrong/miniconda3/envs/tpot2devenv/lib/python3.10/site-packages/sklearn/utils/_param_validation.py", line 96, in validate_parameter_constraints
    raise InvalidParameterError(
sklearn.utils._param_validation.InvalidParameterError: The 'n_neighbors' parameter of KNNImputer must be an int in the range [1, inf). Got None instead.
[W 2023-12-01 11:00:34,684] Trial 21 failed with value None.
[W 2023-12-01 11:00:33,818] Trial 26 failed with parameters: {'model_name': 'KNNImputer', 'weights': 'uniform', 'keep_empty_features': False} because of the following error: InvalidParameterError("The 'n_neighbors' parameter of KNNImputer must be an int in the range [1, inf). Got None instead.").
Traceback (most recent call last):
  File "/home/ketrong/miniconda3/envs/tpot2devenv/lib/python3.10/site-packages/optuna/study/_optimize.py", line 200, in _run_trial
    value_or_values = func(trial)
  File "/common/ketrong/AutoImputeExp/tpot2_imputetest/Impute_Experiments/autoimpute.py", line 59, in obj
    return autoutils.score(trial, splitting, my_model, X, self.missing_set_train, self.masked_set_train)
  File "/common/ketrong/AutoImputeExp/tpot2_imputetest/Impute_Experiments/autoutils.py", line 61, in score
    my_model.fit(missing_set)
  File "/home/ketrong/miniconda3/envs/tpot2devenv/lib/python3.10/site-packages/sklearn/base.py", line 1145, in wrapper
    estimator._validate_params()
  File "/home/ketrong/miniconda3/envs/tpot2devenv/lib/python3.10/site-packages/sklearn/base.py", line 638, in _validate_params
    validate_parameter_constraints(
  File "/home/ketrong/miniconda3/envs/tpot2devenv/lib/python3.10/site-packages/sklearn/utils/_param_validation.py", line 96, in validate_parameter_constraints
    raise InvalidParameterError(
sklearn.utils._param_validation.InvalidParameterError: The 'n_neighbors' parameter of KNNImputer must be an int in the range [1, inf). Got None instead.
[W 2023-12-01 11:00:34,827] Trial 26 failed with value None.
[W 2023-12-01 11:00:34,252] Trial 32 failed with parameters: {'model_name': 'KNNImputer', 'weights': 'distance', 'keep_empty_features': False} because of the following error: InvalidParameterError("The 'n_neighbors' parameter of KNNImputer must be an int in the range [1, inf). Got None instead.").
Traceback (most recent call last):
  File "/home/ketrong/miniconda3/envs/tpot2devenv/lib/python3.10/site-packages/optuna/study/_optimize.py", line 200, in _run_trial
    value_or_values = func(trial)
  File "/common/ketrong/AutoImputeExp/tpot2_imputetest/Impute_Experiments/autoimpute.py", line 59, in obj
    return autoutils.score(trial, splitting, my_model, X, self.missing_set_train, self.masked_set_train)
  File "/common/ketrong/AutoImputeExp/tpot2_imputetest/Impute_Experiments/autoutils.py", line 61, in score
    my_model.fit(missing_set)
  File "/home/ketrong/miniconda3/envs/tpot2devenv/lib/python3.10/site-packages/sklearn/base.py", line 1145, in wrapper
    estimator._validate_params()
  File "/home/ketrong/miniconda3/envs/tpot2devenv/lib/python3.10/site-packages/sklearn/base.py", line 638, in _validate_params
    validate_parameter_constraints(
  File "/home/ketrong/miniconda3/envs/tpot2devenv/lib/python3.10/site-packages/sklearn/utils/_param_validation.py", line 96, in validate_parameter_constraints
    raise InvalidParameterError(
sklearn.utils._param_validation.InvalidParameterError: The 'n_neighbors' parameter of KNNImputer must be an int in the range [1, inf). Got None instead.
[W 2023-12-01 11:00:34,975] Trial 32 failed with value None.
[W 2023-12-01 11:00:34,254] Trial 34 failed with parameters: {'model_name': 'KNNImputer', 'weights': 'distance', 'keep_empty_features': False} because of the following error: InvalidParameterError("The 'n_neighbors' parameter of KNNImputer must be an int in the range [1, inf). Got None instead.").
Traceback (most recent call last):
  File "/home/ketrong/miniconda3/envs/tpot2devenv/lib/python3.10/site-packages/optuna/study/_optimize.py", line 200, in _run_trial
    value_or_values = func(trial)
  File "/common/ketrong/AutoImputeExp/tpot2_imputetest/Impute_Experiments/autoimpute.py", line 59, in obj
    return autoutils.score(trial, splitting, my_model, X, self.missing_set_train, self.masked_set_train)
  File "/common/ketrong/AutoImputeExp/tpot2_imputetest/Impute_Experiments/autoutils.py", line 61, in score
    my_model.fit(missing_set)
  File "/home/ketrong/miniconda3/envs/tpot2devenv/lib/python3.10/site-packages/sklearn/base.py", line 1145, in wrapper
    estimator._validate_params()
  File "/home/ketrong/miniconda3/envs/tpot2devenv/lib/python3.10/site-packages/sklearn/base.py", line 638, in _validate_params
    validate_parameter_constraints(
  File "/home/ketrong/miniconda3/envs/tpot2devenv/lib/python3.10/site-packages/sklearn/utils/_param_validation.py", line 96, in validate_parameter_constraints
    raise InvalidParameterError(
sklearn.utils._param_validation.InvalidParameterError: The 'n_neighbors' parameter of KNNImputer must be an int in the range [1, inf). Got None instead.
[W 2023-12-01 11:00:35,118] Trial 34 failed with value None.
[W 2023-12-01 11:00:34,256] Trial 36 failed with parameters: {'model_name': 'KNNImputer', 'weights': 'distance', 'keep_empty_features': False} because of the following error: InvalidParameterError("The 'n_neighbors' parameter of KNNImputer must be an int in the range [1, inf). Got None instead.").
Traceback (most recent call last):
  File "/home/ketrong/miniconda3/envs/tpot2devenv/lib/python3.10/site-packages/optuna/study/_optimize.py", line 200, in _run_trial
    value_or_values = func(trial)
  File "/common/ketrong/AutoImputeExp/tpot2_imputetest/Impute_Experiments/autoimpute.py", line 59, in obj
    return autoutils.score(trial, splitting, my_model, X, self.missing_set_train, self.masked_set_train)
  File "/common/ketrong/AutoImputeExp/tpot2_imputetest/Impute_Experiments/autoutils.py", line 61, in score
    my_model.fit(missing_set)
  File "/home/ketrong/miniconda3/envs/tpot2devenv/lib/python3.10/site-packages/sklearn/base.py", line 1145, in wrapper
    estimator._validate_params()
  File "/home/ketrong/miniconda3/envs/tpot2devenv/lib/python3.10/site-packages/sklearn/base.py", line 638, in _validate_params
    validate_parameter_constraints(
  File "/home/ketrong/miniconda3/envs/tpot2devenv/lib/python3.10/site-packages/sklearn/utils/_param_validation.py", line 96, in validate_parameter_constraints
    raise InvalidParameterError(
sklearn.utils._param_validation.InvalidParameterError: The 'n_neighbors' parameter of KNNImputer must be an int in the range [1, inf). Got None instead.
[W 2023-12-01 11:00:35,259] Trial 36 failed with value None.
[W 2023-12-01 11:00:33,961] Trial 29 failed with parameters: {'model_name': 'KNNImputer', 'weights': 'uniform', 'keep_empty_features': False} because of the following error: InvalidParameterError("The 'n_neighbors' parameter of KNNImputer must be an int in the range [1, inf). Got None instead.").
Traceback (most recent call last):
  File "/home/ketrong/miniconda3/envs/tpot2devenv/lib/python3.10/site-packages/optuna/study/_optimize.py", line 200, in _run_trial
    value_or_values = func(trial)
  File "/common/ketrong/AutoImputeExp/tpot2_imputetest/Impute_Experiments/autoimpute.py", line 59, in obj
    return autoutils.score(trial, splitting, my_model, X, self.missing_set_train, self.masked_set_train)
  File "/common/ketrong/AutoImputeExp/tpot2_imputetest/Impute_Experiments/autoutils.py", line 61, in score
    my_model.fit(missing_set)
  File "/home/ketrong/miniconda3/envs/tpot2devenv/lib/python3.10/site-packages/sklearn/base.py", line 1145, in wrapper
    estimator._validate_params()
  File "/home/ketrong/miniconda3/envs/tpot2devenv/lib/python3.10/site-packages/sklearn/base.py", line 638, in _validate_params
    validate_parameter_constraints(
  File "/home/ketrong/miniconda3/envs/tpot2devenv/lib/python3.10/site-packages/sklearn/utils/_param_validation.py", line 96, in validate_parameter_constraints
    raise InvalidParameterError(
sklearn.utils._param_validation.InvalidParameterError: The 'n_neighbors' parameter of KNNImputer must be an int in the range [1, inf). Got None instead.
[W 2023-12-01 11:00:35,401] Trial 29 failed with value None.
[W 2023-12-01 11:00:34,540] Trial 38 failed with parameters: {'model_name': 'KNNImputer', 'weights': 'uniform', 'keep_empty_features': False} because of the following error: InvalidParameterError("The 'n_neighbors' parameter of KNNImputer must be an int in the range [1, inf). Got None instead.").
Traceback (most recent call last):
  File "/home/ketrong/miniconda3/envs/tpot2devenv/lib/python3.10/site-packages/optuna/study/_optimize.py", line 200, in _run_trial
    value_or_values = func(trial)
  File "/common/ketrong/AutoImputeExp/tpot2_imputetest/Impute_Experiments/autoimpute.py", line 59, in obj
    return autoutils.score(trial, splitting, my_model, X, self.missing_set_train, self.masked_set_train)
  File "/common/ketrong/AutoImputeExp/tpot2_imputetest/Impute_Experiments/autoutils.py", line 61, in score
    my_model.fit(missing_set)
  File "/home/ketrong/miniconda3/envs/tpot2devenv/lib/python3.10/site-packages/sklearn/base.py", line 1145, in wrapper
    estimator._validate_params()
  File "/home/ketrong/miniconda3/envs/tpot2devenv/lib/python3.10/site-packages/sklearn/base.py", line 638, in _validate_params
    validate_parameter_constraints(
  File "/home/ketrong/miniconda3/envs/tpot2devenv/lib/python3.10/site-packages/sklearn/utils/_param_validation.py", line 96, in validate_parameter_constraints
    raise InvalidParameterError(
sklearn.utils._param_validation.InvalidParameterError: The 'n_neighbors' parameter of KNNImputer must be an int in the range [1, inf). Got None instead.
[W 2023-12-01 11:00:35,545] Trial 38 failed with value None.
[W 2023-12-01 11:00:34,108] Trial 30 failed with parameters: {'model_name': 'KNNImputer', 'weights': 'distance', 'keep_empty_features': False} because of the following error: InvalidParameterError("The 'n_neighbors' parameter of KNNImputer must be an int in the range [1, inf). Got None instead.").
Traceback (most recent call last):
  File "/home/ketrong/miniconda3/envs/tpot2devenv/lib/python3.10/site-packages/optuna/study/_optimize.py", line 200, in _run_trial
    value_or_values = func(trial)
  File "/common/ketrong/AutoImputeExp/tpot2_imputetest/Impute_Experiments/autoimpute.py", line 59, in obj
    return autoutils.score(trial, splitting, my_model, X, self.missing_set_train, self.masked_set_train)
  File "/common/ketrong/AutoImputeExp/tpot2_imputetest/Impute_Experiments/autoutils.py", line 61, in score
    my_model.fit(missing_set)
  File "/home/ketrong/miniconda3/envs/tpot2devenv/lib/python3.10/site-packages/sklearn/base.py", line 1145, in wrapper
    estimator._validate_params()
  File "/home/ketrong/miniconda3/envs/tpot2devenv/lib/python3.10/site-packages/sklearn/base.py", line 638, in _validate_params
    validate_parameter_constraints(
  File "/home/ketrong/miniconda3/envs/tpot2devenv/lib/python3.10/site-packages/sklearn/utils/_param_validation.py", line 96, in validate_parameter_constraints
    raise InvalidParameterError(
sklearn.utils._param_validation.InvalidParameterError: The 'n_neighbors' parameter of KNNImputer must be an int in the range [1, inf). Got None instead.
[W 2023-12-01 11:00:35,689] Trial 30 failed with value None.
[W 2023-12-01 11:00:34,827] Trial 40 failed with parameters: {'model_name': 'KNNImputer', 'weights': 'distance', 'keep_empty_features': False} because of the following error: InvalidParameterError("The 'n_neighbors' parameter of KNNImputer must be an int in the range [1, inf). Got None instead.").
Traceback (most recent call last):
  File "/home/ketrong/miniconda3/envs/tpot2devenv/lib/python3.10/site-packages/optuna/study/_optimize.py", line 200, in _run_trial
    value_or_values = func(trial)
  File "/common/ketrong/AutoImputeExp/tpot2_imputetest/Impute_Experiments/autoimpute.py", line 59, in obj
    return autoutils.score(trial, splitting, my_model, X, self.missing_set_train, self.masked_set_train)
  File "/common/ketrong/AutoImputeExp/tpot2_imputetest/Impute_Experiments/autoutils.py", line 61, in score
    my_model.fit(missing_set)
  File "/home/ketrong/miniconda3/envs/tpot2devenv/lib/python3.10/site-packages/sklearn/base.py", line 1145, in wrapper
    estimator._validate_params()
  File "/home/ketrong/miniconda3/envs/tpot2devenv/lib/python3.10/site-packages/sklearn/base.py", line 638, in _validate_params
    validate_parameter_constraints(
  File "/home/ketrong/miniconda3/envs/tpot2devenv/lib/python3.10/site-packages/sklearn/utils/_param_validation.py", line 96, in validate_parameter_constraints
    raise InvalidParameterError(
sklearn.utils._param_validation.InvalidParameterError: The 'n_neighbors' parameter of KNNImputer must be an int in the range [1, inf). Got None instead.
[W 2023-12-01 11:00:35,834] Trial 40 failed with value None.
[W 2023-12-01 11:00:34,972] Trial 41 failed with parameters: {'model_name': 'KNNImputer', 'weights': 'uniform', 'keep_empty_features': False} because of the following error: InvalidParameterError("The 'n_neighbors' parameter of KNNImputer must be an int in the range [1, inf). Got None instead.").
Traceback (most recent call last):
  File "/home/ketrong/miniconda3/envs/tpot2devenv/lib/python3.10/site-packages/optuna/study/_optimize.py", line 200, in _run_trial
    value_or_values = func(trial)
  File "/common/ketrong/AutoImputeExp/tpot2_imputetest/Impute_Experiments/autoimpute.py", line 59, in obj
    return autoutils.score(trial, splitting, my_model, X, self.missing_set_train, self.masked_set_train)
  File "/common/ketrong/AutoImputeExp/tpot2_imputetest/Impute_Experiments/autoutils.py", line 61, in score
    my_model.fit(missing_set)
  File "/home/ketrong/miniconda3/envs/tpot2devenv/lib/python3.10/site-packages/sklearn/base.py", line 1145, in wrapper
    estimator._validate_params()
  File "/home/ketrong/miniconda3/envs/tpot2devenv/lib/python3.10/site-packages/sklearn/base.py", line 638, in _validate_params
    validate_parameter_constraints(
  File "/home/ketrong/miniconda3/envs/tpot2devenv/lib/python3.10/site-packages/sklearn/utils/_param_validation.py", line 96, in validate_parameter_constraints
    raise InvalidParameterError(
sklearn.utils._param_validation.InvalidParameterError: The 'n_neighbors' parameter of KNNImputer must be an int in the range [1, inf). Got None instead.
[W 2023-12-01 11:00:35,975] Trial 41 failed with value None.
[W 2023-12-01 11:00:34,974] Trial 43 failed with parameters: {'model_name': 'KNNImputer', 'weights': 'uniform', 'keep_empty_features': False} because of the following error: InvalidParameterError("The 'n_neighbors' parameter of KNNImputer must be an int in the range [1, inf). Got None instead.").
Traceback (most recent call last):
  File "/home/ketrong/miniconda3/envs/tpot2devenv/lib/python3.10/site-packages/optuna/study/_optimize.py", line 200, in _run_trial
    value_or_values = func(trial)
  File "/common/ketrong/AutoImputeExp/tpot2_imputetest/Impute_Experiments/autoimpute.py", line 59, in obj
    return autoutils.score(trial, splitting, my_model, X, self.missing_set_train, self.masked_set_train)
  File "/common/ketrong/AutoImputeExp/tpot2_imputetest/Impute_Experiments/autoutils.py", line 61, in score
    my_model.fit(missing_set)
  File "/home/ketrong/miniconda3/envs/tpot2devenv/lib/python3.10/site-packages/sklearn/base.py", line 1145, in wrapper
    estimator._validate_params()
  File "/home/ketrong/miniconda3/envs/tpot2devenv/lib/python3.10/site-packages/sklearn/base.py", line 638, in _validate_params
    validate_parameter_constraints(
  File "/home/ketrong/miniconda3/envs/tpot2devenv/lib/python3.10/site-packages/sklearn/utils/_param_validation.py", line 96, in validate_parameter_constraints
    raise InvalidParameterError(
sklearn.utils._param_validation.InvalidParameterError: The 'n_neighbors' parameter of KNNImputer must be an int in the range [1, inf). Got None instead.
[W 2023-12-01 11:00:36,118] Trial 43 failed with value None.
[W 2023-12-01 11:00:34,255] Trial 35 failed with parameters: {'model_name': 'KNNImputer', 'weights': 'uniform', 'keep_empty_features': False} because of the following error: InvalidParameterError("The 'n_neighbors' parameter of KNNImputer must be an int in the range [1, inf). Got None instead.").
Traceback (most recent call last):
  File "/home/ketrong/miniconda3/envs/tpot2devenv/lib/python3.10/site-packages/optuna/study/_optimize.py", line 200, in _run_trial
    value_or_values = func(trial)
  File "/common/ketrong/AutoImputeExp/tpot2_imputetest/Impute_Experiments/autoimpute.py", line 59, in obj
    return autoutils.score(trial, splitting, my_model, X, self.missing_set_train, self.masked_set_train)
  File "/common/ketrong/AutoImputeExp/tpot2_imputetest/Impute_Experiments/autoutils.py", line 61, in score
    my_model.fit(missing_set)
  File "/home/ketrong/miniconda3/envs/tpot2devenv/lib/python3.10/site-packages/sklearn/base.py", line 1145, in wrapper
    estimator._validate_params()
  File "/home/ketrong/miniconda3/envs/tpot2devenv/lib/python3.10/site-packages/sklearn/base.py", line 638, in _validate_params
    validate_parameter_constraints(
  File "/home/ketrong/miniconda3/envs/tpot2devenv/lib/python3.10/site-packages/sklearn/utils/_param_validation.py", line 96, in validate_parameter_constraints
    raise InvalidParameterError(
sklearn.utils._param_validation.InvalidParameterError: The 'n_neighbors' parameter of KNNImputer must be an int in the range [1, inf). Got None instead.
[W 2023-12-01 11:00:36,258] Trial 35 failed with value None.
[W 2023-12-01 11:00:34,539] Trial 37 failed with parameters: {'model_name': 'KNNImputer', 'weights': 'uniform', 'keep_empty_features': False} because of the following error: InvalidParameterError("The 'n_neighbors' parameter of KNNImputer must be an int in the range [1, inf). Got None instead.").
Traceback (most recent call last):
  File "/home/ketrong/miniconda3/envs/tpot2devenv/lib/python3.10/site-packages/optuna/study/_optimize.py", line 200, in _run_trial
    value_or_values = func(trial)
  File "/common/ketrong/AutoImputeExp/tpot2_imputetest/Impute_Experiments/autoimpute.py", line 59, in obj
    return autoutils.score(trial, splitting, my_model, X, self.missing_set_train, self.masked_set_train)
  File "/common/ketrong/AutoImputeExp/tpot2_imputetest/Impute_Experiments/autoutils.py", line 61, in score
    my_model.fit(missing_set)
  File "/home/ketrong/miniconda3/envs/tpot2devenv/lib/python3.10/site-packages/sklearn/base.py", line 1145, in wrapper
    estimator._validate_params()
  File "/home/ketrong/miniconda3/envs/tpot2devenv/lib/python3.10/site-packages/sklearn/base.py", line 638, in _validate_params
    validate_parameter_constraints(
  File "/home/ketrong/miniconda3/envs/tpot2devenv/lib/python3.10/site-packages/sklearn/utils/_param_validation.py", line 96, in validate_parameter_constraints
    raise InvalidParameterError(
sklearn.utils._param_validation.InvalidParameterError: The 'n_neighbors' parameter of KNNImputer must be an int in the range [1, inf). Got None instead.
[W 2023-12-01 11:00:36,401] Trial 37 failed with value None.
[W 2023-12-01 11:00:34,250] Trial 31 failed with parameters: {'model_name': 'KNNImputer', 'weights': 'uniform', 'keep_empty_features': False} because of the following error: InvalidParameterError("The 'n_neighbors' parameter of KNNImputer must be an int in the range [1, inf). Got None instead.").
Traceback (most recent call last):
  File "/home/ketrong/miniconda3/envs/tpot2devenv/lib/python3.10/site-packages/optuna/study/_optimize.py", line 200, in _run_trial
    value_or_values = func(trial)
  File "/common/ketrong/AutoImputeExp/tpot2_imputetest/Impute_Experiments/autoimpute.py", line 59, in obj
    return autoutils.score(trial, splitting, my_model, X, self.missing_set_train, self.masked_set_train)
  File "/common/ketrong/AutoImputeExp/tpot2_imputetest/Impute_Experiments/autoutils.py", line 61, in score
    my_model.fit(missing_set)
  File "/home/ketrong/miniconda3/envs/tpot2devenv/lib/python3.10/site-packages/sklearn/base.py", line 1145, in wrapper
    estimator._validate_params()
  File "/home/ketrong/miniconda3/envs/tpot2devenv/lib/python3.10/site-packages/sklearn/base.py", line 638, in _validate_params
    validate_parameter_constraints(
  File "/home/ketrong/miniconda3/envs/tpot2devenv/lib/python3.10/site-packages/sklearn/utils/_param_validation.py", line 96, in validate_parameter_constraints
    raise InvalidParameterError(
sklearn.utils._param_validation.InvalidParameterError: The 'n_neighbors' parameter of KNNImputer must be an int in the range [1, inf). Got None instead.
[W 2023-12-01 11:00:36,542] Trial 31 failed with value None.
[W 2023-12-01 11:00:35,834] Trial 45 failed with parameters: {'model_name': 'KNNImputer', 'weights': 'uniform', 'keep_empty_features': False} because of the following error: InvalidParameterError("The 'n_neighbors' parameter of KNNImputer must be an int in the range [1, inf). Got None instead.").
Traceback (most recent call last):
  File "/home/ketrong/miniconda3/envs/tpot2devenv/lib/python3.10/site-packages/optuna/study/_optimize.py", line 200, in _run_trial
    value_or_values = func(trial)
  File "/common/ketrong/AutoImputeExp/tpot2_imputetest/Impute_Experiments/autoimpute.py", line 59, in obj
    return autoutils.score(trial, splitting, my_model, X, self.missing_set_train, self.masked_set_train)
  File "/common/ketrong/AutoImputeExp/tpot2_imputetest/Impute_Experiments/autoutils.py", line 61, in score
    my_model.fit(missing_set)
  File "/home/ketrong/miniconda3/envs/tpot2devenv/lib/python3.10/site-packages/sklearn/base.py", line 1145, in wrapper
    estimator._validate_params()
  File "/home/ketrong/miniconda3/envs/tpot2devenv/lib/python3.10/site-packages/sklearn/base.py", line 638, in _validate_params
    validate_parameter_constraints(
  File "/home/ketrong/miniconda3/envs/tpot2devenv/lib/python3.10/site-packages/sklearn/utils/_param_validation.py", line 96, in validate_parameter_constraints
    raise InvalidParameterError(
sklearn.utils._param_validation.InvalidParameterError: The 'n_neighbors' parameter of KNNImputer must be an int in the range [1, inf). Got None instead.
[W 2023-12-01 11:00:36,682] Trial 45 failed with value None.
[W 2023-12-01 11:00:34,974] Trial 44 failed with parameters: {'model_name': 'KNNImputer', 'weights': 'distance', 'keep_empty_features': False} because of the following error: InvalidParameterError("The 'n_neighbors' parameter of KNNImputer must be an int in the range [1, inf). Got None instead.").
Traceback (most recent call last):
  File "/home/ketrong/miniconda3/envs/tpot2devenv/lib/python3.10/site-packages/optuna/study/_optimize.py", line 200, in _run_trial
    value_or_values = func(trial)
  File "/common/ketrong/AutoImputeExp/tpot2_imputetest/Impute_Experiments/autoimpute.py", line 59, in obj
    return autoutils.score(trial, splitting, my_model, X, self.missing_set_train, self.masked_set_train)
  File "/common/ketrong/AutoImputeExp/tpot2_imputetest/Impute_Experiments/autoutils.py", line 61, in score
    my_model.fit(missing_set)
  File "/home/ketrong/miniconda3/envs/tpot2devenv/lib/python3.10/site-packages/sklearn/base.py", line 1145, in wrapper
    estimator._validate_params()
  File "/home/ketrong/miniconda3/envs/tpot2devenv/lib/python3.10/site-packages/sklearn/base.py", line 638, in _validate_params
    validate_parameter_constraints(
  File "/home/ketrong/miniconda3/envs/tpot2devenv/lib/python3.10/site-packages/sklearn/utils/_param_validation.py", line 96, in validate_parameter_constraints
    raise InvalidParameterError(
sklearn.utils._param_validation.InvalidParameterError: The 'n_neighbors' parameter of KNNImputer must be an int in the range [1, inf). Got None instead.
[W 2023-12-01 11:00:36,824] Trial 44 failed with value None.
[W 2023-12-01 11:00:36,118] Trial 47 failed with parameters: {'model_name': 'KNNImputer', 'weights': 'uniform', 'keep_empty_features': False} because of the following error: InvalidParameterError("The 'n_neighbors' parameter of KNNImputer must be an int in the range [1, inf). Got None instead.").
Traceback (most recent call last):
  File "/home/ketrong/miniconda3/envs/tpot2devenv/lib/python3.10/site-packages/optuna/study/_optimize.py", line 200, in _run_trial
    value_or_values = func(trial)
  File "/common/ketrong/AutoImputeExp/tpot2_imputetest/Impute_Experiments/autoimpute.py", line 59, in obj
    return autoutils.score(trial, splitting, my_model, X, self.missing_set_train, self.masked_set_train)
  File "/common/ketrong/AutoImputeExp/tpot2_imputetest/Impute_Experiments/autoutils.py", line 61, in score
    my_model.fit(missing_set)
  File "/home/ketrong/miniconda3/envs/tpot2devenv/lib/python3.10/site-packages/sklearn/base.py", line 1145, in wrapper
    estimator._validate_params()
  File "/home/ketrong/miniconda3/envs/tpot2devenv/lib/python3.10/site-packages/sklearn/base.py", line 638, in _validate_params
    validate_parameter_constraints(
  File "/home/ketrong/miniconda3/envs/tpot2devenv/lib/python3.10/site-packages/sklearn/utils/_param_validation.py", line 96, in validate_parameter_constraints
    raise InvalidParameterError(
sklearn.utils._param_validation.InvalidParameterError: The 'n_neighbors' parameter of KNNImputer must be an int in the range [1, inf). Got None instead.
[W 2023-12-01 11:00:36,969] Trial 47 failed with value None.
[W 2023-12-01 11:00:34,541] Trial 39 failed with parameters: {'model_name': 'KNNImputer', 'weights': 'distance', 'keep_empty_features': False} because of the following error: InvalidParameterError("The 'n_neighbors' parameter of KNNImputer must be an int in the range [1, inf). Got None instead.").
Traceback (most recent call last):
  File "/home/ketrong/miniconda3/envs/tpot2devenv/lib/python3.10/site-packages/optuna/study/_optimize.py", line 200, in _run_trial
    value_or_values = func(trial)
  File "/common/ketrong/AutoImputeExp/tpot2_imputetest/Impute_Experiments/autoimpute.py", line 59, in obj
    return autoutils.score(trial, splitting, my_model, X, self.missing_set_train, self.masked_set_train)
  File "/common/ketrong/AutoImputeExp/tpot2_imputetest/Impute_Experiments/autoutils.py", line 61, in score
    my_model.fit(missing_set)
  File "/home/ketrong/miniconda3/envs/tpot2devenv/lib/python3.10/site-packages/sklearn/base.py", line 1145, in wrapper
    estimator._validate_params()
  File "/home/ketrong/miniconda3/envs/tpot2devenv/lib/python3.10/site-packages/sklearn/base.py", line 638, in _validate_params
    validate_parameter_constraints(
  File "/home/ketrong/miniconda3/envs/tpot2devenv/lib/python3.10/site-packages/sklearn/utils/_param_validation.py", line 96, in validate_parameter_constraints
    raise InvalidParameterError(
sklearn.utils._param_validation.InvalidParameterError: The 'n_neighbors' parameter of KNNImputer must be an int in the range [1, inf). Got None instead.
[W 2023-12-01 11:00:37,111] Trial 39 failed with value None.
[W 2023-12-01 11:00:34,973] Trial 42 failed with parameters: {'model_name': 'KNNImputer', 'weights': 'distance', 'keep_empty_features': False} because of the following error: InvalidParameterError("The 'n_neighbors' parameter of KNNImputer must be an int in the range [1, inf). Got None instead.").
Traceback (most recent call last):
  File "/home/ketrong/miniconda3/envs/tpot2devenv/lib/python3.10/site-packages/optuna/study/_optimize.py", line 200, in _run_trial
    value_or_values = func(trial)
  File "/common/ketrong/AutoImputeExp/tpot2_imputetest/Impute_Experiments/autoimpute.py", line 59, in obj
    return autoutils.score(trial, splitting, my_model, X, self.missing_set_train, self.masked_set_train)
  File "/common/ketrong/AutoImputeExp/tpot2_imputetest/Impute_Experiments/autoutils.py", line 61, in score
    my_model.fit(missing_set)
  File "/home/ketrong/miniconda3/envs/tpot2devenv/lib/python3.10/site-packages/sklearn/base.py", line 1145, in wrapper
    estimator._validate_params()
  File "/home/ketrong/miniconda3/envs/tpot2devenv/lib/python3.10/site-packages/sklearn/base.py", line 638, in _validate_params
    validate_parameter_constraints(
  File "/home/ketrong/miniconda3/envs/tpot2devenv/lib/python3.10/site-packages/sklearn/utils/_param_validation.py", line 96, in validate_parameter_constraints
    raise InvalidParameterError(
sklearn.utils._param_validation.InvalidParameterError: The 'n_neighbors' parameter of KNNImputer must be an int in the range [1, inf). Got None instead.
[W 2023-12-01 11:00:37,253] Trial 42 failed with value None.
[W 2023-12-01 11:00:33,820] Trial 28 failed with parameters: {'model_name': 'KNNImputer', 'weights': 'distance', 'keep_empty_features': False} because of the following error: InvalidParameterError("The 'n_neighbors' parameter of KNNImputer must be an int in the range [1, inf). Got None instead.").
Traceback (most recent call last):
  File "/home/ketrong/miniconda3/envs/tpot2devenv/lib/python3.10/site-packages/optuna/study/_optimize.py", line 200, in _run_trial
    value_or_values = func(trial)
  File "/common/ketrong/AutoImputeExp/tpot2_imputetest/Impute_Experiments/autoimpute.py", line 59, in obj
    return autoutils.score(trial, splitting, my_model, X, self.missing_set_train, self.masked_set_train)
  File "/common/ketrong/AutoImputeExp/tpot2_imputetest/Impute_Experiments/autoutils.py", line 61, in score
    my_model.fit(missing_set)
  File "/home/ketrong/miniconda3/envs/tpot2devenv/lib/python3.10/site-packages/sklearn/base.py", line 1145, in wrapper
    estimator._validate_params()
  File "/home/ketrong/miniconda3/envs/tpot2devenv/lib/python3.10/site-packages/sklearn/base.py", line 638, in _validate_params
    validate_parameter_constraints(
  File "/home/ketrong/miniconda3/envs/tpot2devenv/lib/python3.10/site-packages/sklearn/utils/_param_validation.py", line 96, in validate_parameter_constraints
    raise InvalidParameterError(
sklearn.utils._param_validation.InvalidParameterError: The 'n_neighbors' parameter of KNNImputer must be an int in the range [1, inf). Got None instead.
[W 2023-12-01 11:00:37,397] Trial 28 failed with value None.
[W 2023-12-01 11:00:36,117] Trial 46 failed with parameters: {'model_name': 'KNNImputer', 'weights': 'distance', 'keep_empty_features': False} because of the following error: InvalidParameterError("The 'n_neighbors' parameter of KNNImputer must be an int in the range [1, inf). Got None instead.").
Traceback (most recent call last):
  File "/home/ketrong/miniconda3/envs/tpot2devenv/lib/python3.10/site-packages/optuna/study/_optimize.py", line 200, in _run_trial
    value_or_values = func(trial)
  File "/common/ketrong/AutoImputeExp/tpot2_imputetest/Impute_Experiments/autoimpute.py", line 59, in obj
    return autoutils.score(trial, splitting, my_model, X, self.missing_set_train, self.masked_set_train)
  File "/common/ketrong/AutoImputeExp/tpot2_imputetest/Impute_Experiments/autoutils.py", line 61, in score
    my_model.fit(missing_set)
  File "/home/ketrong/miniconda3/envs/tpot2devenv/lib/python3.10/site-packages/sklearn/base.py", line 1145, in wrapper
    estimator._validate_params()
  File "/home/ketrong/miniconda3/envs/tpot2devenv/lib/python3.10/site-packages/sklearn/base.py", line 638, in _validate_params
    validate_parameter_constraints(
  File "/home/ketrong/miniconda3/envs/tpot2devenv/lib/python3.10/site-packages/sklearn/utils/_param_validation.py", line 96, in validate_parameter_constraints
    raise InvalidParameterError(
sklearn.utils._param_validation.InvalidParameterError: The 'n_neighbors' parameter of KNNImputer must be an int in the range [1, inf). Got None instead.
[W 2023-12-01 11:00:37,540] Trial 46 failed with value None.
[W 2023-12-01 11:00:34,253] Trial 33 failed with parameters: {'model_name': 'KNNImputer', 'weights': 'distance', 'keep_empty_features': False} because of the following error: InvalidParameterError("The 'n_neighbors' parameter of KNNImputer must be an int in the range [1, inf). Got None instead.").
Traceback (most recent call last):
  File "/home/ketrong/miniconda3/envs/tpot2devenv/lib/python3.10/site-packages/optuna/study/_optimize.py", line 200, in _run_trial
    value_or_values = func(trial)
  File "/common/ketrong/AutoImputeExp/tpot2_imputetest/Impute_Experiments/autoimpute.py", line 59, in obj
    return autoutils.score(trial, splitting, my_model, X, self.missing_set_train, self.masked_set_train)
  File "/common/ketrong/AutoImputeExp/tpot2_imputetest/Impute_Experiments/autoutils.py", line 61, in score
    my_model.fit(missing_set)
  File "/home/ketrong/miniconda3/envs/tpot2devenv/lib/python3.10/site-packages/sklearn/base.py", line 1145, in wrapper
    estimator._validate_params()
  File "/home/ketrong/miniconda3/envs/tpot2devenv/lib/python3.10/site-packages/sklearn/base.py", line 638, in _validate_params
    validate_parameter_constraints(
  File "/home/ketrong/miniconda3/envs/tpot2devenv/lib/python3.10/site-packages/sklearn/utils/_param_validation.py", line 96, in validate_parameter_constraints
    raise InvalidParameterError(
sklearn.utils._param_validation.InvalidParameterError: The 'n_neighbors' parameter of KNNImputer must be an int in the range [1, inf). Got None instead.
[W 2023-12-01 11:00:37,684] Trial 33 failed with value None.
Traceback (most recent call last):
  File "/common/ketrong/AutoImputeExp/tpot2_imputetest/Impute_Experiments/small_main.py", line 111, in <module>
    main()
  File "/common/ketrong/AutoImputeExp/tpot2_imputetest/Impute_Experiments/small_main.py", line 86, in main
    automodel.fit(X=X_train_missing)
  File "/common/ketrong/AutoImputeExp/tpot2_imputetest/Impute_Experiments/autoimpute.py", line 61, in fit
    self.study.optimize(obj, n_trials=self.n_trials, n_jobs=self.n_jobs, show_progress_bar=self.show_progress, gc_after_trial=self.garbage_collect)
  File "/home/ketrong/miniconda3/envs/tpot2devenv/lib/python3.10/site-packages/optuna/study/study.py", line 451, in optimize
    _optimize(
  File "/home/ketrong/miniconda3/envs/tpot2devenv/lib/python3.10/site-packages/optuna/study/_optimize.py", line 103, in _optimize
    f.result()
  File "/home/ketrong/miniconda3/envs/tpot2devenv/lib/python3.10/concurrent/futures/_base.py", line 451, in result
    return self.__get_result()
  File "/home/ketrong/miniconda3/envs/tpot2devenv/lib/python3.10/concurrent/futures/_base.py", line 403, in __get_result
    raise self._exception
  File "/home/ketrong/miniconda3/envs/tpot2devenv/lib/python3.10/concurrent/futures/thread.py", line 58, in run
    result = self.fn(*self.args, **self.kwargs)
  File "/home/ketrong/miniconda3/envs/tpot2devenv/lib/python3.10/site-packages/optuna/study/_optimize.py", line 163, in _optimize_sequential
    frozen_trial = _run_trial(study, func, catch)
  File "/home/ketrong/miniconda3/envs/tpot2devenv/lib/python3.10/site-packages/optuna/study/_optimize.py", line 251, in _run_trial
    raise func_err
  File "/home/ketrong/miniconda3/envs/tpot2devenv/lib/python3.10/site-packages/optuna/study/_optimize.py", line 200, in _run_trial
    value_or_values = func(trial)
  File "/common/ketrong/AutoImputeExp/tpot2_imputetest/Impute_Experiments/autoimpute.py", line 59, in obj
    return autoutils.score(trial, splitting, my_model, X, self.missing_set_train, self.masked_set_train)
  File "/common/ketrong/AutoImputeExp/tpot2_imputetest/Impute_Experiments/autoutils.py", line 61, in score
    my_model.fit(missing_set)
  File "/home/ketrong/miniconda3/envs/tpot2devenv/lib/python3.10/site-packages/sklearn/base.py", line 1145, in wrapper
    estimator._validate_params()
  File "/home/ketrong/miniconda3/envs/tpot2devenv/lib/python3.10/site-packages/sklearn/base.py", line 638, in _validate_params
    validate_parameter_constraints(
  File "/home/ketrong/miniconda3/envs/tpot2devenv/lib/python3.10/site-packages/sklearn/utils/_param_validation.py", line 96, in validate_parameter_constraints
    raise InvalidParameterError(
sklearn.utils._param_validation.InvalidParameterError: The 'n_neighbors' parameter of KNNImputer must be an int in the range [1, inf). Got None instead.
srun: error: esplhpc-cp001: task 0: Exited with exit code 1
