/cm/local/apps/slurm/var/spool/job379090/slurm_script: line 19: /common/ketrong/minconda3/etc/profile.d/conda.sh: No such file or directory
/cm/local/apps/slurm/var/spool/job379090/slurm_script: line 22: $'\nconda create --name tpot2devenv -c conda-forge python=3.10\n': command not found
/cm/local/apps/slurm/var/spool/job379090/slurm_script: line 27: $'\npip install -r requirements.txt\n': command not found
RunStart
2023-11-17 15:46:22.560317: I tensorflow/core/util/port.cc:113] oneDNN custom operations are on. You may see slightly different numerical results due to floating-point round-off errors from different computation orders. To turn them off, set the environment variable `TF_ENABLE_ONEDNN_OPTS=0`.
2023-11-17 15:46:22.598666: E external/local_xla/xla/stream_executor/cuda/cuda_dnn.cc:9261] Unable to register cuDNN factory: Attempting to register factory for plugin cuDNN when one has already been registered
2023-11-17 15:46:22.598700: E external/local_xla/xla/stream_executor/cuda/cuda_fft.cc:607] Unable to register cuFFT factory: Attempting to register factory for plugin cuFFT when one has already been registered
2023-11-17 15:46:22.600069: E external/local_xla/xla/stream_executor/cuda/cuda_blas.cc:1515] Unable to register cuBLAS factory: Attempting to register factory for plugin cuBLAS when one has already been registered
2023-11-17 15:46:22.606496: I tensorflow/core/platform/cpu_feature_guard.cc:182] This TensorFlow binary is optimized to use available CPU instructions in performance-critical operations.
To enable the following instructions: AVX2 AVX512F AVX512_VNNI FMA, in other operations, rebuild TensorFlow with the appropriate compiler flags.
2023-11-17 15:46:23.786747: W tensorflow/compiler/tf2tensorrt/utils/py_utils.cc:38] TF-TRT Warning: Could not find TensorRT
WARNING:tensorflow:From /home/ketrong/miniconda3/envs/tpot2devenv/lib/python3.10/site-packages/tensorflow/python/compat/v2_compat.py:108: disable_resource_variables (from tensorflow.python.ops.variable_scope) is deprecated and will be removed in a future version.
Instructions for updating:
non-resource variables are not supported in the long term
working on 
tpot2_imputetest/Impute_Experiments/logs//tpot2_base_imputation_6_0.1_MNAR_0
loading data
tpot2_imputetest/Impute_Experiments/data/6_True.pkl
running experiment 1/3 - Does large hyperparameter space improve reconstruction accuracy over simple
[I 2023-11-17 15:47:05,227] A new study created in memory with name: no-name-3650bbf7-be3f-42c6-a889-67209b870255
[W 2023-11-17 15:47:05,229] Trial 0 failed with parameters: {} because of the following error: AttributeError("module 'utils' has no attribute 'trial_suggestion'").
Traceback (most recent call last):
  File "/home/ketrong/miniconda3/envs/tpot2devenv/lib/python3.10/site-packages/optuna/study/_optimize.py", line 200, in _run_trial
    value_or_values = func(trial)
  File "/common/ketrong/AutoImputeExp/tpot2_imputetest/Impute_Experiments/autoimpute.py", line 55, in obj
    my_params = utils.trial_suggestion(trial, self.model_names, column_len=len(X.columns), random_state=self.random_state)
AttributeError: module 'utils' has no attribute 'trial_suggestion'
[W 2023-11-17 15:47:05,232] Trial 0 failed with value None.
[W 2023-11-17 15:47:05,230] Trial 1 failed with parameters: {} because of the following error: AttributeError("module 'utils' has no attribute 'trial_suggestion'").
Traceback (most recent call last):
  File "/home/ketrong/miniconda3/envs/tpot2devenv/lib/python3.10/site-packages/optuna/study/_optimize.py", line 200, in _run_trial
    value_or_values = func(trial)
  File "/common/ketrong/AutoImputeExp/tpot2_imputetest/Impute_Experiments/autoimpute.py", line 55, in obj
    my_params = utils.trial_suggestion(trial, self.model_names, column_len=len(X.columns), random_state=self.random_state)
AttributeError: module 'utils' has no attribute 'trial_suggestion'
[W 2023-11-17 15:47:05,441] Trial 1 failed with value None.
[W 2023-11-17 15:47:05,231] Trial 3 failed with parameters: {} because of the following error: AttributeError("module 'utils' has no attribute 'trial_suggestion'").
Traceback (most recent call last):
  File "/home/ketrong/miniconda3/envs/tpot2devenv/lib/python3.10/site-packages/optuna/study/_optimize.py", line 200, in _run_trial
    value_or_values = func(trial)
  File "/common/ketrong/AutoImputeExp/tpot2_imputetest/Impute_Experiments/autoimpute.py", line 55, in obj
    my_params = utils.trial_suggestion(trial, self.model_names, column_len=len(X.columns), random_state=self.random_state)
AttributeError: module 'utils' has no attribute 'trial_suggestion'
[W 2023-11-17 15:47:05,585] Trial 3 failed with value None.
[W 2023-11-17 15:47:05,439] Trial 5 failed with parameters: {} because of the following error: AttributeError("module 'utils' has no attribute 'trial_suggestion'").
Traceback (most recent call last):
  File "/home/ketrong/miniconda3/envs/tpot2devenv/lib/python3.10/site-packages/optuna/study/_optimize.py", line 200, in _run_trial
    value_or_values = func(trial)
  File "/common/ketrong/AutoImputeExp/tpot2_imputetest/Impute_Experiments/autoimpute.py", line 55, in obj
    my_params = utils.trial_suggestion(trial, self.model_names, column_len=len(X.columns), random_state=self.random_state)
AttributeError: module 'utils' has no attribute 'trial_suggestion'
[W 2023-11-17 15:47:05,440] Trial 6 failed with parameters: {} because of the following error: AttributeError("module 'utils' has no attribute 'trial_suggestion'").
Traceback (most recent call last):
  File "/home/ketrong/miniconda3/envs/tpot2devenv/lib/python3.10/site-packages/optuna/study/_optimize.py", line 200, in _run_trial
    value_or_values = func(trial)
  File "/common/ketrong/AutoImputeExp/tpot2_imputetest/Impute_Experiments/autoimpute.py", line 55, in obj
    my_params = utils.trial_suggestion(trial, self.model_names, column_len=len(X.columns), random_state=self.random_state)
AttributeError: module 'utils' has no attribute 'trial_suggestion'
[W 2023-11-17 15:47:05,736] Trial 6 failed with value None.
[W 2023-11-17 15:47:05,441] Trial 7 failed with parameters: {} because of the following error: AttributeError("module 'utils' has no attribute 'trial_suggestion'").
Traceback (most recent call last):
  File "/home/ketrong/miniconda3/envs/tpot2devenv/lib/python3.10/site-packages/optuna/study/_optimize.py", line 200, in _run_trial
    value_or_values = func(trial)
  File "/common/ketrong/AutoImputeExp/tpot2_imputetest/Impute_Experiments/autoimpute.py", line 55, in obj
    my_params = utils.trial_suggestion(trial, self.model_names, column_len=len(X.columns), random_state=self.random_state)
AttributeError: module 'utils' has no attribute 'trial_suggestion'
[W 2023-11-17 15:47:05,882] Trial 7 failed with value None.
[W 2023-11-17 15:47:05,585] Trial 8 failed with parameters: {} because of the following error: AttributeError("module 'utils' has no attribute 'trial_suggestion'").
Traceback (most recent call last):
  File "/home/ketrong/miniconda3/envs/tpot2devenv/lib/python3.10/site-packages/optuna/study/_optimize.py", line 200, in _run_trial
    value_or_values = func(trial)
  File "/common/ketrong/AutoImputeExp/tpot2_imputetest/Impute_Experiments/autoimpute.py", line 55, in obj
    my_params = utils.trial_suggestion(trial, self.model_names, column_len=len(X.columns), random_state=self.random_state)
AttributeError: module 'utils' has no attribute 'trial_suggestion'
[W 2023-11-17 15:47:06,022] Trial 8 failed with value None.
[W 2023-11-17 15:47:05,587] Trial 10 failed with parameters: {} because of the following error: AttributeError("module 'utils' has no attribute 'trial_suggestion'").
Traceback (most recent call last):
  File "/home/ketrong/miniconda3/envs/tpot2devenv/lib/python3.10/site-packages/optuna/study/_optimize.py", line 200, in _run_trial
    value_or_values = func(trial)
  File "/common/ketrong/AutoImputeExp/tpot2_imputetest/Impute_Experiments/autoimpute.py", line 55, in obj
    my_params = utils.trial_suggestion(trial, self.model_names, column_len=len(X.columns), random_state=self.random_state)
AttributeError: module 'utils' has no attribute 'trial_suggestion'
[W 2023-11-17 15:47:06,164] Trial 10 failed with value None.
[W 2023-11-17 15:47:05,588] Trial 11 failed with parameters: {} because of the following error: AttributeError("module 'utils' has no attribute 'trial_suggestion'").
Traceback (most recent call last):
  File "/home/ketrong/miniconda3/envs/tpot2devenv/lib/python3.10/site-packages/optuna/study/_optimize.py", line 200, in _run_trial
    value_or_values = func(trial)
  File "/common/ketrong/AutoImputeExp/tpot2_imputetest/Impute_Experiments/autoimpute.py", line 55, in obj
    my_params = utils.trial_suggestion(trial, self.model_names, column_len=len(X.columns), random_state=self.random_state)
AttributeError: module 'utils' has no attribute 'trial_suggestion'
[W 2023-11-17 15:47:06,306] Trial 11 failed with value None.
[W 2023-11-17 15:47:05,734] Trial 13 failed with parameters: {} because of the following error: AttributeError("module 'utils' has no attribute 'trial_suggestion'").
Traceback (most recent call last):
  File "/home/ketrong/miniconda3/envs/tpot2devenv/lib/python3.10/site-packages/optuna/study/_optimize.py", line 200, in _run_trial
    value_or_values = func(trial)
  File "/common/ketrong/AutoImputeExp/tpot2_imputetest/Impute_Experiments/autoimpute.py", line 55, in obj
    my_params = utils.trial_suggestion(trial, self.model_names, column_len=len(X.columns), random_state=self.random_state)
AttributeError: module 'utils' has no attribute 'trial_suggestion'
[W 2023-11-17 15:47:06,450] Trial 13 failed with value None.
[W 2023-11-17 15:47:05,735] Trial 5 failed with value None.
[W 2023-11-17 15:47:05,882] Trial 15 failed with parameters: {} because of the following error: AttributeError("module 'utils' has no attribute 'trial_suggestion'").
Traceback (most recent call last):
  File "/home/ketrong/miniconda3/envs/tpot2devenv/lib/python3.10/site-packages/optuna/study/_optimize.py", line 200, in _run_trial
    value_or_values = func(trial)
  File "/common/ketrong/AutoImputeExp/tpot2_imputetest/Impute_Experiments/autoimpute.py", line 55, in obj
    my_params = utils.trial_suggestion(trial, self.model_names, column_len=len(X.columns), random_state=self.random_state)
AttributeError: module 'utils' has no attribute 'trial_suggestion'
[W 2023-11-17 15:47:06,732] Trial 15 failed with value None.
[W 2023-11-17 15:47:05,230] Trial 2 failed with parameters: {} because of the following error: AttributeError("module 'utils' has no attribute 'trial_suggestion'").
Traceback (most recent call last):
  File "/home/ketrong/miniconda3/envs/tpot2devenv/lib/python3.10/site-packages/optuna/study/_optimize.py", line 200, in _run_trial
    value_or_values = func(trial)
  File "/common/ketrong/AutoImputeExp/tpot2_imputetest/Impute_Experiments/autoimpute.py", line 55, in obj
    my_params = utils.trial_suggestion(trial, self.model_names, column_len=len(X.columns), random_state=self.random_state)
AttributeError: module 'utils' has no attribute 'trial_suggestion'
[W 2023-11-17 15:47:06,875] Trial 2 failed with value None.
[W 2023-11-17 15:47:05,734] Trial 12 failed with parameters: {} because of the following error: AttributeError("module 'utils' has no attribute 'trial_suggestion'").
Traceback (most recent call last):
  File "/home/ketrong/miniconda3/envs/tpot2devenv/lib/python3.10/site-packages/optuna/study/_optimize.py", line 200, in _run_trial
    value_or_values = func(trial)
  File "/common/ketrong/AutoImputeExp/tpot2_imputetest/Impute_Experiments/autoimpute.py", line 55, in obj
    my_params = utils.trial_suggestion(trial, self.model_names, column_len=len(X.columns), random_state=self.random_state)
AttributeError: module 'utils' has no attribute 'trial_suggestion'
[W 2023-11-17 15:47:07,019] Trial 12 failed with value None.
[W 2023-11-17 15:47:06,447] Trial 17 failed with parameters: {} because of the following error: AttributeError("module 'utils' has no attribute 'trial_suggestion'").
Traceback (most recent call last):
  File "/home/ketrong/miniconda3/envs/tpot2devenv/lib/python3.10/site-packages/optuna/study/_optimize.py", line 200, in _run_trial
    value_or_values = func(trial)
  File "/common/ketrong/AutoImputeExp/tpot2_imputetest/Impute_Experiments/autoimpute.py", line 55, in obj
    my_params = utils.trial_suggestion(trial, self.model_names, column_len=len(X.columns), random_state=self.random_state)
AttributeError: module 'utils' has no attribute 'trial_suggestion'
[W 2023-11-17 15:47:07,165] Trial 17 failed with value None.
[W 2023-11-17 15:47:06,448] Trial 19 failed with parameters: {} because of the following error: AttributeError("module 'utils' has no attribute 'trial_suggestion'").
Traceback (most recent call last):
  File "/home/ketrong/miniconda3/envs/tpot2devenv/lib/python3.10/site-packages/optuna/study/_optimize.py", line 200, in _run_trial
    value_or_values = func(trial)
  File "/common/ketrong/AutoImputeExp/tpot2_imputetest/Impute_Experiments/autoimpute.py", line 55, in obj
    my_params = utils.trial_suggestion(trial, self.model_names, column_len=len(X.columns), random_state=self.random_state)
AttributeError: module 'utils' has no attribute 'trial_suggestion'
[W 2023-11-17 15:47:07,309] Trial 19 failed with value None.
[W 2023-11-17 15:47:06,449] Trial 20 failed with parameters: {} because of the following error: AttributeError("module 'utils' has no attribute 'trial_suggestion'").
Traceback (most recent call last):
  File "/home/ketrong/miniconda3/envs/tpot2devenv/lib/python3.10/site-packages/optuna/study/_optimize.py", line 200, in _run_trial
    value_or_values = func(trial)
  File "/common/ketrong/AutoImputeExp/tpot2_imputetest/Impute_Experiments/autoimpute.py", line 55, in obj
    my_params = utils.trial_suggestion(trial, self.model_names, column_len=len(X.columns), random_state=self.random_state)
AttributeError: module 'utils' has no attribute 'trial_suggestion'
[W 2023-11-17 15:47:07,450] Trial 20 failed with value None.
[W 2023-11-17 15:47:05,586] Trial 9 failed with parameters: {} because of the following error: AttributeError("module 'utils' has no attribute 'trial_suggestion'").
Traceback (most recent call last):
  File "/home/ketrong/miniconda3/envs/tpot2devenv/lib/python3.10/site-packages/optuna/study/_optimize.py", line 200, in _run_trial
    value_or_values = func(trial)
  File "/common/ketrong/AutoImputeExp/tpot2_imputetest/Impute_Experiments/autoimpute.py", line 55, in obj
    my_params = utils.trial_suggestion(trial, self.model_names, column_len=len(X.columns), random_state=self.random_state)
AttributeError: module 'utils' has no attribute 'trial_suggestion'
[W 2023-11-17 15:47:07,595] Trial 9 failed with value None.
[W 2023-11-17 15:47:05,735] Trial 14 failed with parameters: {} because of the following error: AttributeError("module 'utils' has no attribute 'trial_suggestion'").
Traceback (most recent call last):
  File "/home/ketrong/miniconda3/envs/tpot2devenv/lib/python3.10/site-packages/optuna/study/_optimize.py", line 200, in _run_trial
    value_or_values = func(trial)
  File "/common/ketrong/AutoImputeExp/tpot2_imputetest/Impute_Experiments/autoimpute.py", line 55, in obj
    my_params = utils.trial_suggestion(trial, self.model_names, column_len=len(X.columns), random_state=self.random_state)
AttributeError: module 'utils' has no attribute 'trial_suggestion'
[W 2023-11-17 15:47:07,738] Trial 14 failed with value None.
[W 2023-11-17 15:47:07,162] Trial 23 failed with parameters: {} because of the following error: AttributeError("module 'utils' has no attribute 'trial_suggestion'").
Traceback (most recent call last):
  File "/home/ketrong/miniconda3/envs/tpot2devenv/lib/python3.10/site-packages/optuna/study/_optimize.py", line 200, in _run_trial
    value_or_values = func(trial)
  File "/common/ketrong/AutoImputeExp/tpot2_imputetest/Impute_Experiments/autoimpute.py", line 55, in obj
    my_params = utils.trial_suggestion(trial, self.model_names, column_len=len(X.columns), random_state=self.random_state)
AttributeError: module 'utils' has no attribute 'trial_suggestion'
[W 2023-11-17 15:47:07,881] Trial 23 failed with value None.
[W 2023-11-17 15:47:07,164] Trial 25 failed with parameters: {} because of the following error: AttributeError("module 'utils' has no attribute 'trial_suggestion'").
Traceback (most recent call last):
  File "/home/ketrong/miniconda3/envs/tpot2devenv/lib/python3.10/site-packages/optuna/study/_optimize.py", line 200, in _run_trial
    value_or_values = func(trial)
  File "/common/ketrong/AutoImputeExp/tpot2_imputetest/Impute_Experiments/autoimpute.py", line 55, in obj
    my_params = utils.trial_suggestion(trial, self.model_names, column_len=len(X.columns), random_state=self.random_state)
AttributeError: module 'utils' has no attribute 'trial_suggestion'
[W 2023-11-17 15:47:08,025] Trial 25 failed with value None.
[W 2023-11-17 15:47:07,308] Trial 26 failed with parameters: {} because of the following error: AttributeError("module 'utils' has no attribute 'trial_suggestion'").
Traceback (most recent call last):
  File "/home/ketrong/miniconda3/envs/tpot2devenv/lib/python3.10/site-packages/optuna/study/_optimize.py", line 200, in _run_trial
    value_or_values = func(trial)
  File "/common/ketrong/AutoImputeExp/tpot2_imputetest/Impute_Experiments/autoimpute.py", line 55, in obj
    my_params = utils.trial_suggestion(trial, self.model_names, column_len=len(X.columns), random_state=self.random_state)
AttributeError: module 'utils' has no attribute 'trial_suggestion'
[W 2023-11-17 15:47:08,169] Trial 26 failed with value None.
[W 2023-11-17 15:47:07,309] Trial 27 failed with parameters: {} because of the following error: AttributeError("module 'utils' has no attribute 'trial_suggestion'").
Traceback (most recent call last):
  File "/home/ketrong/miniconda3/envs/tpot2devenv/lib/python3.10/site-packages/optuna/study/_optimize.py", line 200, in _run_trial
    value_or_values = func(trial)
  File "/common/ketrong/AutoImputeExp/tpot2_imputetest/Impute_Experiments/autoimpute.py", line 55, in obj
    my_params = utils.trial_suggestion(trial, self.model_names, column_len=len(X.columns), random_state=self.random_state)
AttributeError: module 'utils' has no attribute 'trial_suggestion'
[W 2023-11-17 15:47:08,314] Trial 27 failed with value None.
[W 2023-11-17 15:47:05,232] Trial 4 failed with parameters: {} because of the following error: AttributeError("module 'utils' has no attribute 'trial_suggestion'").
Traceback (most recent call last):
  File "/home/ketrong/miniconda3/envs/tpot2devenv/lib/python3.10/site-packages/optuna/study/_optimize.py", line 200, in _run_trial
    value_or_values = func(trial)
  File "/common/ketrong/AutoImputeExp/tpot2_imputetest/Impute_Experiments/autoimpute.py", line 55, in obj
    my_params = utils.trial_suggestion(trial, self.model_names, column_len=len(X.columns), random_state=self.random_state)
AttributeError: module 'utils' has no attribute 'trial_suggestion'
[W 2023-11-17 15:47:08,455] Trial 4 failed with value None.
[W 2023-11-17 15:47:07,594] Trial 30 failed with parameters: {} because of the following error: AttributeError("module 'utils' has no attribute 'trial_suggestion'").
Traceback (most recent call last):
  File "/home/ketrong/miniconda3/envs/tpot2devenv/lib/python3.10/site-packages/optuna/study/_optimize.py", line 200, in _run_trial
    value_or_values = func(trial)
  File "/common/ketrong/AutoImputeExp/tpot2_imputetest/Impute_Experiments/autoimpute.py", line 55, in obj
    my_params = utils.trial_suggestion(trial, self.model_names, column_len=len(X.columns), random_state=self.random_state)
AttributeError: module 'utils' has no attribute 'trial_suggestion'
[W 2023-11-17 15:47:08,598] Trial 30 failed with value None.
[W 2023-11-17 15:47:06,447] Trial 16 failed with parameters: {} because of the following error: AttributeError("module 'utils' has no attribute 'trial_suggestion'").
Traceback (most recent call last):
  File "/home/ketrong/miniconda3/envs/tpot2devenv/lib/python3.10/site-packages/optuna/study/_optimize.py", line 200, in _run_trial
    value_or_values = func(trial)
  File "/common/ketrong/AutoImputeExp/tpot2_imputetest/Impute_Experiments/autoimpute.py", line 55, in obj
    my_params = utils.trial_suggestion(trial, self.model_names, column_len=len(X.columns), random_state=self.random_state)
AttributeError: module 'utils' has no attribute 'trial_suggestion'
[W 2023-11-17 15:47:08,738] Trial 16 failed with value None.
[W 2023-11-17 15:47:07,880] Trial 32 failed with parameters: {} because of the following error: AttributeError("module 'utils' has no attribute 'trial_suggestion'").
Traceback (most recent call last):
  File "/home/ketrong/miniconda3/envs/tpot2devenv/lib/python3.10/site-packages/optuna/study/_optimize.py", line 200, in _run_trial
    value_or_values = func(trial)
  File "/common/ketrong/AutoImputeExp/tpot2_imputetest/Impute_Experiments/autoimpute.py", line 55, in obj
    my_params = utils.trial_suggestion(trial, self.model_names, column_len=len(X.columns), random_state=self.random_state)
AttributeError: module 'utils' has no attribute 'trial_suggestion'
[W 2023-11-17 15:47:08,882] Trial 32 failed with value None.
[W 2023-11-17 15:47:07,163] Trial 24 failed with parameters: {} because of the following error: AttributeError("module 'utils' has no attribute 'trial_suggestion'").
Traceback (most recent call last):
  File "/home/ketrong/miniconda3/envs/tpot2devenv/lib/python3.10/site-packages/optuna/study/_optimize.py", line 200, in _run_trial
    value_or_values = func(trial)
  File "/common/ketrong/AutoImputeExp/tpot2_imputetest/Impute_Experiments/autoimpute.py", line 55, in obj
    my_params = utils.trial_suggestion(trial, self.model_names, column_len=len(X.columns), random_state=self.random_state)
AttributeError: module 'utils' has no attribute 'trial_suggestion'
[W 2023-11-17 15:47:09,022] Trial 24 failed with value None.
[W 2023-11-17 15:47:07,882] Trial 34 failed with parameters: {} because of the following error: AttributeError("module 'utils' has no attribute 'trial_suggestion'").
Traceback (most recent call last):
  File "/home/ketrong/miniconda3/envs/tpot2devenv/lib/python3.10/site-packages/optuna/study/_optimize.py", line 200, in _run_trial
    value_or_values = func(trial)
  File "/common/ketrong/AutoImputeExp/tpot2_imputetest/Impute_Experiments/autoimpute.py", line 55, in obj
    my_params = utils.trial_suggestion(trial, self.model_names, column_len=len(X.columns), random_state=self.random_state)
AttributeError: module 'utils' has no attribute 'trial_suggestion'
[W 2023-11-17 15:47:09,164] Trial 34 failed with value None.
[W 2023-11-17 15:47:08,024] Trial 36 failed with parameters: {} because of the following error: AttributeError("module 'utils' has no attribute 'trial_suggestion'").
Traceback (most recent call last):
  File "/home/ketrong/miniconda3/envs/tpot2devenv/lib/python3.10/site-packages/optuna/study/_optimize.py", line 200, in _run_trial
    value_or_values = func(trial)
  File "/common/ketrong/AutoImputeExp/tpot2_imputetest/Impute_Experiments/autoimpute.py", line 55, in obj
    my_params = utils.trial_suggestion(trial, self.model_names, column_len=len(X.columns), random_state=self.random_state)
AttributeError: module 'utils' has no attribute 'trial_suggestion'
[W 2023-11-17 15:47:09,305] Trial 36 failed with value None.
[W 2023-11-17 15:47:06,448] Trial 18 failed with parameters: {} because of the following error: AttributeError("module 'utils' has no attribute 'trial_suggestion'").
Traceback (most recent call last):
  File "/home/ketrong/miniconda3/envs/tpot2devenv/lib/python3.10/site-packages/optuna/study/_optimize.py", line 200, in _run_trial
    value_or_values = func(trial)
  File "/common/ketrong/AutoImputeExp/tpot2_imputetest/Impute_Experiments/autoimpute.py", line 55, in obj
    my_params = utils.trial_suggestion(trial, self.model_names, column_len=len(X.columns), random_state=self.random_state)
AttributeError: module 'utils' has no attribute 'trial_suggestion'
[W 2023-11-17 15:47:09,448] Trial 18 failed with value None.
[W 2023-11-17 15:47:08,028] Trial 40 failed with parameters: {} because of the following error: AttributeError("module 'utils' has no attribute 'trial_suggestion'").
Traceback (most recent call last):
  File "/home/ketrong/miniconda3/envs/tpot2devenv/lib/python3.10/site-packages/optuna/study/_optimize.py", line 200, in _run_trial
    value_or_values = func(trial)
  File "/common/ketrong/AutoImputeExp/tpot2_imputetest/Impute_Experiments/autoimpute.py", line 55, in obj
    my_params = utils.trial_suggestion(trial, self.model_names, column_len=len(X.columns), random_state=self.random_state)
AttributeError: module 'utils' has no attribute 'trial_suggestion'
[W 2023-11-17 15:47:09,593] Trial 40 failed with value None.
[W 2023-11-17 15:47:07,309] Trial 28 failed with parameters: {} because of the following error: AttributeError("module 'utils' has no attribute 'trial_suggestion'").
Traceback (most recent call last):
  File "/home/ketrong/miniconda3/envs/tpot2devenv/lib/python3.10/site-packages/optuna/study/_optimize.py", line 200, in _run_trial
    value_or_values = func(trial)
  File "/common/ketrong/AutoImputeExp/tpot2_imputetest/Impute_Experiments/autoimpute.py", line 55, in obj
    my_params = utils.trial_suggestion(trial, self.model_names, column_len=len(X.columns), random_state=self.random_state)
AttributeError: module 'utils' has no attribute 'trial_suggestion'
[W 2023-11-17 15:47:09,735] Trial 28 failed with value None.
[W 2023-11-17 15:47:06,450] Trial 21 failed with parameters: {} because of the following error: AttributeError("module 'utils' has no attribute 'trial_suggestion'").
Traceback (most recent call last):
  File "/home/ketrong/miniconda3/envs/tpot2devenv/lib/python3.10/site-packages/optuna/study/_optimize.py", line 200, in _run_trial
    value_or_values = func(trial)
  File "/common/ketrong/AutoImputeExp/tpot2_imputetest/Impute_Experiments/autoimpute.py", line 55, in obj
    my_params = utils.trial_suggestion(trial, self.model_names, column_len=len(X.columns), random_state=self.random_state)
AttributeError: module 'utils' has no attribute 'trial_suggestion'
[W 2023-11-17 15:47:09,878] Trial 21 failed with value None.
[W 2023-11-17 15:47:07,593] Trial 29 failed with parameters: {} because of the following error: AttributeError("module 'utils' has no attribute 'trial_suggestion'").
Traceback (most recent call last):
  File "/home/ketrong/miniconda3/envs/tpot2devenv/lib/python3.10/site-packages/optuna/study/_optimize.py", line 200, in _run_trial
    value_or_values = func(trial)
  File "/common/ketrong/AutoImputeExp/tpot2_imputetest/Impute_Experiments/autoimpute.py", line 55, in obj
    my_params = utils.trial_suggestion(trial, self.model_names, column_len=len(X.columns), random_state=self.random_state)
AttributeError: module 'utils' has no attribute 'trial_suggestion'
[W 2023-11-17 15:47:10,019] Trial 29 failed with value None.
[W 2023-11-17 15:47:07,737] Trial 31 failed with parameters: {} because of the following error: AttributeError("module 'utils' has no attribute 'trial_suggestion'").
Traceback (most recent call last):
  File "/home/ketrong/miniconda3/envs/tpot2devenv/lib/python3.10/site-packages/optuna/study/_optimize.py", line 200, in _run_trial
    value_or_values = func(trial)
  File "/common/ketrong/AutoImputeExp/tpot2_imputetest/Impute_Experiments/autoimpute.py", line 55, in obj
    my_params = utils.trial_suggestion(trial, self.model_names, column_len=len(X.columns), random_state=self.random_state)
AttributeError: module 'utils' has no attribute 'trial_suggestion'
[W 2023-11-17 15:47:10,161] Trial 31 failed with value None.
[W 2023-11-17 15:47:07,161] Trial 22 failed with parameters: {} because of the following error: AttributeError("module 'utils' has no attribute 'trial_suggestion'").
Traceback (most recent call last):
  File "/home/ketrong/miniconda3/envs/tpot2devenv/lib/python3.10/site-packages/optuna/study/_optimize.py", line 200, in _run_trial
    value_or_values = func(trial)
  File "/common/ketrong/AutoImputeExp/tpot2_imputetest/Impute_Experiments/autoimpute.py", line 55, in obj
    my_params = utils.trial_suggestion(trial, self.model_names, column_len=len(X.columns), random_state=self.random_state)
AttributeError: module 'utils' has no attribute 'trial_suggestion'
[W 2023-11-17 15:47:07,883] Trial 35 failed with parameters: {} because of the following error: AttributeError("module 'utils' has no attribute 'trial_suggestion'").
Traceback (most recent call last):
  File "/home/ketrong/miniconda3/envs/tpot2devenv/lib/python3.10/site-packages/optuna/study/_optimize.py", line 200, in _run_trial
    value_or_values = func(trial)
  File "/common/ketrong/AutoImputeExp/tpot2_imputetest/Impute_Experiments/autoimpute.py", line 55, in obj
    my_params = utils.trial_suggestion(trial, self.model_names, column_len=len(X.columns), random_state=self.random_state)
AttributeError: module 'utils' has no attribute 'trial_suggestion'
[W 2023-11-17 15:47:10,302] Trial 35 failed with value None.
[W 2023-11-17 15:47:08,025] Trial 37 failed with parameters: {} because of the following error: AttributeError("module 'utils' has no attribute 'trial_suggestion'").
Traceback (most recent call last):
  File "/home/ketrong/miniconda3/envs/tpot2devenv/lib/python3.10/site-packages/optuna/study/_optimize.py", line 200, in _run_trial
    value_or_values = func(trial)
  File "/common/ketrong/AutoImputeExp/tpot2_imputetest/Impute_Experiments/autoimpute.py", line 55, in obj
    my_params = utils.trial_suggestion(trial, self.model_names, column_len=len(X.columns), random_state=self.random_state)
AttributeError: module 'utils' has no attribute 'trial_suggestion'
[W 2023-11-17 15:47:10,443] Trial 37 failed with value None.
[W 2023-11-17 15:47:08,027] Trial 39 failed with parameters: {} because of the following error: AttributeError("module 'utils' has no attribute 'trial_suggestion'").
Traceback (most recent call last):
  File "/home/ketrong/miniconda3/envs/tpot2devenv/lib/python3.10/site-packages/optuna/study/_optimize.py", line 200, in _run_trial
    value_or_values = func(trial)
  File "/common/ketrong/AutoImputeExp/tpot2_imputetest/Impute_Experiments/autoimpute.py", line 55, in obj
    my_params = utils.trial_suggestion(trial, self.model_names, column_len=len(X.columns), random_state=self.random_state)
AttributeError: module 'utils' has no attribute 'trial_suggestion'
[W 2023-11-17 15:47:10,585] Trial 39 failed with value None.
[W 2023-11-17 15:47:09,593] Trial 47 failed with parameters: {} because of the following error: AttributeError("module 'utils' has no attribute 'trial_suggestion'").
Traceback (most recent call last):
  File "/home/ketrong/miniconda3/envs/tpot2devenv/lib/python3.10/site-packages/optuna/study/_optimize.py", line 200, in _run_trial
    value_or_values = func(trial)
  File "/common/ketrong/AutoImputeExp/tpot2_imputetest/Impute_Experiments/autoimpute.py", line 55, in obj
    my_params = utils.trial_suggestion(trial, self.model_names, column_len=len(X.columns), random_state=self.random_state)
AttributeError: module 'utils' has no attribute 'trial_suggestion'
[W 2023-11-17 15:47:10,727] Trial 47 failed with value None.
[W 2023-11-17 15:47:08,314] Trial 41 failed with parameters: {} because of the following error: AttributeError("module 'utils' has no attribute 'trial_suggestion'").
Traceback (most recent call last):
  File "/home/ketrong/miniconda3/envs/tpot2devenv/lib/python3.10/site-packages/optuna/study/_optimize.py", line 200, in _run_trial
    value_or_values = func(trial)
  File "/common/ketrong/AutoImputeExp/tpot2_imputetest/Impute_Experiments/autoimpute.py", line 55, in obj
    my_params = utils.trial_suggestion(trial, self.model_names, column_len=len(X.columns), random_state=self.random_state)
AttributeError: module 'utils' has no attribute 'trial_suggestion'
[W 2023-11-17 15:47:10,867] Trial 41 failed with value None.
[W 2023-11-17 15:47:08,456] Trial 43 failed with parameters: {} because of the following error: AttributeError("module 'utils' has no attribute 'trial_suggestion'").
Traceback (most recent call last):
  File "/home/ketrong/miniconda3/envs/tpot2devenv/lib/python3.10/site-packages/optuna/study/_optimize.py", line 200, in _run_trial
    value_or_values = func(trial)
  File "/common/ketrong/AutoImputeExp/tpot2_imputetest/Impute_Experiments/autoimpute.py", line 55, in obj
    my_params = utils.trial_suggestion(trial, self.model_names, column_len=len(X.columns), random_state=self.random_state)
AttributeError: module 'utils' has no attribute 'trial_suggestion'
[W 2023-11-17 15:47:11,008] Trial 43 failed with value None.
[W 2023-11-17 15:47:07,882] Trial 33 failed with parameters: {} because of the following error: AttributeError("module 'utils' has no attribute 'trial_suggestion'").
Traceback (most recent call last):
  File "/home/ketrong/miniconda3/envs/tpot2devenv/lib/python3.10/site-packages/optuna/study/_optimize.py", line 200, in _run_trial
    value_or_values = func(trial)
  File "/common/ketrong/AutoImputeExp/tpot2_imputetest/Impute_Experiments/autoimpute.py", line 55, in obj
    my_params = utils.trial_suggestion(trial, self.model_names, column_len=len(X.columns), random_state=self.random_state)
AttributeError: module 'utils' has no attribute 'trial_suggestion'
[W 2023-11-17 15:47:11,153] Trial 33 failed with value None.
[W 2023-11-17 15:47:09,592] Trial 45 failed with parameters: {} because of the following error: AttributeError("module 'utils' has no attribute 'trial_suggestion'").
Traceback (most recent call last):
  File "/home/ketrong/miniconda3/envs/tpot2devenv/lib/python3.10/site-packages/optuna/study/_optimize.py", line 200, in _run_trial
    value_or_values = func(trial)
  File "/common/ketrong/AutoImputeExp/tpot2_imputetest/Impute_Experiments/autoimpute.py", line 55, in obj
    my_params = utils.trial_suggestion(trial, self.model_names, column_len=len(X.columns), random_state=self.random_state)
AttributeError: module 'utils' has no attribute 'trial_suggestion'
[W 2023-11-17 15:47:11,295] Trial 45 failed with value None.
[W 2023-11-17 15:47:09,592] Trial 46 failed with parameters: {} because of the following error: AttributeError("module 'utils' has no attribute 'trial_suggestion'").
Traceback (most recent call last):
  File "/home/ketrong/miniconda3/envs/tpot2devenv/lib/python3.10/site-packages/optuna/study/_optimize.py", line 200, in _run_trial
    value_or_values = func(trial)
  File "/common/ketrong/AutoImputeExp/tpot2_imputetest/Impute_Experiments/autoimpute.py", line 55, in obj
    my_params = utils.trial_suggestion(trial, self.model_names, column_len=len(X.columns), random_state=self.random_state)
AttributeError: module 'utils' has no attribute 'trial_suggestion'
[W 2023-11-17 15:47:11,437] Trial 46 failed with value None.
[W 2023-11-17 15:47:08,597] Trial 44 failed with parameters: {} because of the following error: AttributeError("module 'utils' has no attribute 'trial_suggestion'").
Traceback (most recent call last):
  File "/home/ketrong/miniconda3/envs/tpot2devenv/lib/python3.10/site-packages/optuna/study/_optimize.py", line 200, in _run_trial
    value_or_values = func(trial)
  File "/common/ketrong/AutoImputeExp/tpot2_imputetest/Impute_Experiments/autoimpute.py", line 55, in obj
    my_params = utils.trial_suggestion(trial, self.model_names, column_len=len(X.columns), random_state=self.random_state)
AttributeError: module 'utils' has no attribute 'trial_suggestion'
[W 2023-11-17 15:47:11,579] Trial 44 failed with value None.
[W 2023-11-17 15:47:08,026] Trial 38 failed with parameters: {} because of the following error: AttributeError("module 'utils' has no attribute 'trial_suggestion'").
Traceback (most recent call last):
  File "/home/ketrong/miniconda3/envs/tpot2devenv/lib/python3.10/site-packages/optuna/study/_optimize.py", line 200, in _run_trial
    value_or_values = func(trial)
  File "/common/ketrong/AutoImputeExp/tpot2_imputetest/Impute_Experiments/autoimpute.py", line 55, in obj
    my_params = utils.trial_suggestion(trial, self.model_names, column_len=len(X.columns), random_state=self.random_state)
AttributeError: module 'utils' has no attribute 'trial_suggestion'
[W 2023-11-17 15:47:11,722] Trial 38 failed with value None.
[W 2023-11-17 15:47:10,302] Trial 22 failed with value None.
[W 2023-11-17 15:47:08,455] Trial 42 failed with parameters: {} because of the following error: AttributeError("module 'utils' has no attribute 'trial_suggestion'").
Traceback (most recent call last):
  File "/home/ketrong/miniconda3/envs/tpot2devenv/lib/python3.10/site-packages/optuna/study/_optimize.py", line 200, in _run_trial
    value_or_values = func(trial)
  File "/common/ketrong/AutoImputeExp/tpot2_imputetest/Impute_Experiments/autoimpute.py", line 55, in obj
    my_params = utils.trial_suggestion(trial, self.model_names, column_len=len(X.columns), random_state=self.random_state)
AttributeError: module 'utils' has no attribute 'trial_suggestion'
[W 2023-11-17 15:47:12,004] Trial 42 failed with value None.
failed on 
tpot2_imputetest/Impute_Experiments/logs//tpot2_base_imputation_6_0.1_MNAR_0
module 'utils' has no attribute 'trial_suggestion'
Traceback (most recent call last):
  File "/common/ketrong/AutoImputeExp/tpot2_imputetest/Impute_Experiments/utils.py", line 169, in loop_through_tasks
    SimpleImputeSpace.fit(X_train_pandas)
  File "/common/ketrong/AutoImputeExp/tpot2_imputetest/Impute_Experiments/autoimpute.py", line 59, in fit
    self.study.optimize(obj, n_trials=self.n_trials, n_jobs=self.n_jobs, show_progress_bar=self.show_progress, gc_after_trial=self.garbage_collect)
  File "/home/ketrong/miniconda3/envs/tpot2devenv/lib/python3.10/site-packages/optuna/study/study.py", line 451, in optimize
    _optimize(
  File "/home/ketrong/miniconda3/envs/tpot2devenv/lib/python3.10/site-packages/optuna/study/_optimize.py", line 103, in _optimize
    f.result()
  File "/home/ketrong/miniconda3/envs/tpot2devenv/lib/python3.10/concurrent/futures/_base.py", line 451, in result
    return self.__get_result()
  File "/home/ketrong/miniconda3/envs/tpot2devenv/lib/python3.10/concurrent/futures/_base.py", line 403, in __get_result
    raise self._exception
  File "/home/ketrong/miniconda3/envs/tpot2devenv/lib/python3.10/concurrent/futures/thread.py", line 58, in run
    result = self.fn(*self.args, **self.kwargs)
  File "/home/ketrong/miniconda3/envs/tpot2devenv/lib/python3.10/site-packages/optuna/study/_optimize.py", line 163, in _optimize_sequential
    frozen_trial = _run_trial(study, func, catch)
  File "/home/ketrong/miniconda3/envs/tpot2devenv/lib/python3.10/site-packages/optuna/study/_optimize.py", line 251, in _run_trial
    raise func_err
  File "/home/ketrong/miniconda3/envs/tpot2devenv/lib/python3.10/site-packages/optuna/study/_optimize.py", line 200, in _run_trial
    value_or_values = func(trial)
  File "/common/ketrong/AutoImputeExp/tpot2_imputetest/Impute_Experiments/autoimpute.py", line 55, in obj
    my_params = utils.trial_suggestion(trial, self.model_names, column_len=len(X.columns), random_state=self.random_state)
AttributeError: module 'utils' has no attribute 'trial_suggestion'

DONE
