/cm/local/apps/slurm/var/spool/job402237/slurm_script: line 19: /common/ketrong/minconda3/etc/profile.d/conda.sh: No such file or directory
/cm/local/apps/slurm/var/spool/job402237/slurm_script: line 22: $'\nconda create --name tpot2devenv -c conda-forge python=3.10\n': command not found
/cm/local/apps/slurm/var/spool/job402237/slurm_script: line 27: $'\npip install -r requirements.txt\n': command not found
RunStart
2023-11-21 09:47:28.563470: I tensorflow/core/util/port.cc:113] oneDNN custom operations are on. You may see slightly different numerical results due to floating-point round-off errors from different computation orders. To turn them off, set the environment variable `TF_ENABLE_ONEDNN_OPTS=0`.
2023-11-21 09:47:36.894018: E external/local_xla/xla/stream_executor/cuda/cuda_dnn.cc:9261] Unable to register cuDNN factory: Attempting to register factory for plugin cuDNN when one has already been registered
2023-11-21 09:47:36.894076: E external/local_xla/xla/stream_executor/cuda/cuda_fft.cc:607] Unable to register cuFFT factory: Attempting to register factory for plugin cuFFT when one has already been registered
2023-11-21 09:47:37.714476: E external/local_xla/xla/stream_executor/cuda/cuda_blas.cc:1515] Unable to register cuBLAS factory: Attempting to register factory for plugin cuBLAS when one has already been registered
2023-11-21 09:47:39.684287: I tensorflow/core/platform/cpu_feature_guard.cc:182] This TensorFlow binary is optimized to use available CPU instructions in performance-critical operations.
To enable the following instructions: AVX2 AVX512F AVX512_VNNI FMA, in other operations, rebuild TensorFlow with the appropriate compiler flags.
2023-11-21 09:48:00.557335: W tensorflow/compiler/tf2tensorrt/utils/py_utils.cc:38] TF-TRT Warning: Could not find TensorRT
WARNING:tensorflow:From /home/ketrong/miniconda3/envs/tpot2devenv/lib/python3.10/site-packages/tensorflow/python/compat/v2_compat.py:108: disable_resource_variables (from tensorflow.python.ops.variable_scope) is deprecated and will be removed in a future version.
Instructions for updating:
non-resource variables are not supported in the long term
working on 
tpot2_imputetest/Impute_Experiments/logs//tpot2_base_imputation_6_0.5_MCAR_0
loading data
tpot2_imputetest/Impute_Experiments/data/6_True.pkl
running experiment 1/3 - Does large hyperparameter space improve reconstruction accuracy over simple
[I 2023-11-21 09:49:18,542] A new study created in memory with name: no-name-64f2c8f4-fa09-45bc-865c-699c5a568082
[W 2023-11-21 09:49:18,543] Trial 0 failed with parameters: {'model_name': 'SimpleImputer', 'strategy': 'median'} because of the following error: TypeError("SimpleImputer.__init__() got an unexpected keyword argument 'random_state'").
Traceback (most recent call last):
  File "/home/ketrong/miniconda3/envs/tpot2devenv/lib/python3.10/site-packages/optuna/study/_optimize.py", line 200, in _run_trial
    value_or_values = func(trial)
  File "/common/ketrong/AutoImputeExp/tpot2_imputetest/Impute_Experiments/autoimpute.py", line 57, in obj
    my_model = autoutils.MyModel(random_state = self.random_state, **my_params)
  File "/common/ketrong/AutoImputeExp/tpot2_imputetest/Impute_Experiments/autoutils.py", line 35, in MyModel
    my_model = SimpleImputer(
TypeError: SimpleImputer.__init__() got an unexpected keyword argument 'random_state'
[W 2023-11-21 09:49:18,570] Trial 0 failed with value None.
[W 2023-11-21 09:49:18,545] Trial 2 failed with parameters: {'model_name': 'SimpleImputer', 'strategy': 'mean'} because of the following error: TypeError("SimpleImputer.__init__() got an unexpected keyword argument 'random_state'").
Traceback (most recent call last):
  File "/home/ketrong/miniconda3/envs/tpot2devenv/lib/python3.10/site-packages/optuna/study/_optimize.py", line 200, in _run_trial
    value_or_values = func(trial)
  File "/common/ketrong/AutoImputeExp/tpot2_imputetest/Impute_Experiments/autoimpute.py", line 57, in obj
    my_model = autoutils.MyModel(random_state = self.random_state, **my_params)
  File "/common/ketrong/AutoImputeExp/tpot2_imputetest/Impute_Experiments/autoutils.py", line 35, in MyModel
    my_model = SimpleImputer(
TypeError: SimpleImputer.__init__() got an unexpected keyword argument 'random_state'
[W 2023-11-21 09:49:18,551] Trial 3 failed with parameters: {'model_name': 'SimpleImputer', 'strategy': 'mean'} because of the following error: TypeError("SimpleImputer.__init__() got an unexpected keyword argument 'random_state'").
Traceback (most recent call last):
  File "/home/ketrong/miniconda3/envs/tpot2devenv/lib/python3.10/site-packages/optuna/study/_optimize.py", line 200, in _run_trial
    value_or_values = func(trial)
  File "/common/ketrong/AutoImputeExp/tpot2_imputetest/Impute_Experiments/autoimpute.py", line 57, in obj
    my_model = autoutils.MyModel(random_state = self.random_state, **my_params)
  File "/common/ketrong/AutoImputeExp/tpot2_imputetest/Impute_Experiments/autoutils.py", line 35, in MyModel
    my_model = SimpleImputer(
TypeError: SimpleImputer.__init__() got an unexpected keyword argument 'random_state'
[W 2023-11-21 09:49:18,767] Trial 3 failed with value None.
[W 2023-11-21 09:49:18,552] Trial 5 failed with parameters: {'model_name': 'SimpleImputer', 'strategy': 'most_frequent'} because of the following error: TypeError("SimpleImputer.__init__() got an unexpected keyword argument 'random_state'").
Traceback (most recent call last):
  File "/home/ketrong/miniconda3/envs/tpot2devenv/lib/python3.10/site-packages/optuna/study/_optimize.py", line 200, in _run_trial
    value_or_values = func(trial)
  File "/common/ketrong/AutoImputeExp/tpot2_imputetest/Impute_Experiments/autoimpute.py", line 57, in obj
    my_model = autoutils.MyModel(random_state = self.random_state, **my_params)
  File "/common/ketrong/AutoImputeExp/tpot2_imputetest/Impute_Experiments/autoutils.py", line 35, in MyModel
    my_model = SimpleImputer(
TypeError: SimpleImputer.__init__() got an unexpected keyword argument 'random_state'
[W 2023-11-21 09:49:18,910] Trial 5 failed with value None.
[W 2023-11-21 09:49:18,557] Trial 7 failed with parameters: {'model_name': 'SimpleImputer', 'strategy': 'constant'} because of the following error: TypeError("SimpleImputer.__init__() got an unexpected keyword argument 'random_state'").
Traceback (most recent call last):
  File "/home/ketrong/miniconda3/envs/tpot2devenv/lib/python3.10/site-packages/optuna/study/_optimize.py", line 200, in _run_trial
    value_or_values = func(trial)
  File "/common/ketrong/AutoImputeExp/tpot2_imputetest/Impute_Experiments/autoimpute.py", line 57, in obj
    my_model = autoutils.MyModel(random_state = self.random_state, **my_params)
  File "/common/ketrong/AutoImputeExp/tpot2_imputetest/Impute_Experiments/autoutils.py", line 35, in MyModel
    my_model = SimpleImputer(
TypeError: SimpleImputer.__init__() got an unexpected keyword argument 'random_state'
[W 2023-11-21 09:49:19,054] Trial 7 failed with value None.
[W 2023-11-21 09:49:18,560] Trial 8 failed with parameters: {'model_name': 'SimpleImputer', 'strategy': 'mean'} because of the following error: TypeError("SimpleImputer.__init__() got an unexpected keyword argument 'random_state'").
Traceback (most recent call last):
  File "/home/ketrong/miniconda3/envs/tpot2devenv/lib/python3.10/site-packages/optuna/study/_optimize.py", line 200, in _run_trial
    value_or_values = func(trial)
  File "/common/ketrong/AutoImputeExp/tpot2_imputetest/Impute_Experiments/autoimpute.py", line 57, in obj
    my_model = autoutils.MyModel(random_state = self.random_state, **my_params)
  File "/common/ketrong/AutoImputeExp/tpot2_imputetest/Impute_Experiments/autoutils.py", line 35, in MyModel
    my_model = SimpleImputer(
TypeError: SimpleImputer.__init__() got an unexpected keyword argument 'random_state'
[W 2023-11-21 09:49:19,195] Trial 8 failed with value None.
[W 2023-11-21 09:49:18,564] Trial 15 failed with parameters: {'model_name': 'SimpleImputer', 'strategy': 'most_frequent'} because of the following error: TypeError("SimpleImputer.__init__() got an unexpected keyword argument 'random_state'").
Traceback (most recent call last):
  File "/home/ketrong/miniconda3/envs/tpot2devenv/lib/python3.10/site-packages/optuna/study/_optimize.py", line 200, in _run_trial
    value_or_values = func(trial)
  File "/common/ketrong/AutoImputeExp/tpot2_imputetest/Impute_Experiments/autoimpute.py", line 57, in obj
    my_model = autoutils.MyModel(random_state = self.random_state, **my_params)
  File "/common/ketrong/AutoImputeExp/tpot2_imputetest/Impute_Experiments/autoutils.py", line 35, in MyModel
    my_model = SimpleImputer(
TypeError: SimpleImputer.__init__() got an unexpected keyword argument 'random_state'
[W 2023-11-21 09:49:19,335] Trial 15 failed with value None.
[W 2023-11-21 09:49:18,566] Trial 12 failed with parameters: {'model_name': 'SimpleImputer', 'strategy': 'median'} because of the following error: TypeError("SimpleImputer.__init__() got an unexpected keyword argument 'random_state'").
Traceback (most recent call last):
  File "/home/ketrong/miniconda3/envs/tpot2devenv/lib/python3.10/site-packages/optuna/study/_optimize.py", line 200, in _run_trial
    value_or_values = func(trial)
  File "/common/ketrong/AutoImputeExp/tpot2_imputetest/Impute_Experiments/autoimpute.py", line 57, in obj
    my_model = autoutils.MyModel(random_state = self.random_state, **my_params)
  File "/common/ketrong/AutoImputeExp/tpot2_imputetest/Impute_Experiments/autoutils.py", line 35, in MyModel
    my_model = SimpleImputer(
TypeError: SimpleImputer.__init__() got an unexpected keyword argument 'random_state'
[W 2023-11-21 09:49:19,476] Trial 12 failed with value None.
[W 2023-11-21 09:49:18,766] Trial 2 failed with value None.
[W 2023-11-21 09:49:18,766] Trial 14 failed with parameters: {'model_name': 'SimpleImputer', 'strategy': 'median'} because of the following error: TypeError("SimpleImputer.__init__() got an unexpected keyword argument 'random_state'").
Traceback (most recent call last):
  File "/home/ketrong/miniconda3/envs/tpot2devenv/lib/python3.10/site-packages/optuna/study/_optimize.py", line 200, in _run_trial
    value_or_values = func(trial)
  File "/common/ketrong/AutoImputeExp/tpot2_imputetest/Impute_Experiments/autoimpute.py", line 57, in obj
    my_model = autoutils.MyModel(random_state = self.random_state, **my_params)
  File "/common/ketrong/AutoImputeExp/tpot2_imputetest/Impute_Experiments/autoutils.py", line 35, in MyModel
    my_model = SimpleImputer(
TypeError: SimpleImputer.__init__() got an unexpected keyword argument 'random_state'
[W 2023-11-21 09:49:19,758] Trial 14 failed with value None.
[W 2023-11-21 09:49:18,767] Trial 11 failed with parameters: {'model_name': 'SimpleImputer', 'strategy': 'mean'} because of the following error: TypeError("SimpleImputer.__init__() got an unexpected keyword argument 'random_state'").
Traceback (most recent call last):
  File "/home/ketrong/miniconda3/envs/tpot2devenv/lib/python3.10/site-packages/optuna/study/_optimize.py", line 200, in _run_trial
    value_or_values = func(trial)
  File "/common/ketrong/AutoImputeExp/tpot2_imputetest/Impute_Experiments/autoimpute.py", line 57, in obj
    my_model = autoutils.MyModel(random_state = self.random_state, **my_params)
  File "/common/ketrong/AutoImputeExp/tpot2_imputetest/Impute_Experiments/autoutils.py", line 35, in MyModel
    my_model = SimpleImputer(
TypeError: SimpleImputer.__init__() got an unexpected keyword argument 'random_state'
[W 2023-11-21 09:49:19,901] Trial 11 failed with value None.
[W 2023-11-21 09:49:18,554] Trial 6 failed with parameters: {'model_name': 'SimpleImputer', 'strategy': 'most_frequent'} because of the following error: TypeError("SimpleImputer.__init__() got an unexpected keyword argument 'random_state'").
Traceback (most recent call last):
  File "/home/ketrong/miniconda3/envs/tpot2devenv/lib/python3.10/site-packages/optuna/study/_optimize.py", line 200, in _run_trial
    value_or_values = func(trial)
  File "/common/ketrong/AutoImputeExp/tpot2_imputetest/Impute_Experiments/autoimpute.py", line 57, in obj
    my_model = autoutils.MyModel(random_state = self.random_state, **my_params)
  File "/common/ketrong/AutoImputeExp/tpot2_imputetest/Impute_Experiments/autoutils.py", line 35, in MyModel
    my_model = SimpleImputer(
TypeError: SimpleImputer.__init__() got an unexpected keyword argument 'random_state'
[W 2023-11-21 09:49:20,044] Trial 6 failed with value None.
[W 2023-11-21 09:49:18,562] Trial 9 failed with parameters: {'model_name': 'SimpleImputer', 'strategy': 'median'} because of the following error: TypeError("SimpleImputer.__init__() got an unexpected keyword argument 'random_state'").
Traceback (most recent call last):
  File "/home/ketrong/miniconda3/envs/tpot2devenv/lib/python3.10/site-packages/optuna/study/_optimize.py", line 200, in _run_trial
    value_or_values = func(trial)
  File "/common/ketrong/AutoImputeExp/tpot2_imputetest/Impute_Experiments/autoimpute.py", line 57, in obj
    my_model = autoutils.MyModel(random_state = self.random_state, **my_params)
  File "/common/ketrong/AutoImputeExp/tpot2_imputetest/Impute_Experiments/autoutils.py", line 35, in MyModel
    my_model = SimpleImputer(
TypeError: SimpleImputer.__init__() got an unexpected keyword argument 'random_state'
[W 2023-11-21 09:49:20,185] Trial 9 failed with value None.
[W 2023-11-21 09:49:18,563] Trial 10 failed with parameters: {'model_name': 'SimpleImputer', 'strategy': 'median'} because of the following error: TypeError("SimpleImputer.__init__() got an unexpected keyword argument 'random_state'").
Traceback (most recent call last):
  File "/home/ketrong/miniconda3/envs/tpot2devenv/lib/python3.10/site-packages/optuna/study/_optimize.py", line 200, in _run_trial
    value_or_values = func(trial)
  File "/common/ketrong/AutoImputeExp/tpot2_imputetest/Impute_Experiments/autoimpute.py", line 57, in obj
    my_model = autoutils.MyModel(random_state = self.random_state, **my_params)
  File "/common/ketrong/AutoImputeExp/tpot2_imputetest/Impute_Experiments/autoutils.py", line 35, in MyModel
    my_model = SimpleImputer(
TypeError: SimpleImputer.__init__() got an unexpected keyword argument 'random_state'
[W 2023-11-21 09:49:20,331] Trial 10 failed with value None.
[W 2023-11-21 09:49:18,552] Trial 4 failed with parameters: {'model_name': 'SimpleImputer', 'strategy': 'constant'} because of the following error: TypeError("SimpleImputer.__init__() got an unexpected keyword argument 'random_state'").
Traceback (most recent call last):
  File "/home/ketrong/miniconda3/envs/tpot2devenv/lib/python3.10/site-packages/optuna/study/_optimize.py", line 200, in _run_trial
    value_or_values = func(trial)
  File "/common/ketrong/AutoImputeExp/tpot2_imputetest/Impute_Experiments/autoimpute.py", line 57, in obj
    my_model = autoutils.MyModel(random_state = self.random_state, **my_params)
  File "/common/ketrong/AutoImputeExp/tpot2_imputetest/Impute_Experiments/autoutils.py", line 35, in MyModel
    my_model = SimpleImputer(
TypeError: SimpleImputer.__init__() got an unexpected keyword argument 'random_state'
[W 2023-11-21 09:49:20,473] Trial 4 failed with value None.
[W 2023-11-21 09:49:19,898] Trial 18 failed with parameters: {'model_name': 'SimpleImputer', 'strategy': 'most_frequent'} because of the following error: TypeError("SimpleImputer.__init__() got an unexpected keyword argument 'random_state'").
Traceback (most recent call last):
  File "/home/ketrong/miniconda3/envs/tpot2devenv/lib/python3.10/site-packages/optuna/study/_optimize.py", line 200, in _run_trial
    value_or_values = func(trial)
  File "/common/ketrong/AutoImputeExp/tpot2_imputetest/Impute_Experiments/autoimpute.py", line 57, in obj
    my_model = autoutils.MyModel(random_state = self.random_state, **my_params)
  File "/common/ketrong/AutoImputeExp/tpot2_imputetest/Impute_Experiments/autoutils.py", line 35, in MyModel
    my_model = SimpleImputer(
TypeError: SimpleImputer.__init__() got an unexpected keyword argument 'random_state'
[W 2023-11-21 09:49:20,616] Trial 18 failed with value None.
[W 2023-11-21 09:49:19,193] Trial 17 failed with parameters: {'model_name': 'SimpleImputer', 'strategy': 'constant'} because of the following error: TypeError("SimpleImputer.__init__() got an unexpected keyword argument 'random_state'").
Traceback (most recent call last):
  File "/home/ketrong/miniconda3/envs/tpot2devenv/lib/python3.10/site-packages/optuna/study/_optimize.py", line 200, in _run_trial
    value_or_values = func(trial)
  File "/common/ketrong/AutoImputeExp/tpot2_imputetest/Impute_Experiments/autoimpute.py", line 57, in obj
    my_model = autoutils.MyModel(random_state = self.random_state, **my_params)
  File "/common/ketrong/AutoImputeExp/tpot2_imputetest/Impute_Experiments/autoutils.py", line 35, in MyModel
    my_model = SimpleImputer(
TypeError: SimpleImputer.__init__() got an unexpected keyword argument 'random_state'
[W 2023-11-21 09:49:20,756] Trial 17 failed with value None.
[W 2023-11-21 09:49:18,764] Trial 13 failed with parameters: {'model_name': 'SimpleImputer', 'strategy': 'median'} because of the following error: TypeError("SimpleImputer.__init__() got an unexpected keyword argument 'random_state'").
Traceback (most recent call last):
  File "/home/ketrong/miniconda3/envs/tpot2devenv/lib/python3.10/site-packages/optuna/study/_optimize.py", line 200, in _run_trial
    value_or_values = func(trial)
  File "/common/ketrong/AutoImputeExp/tpot2_imputetest/Impute_Experiments/autoimpute.py", line 57, in obj
    my_model = autoutils.MyModel(random_state = self.random_state, **my_params)
  File "/common/ketrong/AutoImputeExp/tpot2_imputetest/Impute_Experiments/autoutils.py", line 35, in MyModel
    my_model = SimpleImputer(
TypeError: SimpleImputer.__init__() got an unexpected keyword argument 'random_state'
[W 2023-11-21 09:49:20,896] Trial 13 failed with value None.
[W 2023-11-21 09:49:19,901] Trial 19 failed with parameters: {'model_name': 'SimpleImputer', 'strategy': 'constant'} because of the following error: TypeError("SimpleImputer.__init__() got an unexpected keyword argument 'random_state'").
Traceback (most recent call last):
  File "/home/ketrong/miniconda3/envs/tpot2devenv/lib/python3.10/site-packages/optuna/study/_optimize.py", line 200, in _run_trial
    value_or_values = func(trial)
  File "/common/ketrong/AutoImputeExp/tpot2_imputetest/Impute_Experiments/autoimpute.py", line 57, in obj
    my_model = autoutils.MyModel(random_state = self.random_state, **my_params)
  File "/common/ketrong/AutoImputeExp/tpot2_imputetest/Impute_Experiments/autoutils.py", line 35, in MyModel
    my_model = SimpleImputer(
TypeError: SimpleImputer.__init__() got an unexpected keyword argument 'random_state'
[W 2023-11-21 09:49:21,036] Trial 19 failed with value None.
[W 2023-11-21 09:49:18,910] Trial 16 failed with parameters: {'model_name': 'SimpleImputer', 'strategy': 'most_frequent'} because of the following error: TypeError("SimpleImputer.__init__() got an unexpected keyword argument 'random_state'").
Traceback (most recent call last):
  File "/home/ketrong/miniconda3/envs/tpot2devenv/lib/python3.10/site-packages/optuna/study/_optimize.py", line 200, in _run_trial
    value_or_values = func(trial)
  File "/common/ketrong/AutoImputeExp/tpot2_imputetest/Impute_Experiments/autoimpute.py", line 57, in obj
    my_model = autoutils.MyModel(random_state = self.random_state, **my_params)
  File "/common/ketrong/AutoImputeExp/tpot2_imputetest/Impute_Experiments/autoutils.py", line 35, in MyModel
    my_model = SimpleImputer(
TypeError: SimpleImputer.__init__() got an unexpected keyword argument 'random_state'
[W 2023-11-21 09:49:21,176] Trial 16 failed with value None.
[W 2023-11-21 09:49:18,544] Trial 1 failed with parameters: {'model_name': 'SimpleImputer', 'strategy': 'median'} because of the following error: TypeError("SimpleImputer.__init__() got an unexpected keyword argument 'random_state'").
Traceback (most recent call last):
  File "/home/ketrong/miniconda3/envs/tpot2devenv/lib/python3.10/site-packages/optuna/study/_optimize.py", line 200, in _run_trial
    value_or_values = func(trial)
  File "/common/ketrong/AutoImputeExp/tpot2_imputetest/Impute_Experiments/autoimpute.py", line 57, in obj
    my_model = autoutils.MyModel(random_state = self.random_state, **my_params)
  File "/common/ketrong/AutoImputeExp/tpot2_imputetest/Impute_Experiments/autoutils.py", line 35, in MyModel
    my_model = SimpleImputer(
TypeError: SimpleImputer.__init__() got an unexpected keyword argument 'random_state'
[W 2023-11-21 09:49:21,316] Trial 1 failed with value None.
srun: Job step aborted: Waiting up to 32 seconds for job step to finish.
slurmstepd: error: *** JOB 402237 ON esplhpc-cp004 CANCELLED AT 2023-11-21T09:49:21 ***
slurmstepd: error: *** STEP 402237.0 ON esplhpc-cp004 CANCELLED AT 2023-11-21T09:49:21 ***
