/cm/local/apps/slurm/var/spool/job379067/slurm_script: line 19: /common/ketrong/minconda3/etc/profile.d/conda.sh: No such file or directory
/cm/local/apps/slurm/var/spool/job379067/slurm_script: line 22: $'\nconda create --name tpot2devenv -c conda-forge python=3.10\n': command not found
/cm/local/apps/slurm/var/spool/job379067/slurm_script: line 27: $'\npip install -r requirements.txt\n': command not found
RunStart
2023-11-17 15:43:48.745746: I tensorflow/core/util/port.cc:113] oneDNN custom operations are on. You may see slightly different numerical results due to floating-point round-off errors from different computation orders. To turn them off, set the environment variable `TF_ENABLE_ONEDNN_OPTS=0`.
2023-11-17 15:43:50.087747: E external/local_xla/xla/stream_executor/cuda/cuda_dnn.cc:9261] Unable to register cuDNN factory: Attempting to register factory for plugin cuDNN when one has already been registered
2023-11-17 15:43:50.088036: E external/local_xla/xla/stream_executor/cuda/cuda_fft.cc:607] Unable to register cuFFT factory: Attempting to register factory for plugin cuFFT when one has already been registered
2023-11-17 15:43:50.272124: E external/local_xla/xla/stream_executor/cuda/cuda_blas.cc:1515] Unable to register cuBLAS factory: Attempting to register factory for plugin cuBLAS when one has already been registered
2023-11-17 15:43:50.606682: I tensorflow/core/platform/cpu_feature_guard.cc:182] This TensorFlow binary is optimized to use available CPU instructions in performance-critical operations.
To enable the following instructions: AVX2 AVX512F AVX512_VNNI FMA, in other operations, rebuild TensorFlow with the appropriate compiler flags.
2023-11-17 15:43:56.323110: W tensorflow/compiler/tf2tensorrt/utils/py_utils.cc:38] TF-TRT Warning: Could not find TensorRT
WARNING:tensorflow:From /home/ketrong/miniconda3/envs/tpot2devenv/lib/python3.10/site-packages/tensorflow/python/compat/v2_compat.py:108: disable_resource_variables (from tensorflow.python.ops.variable_scope) is deprecated and will be removed in a future version.
Instructions for updating:
non-resource variables are not supported in the long term
working on 
tpot2_imputetest/Impute_Experiments/logs//tpot2_base_normal_6_0.01_MCAR_0
loading data
data/6_True.pkl
running experiment 1/3 - Does large hyperparameter space improve reconstruction accuracy over simple
[I 2023-11-17 15:44:16,750] A new study created in memory with name: no-name-dabaaa6a-f4a1-43f2-8234-8a9f65c4a61c
[W 2023-11-17 15:44:16,752] Trial 0 failed with parameters: {} because of the following error: AttributeError("module 'utils' has no attribute 'trial_suggestion'").
Traceback (most recent call last):
  File "/home/ketrong/miniconda3/envs/tpot2devenv/lib/python3.10/site-packages/optuna/study/_optimize.py", line 200, in _run_trial
    value_or_values = func(trial)
  File "/common/ketrong/AutoImputeExp/tpot2_imputetest/Impute_Experiments/autoimpute.py", line 55, in obj
    my_params = utils.trial_suggestion(trial, self.model_names, column_len=len(X.columns), random_state=self.random_state)
AttributeError: module 'utils' has no attribute 'trial_suggestion'
[W 2023-11-17 15:44:16,756] Trial 0 failed with value None.
[W 2023-11-17 15:44:16,753] Trial 1 failed with parameters: {} because of the following error: AttributeError("module 'utils' has no attribute 'trial_suggestion'").
Traceback (most recent call last):
  File "/home/ketrong/miniconda3/envs/tpot2devenv/lib/python3.10/site-packages/optuna/study/_optimize.py", line 200, in _run_trial
    value_or_values = func(trial)
  File "/common/ketrong/AutoImputeExp/tpot2_imputetest/Impute_Experiments/autoimpute.py", line 55, in obj
    my_params = utils.trial_suggestion(trial, self.model_names, column_len=len(X.columns), random_state=self.random_state)
AttributeError: module 'utils' has no attribute 'trial_suggestion'
[W 2023-11-17 15:44:16,943] Trial 1 failed with value None.
[W 2023-11-17 15:44:16,754] Trial 4 failed with parameters: {} because of the following error: AttributeError("module 'utils' has no attribute 'trial_suggestion'").
Traceback (most recent call last):
  File "/home/ketrong/miniconda3/envs/tpot2devenv/lib/python3.10/site-packages/optuna/study/_optimize.py", line 200, in _run_trial
    value_or_values = func(trial)
  File "/common/ketrong/AutoImputeExp/tpot2_imputetest/Impute_Experiments/autoimpute.py", line 55, in obj
    my_params = utils.trial_suggestion(trial, self.model_names, column_len=len(X.columns), random_state=self.random_state)
AttributeError: module 'utils' has no attribute 'trial_suggestion'
[W 2023-11-17 15:44:17,086] Trial 4 failed with value None.
[W 2023-11-17 15:44:16,755] Trial 5 failed with parameters: {} because of the following error: AttributeError("module 'utils' has no attribute 'trial_suggestion'").
Traceback (most recent call last):
  File "/home/ketrong/miniconda3/envs/tpot2devenv/lib/python3.10/site-packages/optuna/study/_optimize.py", line 200, in _run_trial
    value_or_values = func(trial)
  File "/common/ketrong/AutoImputeExp/tpot2_imputetest/Impute_Experiments/autoimpute.py", line 55, in obj
    my_params = utils.trial_suggestion(trial, self.model_names, column_len=len(X.columns), random_state=self.random_state)
AttributeError: module 'utils' has no attribute 'trial_suggestion'
[W 2023-11-17 15:44:17,228] Trial 5 failed with value None.
[W 2023-11-17 15:44:16,941] Trial 6 failed with parameters: {} because of the following error: AttributeError("module 'utils' has no attribute 'trial_suggestion'").
Traceback (most recent call last):
  File "/home/ketrong/miniconda3/envs/tpot2devenv/lib/python3.10/site-packages/optuna/study/_optimize.py", line 200, in _run_trial
    value_or_values = func(trial)
  File "/common/ketrong/AutoImputeExp/tpot2_imputetest/Impute_Experiments/autoimpute.py", line 55, in obj
    my_params = utils.trial_suggestion(trial, self.model_names, column_len=len(X.columns), random_state=self.random_state)
AttributeError: module 'utils' has no attribute 'trial_suggestion'
[W 2023-11-17 15:44:17,369] Trial 6 failed with value None.
[W 2023-11-17 15:44:17,086] Trial 8 failed with parameters: {} because of the following error: AttributeError("module 'utils' has no attribute 'trial_suggestion'").
Traceback (most recent call last):
  File "/home/ketrong/miniconda3/envs/tpot2devenv/lib/python3.10/site-packages/optuna/study/_optimize.py", line 200, in _run_trial
    value_or_values = func(trial)
  File "/common/ketrong/AutoImputeExp/tpot2_imputetest/Impute_Experiments/autoimpute.py", line 55, in obj
    my_params = utils.trial_suggestion(trial, self.model_names, column_len=len(X.columns), random_state=self.random_state)
AttributeError: module 'utils' has no attribute 'trial_suggestion'
[W 2023-11-17 15:44:17,515] Trial 8 failed with value None.
[W 2023-11-17 15:44:17,086] Trial 9 failed with parameters: {} because of the following error: AttributeError("module 'utils' has no attribute 'trial_suggestion'").
Traceback (most recent call last):
  File "/home/ketrong/miniconda3/envs/tpot2devenv/lib/python3.10/site-packages/optuna/study/_optimize.py", line 200, in _run_trial
    value_or_values = func(trial)
  File "/common/ketrong/AutoImputeExp/tpot2_imputetest/Impute_Experiments/autoimpute.py", line 55, in obj
    my_params = utils.trial_suggestion(trial, self.model_names, column_len=len(X.columns), random_state=self.random_state)
AttributeError: module 'utils' has no attribute 'trial_suggestion'
[W 2023-11-17 15:44:17,659] Trial 9 failed with value None.
[W 2023-11-17 15:44:16,943] Trial 7 failed with parameters: {} because of the following error: AttributeError("module 'utils' has no attribute 'trial_suggestion'").
Traceback (most recent call last):
  File "/home/ketrong/miniconda3/envs/tpot2devenv/lib/python3.10/site-packages/optuna/study/_optimize.py", line 200, in _run_trial
    value_or_values = func(trial)
  File "/common/ketrong/AutoImputeExp/tpot2_imputetest/Impute_Experiments/autoimpute.py", line 55, in obj
    my_params = utils.trial_suggestion(trial, self.model_names, column_len=len(X.columns), random_state=self.random_state)
AttributeError: module 'utils' has no attribute 'trial_suggestion'
[W 2023-11-17 15:44:17,803] Trial 7 failed with value None.
[W 2023-11-17 15:44:16,753] Trial 2 failed with parameters: {} because of the following error: AttributeError("module 'utils' has no attribute 'trial_suggestion'").
Traceback (most recent call last):
  File "/home/ketrong/miniconda3/envs/tpot2devenv/lib/python3.10/site-packages/optuna/study/_optimize.py", line 200, in _run_trial
    value_or_values = func(trial)
  File "/common/ketrong/AutoImputeExp/tpot2_imputetest/Impute_Experiments/autoimpute.py", line 55, in obj
    my_params = utils.trial_suggestion(trial, self.model_names, column_len=len(X.columns), random_state=self.random_state)
AttributeError: module 'utils' has no attribute 'trial_suggestion'
[W 2023-11-17 15:44:17,950] Trial 2 failed with value None.
[W 2023-11-17 15:44:17,658] Trial 11 failed with parameters: {} because of the following error: AttributeError("module 'utils' has no attribute 'trial_suggestion'").
Traceback (most recent call last):
  File "/home/ketrong/miniconda3/envs/tpot2devenv/lib/python3.10/site-packages/optuna/study/_optimize.py", line 200, in _run_trial
    value_or_values = func(trial)
  File "/common/ketrong/AutoImputeExp/tpot2_imputetest/Impute_Experiments/autoimpute.py", line 55, in obj
    my_params = utils.trial_suggestion(trial, self.model_names, column_len=len(X.columns), random_state=self.random_state)
AttributeError: module 'utils' has no attribute 'trial_suggestion'
[W 2023-11-17 15:44:18,095] Trial 11 failed with value None.
[W 2023-11-17 15:44:16,754] Trial 3 failed with parameters: {} because of the following error: AttributeError("module 'utils' has no attribute 'trial_suggestion'").
Traceback (most recent call last):
  File "/home/ketrong/miniconda3/envs/tpot2devenv/lib/python3.10/site-packages/optuna/study/_optimize.py", line 200, in _run_trial
    value_or_values = func(trial)
  File "/common/ketrong/AutoImputeExp/tpot2_imputetest/Impute_Experiments/autoimpute.py", line 55, in obj
    my_params = utils.trial_suggestion(trial, self.model_names, column_len=len(X.columns), random_state=self.random_state)
AttributeError: module 'utils' has no attribute 'trial_suggestion'
[W 2023-11-17 15:44:18,236] Trial 3 failed with value None.
[W 2023-11-17 15:44:17,801] Trial 14 failed with parameters: {} because of the following error: AttributeError("module 'utils' has no attribute 'trial_suggestion'").
Traceback (most recent call last):
  File "/home/ketrong/miniconda3/envs/tpot2devenv/lib/python3.10/site-packages/optuna/study/_optimize.py", line 200, in _run_trial
    value_or_values = func(trial)
  File "/common/ketrong/AutoImputeExp/tpot2_imputetest/Impute_Experiments/autoimpute.py", line 55, in obj
    my_params = utils.trial_suggestion(trial, self.model_names, column_len=len(X.columns), random_state=self.random_state)
AttributeError: module 'utils' has no attribute 'trial_suggestion'
[W 2023-11-17 15:44:18,378] Trial 14 failed with value None.
[W 2023-11-17 15:44:17,803] Trial 16 failed with parameters: {} because of the following error: AttributeError("module 'utils' has no attribute 'trial_suggestion'").
Traceback (most recent call last):
  File "/home/ketrong/miniconda3/envs/tpot2devenv/lib/python3.10/site-packages/optuna/study/_optimize.py", line 200, in _run_trial
    value_or_values = func(trial)
  File "/common/ketrong/AutoImputeExp/tpot2_imputetest/Impute_Experiments/autoimpute.py", line 55, in obj
    my_params = utils.trial_suggestion(trial, self.model_names, column_len=len(X.columns), random_state=self.random_state)
AttributeError: module 'utils' has no attribute 'trial_suggestion'
[W 2023-11-17 15:44:18,519] Trial 16 failed with value None.
[W 2023-11-17 15:44:17,515] Trial 10 failed with parameters: {} because of the following error: AttributeError("module 'utils' has no attribute 'trial_suggestion'").
Traceback (most recent call last):
  File "/home/ketrong/miniconda3/envs/tpot2devenv/lib/python3.10/site-packages/optuna/study/_optimize.py", line 200, in _run_trial
    value_or_values = func(trial)
  File "/common/ketrong/AutoImputeExp/tpot2_imputetest/Impute_Experiments/autoimpute.py", line 55, in obj
    my_params = utils.trial_suggestion(trial, self.model_names, column_len=len(X.columns), random_state=self.random_state)
AttributeError: module 'utils' has no attribute 'trial_suggestion'
[W 2023-11-17 15:44:18,667] Trial 10 failed with value None.
[W 2023-11-17 15:44:17,947] Trial 19 failed with parameters: {} because of the following error: AttributeError("module 'utils' has no attribute 'trial_suggestion'").
Traceback (most recent call last):
  File "/home/ketrong/miniconda3/envs/tpot2devenv/lib/python3.10/site-packages/optuna/study/_optimize.py", line 200, in _run_trial
    value_or_values = func(trial)
  File "/common/ketrong/AutoImputeExp/tpot2_imputetest/Impute_Experiments/autoimpute.py", line 55, in obj
    my_params = utils.trial_suggestion(trial, self.model_names, column_len=len(X.columns), random_state=self.random_state)
AttributeError: module 'utils' has no attribute 'trial_suggestion'
[W 2023-11-17 15:44:18,812] Trial 19 failed with value None.
[W 2023-11-17 15:44:17,950] Trial 22 failed with parameters: {} because of the following error: AttributeError("module 'utils' has no attribute 'trial_suggestion'").
Traceback (most recent call last):
  File "/home/ketrong/miniconda3/envs/tpot2devenv/lib/python3.10/site-packages/optuna/study/_optimize.py", line 200, in _run_trial
    value_or_values = func(trial)
  File "/common/ketrong/AutoImputeExp/tpot2_imputetest/Impute_Experiments/autoimpute.py", line 55, in obj
    my_params = utils.trial_suggestion(trial, self.model_names, column_len=len(X.columns), random_state=self.random_state)
AttributeError: module 'utils' has no attribute 'trial_suggestion'
[W 2023-11-17 15:44:18,955] Trial 22 failed with value None.
[W 2023-11-17 15:44:17,659] Trial 12 failed with parameters: {} because of the following error: AttributeError("module 'utils' has no attribute 'trial_suggestion'").
Traceback (most recent call last):
  File "/home/ketrong/miniconda3/envs/tpot2devenv/lib/python3.10/site-packages/optuna/study/_optimize.py", line 200, in _run_trial
    value_or_values = func(trial)
  File "/common/ketrong/AutoImputeExp/tpot2_imputetest/Impute_Experiments/autoimpute.py", line 55, in obj
    my_params = utils.trial_suggestion(trial, self.model_names, column_len=len(X.columns), random_state=self.random_state)
AttributeError: module 'utils' has no attribute 'trial_suggestion'
[W 2023-11-17 15:44:19,096] Trial 12 failed with value None.
[W 2023-11-17 15:44:18,094] Trial 24 failed with parameters: {} because of the following error: AttributeError("module 'utils' has no attribute 'trial_suggestion'").
Traceback (most recent call last):
  File "/home/ketrong/miniconda3/envs/tpot2devenv/lib/python3.10/site-packages/optuna/study/_optimize.py", line 200, in _run_trial
    value_or_values = func(trial)
  File "/common/ketrong/AutoImputeExp/tpot2_imputetest/Impute_Experiments/autoimpute.py", line 55, in obj
    my_params = utils.trial_suggestion(trial, self.model_names, column_len=len(X.columns), random_state=self.random_state)
AttributeError: module 'utils' has no attribute 'trial_suggestion'
[W 2023-11-17 15:44:19,241] Trial 24 failed with value None.
[W 2023-11-17 15:44:17,802] Trial 15 failed with parameters: {} because of the following error: AttributeError("module 'utils' has no attribute 'trial_suggestion'").
Traceback (most recent call last):
  File "/home/ketrong/miniconda3/envs/tpot2devenv/lib/python3.10/site-packages/optuna/study/_optimize.py", line 200, in _run_trial
    value_or_values = func(trial)
  File "/common/ketrong/AutoImputeExp/tpot2_imputetest/Impute_Experiments/autoimpute.py", line 55, in obj
    my_params = utils.trial_suggestion(trial, self.model_names, column_len=len(X.columns), random_state=self.random_state)
AttributeError: module 'utils' has no attribute 'trial_suggestion'
[W 2023-11-17 15:44:19,386] Trial 15 failed with value None.
[W 2023-11-17 15:44:17,946] Trial 18 failed with parameters: {} because of the following error: AttributeError("module 'utils' has no attribute 'trial_suggestion'").
Traceback (most recent call last):
  File "/home/ketrong/miniconda3/envs/tpot2devenv/lib/python3.10/site-packages/optuna/study/_optimize.py", line 200, in _run_trial
    value_or_values = func(trial)
  File "/common/ketrong/AutoImputeExp/tpot2_imputetest/Impute_Experiments/autoimpute.py", line 55, in obj
    my_params = utils.trial_suggestion(trial, self.model_names, column_len=len(X.columns), random_state=self.random_state)
AttributeError: module 'utils' has no attribute 'trial_suggestion'
[W 2023-11-17 15:44:19,530] Trial 18 failed with value None.
[W 2023-11-17 15:44:18,665] Trial 26 failed with parameters: {} because of the following error: AttributeError("module 'utils' has no attribute 'trial_suggestion'").
Traceback (most recent call last):
  File "/home/ketrong/miniconda3/envs/tpot2devenv/lib/python3.10/site-packages/optuna/study/_optimize.py", line 200, in _run_trial
    value_or_values = func(trial)
  File "/common/ketrong/AutoImputeExp/tpot2_imputetest/Impute_Experiments/autoimpute.py", line 55, in obj
    my_params = utils.trial_suggestion(trial, self.model_names, column_len=len(X.columns), random_state=self.random_state)
AttributeError: module 'utils' has no attribute 'trial_suggestion'
[W 2023-11-17 15:44:19,676] Trial 26 failed with value None.
[W 2023-11-17 15:44:18,810] Trial 27 failed with parameters: {} because of the following error: AttributeError("module 'utils' has no attribute 'trial_suggestion'").
Traceback (most recent call last):
  File "/home/ketrong/miniconda3/envs/tpot2devenv/lib/python3.10/site-packages/optuna/study/_optimize.py", line 200, in _run_trial
    value_or_values = func(trial)
  File "/common/ketrong/AutoImputeExp/tpot2_imputetest/Impute_Experiments/autoimpute.py", line 55, in obj
    my_params = utils.trial_suggestion(trial, self.model_names, column_len=len(X.columns), random_state=self.random_state)
AttributeError: module 'utils' has no attribute 'trial_suggestion'
[W 2023-11-17 15:44:19,820] Trial 27 failed with value None.
[W 2023-11-17 15:44:19,095] Trial 28 failed with parameters: {} because of the following error: AttributeError("module 'utils' has no attribute 'trial_suggestion'").
Traceback (most recent call last):
  File "/home/ketrong/miniconda3/envs/tpot2devenv/lib/python3.10/site-packages/optuna/study/_optimize.py", line 200, in _run_trial
    value_or_values = func(trial)
  File "/common/ketrong/AutoImputeExp/tpot2_imputetest/Impute_Experiments/autoimpute.py", line 55, in obj
    my_params = utils.trial_suggestion(trial, self.model_names, column_len=len(X.columns), random_state=self.random_state)
AttributeError: module 'utils' has no attribute 'trial_suggestion'
[W 2023-11-17 15:44:19,963] Trial 28 failed with value None.
[W 2023-11-17 15:44:17,800] Trial 13 failed with parameters: {} because of the following error: AttributeError("module 'utils' has no attribute 'trial_suggestion'").
Traceback (most recent call last):
  File "/home/ketrong/miniconda3/envs/tpot2devenv/lib/python3.10/site-packages/optuna/study/_optimize.py", line 200, in _run_trial
    value_or_values = func(trial)
  File "/common/ketrong/AutoImputeExp/tpot2_imputetest/Impute_Experiments/autoimpute.py", line 55, in obj
    my_params = utils.trial_suggestion(trial, self.model_names, column_len=len(X.columns), random_state=self.random_state)
AttributeError: module 'utils' has no attribute 'trial_suggestion'
[W 2023-11-17 15:44:20,106] Trial 13 failed with value None.
[W 2023-11-17 15:44:17,803] Trial 17 failed with parameters: {} because of the following error: AttributeError("module 'utils' has no attribute 'trial_suggestion'").
Traceback (most recent call last):
  File "/home/ketrong/miniconda3/envs/tpot2devenv/lib/python3.10/site-packages/optuna/study/_optimize.py", line 200, in _run_trial
    value_or_values = func(trial)
  File "/common/ketrong/AutoImputeExp/tpot2_imputetest/Impute_Experiments/autoimpute.py", line 55, in obj
    my_params = utils.trial_suggestion(trial, self.model_names, column_len=len(X.columns), random_state=self.random_state)
AttributeError: module 'utils' has no attribute 'trial_suggestion'
[W 2023-11-17 15:44:20,249] Trial 17 failed with value None.
[W 2023-11-17 15:44:19,386] Trial 31 failed with parameters: {} because of the following error: AttributeError("module 'utils' has no attribute 'trial_suggestion'").
Traceback (most recent call last):
  File "/home/ketrong/miniconda3/envs/tpot2devenv/lib/python3.10/site-packages/optuna/study/_optimize.py", line 200, in _run_trial
    value_or_values = func(trial)
  File "/common/ketrong/AutoImputeExp/tpot2_imputetest/Impute_Experiments/autoimpute.py", line 55, in obj
    my_params = utils.trial_suggestion(trial, self.model_names, column_len=len(X.columns), random_state=self.random_state)
AttributeError: module 'utils' has no attribute 'trial_suggestion'
[W 2023-11-17 15:44:20,391] Trial 31 failed with value None.
[W 2023-11-17 15:44:17,948] Trial 20 failed with parameters: {} because of the following error: AttributeError("module 'utils' has no attribute 'trial_suggestion'").
Traceback (most recent call last):
  File "/home/ketrong/miniconda3/envs/tpot2devenv/lib/python3.10/site-packages/optuna/study/_optimize.py", line 200, in _run_trial
    value_or_values = func(trial)
  File "/common/ketrong/AutoImputeExp/tpot2_imputetest/Impute_Experiments/autoimpute.py", line 55, in obj
    my_params = utils.trial_suggestion(trial, self.model_names, column_len=len(X.columns), random_state=self.random_state)
AttributeError: module 'utils' has no attribute 'trial_suggestion'
[W 2023-11-17 15:44:20,536] Trial 20 failed with value None.
[W 2023-11-17 15:44:17,949] Trial 21 failed with parameters: {} because of the following error: AttributeError("module 'utils' has no attribute 'trial_suggestion'").
Traceback (most recent call last):
  File "/home/ketrong/miniconda3/envs/tpot2devenv/lib/python3.10/site-packages/optuna/study/_optimize.py", line 200, in _run_trial
    value_or_values = func(trial)
  File "/common/ketrong/AutoImputeExp/tpot2_imputetest/Impute_Experiments/autoimpute.py", line 55, in obj
    my_params = utils.trial_suggestion(trial, self.model_names, column_len=len(X.columns), random_state=self.random_state)
AttributeError: module 'utils' has no attribute 'trial_suggestion'
[W 2023-11-17 15:44:20,678] Trial 21 failed with value None.
[W 2023-11-17 15:44:19,819] Trial 34 failed with parameters: {} because of the following error: AttributeError("module 'utils' has no attribute 'trial_suggestion'").
Traceback (most recent call last):
  File "/home/ketrong/miniconda3/envs/tpot2devenv/lib/python3.10/site-packages/optuna/study/_optimize.py", line 200, in _run_trial
    value_or_values = func(trial)
  File "/common/ketrong/AutoImputeExp/tpot2_imputetest/Impute_Experiments/autoimpute.py", line 55, in obj
    my_params = utils.trial_suggestion(trial, self.model_names, column_len=len(X.columns), random_state=self.random_state)
AttributeError: module 'utils' has no attribute 'trial_suggestion'
[W 2023-11-17 15:44:20,820] Trial 34 failed with value None.
[W 2023-11-17 15:44:19,820] Trial 35 failed with parameters: {} because of the following error: AttributeError("module 'utils' has no attribute 'trial_suggestion'").
Traceback (most recent call last):
  File "/home/ketrong/miniconda3/envs/tpot2devenv/lib/python3.10/site-packages/optuna/study/_optimize.py", line 200, in _run_trial
    value_or_values = func(trial)
  File "/common/ketrong/AutoImputeExp/tpot2_imputetest/Impute_Experiments/autoimpute.py", line 55, in obj
    my_params = utils.trial_suggestion(trial, self.model_names, column_len=len(X.columns), random_state=self.random_state)
AttributeError: module 'utils' has no attribute 'trial_suggestion'
[W 2023-11-17 15:44:20,963] Trial 35 failed with value None.
[W 2023-11-17 15:44:20,106] Trial 36 failed with parameters: {} because of the following error: AttributeError("module 'utils' has no attribute 'trial_suggestion'").
Traceback (most recent call last):
  File "/home/ketrong/miniconda3/envs/tpot2devenv/lib/python3.10/site-packages/optuna/study/_optimize.py", line 200, in _run_trial
    value_or_values = func(trial)
  File "/common/ketrong/AutoImputeExp/tpot2_imputetest/Impute_Experiments/autoimpute.py", line 55, in obj
    my_params = utils.trial_suggestion(trial, self.model_names, column_len=len(X.columns), random_state=self.random_state)
AttributeError: module 'utils' has no attribute 'trial_suggestion'
[W 2023-11-17 15:44:21,107] Trial 36 failed with value None.
[W 2023-11-17 15:44:18,664] Trial 25 failed with parameters: {} because of the following error: AttributeError("module 'utils' has no attribute 'trial_suggestion'").
Traceback (most recent call last):
  File "/home/ketrong/miniconda3/envs/tpot2devenv/lib/python3.10/site-packages/optuna/study/_optimize.py", line 200, in _run_trial
    value_or_values = func(trial)
  File "/common/ketrong/AutoImputeExp/tpot2_imputetest/Impute_Experiments/autoimpute.py", line 55, in obj
    my_params = utils.trial_suggestion(trial, self.model_names, column_len=len(X.columns), random_state=self.random_state)
AttributeError: module 'utils' has no attribute 'trial_suggestion'
[W 2023-11-17 15:44:21,249] Trial 25 failed with value None.
[W 2023-11-17 15:44:19,818] Trial 33 failed with parameters: {} because of the following error: AttributeError("module 'utils' has no attribute 'trial_suggestion'").
Traceback (most recent call last):
  File "/home/ketrong/miniconda3/envs/tpot2devenv/lib/python3.10/site-packages/optuna/study/_optimize.py", line 200, in _run_trial
    value_or_values = func(trial)
  File "/common/ketrong/AutoImputeExp/tpot2_imputetest/Impute_Experiments/autoimpute.py", line 55, in obj
    my_params = utils.trial_suggestion(trial, self.model_names, column_len=len(X.columns), random_state=self.random_state)
AttributeError: module 'utils' has no attribute 'trial_suggestion'
[W 2023-11-17 15:44:21,394] Trial 33 failed with value None.
[W 2023-11-17 15:44:18,094] Trial 23 failed with parameters: {} because of the following error: AttributeError("module 'utils' has no attribute 'trial_suggestion'").
Traceback (most recent call last):
  File "/home/ketrong/miniconda3/envs/tpot2devenv/lib/python3.10/site-packages/optuna/study/_optimize.py", line 200, in _run_trial
    value_or_values = func(trial)
  File "/common/ketrong/AutoImputeExp/tpot2_imputetest/Impute_Experiments/autoimpute.py", line 55, in obj
    my_params = utils.trial_suggestion(trial, self.model_names, column_len=len(X.columns), random_state=self.random_state)
AttributeError: module 'utils' has no attribute 'trial_suggestion'
[W 2023-11-17 15:44:21,535] Trial 23 failed with value None.
[W 2023-11-17 15:44:19,241] Trial 30 failed with parameters: {} because of the following error: AttributeError("module 'utils' has no attribute 'trial_suggestion'").
Traceback (most recent call last):
  File "/home/ketrong/miniconda3/envs/tpot2devenv/lib/python3.10/site-packages/optuna/study/_optimize.py", line 200, in _run_trial
    value_or_values = func(trial)
  File "/common/ketrong/AutoImputeExp/tpot2_imputetest/Impute_Experiments/autoimpute.py", line 55, in obj
    my_params = utils.trial_suggestion(trial, self.model_names, column_len=len(X.columns), random_state=self.random_state)
AttributeError: module 'utils' has no attribute 'trial_suggestion'
[W 2023-11-17 15:44:21,676] Trial 30 failed with value None.
[W 2023-11-17 15:44:19,239] Trial 29 failed with parameters: {} because of the following error: AttributeError("module 'utils' has no attribute 'trial_suggestion'").
Traceback (most recent call last):
  File "/home/ketrong/miniconda3/envs/tpot2devenv/lib/python3.10/site-packages/optuna/study/_optimize.py", line 200, in _run_trial
    value_or_values = func(trial)
  File "/common/ketrong/AutoImputeExp/tpot2_imputetest/Impute_Experiments/autoimpute.py", line 55, in obj
    my_params = utils.trial_suggestion(trial, self.model_names, column_len=len(X.columns), random_state=self.random_state)
AttributeError: module 'utils' has no attribute 'trial_suggestion'
[W 2023-11-17 15:44:21,819] Trial 29 failed with value None.
[W 2023-11-17 15:44:19,676] Trial 32 failed with parameters: {} because of the following error: AttributeError("module 'utils' has no attribute 'trial_suggestion'").
Traceback (most recent call last):
  File "/home/ketrong/miniconda3/envs/tpot2devenv/lib/python3.10/site-packages/optuna/study/_optimize.py", line 200, in _run_trial
    value_or_values = func(trial)
  File "/common/ketrong/AutoImputeExp/tpot2_imputetest/Impute_Experiments/autoimpute.py", line 55, in obj
    my_params = utils.trial_suggestion(trial, self.model_names, column_len=len(X.columns), random_state=self.random_state)
AttributeError: module 'utils' has no attribute 'trial_suggestion'
[W 2023-11-17 15:44:21,962] Trial 32 failed with value None.
[W 2023-11-17 15:44:21,676] Trial 39 failed with parameters: {} because of the following error: AttributeError("module 'utils' has no attribute 'trial_suggestion'").
Traceback (most recent call last):
  File "/home/ketrong/miniconda3/envs/tpot2devenv/lib/python3.10/site-packages/optuna/study/_optimize.py", line 200, in _run_trial
    value_or_values = func(trial)
  File "/common/ketrong/AutoImputeExp/tpot2_imputetest/Impute_Experiments/autoimpute.py", line 55, in obj
    my_params = utils.trial_suggestion(trial, self.model_names, column_len=len(X.columns), random_state=self.random_state)
AttributeError: module 'utils' has no attribute 'trial_suggestion'
[W 2023-11-17 15:44:21,818] Trial 40 failed with parameters: {} because of the following error: AttributeError("module 'utils' has no attribute 'trial_suggestion'").
Traceback (most recent call last):
  File "/home/ketrong/miniconda3/envs/tpot2devenv/lib/python3.10/site-packages/optuna/study/_optimize.py", line 200, in _run_trial
    value_or_values = func(trial)
  File "/common/ketrong/AutoImputeExp/tpot2_imputetest/Impute_Experiments/autoimpute.py", line 55, in obj
    my_params = utils.trial_suggestion(trial, self.model_names, column_len=len(X.columns), random_state=self.random_state)
AttributeError: module 'utils' has no attribute 'trial_suggestion'
[W 2023-11-17 15:44:22,105] Trial 40 failed with value None.
[W 2023-11-17 15:44:21,535] Trial 38 failed with parameters: {} because of the following error: AttributeError("module 'utils' has no attribute 'trial_suggestion'").
Traceback (most recent call last):
  File "/home/ketrong/miniconda3/envs/tpot2devenv/lib/python3.10/site-packages/optuna/study/_optimize.py", line 200, in _run_trial
    value_or_values = func(trial)
  File "/common/ketrong/AutoImputeExp/tpot2_imputetest/Impute_Experiments/autoimpute.py", line 55, in obj
    my_params = utils.trial_suggestion(trial, self.model_names, column_len=len(X.columns), random_state=self.random_state)
AttributeError: module 'utils' has no attribute 'trial_suggestion'
[W 2023-11-17 15:44:22,248] Trial 38 failed with value None.
[W 2023-11-17 15:44:20,677] Trial 37 failed with parameters: {} because of the following error: AttributeError("module 'utils' has no attribute 'trial_suggestion'").
Traceback (most recent call last):
  File "/home/ketrong/miniconda3/envs/tpot2devenv/lib/python3.10/site-packages/optuna/study/_optimize.py", line 200, in _run_trial
    value_or_values = func(trial)
  File "/common/ketrong/AutoImputeExp/tpot2_imputetest/Impute_Experiments/autoimpute.py", line 55, in obj
    my_params = utils.trial_suggestion(trial, self.model_names, column_len=len(X.columns), random_state=self.random_state)
AttributeError: module 'utils' has no attribute 'trial_suggestion'
[W 2023-11-17 15:44:22,391] Trial 37 failed with value None.
[W 2023-11-17 15:44:22,105] Trial 39 failed with value None.
[W 2023-11-17 15:44:22,247] Trial 43 failed with parameters: {} because of the following error: AttributeError("module 'utils' has no attribute 'trial_suggestion'").
Traceback (most recent call last):
  File "/home/ketrong/miniconda3/envs/tpot2devenv/lib/python3.10/site-packages/optuna/study/_optimize.py", line 200, in _run_trial
    value_or_values = func(trial)
  File "/common/ketrong/AutoImputeExp/tpot2_imputetest/Impute_Experiments/autoimpute.py", line 55, in obj
    my_params = utils.trial_suggestion(trial, self.model_names, column_len=len(X.columns), random_state=self.random_state)
AttributeError: module 'utils' has no attribute 'trial_suggestion'
[W 2023-11-17 15:44:22,678] Trial 43 failed with value None.
[W 2023-11-17 15:44:22,248] Trial 44 failed with parameters: {} because of the following error: AttributeError("module 'utils' has no attribute 'trial_suggestion'").
Traceback (most recent call last):
  File "/home/ketrong/miniconda3/envs/tpot2devenv/lib/python3.10/site-packages/optuna/study/_optimize.py", line 200, in _run_trial
    value_or_values = func(trial)
  File "/common/ketrong/AutoImputeExp/tpot2_imputetest/Impute_Experiments/autoimpute.py", line 55, in obj
    my_params = utils.trial_suggestion(trial, self.model_names, column_len=len(X.columns), random_state=self.random_state)
AttributeError: module 'utils' has no attribute 'trial_suggestion'
[W 2023-11-17 15:44:22,819] Trial 44 failed with value None.
[W 2023-11-17 15:44:21,820] Trial 41 failed with parameters: {} because of the following error: AttributeError("module 'utils' has no attribute 'trial_suggestion'").
Traceback (most recent call last):
  File "/home/ketrong/miniconda3/envs/tpot2devenv/lib/python3.10/site-packages/optuna/study/_optimize.py", line 200, in _run_trial
    value_or_values = func(trial)
  File "/common/ketrong/AutoImputeExp/tpot2_imputetest/Impute_Experiments/autoimpute.py", line 55, in obj
    my_params = utils.trial_suggestion(trial, self.model_names, column_len=len(X.columns), random_state=self.random_state)
AttributeError: module 'utils' has no attribute 'trial_suggestion'
[W 2023-11-17 15:44:22,961] Trial 41 failed with value None.
[W 2023-11-17 15:44:21,962] Trial 42 failed with parameters: {} because of the following error: AttributeError("module 'utils' has no attribute 'trial_suggestion'").
Traceback (most recent call last):
  File "/home/ketrong/miniconda3/envs/tpot2devenv/lib/python3.10/site-packages/optuna/study/_optimize.py", line 200, in _run_trial
    value_or_values = func(trial)
  File "/common/ketrong/AutoImputeExp/tpot2_imputetest/Impute_Experiments/autoimpute.py", line 55, in obj
    my_params = utils.trial_suggestion(trial, self.model_names, column_len=len(X.columns), random_state=self.random_state)
AttributeError: module 'utils' has no attribute 'trial_suggestion'
[W 2023-11-17 15:44:23,107] Trial 42 failed with value None.
[W 2023-11-17 15:44:22,677] Trial 45 failed with parameters: {} because of the following error: AttributeError("module 'utils' has no attribute 'trial_suggestion'").
Traceback (most recent call last):
  File "/home/ketrong/miniconda3/envs/tpot2devenv/lib/python3.10/site-packages/optuna/study/_optimize.py", line 200, in _run_trial
    value_or_values = func(trial)
  File "/common/ketrong/AutoImputeExp/tpot2_imputetest/Impute_Experiments/autoimpute.py", line 55, in obj
    my_params = utils.trial_suggestion(trial, self.model_names, column_len=len(X.columns), random_state=self.random_state)
AttributeError: module 'utils' has no attribute 'trial_suggestion'
[W 2023-11-17 15:44:23,249] Trial 45 failed with value None.
[W 2023-11-17 15:44:23,107] Trial 47 failed with parameters: {} because of the following error: AttributeError("module 'utils' has no attribute 'trial_suggestion'").
Traceback (most recent call last):
  File "/home/ketrong/miniconda3/envs/tpot2devenv/lib/python3.10/site-packages/optuna/study/_optimize.py", line 200, in _run_trial
    value_or_values = func(trial)
  File "/common/ketrong/AutoImputeExp/tpot2_imputetest/Impute_Experiments/autoimpute.py", line 55, in obj
    my_params = utils.trial_suggestion(trial, self.model_names, column_len=len(X.columns), random_state=self.random_state)
AttributeError: module 'utils' has no attribute 'trial_suggestion'
[W 2023-11-17 15:44:23,392] Trial 47 failed with value None.
[W 2023-11-17 15:44:22,678] Trial 46 failed with parameters: {} because of the following error: AttributeError("module 'utils' has no attribute 'trial_suggestion'").
Traceback (most recent call last):
  File "/home/ketrong/miniconda3/envs/tpot2devenv/lib/python3.10/site-packages/optuna/study/_optimize.py", line 200, in _run_trial
    value_or_values = func(trial)
  File "/common/ketrong/AutoImputeExp/tpot2_imputetest/Impute_Experiments/autoimpute.py", line 55, in obj
    my_params = utils.trial_suggestion(trial, self.model_names, column_len=len(X.columns), random_state=self.random_state)
AttributeError: module 'utils' has no attribute 'trial_suggestion'
[W 2023-11-17 15:44:23,535] Trial 46 failed with value None.
failed on 
tpot2_imputetest/Impute_Experiments/logs//tpot2_base_normal_6_0.01_MCAR_0
module 'utils' has no attribute 'trial_suggestion'
Traceback (most recent call last):
  File "/common/ketrong/AutoImputeExp/tpot2_imputetest/Impute_Experiments/utils.py", line 169, in loop_through_tasks
    SimpleImputeSpace.fit(X_train_pandas)
  File "/common/ketrong/AutoImputeExp/tpot2_imputetest/Impute_Experiments/autoimpute.py", line 59, in fit
    self.study.optimize(obj, n_trials=self.n_trials, n_jobs=self.n_jobs, show_progress_bar=self.show_progress, gc_after_trial=self.garbage_collect)
  File "/home/ketrong/miniconda3/envs/tpot2devenv/lib/python3.10/site-packages/optuna/study/study.py", line 451, in optimize
    _optimize(
  File "/home/ketrong/miniconda3/envs/tpot2devenv/lib/python3.10/site-packages/optuna/study/_optimize.py", line 103, in _optimize
    f.result()
  File "/home/ketrong/miniconda3/envs/tpot2devenv/lib/python3.10/concurrent/futures/_base.py", line 451, in result
    return self.__get_result()
  File "/home/ketrong/miniconda3/envs/tpot2devenv/lib/python3.10/concurrent/futures/_base.py", line 403, in __get_result
    raise self._exception
  File "/home/ketrong/miniconda3/envs/tpot2devenv/lib/python3.10/concurrent/futures/thread.py", line 58, in run
    result = self.fn(*self.args, **self.kwargs)
  File "/home/ketrong/miniconda3/envs/tpot2devenv/lib/python3.10/site-packages/optuna/study/_optimize.py", line 163, in _optimize_sequential
    frozen_trial = _run_trial(study, func, catch)
  File "/home/ketrong/miniconda3/envs/tpot2devenv/lib/python3.10/site-packages/optuna/study/_optimize.py", line 251, in _run_trial
    raise func_err
  File "/home/ketrong/miniconda3/envs/tpot2devenv/lib/python3.10/site-packages/optuna/study/_optimize.py", line 200, in _run_trial
    value_or_values = func(trial)
  File "/common/ketrong/AutoImputeExp/tpot2_imputetest/Impute_Experiments/autoimpute.py", line 55, in obj
    my_params = utils.trial_suggestion(trial, self.model_names, column_len=len(X.columns), random_state=self.random_state)
AttributeError: module 'utils' has no attribute 'trial_suggestion'

DONE
