/cm/local/apps/slurm/var/spool/job402236/slurm_script: line 19: /common/ketrong/minconda3/etc/profile.d/conda.sh: No such file or directory
/cm/local/apps/slurm/var/spool/job402236/slurm_script: line 22: $'\nconda create --name tpot2devenv -c conda-forge python=3.10\n': command not found
/cm/local/apps/slurm/var/spool/job402236/slurm_script: line 27: $'\npip install -r requirements.txt\n': command not found
RunStart
2023-11-21 09:45:59.494590: I tensorflow/core/util/port.cc:113] oneDNN custom operations are on. You may see slightly different numerical results due to floating-point round-off errors from different computation orders. To turn them off, set the environment variable `TF_ENABLE_ONEDNN_OPTS=0`.
2023-11-21 09:45:59.529624: E external/local_xla/xla/stream_executor/cuda/cuda_dnn.cc:9261] Unable to register cuDNN factory: Attempting to register factory for plugin cuDNN when one has already been registered
2023-11-21 09:45:59.529649: E external/local_xla/xla/stream_executor/cuda/cuda_fft.cc:607] Unable to register cuFFT factory: Attempting to register factory for plugin cuFFT when one has already been registered
2023-11-21 09:45:59.530766: E external/local_xla/xla/stream_executor/cuda/cuda_blas.cc:1515] Unable to register cuBLAS factory: Attempting to register factory for plugin cuBLAS when one has already been registered
2023-11-21 09:45:59.536298: I tensorflow/core/platform/cpu_feature_guard.cc:182] This TensorFlow binary is optimized to use available CPU instructions in performance-critical operations.
To enable the following instructions: AVX2 AVX512F AVX512_VNNI FMA, in other operations, rebuild TensorFlow with the appropriate compiler flags.
2023-11-21 09:46:15.101853: W tensorflow/compiler/tf2tensorrt/utils/py_utils.cc:38] TF-TRT Warning: Could not find TensorRT
WARNING:tensorflow:From /home/ketrong/miniconda3/envs/tpot2devenv/lib/python3.10/site-packages/tensorflow/python/compat/v2_compat.py:108: disable_resource_variables (from tensorflow.python.ops.variable_scope) is deprecated and will be removed in a future version.
Instructions for updating:
non-resource variables are not supported in the long term
working on 
tpot2_imputetest/Impute_Experiments/logs//tpot2_base_imputation_6_0.3_MNAR_0
loading data
tpot2_imputetest/Impute_Experiments/data/6_True.pkl
running experiment 1/3 - Does large hyperparameter space improve reconstruction accuracy over simple
[I 2023-11-21 09:47:20,211] A new study created in memory with name: no-name-6ad18515-1930-439d-9178-e10e6da2fe9f
[W 2023-11-21 09:47:20,213] Trial 0 failed with parameters: {'model_name': 'SimpleImputer', 'strategy': 'most_frequent'} because of the following error: TypeError("SimpleImputer.__init__() got an unexpected keyword argument 'random_state'").
Traceback (most recent call last):
  File "/home/ketrong/miniconda3/envs/tpot2devenv/lib/python3.10/site-packages/optuna/study/_optimize.py", line 200, in _run_trial
    value_or_values = func(trial)
  File "/common/ketrong/AutoImputeExp/tpot2_imputetest/Impute_Experiments/autoimpute.py", line 57, in obj
    my_model = autoutils.MyModel(random_state = self.random_state, **my_params)
  File "/common/ketrong/AutoImputeExp/tpot2_imputetest/Impute_Experiments/autoutils.py", line 35, in MyModel
    my_model = SimpleImputer(
TypeError: SimpleImputer.__init__() got an unexpected keyword argument 'random_state'
[W 2023-11-21 09:47:20,225] Trial 0 failed with value None.
[W 2023-11-21 09:47:20,215] Trial 2 failed with parameters: {'model_name': 'SimpleImputer', 'strategy': 'median'} because of the following error: TypeError("SimpleImputer.__init__() got an unexpected keyword argument 'random_state'").
Traceback (most recent call last):
  File "/home/ketrong/miniconda3/envs/tpot2devenv/lib/python3.10/site-packages/optuna/study/_optimize.py", line 200, in _run_trial
    value_or_values = func(trial)
  File "/common/ketrong/AutoImputeExp/tpot2_imputetest/Impute_Experiments/autoimpute.py", line 57, in obj
    my_model = autoutils.MyModel(random_state = self.random_state, **my_params)
  File "/common/ketrong/AutoImputeExp/tpot2_imputetest/Impute_Experiments/autoutils.py", line 35, in MyModel
    my_model = SimpleImputer(
TypeError: SimpleImputer.__init__() got an unexpected keyword argument 'random_state'
[W 2023-11-21 09:47:20,436] Trial 2 failed with value None.
[W 2023-11-21 09:47:20,217] Trial 4 failed with parameters: {'model_name': 'SimpleImputer', 'strategy': 'mean'} because of the following error: TypeError("SimpleImputer.__init__() got an unexpected keyword argument 'random_state'").
Traceback (most recent call last):
  File "/home/ketrong/miniconda3/envs/tpot2devenv/lib/python3.10/site-packages/optuna/study/_optimize.py", line 200, in _run_trial
    value_or_values = func(trial)
  File "/common/ketrong/AutoImputeExp/tpot2_imputetest/Impute_Experiments/autoimpute.py", line 57, in obj
    my_model = autoutils.MyModel(random_state = self.random_state, **my_params)
  File "/common/ketrong/AutoImputeExp/tpot2_imputetest/Impute_Experiments/autoutils.py", line 35, in MyModel
    my_model = SimpleImputer(
TypeError: SimpleImputer.__init__() got an unexpected keyword argument 'random_state'
[W 2023-11-21 09:47:20,584] Trial 4 failed with value None.
[W 2023-11-21 09:47:20,219] Trial 6 failed with parameters: {'model_name': 'SimpleImputer', 'strategy': 'mean'} because of the following error: TypeError("SimpleImputer.__init__() got an unexpected keyword argument 'random_state'").
Traceback (most recent call last):
  File "/home/ketrong/miniconda3/envs/tpot2devenv/lib/python3.10/site-packages/optuna/study/_optimize.py", line 200, in _run_trial
    value_or_values = func(trial)
  File "/common/ketrong/AutoImputeExp/tpot2_imputetest/Impute_Experiments/autoimpute.py", line 57, in obj
    my_model = autoutils.MyModel(random_state = self.random_state, **my_params)
  File "/common/ketrong/AutoImputeExp/tpot2_imputetest/Impute_Experiments/autoutils.py", line 35, in MyModel
    my_model = SimpleImputer(
TypeError: SimpleImputer.__init__() got an unexpected keyword argument 'random_state'
[W 2023-11-21 09:47:20,732] Trial 6 failed with value None.
[W 2023-11-21 09:47:20,221] Trial 8 failed with parameters: {'model_name': 'SimpleImputer', 'strategy': 'constant'} because of the following error: TypeError("SimpleImputer.__init__() got an unexpected keyword argument 'random_state'").
Traceback (most recent call last):
  File "/home/ketrong/miniconda3/envs/tpot2devenv/lib/python3.10/site-packages/optuna/study/_optimize.py", line 200, in _run_trial
    value_or_values = func(trial)
  File "/common/ketrong/AutoImputeExp/tpot2_imputetest/Impute_Experiments/autoimpute.py", line 57, in obj
    my_model = autoutils.MyModel(random_state = self.random_state, **my_params)
  File "/common/ketrong/AutoImputeExp/tpot2_imputetest/Impute_Experiments/autoutils.py", line 35, in MyModel
    my_model = SimpleImputer(
TypeError: SimpleImputer.__init__() got an unexpected keyword argument 'random_state'
[W 2023-11-21 09:47:20,877] Trial 8 failed with value None.
[W 2023-11-21 09:47:20,223] Trial 10 failed with parameters: {'model_name': 'SimpleImputer', 'strategy': 'mean'} because of the following error: TypeError("SimpleImputer.__init__() got an unexpected keyword argument 'random_state'").
Traceback (most recent call last):
  File "/home/ketrong/miniconda3/envs/tpot2devenv/lib/python3.10/site-packages/optuna/study/_optimize.py", line 200, in _run_trial
    value_or_values = func(trial)
  File "/common/ketrong/AutoImputeExp/tpot2_imputetest/Impute_Experiments/autoimpute.py", line 57, in obj
    my_model = autoutils.MyModel(random_state = self.random_state, **my_params)
  File "/common/ketrong/AutoImputeExp/tpot2_imputetest/Impute_Experiments/autoutils.py", line 35, in MyModel
    my_model = SimpleImputer(
TypeError: SimpleImputer.__init__() got an unexpected keyword argument 'random_state'
[W 2023-11-21 09:47:20,224] Trial 11 failed with parameters: {'model_name': 'SimpleImputer', 'strategy': 'mean'} because of the following error: TypeError("SimpleImputer.__init__() got an unexpected keyword argument 'random_state'").
Traceback (most recent call last):
  File "/home/ketrong/miniconda3/envs/tpot2devenv/lib/python3.10/site-packages/optuna/study/_optimize.py", line 200, in _run_trial
    value_or_values = func(trial)
  File "/common/ketrong/AutoImputeExp/tpot2_imputetest/Impute_Experiments/autoimpute.py", line 57, in obj
    my_model = autoutils.MyModel(random_state = self.random_state, **my_params)
  File "/common/ketrong/AutoImputeExp/tpot2_imputetest/Impute_Experiments/autoutils.py", line 35, in MyModel
    my_model = SimpleImputer(
TypeError: SimpleImputer.__init__() got an unexpected keyword argument 'random_state'
[W 2023-11-21 09:47:21,024] Trial 11 failed with value None.
[W 2023-11-21 09:47:20,214] Trial 1 failed with parameters: {'model_name': 'SimpleImputer', 'strategy': 'most_frequent'} because of the following error: TypeError("SimpleImputer.__init__() got an unexpected keyword argument 'random_state'").
Traceback (most recent call last):
  File "/home/ketrong/miniconda3/envs/tpot2devenv/lib/python3.10/site-packages/optuna/study/_optimize.py", line 200, in _run_trial
    value_or_values = func(trial)
  File "/common/ketrong/AutoImputeExp/tpot2_imputetest/Impute_Experiments/autoimpute.py", line 57, in obj
    my_model = autoutils.MyModel(random_state = self.random_state, **my_params)
  File "/common/ketrong/AutoImputeExp/tpot2_imputetest/Impute_Experiments/autoutils.py", line 35, in MyModel
    my_model = SimpleImputer(
TypeError: SimpleImputer.__init__() got an unexpected keyword argument 'random_state'
[W 2023-11-21 09:47:21,168] Trial 1 failed with value None.
[W 2023-11-21 09:47:20,216] Trial 3 failed with parameters: {'model_name': 'SimpleImputer', 'strategy': 'median'} because of the following error: TypeError("SimpleImputer.__init__() got an unexpected keyword argument 'random_state'").
Traceback (most recent call last):
  File "/home/ketrong/miniconda3/envs/tpot2devenv/lib/python3.10/site-packages/optuna/study/_optimize.py", line 200, in _run_trial
    value_or_values = func(trial)
  File "/common/ketrong/AutoImputeExp/tpot2_imputetest/Impute_Experiments/autoimpute.py", line 57, in obj
    my_model = autoutils.MyModel(random_state = self.random_state, **my_params)
  File "/common/ketrong/AutoImputeExp/tpot2_imputetest/Impute_Experiments/autoutils.py", line 35, in MyModel
    my_model = SimpleImputer(
TypeError: SimpleImputer.__init__() got an unexpected keyword argument 'random_state'
[W 2023-11-21 09:47:21,313] Trial 3 failed with value None.
[W 2023-11-21 09:47:20,728] Trial 14 failed with parameters: {'model_name': 'SimpleImputer', 'strategy': 'constant'} because of the following error: TypeError("SimpleImputer.__init__() got an unexpected keyword argument 'random_state'").
Traceback (most recent call last):
  File "/home/ketrong/miniconda3/envs/tpot2devenv/lib/python3.10/site-packages/optuna/study/_optimize.py", line 200, in _run_trial
    value_or_values = func(trial)
  File "/common/ketrong/AutoImputeExp/tpot2_imputetest/Impute_Experiments/autoimpute.py", line 57, in obj
    my_model = autoutils.MyModel(random_state = self.random_state, **my_params)
  File "/common/ketrong/AutoImputeExp/tpot2_imputetest/Impute_Experiments/autoutils.py", line 35, in MyModel
    my_model = SimpleImputer(
TypeError: SimpleImputer.__init__() got an unexpected keyword argument 'random_state'
[W 2023-11-21 09:47:21,457] Trial 14 failed with value None.
[W 2023-11-21 09:47:20,730] Trial 16 failed with parameters: {'model_name': 'SimpleImputer', 'strategy': 'most_frequent'} because of the following error: TypeError("SimpleImputer.__init__() got an unexpected keyword argument 'random_state'").
Traceback (most recent call last):
  File "/home/ketrong/miniconda3/envs/tpot2devenv/lib/python3.10/site-packages/optuna/study/_optimize.py", line 200, in _run_trial
    value_or_values = func(trial)
  File "/common/ketrong/AutoImputeExp/tpot2_imputetest/Impute_Experiments/autoimpute.py", line 57, in obj
    my_model = autoutils.MyModel(random_state = self.random_state, **my_params)
  File "/common/ketrong/AutoImputeExp/tpot2_imputetest/Impute_Experiments/autoutils.py", line 35, in MyModel
    my_model = SimpleImputer(
TypeError: SimpleImputer.__init__() got an unexpected keyword argument 'random_state'
[W 2023-11-21 09:47:21,603] Trial 16 failed with value None.
[W 2023-11-21 09:47:20,731] Trial 17 failed with parameters: {'model_name': 'SimpleImputer', 'strategy': 'constant'} because of the following error: TypeError("SimpleImputer.__init__() got an unexpected keyword argument 'random_state'").
Traceback (most recent call last):
  File "/home/ketrong/miniconda3/envs/tpot2devenv/lib/python3.10/site-packages/optuna/study/_optimize.py", line 200, in _run_trial
    value_or_values = func(trial)
  File "/common/ketrong/AutoImputeExp/tpot2_imputetest/Impute_Experiments/autoimpute.py", line 57, in obj
    my_model = autoutils.MyModel(random_state = self.random_state, **my_params)
  File "/common/ketrong/AutoImputeExp/tpot2_imputetest/Impute_Experiments/autoutils.py", line 35, in MyModel
    my_model = SimpleImputer(
TypeError: SimpleImputer.__init__() got an unexpected keyword argument 'random_state'
[W 2023-11-21 09:47:21,748] Trial 17 failed with value None.
[W 2023-11-21 09:47:21,022] Trial 10 failed with value None.
[W 2023-11-21 09:47:20,435] Trial 12 failed with parameters: {'model_name': 'SimpleImputer', 'strategy': 'mean'} because of the following error: TypeError("SimpleImputer.__init__() got an unexpected keyword argument 'random_state'").
Traceback (most recent call last):
  File "/home/ketrong/miniconda3/envs/tpot2devenv/lib/python3.10/site-packages/optuna/study/_optimize.py", line 200, in _run_trial
    value_or_values = func(trial)
  File "/common/ketrong/AutoImputeExp/tpot2_imputetest/Impute_Experiments/autoimpute.py", line 57, in obj
    my_model = autoutils.MyModel(random_state = self.random_state, **my_params)
  File "/common/ketrong/AutoImputeExp/tpot2_imputetest/Impute_Experiments/autoutils.py", line 35, in MyModel
    my_model = SimpleImputer(
TypeError: SimpleImputer.__init__() got an unexpected keyword argument 'random_state'
[W 2023-11-21 09:47:22,036] Trial 12 failed with value None.
[W 2023-11-21 09:47:20,218] Trial 5 failed with parameters: {'model_name': 'SimpleImputer', 'strategy': 'median'} because of the following error: TypeError("SimpleImputer.__init__() got an unexpected keyword argument 'random_state'").
Traceback (most recent call last):
  File "/home/ketrong/miniconda3/envs/tpot2devenv/lib/python3.10/site-packages/optuna/study/_optimize.py", line 200, in _run_trial
    value_or_values = func(trial)
  File "/common/ketrong/AutoImputeExp/tpot2_imputetest/Impute_Experiments/autoimpute.py", line 57, in obj
    my_model = autoutils.MyModel(random_state = self.random_state, **my_params)
  File "/common/ketrong/AutoImputeExp/tpot2_imputetest/Impute_Experiments/autoutils.py", line 35, in MyModel
    my_model = SimpleImputer(
TypeError: SimpleImputer.__init__() got an unexpected keyword argument 'random_state'
[W 2023-11-21 09:47:22,185] Trial 5 failed with value None.
[W 2023-11-21 09:47:20,730] Trial 15 failed with parameters: {'model_name': 'SimpleImputer', 'strategy': 'mean'} because of the following error: TypeError("SimpleImputer.__init__() got an unexpected keyword argument 'random_state'").
Traceback (most recent call last):
  File "/home/ketrong/miniconda3/envs/tpot2devenv/lib/python3.10/site-packages/optuna/study/_optimize.py", line 200, in _run_trial
    value_or_values = func(trial)
  File "/common/ketrong/AutoImputeExp/tpot2_imputetest/Impute_Experiments/autoimpute.py", line 57, in obj
    my_model = autoutils.MyModel(random_state = self.random_state, **my_params)
  File "/common/ketrong/AutoImputeExp/tpot2_imputetest/Impute_Experiments/autoutils.py", line 35, in MyModel
    my_model = SimpleImputer(
TypeError: SimpleImputer.__init__() got an unexpected keyword argument 'random_state'
[W 2023-11-21 09:47:22,327] Trial 15 failed with value None.
[W 2023-11-21 09:47:21,603] Trial 19 failed with parameters: {'model_name': 'SimpleImputer', 'strategy': 'most_frequent'} because of the following error: TypeError("SimpleImputer.__init__() got an unexpected keyword argument 'random_state'").
Traceback (most recent call last):
  File "/home/ketrong/miniconda3/envs/tpot2devenv/lib/python3.10/site-packages/optuna/study/_optimize.py", line 200, in _run_trial
    value_or_values = func(trial)
  File "/common/ketrong/AutoImputeExp/tpot2_imputetest/Impute_Experiments/autoimpute.py", line 57, in obj
    my_model = autoutils.MyModel(random_state = self.random_state, **my_params)
  File "/common/ketrong/AutoImputeExp/tpot2_imputetest/Impute_Experiments/autoutils.py", line 35, in MyModel
    my_model = SimpleImputer(
TypeError: SimpleImputer.__init__() got an unexpected keyword argument 'random_state'
[W 2023-11-21 09:47:22,474] Trial 19 failed with value None.
[W 2023-11-21 09:47:20,222] Trial 9 failed with parameters: {'model_name': 'SimpleImputer', 'strategy': 'most_frequent'} because of the following error: TypeError("SimpleImputer.__init__() got an unexpected keyword argument 'random_state'").
Traceback (most recent call last):
  File "/home/ketrong/miniconda3/envs/tpot2devenv/lib/python3.10/site-packages/optuna/study/_optimize.py", line 200, in _run_trial
    value_or_values = func(trial)
  File "/common/ketrong/AutoImputeExp/tpot2_imputetest/Impute_Experiments/autoimpute.py", line 57, in obj
    my_model = autoutils.MyModel(random_state = self.random_state, **my_params)
  File "/common/ketrong/AutoImputeExp/tpot2_imputetest/Impute_Experiments/autoutils.py", line 35, in MyModel
    my_model = SimpleImputer(
TypeError: SimpleImputer.__init__() got an unexpected keyword argument 'random_state'
[W 2023-11-21 09:47:22,620] Trial 9 failed with value None.
[W 2023-11-21 09:47:20,435] Trial 13 failed with parameters: {'model_name': 'SimpleImputer', 'strategy': 'most_frequent'} because of the following error: TypeError("SimpleImputer.__init__() got an unexpected keyword argument 'random_state'").
Traceback (most recent call last):
  File "/home/ketrong/miniconda3/envs/tpot2devenv/lib/python3.10/site-packages/optuna/study/_optimize.py", line 200, in _run_trial
    value_or_values = func(trial)
  File "/common/ketrong/AutoImputeExp/tpot2_imputetest/Impute_Experiments/autoimpute.py", line 57, in obj
    my_model = autoutils.MyModel(random_state = self.random_state, **my_params)
  File "/common/ketrong/AutoImputeExp/tpot2_imputetest/Impute_Experiments/autoutils.py", line 35, in MyModel
    my_model = SimpleImputer(
TypeError: SimpleImputer.__init__() got an unexpected keyword argument 'random_state'
[W 2023-11-21 09:47:22,766] Trial 13 failed with value None.
[W 2023-11-21 09:47:20,220] Trial 7 failed with parameters: {'model_name': 'SimpleImputer', 'strategy': 'constant'} because of the following error: TypeError("SimpleImputer.__init__() got an unexpected keyword argument 'random_state'").
Traceback (most recent call last):
  File "/home/ketrong/miniconda3/envs/tpot2devenv/lib/python3.10/site-packages/optuna/study/_optimize.py", line 200, in _run_trial
    value_or_values = func(trial)
  File "/common/ketrong/AutoImputeExp/tpot2_imputetest/Impute_Experiments/autoimpute.py", line 57, in obj
    my_model = autoutils.MyModel(random_state = self.random_state, **my_params)
  File "/common/ketrong/AutoImputeExp/tpot2_imputetest/Impute_Experiments/autoutils.py", line 35, in MyModel
    my_model = SimpleImputer(
TypeError: SimpleImputer.__init__() got an unexpected keyword argument 'random_state'
[W 2023-11-21 09:47:22,911] Trial 7 failed with value None.
[W 2023-11-21 09:47:22,765] Trial 21 failed with parameters: {'model_name': 'SimpleImputer', 'strategy': 'median'} because of the following error: TypeError("SimpleImputer.__init__() got an unexpected keyword argument 'random_state'").
Traceback (most recent call last):
  File "/home/ketrong/miniconda3/envs/tpot2devenv/lib/python3.10/site-packages/optuna/study/_optimize.py", line 200, in _run_trial
    value_or_values = func(trial)
  File "/common/ketrong/AutoImputeExp/tpot2_imputetest/Impute_Experiments/autoimpute.py", line 57, in obj
    my_model = autoutils.MyModel(random_state = self.random_state, **my_params)
  File "/common/ketrong/AutoImputeExp/tpot2_imputetest/Impute_Experiments/autoutils.py", line 35, in MyModel
    my_model = SimpleImputer(
TypeError: SimpleImputer.__init__() got an unexpected keyword argument 'random_state'
[W 2023-11-21 09:47:23,054] Trial 21 failed with value None.
[W 2023-11-21 09:47:21,748] Trial 20 failed with parameters: {'model_name': 'SimpleImputer', 'strategy': 'median'} because of the following error: TypeError("SimpleImputer.__init__() got an unexpected keyword argument 'random_state'").
Traceback (most recent call last):
  File "/home/ketrong/miniconda3/envs/tpot2devenv/lib/python3.10/site-packages/optuna/study/_optimize.py", line 200, in _run_trial
    value_or_values = func(trial)
  File "/common/ketrong/AutoImputeExp/tpot2_imputetest/Impute_Experiments/autoimpute.py", line 57, in obj
    my_model = autoutils.MyModel(random_state = self.random_state, **my_params)
  File "/common/ketrong/AutoImputeExp/tpot2_imputetest/Impute_Experiments/autoutils.py", line 35, in MyModel
    my_model = SimpleImputer(
TypeError: SimpleImputer.__init__() got an unexpected keyword argument 'random_state'
[W 2023-11-21 09:47:23,200] Trial 20 failed with value None.
[W 2023-11-21 09:47:21,602] Trial 18 failed with parameters: {'model_name': 'SimpleImputer', 'strategy': 'mean'} because of the following error: TypeError("SimpleImputer.__init__() got an unexpected keyword argument 'random_state'").
Traceback (most recent call last):
  File "/home/ketrong/miniconda3/envs/tpot2devenv/lib/python3.10/site-packages/optuna/study/_optimize.py", line 200, in _run_trial
    value_or_values = func(trial)
  File "/common/ketrong/AutoImputeExp/tpot2_imputetest/Impute_Experiments/autoimpute.py", line 57, in obj
    my_model = autoutils.MyModel(random_state = self.random_state, **my_params)
  File "/common/ketrong/AutoImputeExp/tpot2_imputetest/Impute_Experiments/autoutils.py", line 35, in MyModel
    my_model = SimpleImputer(
TypeError: SimpleImputer.__init__() got an unexpected keyword argument 'random_state'
[W 2023-11-21 09:47:23,346] Trial 18 failed with value None.
[W 2023-11-21 09:47:23,343] Trial 22 failed with parameters: {'model_name': 'SimpleImputer', 'strategy': 'mean'} because of the following error: TypeError("SimpleImputer.__init__() got an unexpected keyword argument 'random_state'").
Traceback (most recent call last):
  File "/home/ketrong/miniconda3/envs/tpot2devenv/lib/python3.10/site-packages/optuna/study/_optimize.py", line 200, in _run_trial
    value_or_values = func(trial)
  File "/common/ketrong/AutoImputeExp/tpot2_imputetest/Impute_Experiments/autoimpute.py", line 57, in obj
    my_model = autoutils.MyModel(random_state = self.random_state, **my_params)
  File "/common/ketrong/AutoImputeExp/tpot2_imputetest/Impute_Experiments/autoutils.py", line 35, in MyModel
    my_model = SimpleImputer(
TypeError: SimpleImputer.__init__() got an unexpected keyword argument 'random_state'
[W 2023-11-21 09:47:23,495] Trial 22 failed with value None.
[W 2023-11-21 09:47:23,493] Trial 24 failed with parameters: {'model_name': 'SimpleImputer', 'strategy': 'median'} because of the following error: TypeError("SimpleImputer.__init__() got an unexpected keyword argument 'random_state'").
Traceback (most recent call last):
  File "/home/ketrong/miniconda3/envs/tpot2devenv/lib/python3.10/site-packages/optuna/study/_optimize.py", line 200, in _run_trial
    value_or_values = func(trial)
  File "/common/ketrong/AutoImputeExp/tpot2_imputetest/Impute_Experiments/autoimpute.py", line 57, in obj
    my_model = autoutils.MyModel(random_state = self.random_state, **my_params)
  File "/common/ketrong/AutoImputeExp/tpot2_imputetest/Impute_Experiments/autoutils.py", line 35, in MyModel
    my_model = SimpleImputer(
TypeError: SimpleImputer.__init__() got an unexpected keyword argument 'random_state'
[W 2023-11-21 09:47:23,642] Trial 24 failed with value None.
[W 2023-11-21 09:47:23,346] Trial 23 failed with parameters: {'model_name': 'SimpleImputer', 'strategy': 'median'} because of the following error: TypeError("SimpleImputer.__init__() got an unexpected keyword argument 'random_state'").
Traceback (most recent call last):
  File "/home/ketrong/miniconda3/envs/tpot2devenv/lib/python3.10/site-packages/optuna/study/_optimize.py", line 200, in _run_trial
    value_or_values = func(trial)
  File "/common/ketrong/AutoImputeExp/tpot2_imputetest/Impute_Experiments/autoimpute.py", line 57, in obj
    my_model = autoutils.MyModel(random_state = self.random_state, **my_params)
  File "/common/ketrong/AutoImputeExp/tpot2_imputetest/Impute_Experiments/autoutils.py", line 35, in MyModel
    my_model = SimpleImputer(
TypeError: SimpleImputer.__init__() got an unexpected keyword argument 'random_state'
[W 2023-11-21 09:47:23,787] Trial 23 failed with value None.
[W 2023-11-21 09:47:23,786] Trial 25 failed with parameters: {'model_name': 'SimpleImputer', 'strategy': 'mean'} because of the following error: TypeError("SimpleImputer.__init__() got an unexpected keyword argument 'random_state'").
Traceback (most recent call last):
  File "/home/ketrong/miniconda3/envs/tpot2devenv/lib/python3.10/site-packages/optuna/study/_optimize.py", line 200, in _run_trial
    value_or_values = func(trial)
  File "/common/ketrong/AutoImputeExp/tpot2_imputetest/Impute_Experiments/autoimpute.py", line 57, in obj
    my_model = autoutils.MyModel(random_state = self.random_state, **my_params)
  File "/common/ketrong/AutoImputeExp/tpot2_imputetest/Impute_Experiments/autoutils.py", line 35, in MyModel
    my_model = SimpleImputer(
TypeError: SimpleImputer.__init__() got an unexpected keyword argument 'random_state'
[W 2023-11-21 09:47:23,932] Trial 25 failed with value None.
[W 2023-11-21 09:47:23,931] Trial 26 failed with parameters: {'model_name': 'SimpleImputer', 'strategy': 'most_frequent'} because of the following error: TypeError("SimpleImputer.__init__() got an unexpected keyword argument 'random_state'").
Traceback (most recent call last):
  File "/home/ketrong/miniconda3/envs/tpot2devenv/lib/python3.10/site-packages/optuna/study/_optimize.py", line 200, in _run_trial
    value_or_values = func(trial)
  File "/common/ketrong/AutoImputeExp/tpot2_imputetest/Impute_Experiments/autoimpute.py", line 57, in obj
    my_model = autoutils.MyModel(random_state = self.random_state, **my_params)
  File "/common/ketrong/AutoImputeExp/tpot2_imputetest/Impute_Experiments/autoutils.py", line 35, in MyModel
    my_model = SimpleImputer(
TypeError: SimpleImputer.__init__() got an unexpected keyword argument 'random_state'
[W 2023-11-21 09:47:24,083] Trial 26 failed with value None.
[W 2023-11-21 09:47:23,931] Trial 27 failed with parameters: {'model_name': 'SimpleImputer', 'strategy': 'most_frequent'} because of the following error: TypeError("SimpleImputer.__init__() got an unexpected keyword argument 'random_state'").
Traceback (most recent call last):
  File "/home/ketrong/miniconda3/envs/tpot2devenv/lib/python3.10/site-packages/optuna/study/_optimize.py", line 200, in _run_trial
    value_or_values = func(trial)
  File "/common/ketrong/AutoImputeExp/tpot2_imputetest/Impute_Experiments/autoimpute.py", line 57, in obj
    my_model = autoutils.MyModel(random_state = self.random_state, **my_params)
  File "/common/ketrong/AutoImputeExp/tpot2_imputetest/Impute_Experiments/autoutils.py", line 35, in MyModel
    my_model = SimpleImputer(
TypeError: SimpleImputer.__init__() got an unexpected keyword argument 'random_state'
[W 2023-11-21 09:47:24,229] Trial 27 failed with value None.
[W 2023-11-21 09:47:24,083] Trial 28 failed with parameters: {'model_name': 'SimpleImputer', 'strategy': 'constant'} because of the following error: TypeError("SimpleImputer.__init__() got an unexpected keyword argument 'random_state'").
Traceback (most recent call last):
  File "/home/ketrong/miniconda3/envs/tpot2devenv/lib/python3.10/site-packages/optuna/study/_optimize.py", line 200, in _run_trial
    value_or_values = func(trial)
  File "/common/ketrong/AutoImputeExp/tpot2_imputetest/Impute_Experiments/autoimpute.py", line 57, in obj
    my_model = autoutils.MyModel(random_state = self.random_state, **my_params)
  File "/common/ketrong/AutoImputeExp/tpot2_imputetest/Impute_Experiments/autoutils.py", line 35, in MyModel
    my_model = SimpleImputer(
TypeError: SimpleImputer.__init__() got an unexpected keyword argument 'random_state'
[W 2023-11-21 09:47:24,371] Trial 28 failed with value None.
[W 2023-11-21 09:47:24,514] Trial 29 failed with parameters: {'model_name': 'SimpleImputer', 'strategy': 'constant'} because of the following error: TypeError("SimpleImputer.__init__() got an unexpected keyword argument 'random_state'").
Traceback (most recent call last):
  File "/home/ketrong/miniconda3/envs/tpot2devenv/lib/python3.10/site-packages/optuna/study/_optimize.py", line 200, in _run_trial
    value_or_values = func(trial)
  File "/common/ketrong/AutoImputeExp/tpot2_imputetest/Impute_Experiments/autoimpute.py", line 57, in obj
    my_model = autoutils.MyModel(random_state = self.random_state, **my_params)
  File "/common/ketrong/AutoImputeExp/tpot2_imputetest/Impute_Experiments/autoutils.py", line 35, in MyModel
    my_model = SimpleImputer(
TypeError: SimpleImputer.__init__() got an unexpected keyword argument 'random_state'
[W 2023-11-21 09:47:24,514] Trial 29 failed with value None.
[W 2023-11-21 09:47:24,660] Trial 30 failed with parameters: {'model_name': 'SimpleImputer', 'strategy': 'constant'} because of the following error: TypeError("SimpleImputer.__init__() got an unexpected keyword argument 'random_state'").
Traceback (most recent call last):
  File "/home/ketrong/miniconda3/envs/tpot2devenv/lib/python3.10/site-packages/optuna/study/_optimize.py", line 200, in _run_trial
    value_or_values = func(trial)
  File "/common/ketrong/AutoImputeExp/tpot2_imputetest/Impute_Experiments/autoimpute.py", line 57, in obj
    my_model = autoutils.MyModel(random_state = self.random_state, **my_params)
  File "/common/ketrong/AutoImputeExp/tpot2_imputetest/Impute_Experiments/autoutils.py", line 35, in MyModel
    my_model = SimpleImputer(
TypeError: SimpleImputer.__init__() got an unexpected keyword argument 'random_state'
[W 2023-11-21 09:47:24,660] Trial 30 failed with value None.
[W 2023-11-21 09:47:24,802] Trial 31 failed with parameters: {'model_name': 'SimpleImputer', 'strategy': 'constant'} because of the following error: TypeError("SimpleImputer.__init__() got an unexpected keyword argument 'random_state'").
Traceback (most recent call last):
  File "/home/ketrong/miniconda3/envs/tpot2devenv/lib/python3.10/site-packages/optuna/study/_optimize.py", line 200, in _run_trial
    value_or_values = func(trial)
  File "/common/ketrong/AutoImputeExp/tpot2_imputetest/Impute_Experiments/autoimpute.py", line 57, in obj
    my_model = autoutils.MyModel(random_state = self.random_state, **my_params)
  File "/common/ketrong/AutoImputeExp/tpot2_imputetest/Impute_Experiments/autoutils.py", line 35, in MyModel
    my_model = SimpleImputer(
TypeError: SimpleImputer.__init__() got an unexpected keyword argument 'random_state'
[W 2023-11-21 09:47:24,804] Trial 31 failed with value None.
[W 2023-11-21 09:47:24,804] Trial 32 failed with parameters: {'model_name': 'SimpleImputer', 'strategy': 'mean'} because of the following error: TypeError("SimpleImputer.__init__() got an unexpected keyword argument 'random_state'").
Traceback (most recent call last):
  File "/home/ketrong/miniconda3/envs/tpot2devenv/lib/python3.10/site-packages/optuna/study/_optimize.py", line 200, in _run_trial
    value_or_values = func(trial)
  File "/common/ketrong/AutoImputeExp/tpot2_imputetest/Impute_Experiments/autoimpute.py", line 57, in obj
    my_model = autoutils.MyModel(random_state = self.random_state, **my_params)
  File "/common/ketrong/AutoImputeExp/tpot2_imputetest/Impute_Experiments/autoutils.py", line 35, in MyModel
    my_model = SimpleImputer(
TypeError: SimpleImputer.__init__() got an unexpected keyword argument 'random_state'
[W 2023-11-21 09:47:24,949] Trial 32 failed with value None.
[W 2023-11-21 09:47:25,092] Trial 33 failed with parameters: {'model_name': 'SimpleImputer', 'strategy': 'constant'} because of the following error: TypeError("SimpleImputer.__init__() got an unexpected keyword argument 'random_state'").
Traceback (most recent call last):
  File "/home/ketrong/miniconda3/envs/tpot2devenv/lib/python3.10/site-packages/optuna/study/_optimize.py", line 200, in _run_trial
    value_or_values = func(trial)
  File "/common/ketrong/AutoImputeExp/tpot2_imputetest/Impute_Experiments/autoimpute.py", line 57, in obj
    my_model = autoutils.MyModel(random_state = self.random_state, **my_params)
  File "/common/ketrong/AutoImputeExp/tpot2_imputetest/Impute_Experiments/autoutils.py", line 35, in MyModel
    my_model = SimpleImputer(
TypeError: SimpleImputer.__init__() got an unexpected keyword argument 'random_state'
[W 2023-11-21 09:47:25,092] Trial 33 failed with value None.
[W 2023-11-21 09:47:25,236] Trial 34 failed with parameters: {'model_name': 'SimpleImputer', 'strategy': 'mean'} because of the following error: TypeError("SimpleImputer.__init__() got an unexpected keyword argument 'random_state'").
Traceback (most recent call last):
  File "/home/ketrong/miniconda3/envs/tpot2devenv/lib/python3.10/site-packages/optuna/study/_optimize.py", line 200, in _run_trial
    value_or_values = func(trial)
  File "/common/ketrong/AutoImputeExp/tpot2_imputetest/Impute_Experiments/autoimpute.py", line 57, in obj
    my_model = autoutils.MyModel(random_state = self.random_state, **my_params)
  File "/common/ketrong/AutoImputeExp/tpot2_imputetest/Impute_Experiments/autoutils.py", line 35, in MyModel
    my_model = SimpleImputer(
TypeError: SimpleImputer.__init__() got an unexpected keyword argument 'random_state'
[W 2023-11-21 09:47:25,236] Trial 34 failed with value None.
[W 2023-11-21 09:47:25,384] Trial 35 failed with parameters: {'model_name': 'SimpleImputer', 'strategy': 'median'} because of the following error: TypeError("SimpleImputer.__init__() got an unexpected keyword argument 'random_state'").
Traceback (most recent call last):
  File "/home/ketrong/miniconda3/envs/tpot2devenv/lib/python3.10/site-packages/optuna/study/_optimize.py", line 200, in _run_trial
    value_or_values = func(trial)
  File "/common/ketrong/AutoImputeExp/tpot2_imputetest/Impute_Experiments/autoimpute.py", line 57, in obj
    my_model = autoutils.MyModel(random_state = self.random_state, **my_params)
  File "/common/ketrong/AutoImputeExp/tpot2_imputetest/Impute_Experiments/autoutils.py", line 35, in MyModel
    my_model = SimpleImputer(
TypeError: SimpleImputer.__init__() got an unexpected keyword argument 'random_state'
[W 2023-11-21 09:47:25,384] Trial 35 failed with value None.
[W 2023-11-21 09:47:25,531] Trial 36 failed with parameters: {'model_name': 'SimpleImputer', 'strategy': 'median'} because of the following error: TypeError("SimpleImputer.__init__() got an unexpected keyword argument 'random_state'").
Traceback (most recent call last):
  File "/home/ketrong/miniconda3/envs/tpot2devenv/lib/python3.10/site-packages/optuna/study/_optimize.py", line 200, in _run_trial
    value_or_values = func(trial)
  File "/common/ketrong/AutoImputeExp/tpot2_imputetest/Impute_Experiments/autoimpute.py", line 57, in obj
    my_model = autoutils.MyModel(random_state = self.random_state, **my_params)
  File "/common/ketrong/AutoImputeExp/tpot2_imputetest/Impute_Experiments/autoutils.py", line 35, in MyModel
    my_model = SimpleImputer(
TypeError: SimpleImputer.__init__() got an unexpected keyword argument 'random_state'
[W 2023-11-21 09:47:25,531] Trial 36 failed with value None.
[W 2023-11-21 09:47:25,675] Trial 37 failed with parameters: {'model_name': 'SimpleImputer', 'strategy': 'most_frequent'} because of the following error: TypeError("SimpleImputer.__init__() got an unexpected keyword argument 'random_state'").
Traceback (most recent call last):
  File "/home/ketrong/miniconda3/envs/tpot2devenv/lib/python3.10/site-packages/optuna/study/_optimize.py", line 200, in _run_trial
    value_or_values = func(trial)
  File "/common/ketrong/AutoImputeExp/tpot2_imputetest/Impute_Experiments/autoimpute.py", line 57, in obj
    my_model = autoutils.MyModel(random_state = self.random_state, **my_params)
  File "/common/ketrong/AutoImputeExp/tpot2_imputetest/Impute_Experiments/autoutils.py", line 35, in MyModel
    my_model = SimpleImputer(
TypeError: SimpleImputer.__init__() got an unexpected keyword argument 'random_state'
[W 2023-11-21 09:47:25,675] Trial 37 failed with value None.
[W 2023-11-21 09:47:25,821] Trial 38 failed with parameters: {'model_name': 'SimpleImputer', 'strategy': 'most_frequent'} because of the following error: TypeError("SimpleImputer.__init__() got an unexpected keyword argument 'random_state'").
Traceback (most recent call last):
  File "/home/ketrong/miniconda3/envs/tpot2devenv/lib/python3.10/site-packages/optuna/study/_optimize.py", line 200, in _run_trial
    value_or_values = func(trial)
  File "/common/ketrong/AutoImputeExp/tpot2_imputetest/Impute_Experiments/autoimpute.py", line 57, in obj
    my_model = autoutils.MyModel(random_state = self.random_state, **my_params)
  File "/common/ketrong/AutoImputeExp/tpot2_imputetest/Impute_Experiments/autoutils.py", line 35, in MyModel
    my_model = SimpleImputer(
TypeError: SimpleImputer.__init__() got an unexpected keyword argument 'random_state'
[W 2023-11-21 09:47:25,821] Trial 38 failed with value None.
[W 2023-11-21 09:47:25,965] Trial 39 failed with parameters: {'model_name': 'SimpleImputer', 'strategy': 'most_frequent'} because of the following error: TypeError("SimpleImputer.__init__() got an unexpected keyword argument 'random_state'").
Traceback (most recent call last):
  File "/home/ketrong/miniconda3/envs/tpot2devenv/lib/python3.10/site-packages/optuna/study/_optimize.py", line 200, in _run_trial
    value_or_values = func(trial)
  File "/common/ketrong/AutoImputeExp/tpot2_imputetest/Impute_Experiments/autoimpute.py", line 57, in obj
    my_model = autoutils.MyModel(random_state = self.random_state, **my_params)
  File "/common/ketrong/AutoImputeExp/tpot2_imputetest/Impute_Experiments/autoutils.py", line 35, in MyModel
    my_model = SimpleImputer(
TypeError: SimpleImputer.__init__() got an unexpected keyword argument 'random_state'
[W 2023-11-21 09:47:25,966] Trial 39 failed with value None.
[W 2023-11-21 09:47:26,111] Trial 40 failed with parameters: {'model_name': 'SimpleImputer', 'strategy': 'median'} because of the following error: TypeError("SimpleImputer.__init__() got an unexpected keyword argument 'random_state'").
Traceback (most recent call last):
  File "/home/ketrong/miniconda3/envs/tpot2devenv/lib/python3.10/site-packages/optuna/study/_optimize.py", line 200, in _run_trial
    value_or_values = func(trial)
  File "/common/ketrong/AutoImputeExp/tpot2_imputetest/Impute_Experiments/autoimpute.py", line 57, in obj
    my_model = autoutils.MyModel(random_state = self.random_state, **my_params)
  File "/common/ketrong/AutoImputeExp/tpot2_imputetest/Impute_Experiments/autoutils.py", line 35, in MyModel
    my_model = SimpleImputer(
TypeError: SimpleImputer.__init__() got an unexpected keyword argument 'random_state'
[W 2023-11-21 09:47:26,111] Trial 40 failed with value None.
[W 2023-11-21 09:47:26,111] Trial 41 failed with parameters: {'model_name': 'SimpleImputer', 'strategy': 'constant'} because of the following error: TypeError("SimpleImputer.__init__() got an unexpected keyword argument 'random_state'").
Traceback (most recent call last):
  File "/home/ketrong/miniconda3/envs/tpot2devenv/lib/python3.10/site-packages/optuna/study/_optimize.py", line 200, in _run_trial
    value_or_values = func(trial)
  File "/common/ketrong/AutoImputeExp/tpot2_imputetest/Impute_Experiments/autoimpute.py", line 57, in obj
    my_model = autoutils.MyModel(random_state = self.random_state, **my_params)
  File "/common/ketrong/AutoImputeExp/tpot2_imputetest/Impute_Experiments/autoutils.py", line 35, in MyModel
    my_model = SimpleImputer(
TypeError: SimpleImputer.__init__() got an unexpected keyword argument 'random_state'
[W 2023-11-21 09:47:26,256] Trial 41 failed with value None.
[W 2023-11-21 09:47:26,256] Trial 43 failed with parameters: {'model_name': 'SimpleImputer', 'strategy': 'mean'} because of the following error: TypeError("SimpleImputer.__init__() got an unexpected keyword argument 'random_state'").
Traceback (most recent call last):
  File "/home/ketrong/miniconda3/envs/tpot2devenv/lib/python3.10/site-packages/optuna/study/_optimize.py", line 200, in _run_trial
    value_or_values = func(trial)
  File "/common/ketrong/AutoImputeExp/tpot2_imputetest/Impute_Experiments/autoimpute.py", line 57, in obj
    my_model = autoutils.MyModel(random_state = self.random_state, **my_params)
  File "/common/ketrong/AutoImputeExp/tpot2_imputetest/Impute_Experiments/autoutils.py", line 35, in MyModel
    my_model = SimpleImputer(
TypeError: SimpleImputer.__init__() got an unexpected keyword argument 'random_state'
[W 2023-11-21 09:47:26,401] Trial 43 failed with value None.
[W 2023-11-21 09:47:26,256] Trial 44 failed with parameters: {'model_name': 'SimpleImputer', 'strategy': 'median'} because of the following error: TypeError("SimpleImputer.__init__() got an unexpected keyword argument 'random_state'").
Traceback (most recent call last):
  File "/home/ketrong/miniconda3/envs/tpot2devenv/lib/python3.10/site-packages/optuna/study/_optimize.py", line 200, in _run_trial
    value_or_values = func(trial)
  File "/common/ketrong/AutoImputeExp/tpot2_imputetest/Impute_Experiments/autoimpute.py", line 57, in obj
    my_model = autoutils.MyModel(random_state = self.random_state, **my_params)
  File "/common/ketrong/AutoImputeExp/tpot2_imputetest/Impute_Experiments/autoutils.py", line 35, in MyModel
    my_model = SimpleImputer(
TypeError: SimpleImputer.__init__() got an unexpected keyword argument 'random_state'
[W 2023-11-21 09:47:26,545] Trial 44 failed with value None.
[W 2023-11-21 09:47:26,400] Trial 46 failed with parameters: {'model_name': 'SimpleImputer', 'strategy': 'median'} because of the following error: TypeError("SimpleImputer.__init__() got an unexpected keyword argument 'random_state'").
Traceback (most recent call last):
  File "/home/ketrong/miniconda3/envs/tpot2devenv/lib/python3.10/site-packages/optuna/study/_optimize.py", line 200, in _run_trial
    value_or_values = func(trial)
  File "/common/ketrong/AutoImputeExp/tpot2_imputetest/Impute_Experiments/autoimpute.py", line 57, in obj
    my_model = autoutils.MyModel(random_state = self.random_state, **my_params)
  File "/common/ketrong/AutoImputeExp/tpot2_imputetest/Impute_Experiments/autoutils.py", line 35, in MyModel
    my_model = SimpleImputer(
TypeError: SimpleImputer.__init__() got an unexpected keyword argument 'random_state'
[W 2023-11-21 09:47:26,689] Trial 46 failed with value None.
[W 2023-11-21 09:47:26,255] Trial 42 failed with parameters: {'model_name': 'SimpleImputer', 'strategy': 'mean'} because of the following error: TypeError("SimpleImputer.__init__() got an unexpected keyword argument 'random_state'").
Traceback (most recent call last):
  File "/home/ketrong/miniconda3/envs/tpot2devenv/lib/python3.10/site-packages/optuna/study/_optimize.py", line 200, in _run_trial
    value_or_values = func(trial)
  File "/common/ketrong/AutoImputeExp/tpot2_imputetest/Impute_Experiments/autoimpute.py", line 57, in obj
    my_model = autoutils.MyModel(random_state = self.random_state, **my_params)
  File "/common/ketrong/AutoImputeExp/tpot2_imputetest/Impute_Experiments/autoutils.py", line 35, in MyModel
    my_model = SimpleImputer(
TypeError: SimpleImputer.__init__() got an unexpected keyword argument 'random_state'
[W 2023-11-21 09:47:26,833] Trial 42 failed with value None.
[W 2023-11-21 09:47:26,688] Trial 47 failed with parameters: {'model_name': 'SimpleImputer', 'strategy': 'most_frequent'} because of the following error: TypeError("SimpleImputer.__init__() got an unexpected keyword argument 'random_state'").
Traceback (most recent call last):
  File "/home/ketrong/miniconda3/envs/tpot2devenv/lib/python3.10/site-packages/optuna/study/_optimize.py", line 200, in _run_trial
    value_or_values = func(trial)
  File "/common/ketrong/AutoImputeExp/tpot2_imputetest/Impute_Experiments/autoimpute.py", line 57, in obj
    my_model = autoutils.MyModel(random_state = self.random_state, **my_params)
  File "/common/ketrong/AutoImputeExp/tpot2_imputetest/Impute_Experiments/autoutils.py", line 35, in MyModel
    my_model = SimpleImputer(
TypeError: SimpleImputer.__init__() got an unexpected keyword argument 'random_state'
[W 2023-11-21 09:47:26,980] Trial 47 failed with value None.
[W 2023-11-21 09:47:26,256] Trial 45 failed with parameters: {'model_name': 'SimpleImputer', 'strategy': 'constant'} because of the following error: TypeError("SimpleImputer.__init__() got an unexpected keyword argument 'random_state'").
Traceback (most recent call last):
  File "/home/ketrong/miniconda3/envs/tpot2devenv/lib/python3.10/site-packages/optuna/study/_optimize.py", line 200, in _run_trial
    value_or_values = func(trial)
  File "/common/ketrong/AutoImputeExp/tpot2_imputetest/Impute_Experiments/autoimpute.py", line 57, in obj
    my_model = autoutils.MyModel(random_state = self.random_state, **my_params)
  File "/common/ketrong/AutoImputeExp/tpot2_imputetest/Impute_Experiments/autoutils.py", line 35, in MyModel
    my_model = SimpleImputer(
TypeError: SimpleImputer.__init__() got an unexpected keyword argument 'random_state'
[W 2023-11-21 09:47:27,122] Trial 45 failed with value None.
failed on 
tpot2_imputetest/Impute_Experiments/logs//tpot2_base_imputation_6_0.3_MNAR_0
SimpleImputer.__init__() got an unexpected keyword argument 'random_state'
Traceback (most recent call last):
  File "/common/ketrong/AutoImputeExp/tpot2_imputetest/Impute_Experiments/utils.py", line 169, in loop_through_tasks
    SimpleImputeSpace.fit(X_train_pandas)
  File "/common/ketrong/AutoImputeExp/tpot2_imputetest/Impute_Experiments/autoimpute.py", line 60, in fit
    self.study.optimize(obj, n_trials=self.n_trials, n_jobs=self.n_jobs, show_progress_bar=self.show_progress, gc_after_trial=self.garbage_collect)
  File "/home/ketrong/miniconda3/envs/tpot2devenv/lib/python3.10/site-packages/optuna/study/study.py", line 451, in optimize
    _optimize(
  File "/home/ketrong/miniconda3/envs/tpot2devenv/lib/python3.10/site-packages/optuna/study/_optimize.py", line 103, in _optimize
    f.result()
  File "/home/ketrong/miniconda3/envs/tpot2devenv/lib/python3.10/concurrent/futures/_base.py", line 451, in result
    return self.__get_result()
  File "/home/ketrong/miniconda3/envs/tpot2devenv/lib/python3.10/concurrent/futures/_base.py", line 403, in __get_result
    raise self._exception
  File "/home/ketrong/miniconda3/envs/tpot2devenv/lib/python3.10/concurrent/futures/thread.py", line 58, in run
    result = self.fn(*self.args, **self.kwargs)
  File "/home/ketrong/miniconda3/envs/tpot2devenv/lib/python3.10/site-packages/optuna/study/_optimize.py", line 163, in _optimize_sequential
    frozen_trial = _run_trial(study, func, catch)
  File "/home/ketrong/miniconda3/envs/tpot2devenv/lib/python3.10/site-packages/optuna/study/_optimize.py", line 251, in _run_trial
    raise func_err
  File "/home/ketrong/miniconda3/envs/tpot2devenv/lib/python3.10/site-packages/optuna/study/_optimize.py", line 200, in _run_trial
    value_or_values = func(trial)
  File "/common/ketrong/AutoImputeExp/tpot2_imputetest/Impute_Experiments/autoimpute.py", line 57, in obj
    my_model = autoutils.MyModel(random_state = self.random_state, **my_params)
  File "/common/ketrong/AutoImputeExp/tpot2_imputetest/Impute_Experiments/autoutils.py", line 35, in MyModel
    my_model = SimpleImputer(
TypeError: SimpleImputer.__init__() got an unexpected keyword argument 'random_state'

DONE
