Run: 5
/cm/local/apps/slurm/var/spool/job844210/slurm_script: line 23: /common/ketrong/minconda3/etc/profile.d/conda.sh: No such file or directory
/cm/local/apps/slurm/var/spool/job844210/slurm_script: line 26: $'\nconda create --name tpot2devenv -c conda-forge python=3.10\n': command not found
/cm/local/apps/slurm/var/spool/job844210/slurm_script: line 31: $'\npip install -r requirements.txt\n': command not found
RunStart
2024-04-28 00:20:27.000285: I tensorflow/core/util/port.cc:113] oneDNN custom operations are on. You may see slightly different numerical results due to floating-point round-off errors from different computation orders. To turn them off, set the environment variable `TF_ENABLE_ONEDNN_OPTS=0`.
2024-04-28 00:20:27.035536: E external/local_xla/xla/stream_executor/cuda/cuda_dnn.cc:9261] Unable to register cuDNN factory: Attempting to register factory for plugin cuDNN when one has already been registered
2024-04-28 00:20:27.035557: E external/local_xla/xla/stream_executor/cuda/cuda_fft.cc:607] Unable to register cuFFT factory: Attempting to register factory for plugin cuFFT when one has already been registered
2024-04-28 00:20:27.036684: E external/local_xla/xla/stream_executor/cuda/cuda_blas.cc:1515] Unable to register cuBLAS factory: Attempting to register factory for plugin cuBLAS when one has already been registered
2024-04-28 00:20:27.042359: I tensorflow/core/platform/cpu_feature_guard.cc:182] This TensorFlow binary is optimized to use available CPU instructions in performance-critical operations.
To enable the following instructions: AVX2 AVX512F AVX512_VNNI FMA, in other operations, rebuild TensorFlow with the appropriate compiler flags.
2024-04-28 00:20:31.057483: W tensorflow/compiler/tf2tensorrt/utils/py_utils.cc:38] TF-TRT Warning: Could not find TensorRT
WARNING:tensorflow:From /home/ketrong/miniconda3/envs/tpot2devenv/lib/python3.10/site-packages/tensorflow/python/compat/v2_compat.py:108: disable_resource_variables (from tensorflow.python.ops.variable_scope) is deprecated and will be removed in a future version.
Instructions for updating:
non-resource variables are not supported in the long term
starting loops
working on 
logs/3764/tpot2_base_normal_MCAR_0.9
0.48241233825683594
loading data
logs/3764/tpot2_base_normal_MCAR_0.9/data/3764_True.pkl
WARNING:openml.datasets.functions:Could not download file from https://openml1.win.tue.nl/datasets/0000/0901/dataset_901.pq: [Errno 2] No such file or directory: '/home/ketrong/.cache/openml/org/openml/www/datasets/901/dataset_901.pq.ea79047bc946f709596901e738b3bb63.part.minio' -> '/home/ketrong/.cache/openml/org/openml/www/datasets/901/dataset_901.pq'
WARNING:openml.datasets.functions:Failed to download parquet, fallback on ARFF.
WARNING:openml.datasets.functions:Could not download file from https://openml1.win.tue.nl/datasets/0000/0901/dataset_901.pq: [Errno 2] No such file or directory: '/home/ketrong/.cache/openml/org/openml/www/datasets/901/dataset_901.pq.ea79047bc946f709596901e738b3bb63.part.minio' -> '/home/ketrong/.cache/openml/org/openml/www/datasets/901/dataset_901.pq'
WARNING:openml.datasets.functions:Failed to download parquet, fallback on ARFF.
failed on 
logs/3764/tpot2_base_normal_MCAR_0.9
[Errno 2] No such file or directory: '/home/ketrong/.cache/openml/org/openml/www/datasets/901/features.xml'
Traceback (most recent call last):
  File "/home/ketrong/miniconda3/envs/tpot2devenv/lib/python3.10/site-packages/openml/datasets/dataset.py", line 999, in _read_features
    with open(features_pickle_file, "rb") as fh_binary:
FileNotFoundError: [Errno 2] No such file or directory: '/home/ketrong/.cache/openml/org/openml/www/datasets/901/features.xml.pkl'

During handling of the above exception, another exception occurred:

Traceback (most recent call last):
  File "/common/ketrong/AutoImputeExp/tpot2_imputetest/Impute_Experiments/utils.py", line 316, in loop_through_tasks
    X_train, y_train, X_test, y_test = load_task(base_save_folder=base_save_folder, exp=exp, type=type, levelstr=levelstr, task_id=taskid, preprocess=True)
  File "/common/ketrong/AutoImputeExp/tpot2_imputetest/Impute_Experiments/utils.py", line 208, in load_task
    X, y = task.get_X_and_y(dataset_format="dataframe")
  File "/home/ketrong/miniconda3/envs/tpot2devenv/lib/python3.10/site-packages/openml/tasks/task.py", line 269, in get_X_and_y
    dataset = self.get_dataset()
  File "/home/ketrong/miniconda3/envs/tpot2devenv/lib/python3.10/site-packages/openml/tasks/task.py", line 119, in get_dataset
    return datasets.get_dataset(self.dataset_id)
  File "/home/ketrong/miniconda3/envs/tpot2devenv/lib/python3.10/site-packages/openml/datasets/functions.py", line 519, in get_dataset
    dataset = _create_dataset_from_description(
  File "/home/ketrong/miniconda3/envs/tpot2devenv/lib/python3.10/site-packages/openml/datasets/functions.py", line 1289, in _create_dataset_from_description
    return OpenMLDataset(
  File "/home/ketrong/miniconda3/envs/tpot2devenv/lib/python3.10/site-packages/openml/datasets/dataset.py", line 220, in __init__
    self._features = _read_features(features_file)
  File "/home/ketrong/miniconda3/envs/tpot2devenv/lib/python3.10/site-packages/openml/datasets/dataset.py", line 1002, in _read_features
    with open(features_file, encoding="utf8") as fh:
FileNotFoundError: [Errno 2] No such file or directory: '/home/ketrong/.cache/openml/org/openml/www/datasets/901/features.xml'

full run takes
0.004669694834285312
hours
DONE
