Run: 1
/cm/local/apps/slurm/var/spool/job549388/slurm_script: line 23: /common/ketrong/minconda3/etc/profile.d/conda.sh: No such file or directory
/cm/local/apps/slurm/var/spool/job549388/slurm_script: line 26: $'\nconda create --name tpot2devenv -c conda-forge python=3.10\n': command not found
/cm/local/apps/slurm/var/spool/job549388/slurm_script: line 31: $'\npip install -r requirements.txt\n': command not found
RunStart
2023-12-12 14:50:59.713555: I tensorflow/core/util/port.cc:113] oneDNN custom operations are on. You may see slightly different numerical results due to floating-point round-off errors from different computation orders. To turn them off, set the environment variable `TF_ENABLE_ONEDNN_OPTS=0`.
2023-12-12 14:50:59.746783: E external/local_xla/xla/stream_executor/cuda/cuda_dnn.cc:9261] Unable to register cuDNN factory: Attempting to register factory for plugin cuDNN when one has already been registered
2023-12-12 14:50:59.746807: E external/local_xla/xla/stream_executor/cuda/cuda_fft.cc:607] Unable to register cuFFT factory: Attempting to register factory for plugin cuFFT when one has already been registered
2023-12-12 14:50:59.747629: E external/local_xla/xla/stream_executor/cuda/cuda_blas.cc:1515] Unable to register cuBLAS factory: Attempting to register factory for plugin cuBLAS when one has already been registered
2023-12-12 14:50:59.752593: I tensorflow/core/platform/cpu_feature_guard.cc:182] This TensorFlow binary is optimized to use available CPU instructions in performance-critical operations.
To enable the following instructions: AVX2 AVX512F AVX512_VNNI FMA, in other operations, rebuild TensorFlow with the appropriate compiler flags.
2023-12-12 14:51:01.797439: W tensorflow/compiler/tf2tensorrt/utils/py_utils.cc:38] TF-TRT Warning: Could not find TensorRT
WARNING:tensorflow:From /home/ketrong/miniconda3/envs/tpot2devenv/lib/python3.10/site-packages/tensorflow/python/compat/v2_compat.py:108: disable_resource_variables (from tensorflow.python.ops.variable_scope) is deprecated and will be removed in a future version.
Instructions for updating:
non-resource variables are not supported in the long term
starting loops
working on 
logs/30/tpot2_base_normal_MCAR_0.01
3.110032796859741
loading data
data/30_True.pkl
running experiment 1/3 - Does large hyperparameter space improve reconstruction accuracy over simple
failed on 
logs/30/tpot2_base_normal_MCAR_0.01
unsupported operand type(s) for |: 'bool' and 'float'
Traceback (most recent call last):
  File "/home/ketrong/miniconda3/envs/tpot2devenv/lib/python3.10/site-packages/pandas/core/ops/array_ops.py", line 305, in na_logical_op
    result = op(x, y)
TypeError: unsupported operand type(s) for |: 'bool' and 'float'

During handling of the above exception, another exception occurred:

Traceback (most recent call last):
  File "/common/ketrong/AutoImputeExp/tpot2_imputetest/Impute_Experiments/utils.py", line 324, in loop_through_tasks
    SimpleImputeSpace.fit(X_train_missing_p)
  File "/common/ketrong/AutoImputeExp/tpot2_imputetest/Impute_Experiments/autoimpute.py", line 50, in fit
    self.missing_set_train, self.masked_set_train = utils.add_missing(X, add_missing=self.added_missing, missing_type=self.missing_type)
  File "/common/ketrong/AutoImputeExp/tpot2_imputetest/Impute_Experiments/utils.py", line 483, in add_missing
    masked_set = masked_set.mask((missing_mask | masked_set), True)
  File "/home/ketrong/miniconda3/envs/tpot2devenv/lib/python3.10/site-packages/pandas/core/ops/common.py", line 72, in new_method
    return method(self, other)
  File "/home/ketrong/miniconda3/envs/tpot2devenv/lib/python3.10/site-packages/pandas/core/arraylike.py", line 80, in __or__
    return self._logical_method(other, operator.or_)
  File "/home/ketrong/miniconda3/envs/tpot2devenv/lib/python3.10/site-packages/pandas/core/frame.py", line 7594, in _arith_method
    new_data = self._dispatch_frame_op(other, op, axis=axis)
  File "/home/ketrong/miniconda3/envs/tpot2devenv/lib/python3.10/site-packages/pandas/core/frame.py", line 7633, in _dispatch_frame_op
    bm = self._mgr.operate_blockwise(
  File "/home/ketrong/miniconda3/envs/tpot2devenv/lib/python3.10/site-packages/pandas/core/internals/managers.py", line 1589, in operate_blockwise
    return operate_blockwise(self, other, array_op)
  File "/home/ketrong/miniconda3/envs/tpot2devenv/lib/python3.10/site-packages/pandas/core/internals/ops.py", line 63, in operate_blockwise
    res_values = array_op(lvals, rvals)
  File "/home/ketrong/miniconda3/envs/tpot2devenv/lib/python3.10/site-packages/pandas/core/ops/array_ops.py", line 395, in logical_op
    res_values = na_logical_op(lvalues, rvalues, op)
  File "/home/ketrong/miniconda3/envs/tpot2devenv/lib/python3.10/site-packages/pandas/core/ops/array_ops.py", line 312, in na_logical_op
    result = libops.vec_binop(x.ravel(), y.ravel(), op)
  File "pandas/_libs/ops.pyx", line 252, in pandas._libs.ops.vec_binop
  File "pandas/_libs/ops.pyx", line 245, in pandas._libs.ops.vec_binop
TypeError: unsupported operand type(s) for |: 'bool' and 'float'

one dataset takes
0.0036169415712356567
hours
DONE
