Run: 14
/cm/local/apps/slurm/var/spool/job690668/slurm_script: line 23: /common/ketrong/minconda3/etc/profile.d/conda.sh: No such file or directory
/cm/local/apps/slurm/var/spool/job690668/slurm_script: line 26: $'\nconda create --name tpot2devenv -c conda-forge python=3.10\n': command not found
/cm/local/apps/slurm/var/spool/job690668/slurm_script: line 31: $'\npip install -r requirements.txt\n': command not found
RunStart
Traceback (most recent call last):
  File "/common/ketrong/AutoImputeExp/tpot2_imputetest/Impute_Experiments/main2.py", line 6, in <module>
    import utils
  File "/common/ketrong/AutoImputeExp/tpot2_imputetest/Impute_Experiments/utils.py", line 5, in <module>
    from sklearn.metrics import (roc_auc_score, roc_curve, precision_score, auc, recall_score, precision_recall_curve, \
ImportError: cannot import name 'root_mean_squared_error' from 'sklearn.metrics' (/home/ketrong/miniconda3/envs/tpot2devenv/lib/python3.10/site-packages/sklearn/metrics/__init__.py)
srun: error: esplhpc-cp010: task 0: Exited with exit code 1
