Run: 7
/cm/local/apps/slurm/var/spool/job675296/slurm_script: line 23: /common/ketrong/minconda3/etc/profile.d/conda.sh: No such file or directory
/cm/local/apps/slurm/var/spool/job675296/slurm_script: line 26: $'\nconda create --name tpot2devenv -c conda-forge python=3.10\n': command not found
/cm/local/apps/slurm/var/spool/job675296/slurm_script: line 31: $'\npip install -r requirements.txt\n': command not found
RunStart
2024-02-23 06:49:11.671924: I tensorflow/core/util/port.cc:113] oneDNN custom operations are on. You may see slightly different numerical results due to floating-point round-off errors from different computation orders. To turn them off, set the environment variable `TF_ENABLE_ONEDNN_OPTS=0`.
2024-02-23 06:49:11.707989: E external/local_xla/xla/stream_executor/cuda/cuda_dnn.cc:9261] Unable to register cuDNN factory: Attempting to register factory for plugin cuDNN when one has already been registered
2024-02-23 06:49:11.708010: E external/local_xla/xla/stream_executor/cuda/cuda_fft.cc:607] Unable to register cuFFT factory: Attempting to register factory for plugin cuFFT when one has already been registered
2024-02-23 06:49:11.709421: E external/local_xla/xla/stream_executor/cuda/cuda_blas.cc:1515] Unable to register cuBLAS factory: Attempting to register factory for plugin cuBLAS when one has already been registered
2024-02-23 06:49:11.716074: I tensorflow/core/platform/cpu_feature_guard.cc:182] This TensorFlow binary is optimized to use available CPU instructions in performance-critical operations.
To enable the following instructions: AVX2 AVX512F AVX512_VNNI FMA, in other operations, rebuild TensorFlow with the appropriate compiler flags.
2024-02-23 06:49:12.868806: W tensorflow/compiler/tf2tensorrt/utils/py_utils.cc:38] TF-TRT Warning: Could not find TensorRT
WARNING:tensorflow:From /home/ketrong/miniconda3/envs/tpot2devenv/lib/python3.10/site-packages/tensorflow/python/compat/v2_compat.py:108: disable_resource_variables (from tensorflow.python.ops.variable_scope) is deprecated and will be removed in a future version.
Instructions for updating:
non-resource variables are not supported in the long term
starting loops
working on 
logs/2289/tpot2_base_normal_MAR_0.1
1.2250151634216309
loading data
logs/2289/tpot2_base_normal_MAR_0.1/data/2289_True.pkl
[14 14 13 ... 16 12 14]
         0  ...     5
0      4.4  ...  0.00
1      6.2  ...  0.00
2     -3.9  ...  0.00
3     -5.7  ...  0.00
4      3.4  ...  0.00
...    ...  ...   ...
8560   3.1  ...  0.00
8561   3.5  ...  0.00
8562   4.4  ...  0.00
8563 -10.0  ... -0.02
8564   7.9  ...  0.00

[8565 rows x 6 columns]
       0  ...     5
0   -1.8  ...  0.00
1   -2.9  ...  0.00
2    2.9  ...  0.00
3   -6.3  ...  0.01
4   -1.5  ...  0.00
..   ...  ...   ...
947  2.7  ...  0.00
948 -0.5  ...  0.00
949 -2.5  ...  0.00
950 -5.3  ...  0.00
951 -7.2  ...  0.00

[952 rows x 6 columns]
running experiment 1/3 - Does large hyperparameter space improve reconstruction accuracy over simple
[I 2024-02-23 06:49:23,042] A new study created in memory with name: no-name-3557164f-9d2c-4476-a2c4-aa78d1513b3f
[I 2024-02-23 06:49:23,470] Trial 1 finished with value: 15.342102520946431 and parameters: {'model_name': 'SimpleImputer', 'strategy': 'constant'}. Best is trial 1 with value: 15.342102520946431.
[I 2024-02-23 06:49:23,935] Trial 6 finished with value: 15.342102520946431 and parameters: {'model_name': 'SimpleImputer', 'strategy': 'constant'}. Best is trial 1 with value: 15.342102520946431.
[I 2024-02-23 06:49:24,139] Trial 7 finished with value: 15.342102520946431 and parameters: {'model_name': 'SimpleImputer', 'strategy': 'constant'}. Best is trial 1 with value: 15.342102520946431.
[I 2024-02-23 06:49:24,296] Trial 4 finished with value: 15.342102520946431 and parameters: {'model_name': 'SimpleImputer', 'strategy': 'constant'}. Best is trial 1 with value: 15.342102520946431.
[I 2024-02-23 06:49:24,499] Trial 3 finished with value: 15.342102520946431 and parameters: {'model_name': 'SimpleImputer', 'strategy': 'constant'}. Best is trial 1 with value: 15.342102520946431.
[I 2024-02-23 06:49:24,967] Trial 18 finished with value: 15.342102520946431 and parameters: {'model_name': 'SimpleImputer', 'strategy': 'constant'}. Best is trial 1 with value: 15.342102520946431.
[I 2024-02-23 06:49:25,167] Trial 23 finished with value: 15.342102520946431 and parameters: {'model_name': 'SimpleImputer', 'strategy': 'constant'}. Best is trial 1 with value: 15.342102520946431.
[I 2024-02-23 06:49:25,412] Trial 16 finished with value: 16.51610447439279 and parameters: {'model_name': 'SimpleImputer', 'strategy': 'mean'}. Best is trial 1 with value: 15.342102520946431.
[I 2024-02-23 06:49:25,617] Trial 20 finished with value: 15.342102520946431 and parameters: {'model_name': 'SimpleImputer', 'strategy': 'constant'}. Best is trial 1 with value: 15.342102520946431.
[I 2024-02-23 06:49:25,788] Trial 19 finished with value: 15.342102520946431 and parameters: {'model_name': 'SimpleImputer', 'strategy': 'constant'}. Best is trial 1 with value: 15.342102520946431.
[I 2024-02-23 06:49:26,092] Trial 34 finished with value: 15.342102520946431 and parameters: {'model_name': 'SimpleImputer', 'strategy': 'constant'}. Best is trial 1 with value: 15.342102520946431.
[I 2024-02-23 06:49:26,258] Trial 21 finished with value: 16.51610447439279 and parameters: {'model_name': 'SimpleImputer', 'strategy': 'mean'}. Best is trial 1 with value: 15.342102520946431.
[I 2024-02-23 06:49:26,596] Trial 24 finished with value: 15.342102520946431 and parameters: {'model_name': 'SimpleImputer', 'strategy': 'constant'}. Best is trial 1 with value: 15.342102520946431.
[I 2024-02-23 06:49:26,888] Trial 27 finished with value: 16.51610447439279 and parameters: {'model_name': 'SimpleImputer', 'strategy': 'mean'}. Best is trial 1 with value: 15.342102520946431.
[I 2024-02-23 06:49:27,129] Trial 39 finished with value: 15.342102520946431 and parameters: {'model_name': 'SimpleImputer', 'strategy': 'constant'}. Best is trial 1 with value: 15.342102520946431.
[I 2024-02-23 06:49:27,336] Trial 33 finished with value: 15.342102520946431 and parameters: {'model_name': 'SimpleImputer', 'strategy': 'constant'}. Best is trial 1 with value: 15.342102520946431.
[I 2024-02-23 06:49:27,510] Trial 26 finished with value: 16.51610447439279 and parameters: {'model_name': 'SimpleImputer', 'strategy': 'mean'}. Best is trial 1 with value: 15.342102520946431.
[I 2024-02-23 06:49:27,731] Trial 29 finished with value: 15.342102520946431 and parameters: {'model_name': 'SimpleImputer', 'strategy': 'constant'}. Best is trial 1 with value: 15.342102520946431.
[I 2024-02-23 06:49:27,926] Trial 9 finished with value: 15.962449114605567 and parameters: {'model_name': 'SimpleImputer', 'strategy': 'median'}. Best is trial 1 with value: 15.342102520946431.
[I 2024-02-23 06:49:28,109] Trial 38 finished with value: 15.342102520946431 and parameters: {'model_name': 'SimpleImputer', 'strategy': 'constant'}. Best is trial 1 with value: 15.342102520946431.
[I 2024-02-23 06:49:28,322] Trial 5 finished with value: 15.962449114605567 and parameters: {'model_name': 'SimpleImputer', 'strategy': 'most_frequent'}. Best is trial 1 with value: 15.342102520946431.
[I 2024-02-23 06:49:28,483] Trial 30 finished with value: 16.51610447439279 and parameters: {'model_name': 'SimpleImputer', 'strategy': 'mean'}. Best is trial 1 with value: 15.342102520946431.
[I 2024-02-23 06:49:28,677] Trial 0 finished with value: 15.962449114605567 and parameters: {'model_name': 'SimpleImputer', 'strategy': 'median'}. Best is trial 1 with value: 15.342102520946431.
[I 2024-02-23 06:49:28,888] Trial 14 finished with value: 15.962449114605567 and parameters: {'model_name': 'SimpleImputer', 'strategy': 'median'}. Best is trial 1 with value: 15.342102520946431.
[I 2024-02-23 06:49:29,280] Trial 52 finished with value: 15.342102520946431 and parameters: {'model_name': 'SimpleImputer', 'strategy': 'constant'}. Best is trial 1 with value: 15.342102520946431.
[I 2024-02-23 06:49:29,452] Trial 37 finished with value: 16.51610447439279 and parameters: {'model_name': 'SimpleImputer', 'strategy': 'mean'}. Best is trial 1 with value: 15.342102520946431.
[I 2024-02-23 06:49:29,619] Trial 8 finished with value: 15.962449114605567 and parameters: {'model_name': 'SimpleImputer', 'strategy': 'median'}. Best is trial 1 with value: 15.342102520946431.
[I 2024-02-23 06:49:29,815] Trial 51 finished with value: 15.342102520946431 and parameters: {'model_name': 'SimpleImputer', 'strategy': 'constant'}. Best is trial 1 with value: 15.342102520946431.
[I 2024-02-23 06:49:30,038] Trial 2 finished with value: 15.962449114605567 and parameters: {'model_name': 'SimpleImputer', 'strategy': 'median'}. Best is trial 1 with value: 15.342102520946431.
[I 2024-02-23 06:49:30,218] Trial 49 finished with value: 15.342102520946431 and parameters: {'model_name': 'SimpleImputer', 'strategy': 'constant'}. Best is trial 1 with value: 15.342102520946431.
[I 2024-02-23 06:49:30,405] Trial 17 finished with value: 15.962449114605567 and parameters: {'model_name': 'SimpleImputer', 'strategy': 'median'}. Best is trial 1 with value: 15.342102520946431.
[I 2024-02-23 06:49:30,569] Trial 44 finished with value: 16.51610447439279 and parameters: {'model_name': 'SimpleImputer', 'strategy': 'mean'}. Best is trial 1 with value: 15.342102520946431.
[I 2024-02-23 06:49:30,776] Trial 46 finished with value: 16.51610447439279 and parameters: {'model_name': 'SimpleImputer', 'strategy': 'mean'}. Best is trial 1 with value: 15.342102520946431.
[I 2024-02-23 06:49:31,031] Trial 13 finished with value: 15.962449114605567 and parameters: {'model_name': 'SimpleImputer', 'strategy': 'median'}. Best is trial 1 with value: 15.342102520946431.
[I 2024-02-23 06:49:31,190] Trial 47 finished with value: 16.51610447439279 and parameters: {'model_name': 'SimpleImputer', 'strategy': 'mean'}. Best is trial 1 with value: 15.342102520946431.
[I 2024-02-23 06:49:31,365] Trial 22 finished with value: 15.962449114605567 and parameters: {'model_name': 'SimpleImputer', 'strategy': 'median'}. Best is trial 1 with value: 15.342102520946431.
[I 2024-02-23 06:49:31,730] Trial 28 finished with value: 15.962449114605567 and parameters: {'model_name': 'SimpleImputer', 'strategy': 'median'}. Best is trial 1 with value: 15.342102520946431.
[I 2024-02-23 06:49:32,024] Trial 12 finished with value: 15.962449114605567 and parameters: {'model_name': 'SimpleImputer', 'strategy': 'most_frequent'}. Best is trial 1 with value: 15.342102520946431.
[I 2024-02-23 06:49:32,336] Trial 15 finished with value: 15.962449114605567 and parameters: {'model_name': 'SimpleImputer', 'strategy': 'most_frequent'}. Best is trial 1 with value: 15.342102520946431.
[I 2024-02-23 06:49:32,611] Trial 10 finished with value: 15.962449114605567 and parameters: {'model_name': 'SimpleImputer', 'strategy': 'most_frequent'}. Best is trial 1 with value: 15.342102520946431.
[I 2024-02-23 06:49:33,001] Trial 11 finished with value: 15.962449114605567 and parameters: {'model_name': 'SimpleImputer', 'strategy': 'most_frequent'}. Best is trial 1 with value: 15.342102520946431.
[I 2024-02-23 06:49:33,368] Trial 40 finished with value: 15.962449114605567 and parameters: {'model_name': 'SimpleImputer', 'strategy': 'median'}. Best is trial 1 with value: 15.342102520946431.
[I 2024-02-23 06:49:33,605] Trial 59 finished with value: 15.962449114605567 and parameters: {'model_name': 'SimpleImputer', 'strategy': 'median'}. Best is trial 1 with value: 15.342102520946431.
[I 2024-02-23 06:49:33,966] Trial 54 finished with value: 15.962449114605567 and parameters: {'model_name': 'SimpleImputer', 'strategy': 'median'}. Best is trial 1 with value: 15.342102520946431.
[I 2024-02-23 06:49:34,292] Trial 55 finished with value: 15.962449114605567 and parameters: {'model_name': 'SimpleImputer', 'strategy': 'median'}. Best is trial 1 with value: 15.342102520946431.
[I 2024-02-23 06:49:34,544] Trial 32 finished with value: 15.962449114605567 and parameters: {'model_name': 'SimpleImputer', 'strategy': 'most_frequent'}. Best is trial 1 with value: 15.342102520946431.
[I 2024-02-23 06:49:34,797] Trial 57 finished with value: 15.962449114605567 and parameters: {'model_name': 'SimpleImputer', 'strategy': 'median'}. Best is trial 1 with value: 15.342102520946431.
[I 2024-02-23 06:49:34,974] Trial 50 finished with value: 15.962449114605567 and parameters: {'model_name': 'SimpleImputer', 'strategy': 'median'}. Best is trial 1 with value: 15.342102520946431.
[I 2024-02-23 06:49:35,447] Trial 88 finished with value: 15.342102520946431 and parameters: {'model_name': 'SimpleImputer', 'strategy': 'constant'}. Best is trial 1 with value: 15.342102520946431.
[I 2024-02-23 06:49:35,716] Trial 42 finished with value: 15.962449114605567 and parameters: {'model_name': 'SimpleImputer', 'strategy': 'most_frequent'}. Best is trial 1 with value: 15.342102520946431.
[I 2024-02-23 06:49:35,907] Trial 87 finished with value: 15.342102520946431 and parameters: {'model_name': 'SimpleImputer', 'strategy': 'constant'}. Best is trial 1 with value: 15.342102520946431.
[I 2024-02-23 06:49:36,097] Trial 61 finished with value: 15.962449114605567 and parameters: {'model_name': 'SimpleImputer', 'strategy': 'median'}. Best is trial 1 with value: 15.342102520946431.
[I 2024-02-23 06:49:36,414] Trial 25 finished with value: 15.962449114605567 and parameters: {'model_name': 'SimpleImputer', 'strategy': 'most_frequent'}. Best is trial 1 with value: 15.342102520946431.
[I 2024-02-23 06:49:36,754] Trial 35 finished with value: 15.962449114605567 and parameters: {'model_name': 'SimpleImputer', 'strategy': 'most_frequent'}. Best is trial 1 with value: 15.342102520946431.
[I 2024-02-23 06:49:37,003] Trial 56 finished with value: 15.962449114605567 and parameters: {'model_name': 'SimpleImputer', 'strategy': 'median'}. Best is trial 1 with value: 15.342102520946431.
[I 2024-02-23 06:49:37,183] Trial 90 finished with value: 15.342102520946431 and parameters: {'model_name': 'SimpleImputer', 'strategy': 'constant'}. Best is trial 1 with value: 15.342102520946431.
[I 2024-02-23 06:49:37,444] Trial 48 finished with value: 15.962449114605567 and parameters: {'model_name': 'SimpleImputer', 'strategy': 'most_frequent'}. Best is trial 1 with value: 15.342102520946431.
[I 2024-02-23 06:49:37,706] Trial 31 finished with value: 15.962449114605567 and parameters: {'model_name': 'SimpleImputer', 'strategy': 'most_frequent'}. Best is trial 1 with value: 15.342102520946431.
[I 2024-02-23 06:49:37,960] Trial 89 finished with value: 15.342102520946431 and parameters: {'model_name': 'SimpleImputer', 'strategy': 'constant'}. Best is trial 1 with value: 15.342102520946431.
[I 2024-02-23 06:49:38,127] Trial 36 finished with value: 15.962449114605567 and parameters: {'model_name': 'SimpleImputer', 'strategy': 'most_frequent'}. Best is trial 1 with value: 15.342102520946431.
[I 2024-02-23 06:49:38,358] Trial 53 finished with value: 15.962449114605567 and parameters: {'model_name': 'SimpleImputer', 'strategy': 'most_frequent'}. Best is trial 1 with value: 15.342102520946431.
[I 2024-02-23 06:49:38,607] Trial 45 finished with value: 15.962449114605567 and parameters: {'model_name': 'SimpleImputer', 'strategy': 'most_frequent'}. Best is trial 1 with value: 15.342102520946431.
[I 2024-02-23 06:49:38,820] Trial 62 finished with value: 15.962449114605567 and parameters: {'model_name': 'SimpleImputer', 'strategy': 'median'}. Best is trial 1 with value: 15.342102520946431.
[I 2024-02-23 06:49:39,153] Trial 41 finished with value: 15.962449114605567 and parameters: {'model_name': 'SimpleImputer', 'strategy': 'most_frequent'}. Best is trial 1 with value: 15.342102520946431.
[I 2024-02-23 06:49:39,553] Trial 92 finished with value: 15.342102520946431 and parameters: {'model_name': 'SimpleImputer', 'strategy': 'constant'}. Best is trial 1 with value: 15.342102520946431.
[I 2024-02-23 06:49:39,873] Trial 91 finished with value: 15.342102520946431 and parameters: {'model_name': 'SimpleImputer', 'strategy': 'constant'}. Best is trial 1 with value: 15.342102520946431.
[I 2024-02-23 06:49:40,125] Trial 58 finished with value: 15.962449114605567 and parameters: {'model_name': 'SimpleImputer', 'strategy': 'most_frequent'}. Best is trial 1 with value: 15.342102520946431.
[I 2024-02-23 06:49:40,495] Trial 63 finished with value: 15.962449114605567 and parameters: {'model_name': 'SimpleImputer', 'strategy': 'most_frequent'}. Best is trial 1 with value: 15.342102520946431.
[I 2024-02-23 06:49:40,835] Trial 101 finished with value: 15.342102520946431 and parameters: {'model_name': 'SimpleImputer', 'strategy': 'constant'}. Best is trial 1 with value: 15.342102520946431.
[I 2024-02-23 06:49:41,089] Trial 96 finished with value: 15.342102520946431 and parameters: {'model_name': 'SimpleImputer', 'strategy': 'constant'}. Best is trial 1 with value: 15.342102520946431.
[I 2024-02-23 06:49:41,333] Trial 95 finished with value: 15.342102520946431 and parameters: {'model_name': 'SimpleImputer', 'strategy': 'constant'}. Best is trial 1 with value: 15.342102520946431.
[I 2024-02-23 06:49:41,658] Trial 97 finished with value: 15.342102520946431 and parameters: {'model_name': 'SimpleImputer', 'strategy': 'constant'}. Best is trial 1 with value: 15.342102520946431.
[I 2024-02-23 06:49:41,906] Trial 106 finished with value: 15.342102520946431 and parameters: {'model_name': 'SimpleImputer', 'strategy': 'constant'}. Best is trial 1 with value: 15.342102520946431.
[I 2024-02-23 06:49:42,222] Trial 94 finished with value: 15.342102520946431 and parameters: {'model_name': 'SimpleImputer', 'strategy': 'constant'}. Best is trial 1 with value: 15.342102520946431.
[I 2024-02-23 06:49:42,503] Trial 98 finished with value: 15.342102520946431 and parameters: {'model_name': 'SimpleImputer', 'strategy': 'constant'}. Best is trial 1 with value: 15.342102520946431.
[I 2024-02-23 06:49:42,774] Trial 100 finished with value: 15.342102520946431 and parameters: {'model_name': 'SimpleImputer', 'strategy': 'constant'}. Best is trial 1 with value: 15.342102520946431.
[I 2024-02-23 06:49:43,013] Trial 93 finished with value: 15.342102520946431 and parameters: {'model_name': 'SimpleImputer', 'strategy': 'constant'}. Best is trial 1 with value: 15.342102520946431.
[I 2024-02-23 06:49:43,253] Trial 43 finished with value: 15.962449114605567 and parameters: {'model_name': 'SimpleImputer', 'strategy': 'most_frequent'}. Best is trial 1 with value: 15.342102520946431.
[I 2024-02-23 06:49:43,579] Trial 104 finished with value: 15.342102520946431 and parameters: {'model_name': 'SimpleImputer', 'strategy': 'constant'}. Best is trial 1 with value: 15.342102520946431.
[I 2024-02-23 06:49:43,816] Trial 107 finished with value: 15.342102520946431 and parameters: {'model_name': 'SimpleImputer', 'strategy': 'constant'}. Best is trial 1 with value: 15.342102520946431.
[I 2024-02-23 06:49:44,106] Trial 102 finished with value: 15.342102520946431 and parameters: {'model_name': 'SimpleImputer', 'strategy': 'constant'}. Best is trial 1 with value: 15.342102520946431.
[I 2024-02-23 06:49:44,307] Trial 60 finished with value: 15.962449114605567 and parameters: {'model_name': 'SimpleImputer', 'strategy': 'most_frequent'}. Best is trial 1 with value: 15.342102520946431.
[I 2024-02-23 06:49:44,568] Trial 75 finished with value: 15.962449114605567 and parameters: {'model_name': 'SimpleImputer', 'strategy': 'most_frequent'}. Best is trial 1 with value: 15.342102520946431.
[I 2024-02-23 06:49:44,948] Trial 103 finished with value: 15.342102520946431 and parameters: {'model_name': 'SimpleImputer', 'strategy': 'constant'}. Best is trial 1 with value: 15.342102520946431.
[I 2024-02-23 06:49:45,237] Trial 66 finished with value: 15.962449114605567 and parameters: {'model_name': 'SimpleImputer', 'strategy': 'most_frequent'}. Best is trial 1 with value: 15.342102520946431.
[I 2024-02-23 06:49:45,439] Trial 67 finished with value: 15.962449114605567 and parameters: {'model_name': 'SimpleImputer', 'strategy': 'most_frequent'}. Best is trial 1 with value: 15.342102520946431.
[I 2024-02-23 06:49:45,688] Trial 99 finished with value: 15.342102520946431 and parameters: {'model_name': 'SimpleImputer', 'strategy': 'constant'}. Best is trial 1 with value: 15.342102520946431.
[I 2024-02-23 06:49:46,016] Trial 109 finished with value: 15.342102520946431 and parameters: {'model_name': 'SimpleImputer', 'strategy': 'constant'}. Best is trial 1 with value: 15.342102520946431.
[I 2024-02-23 06:49:46,208] Trial 68 finished with value: 15.962449114605567 and parameters: {'model_name': 'SimpleImputer', 'strategy': 'most_frequent'}. Best is trial 1 with value: 15.342102520946431.
[I 2024-02-23 06:49:46,433] Trial 70 finished with value: 15.962449114605567 and parameters: {'model_name': 'SimpleImputer', 'strategy': 'most_frequent'}. Best is trial 1 with value: 15.342102520946431.
[I 2024-02-23 06:49:46,598] Trial 77 finished with value: 15.962449114605567 and parameters: {'model_name': 'SimpleImputer', 'strategy': 'most_frequent'}. Best is trial 1 with value: 15.342102520946431.
[I 2024-02-23 06:49:46,755] Trial 78 finished with value: 15.962449114605567 and parameters: {'model_name': 'SimpleImputer', 'strategy': 'most_frequent'}. Best is trial 1 with value: 15.342102520946431.
[I 2024-02-23 06:49:47,007] Trial 64 finished with value: 15.962449114605567 and parameters: {'model_name': 'SimpleImputer', 'strategy': 'most_frequent'}. Best is trial 1 with value: 15.342102520946431.
[I 2024-02-23 06:49:47,173] Trial 110 finished with value: 15.342102520946431 and parameters: {'model_name': 'SimpleImputer', 'strategy': 'constant'}. Best is trial 1 with value: 15.342102520946431.
[I 2024-02-23 06:49:47,348] Trial 112 finished with value: 15.342102520946431 and parameters: {'model_name': 'SimpleImputer', 'strategy': 'constant'}. Best is trial 1 with value: 15.342102520946431.
[I 2024-02-23 06:49:47,501] Trial 111 finished with value: 15.342102520946431 and parameters: {'model_name': 'SimpleImputer', 'strategy': 'constant'}. Best is trial 1 with value: 15.342102520946431.
[I 2024-02-23 06:49:47,660] Trial 115 finished with value: 15.342102520946431 and parameters: {'model_name': 'SimpleImputer', 'strategy': 'constant'}. Best is trial 1 with value: 15.342102520946431.
[I 2024-02-23 06:49:47,901] Trial 105 finished with value: 15.342102520946431 and parameters: {'model_name': 'SimpleImputer', 'strategy': 'constant'}. Best is trial 1 with value: 15.342102520946431.
[I 2024-02-23 06:49:48,183] Trial 74 finished with value: 15.962449114605567 and parameters: {'model_name': 'SimpleImputer', 'strategy': 'most_frequent'}. Best is trial 1 with value: 15.342102520946431.
[I 2024-02-23 06:49:48,523] Trial 65 finished with value: 15.962449114605567 and parameters: {'model_name': 'SimpleImputer', 'strategy': 'most_frequent'}. Best is trial 1 with value: 15.342102520946431.
[I 2024-02-23 06:49:48,761] Trial 71 finished with value: 15.962449114605567 and parameters: {'model_name': 'SimpleImputer', 'strategy': 'most_frequent'}. Best is trial 1 with value: 15.342102520946431.
[I 2024-02-23 06:49:49,033] Trial 108 finished with value: 15.342102520946431 and parameters: {'model_name': 'SimpleImputer', 'strategy': 'constant'}. Best is trial 1 with value: 15.342102520946431.
[I 2024-02-23 06:49:49,360] Trial 113 finished with value: 15.342102520946431 and parameters: {'model_name': 'SimpleImputer', 'strategy': 'constant'}. Best is trial 1 with value: 15.342102520946431.
[I 2024-02-23 06:49:49,569] Trial 121 finished with value: 15.342102520946431 and parameters: {'model_name': 'SimpleImputer', 'strategy': 'constant'}. Best is trial 1 with value: 15.342102520946431.
[I 2024-02-23 06:49:49,778] Trial 82 finished with value: 15.962449114605567 and parameters: {'model_name': 'SimpleImputer', 'strategy': 'most_frequent'}. Best is trial 1 with value: 15.342102520946431.
[I 2024-02-23 06:49:50,001] Trial 79 finished with value: 15.962449114605567 and parameters: {'model_name': 'SimpleImputer', 'strategy': 'most_frequent'}. Best is trial 1 with value: 15.342102520946431.
[I 2024-02-23 06:49:50,197] Trial 69 finished with value: 15.962449114605567 and parameters: {'model_name': 'SimpleImputer', 'strategy': 'most_frequent'}. Best is trial 1 with value: 15.342102520946431.
[I 2024-02-23 06:49:50,409] Trial 73 finished with value: 15.962449114605567 and parameters: {'model_name': 'SimpleImputer', 'strategy': 'most_frequent'}. Best is trial 1 with value: 15.342102520946431.
[I 2024-02-23 06:49:50,613] Trial 84 finished with value: 15.962449114605567 and parameters: {'model_name': 'SimpleImputer', 'strategy': 'most_frequent'}. Best is trial 1 with value: 15.342102520946431.
[I 2024-02-23 06:49:50,860] Trial 117 finished with value: 15.342102520946431 and parameters: {'model_name': 'SimpleImputer', 'strategy': 'constant'}. Best is trial 1 with value: 15.342102520946431.
[I 2024-02-23 06:49:51,061] Trial 72 finished with value: 15.962449114605567 and parameters: {'model_name': 'SimpleImputer', 'strategy': 'most_frequent'}. Best is trial 1 with value: 15.342102520946431.
[I 2024-02-23 06:49:51,326] Trial 119 finished with value: 15.342102520946431 and parameters: {'model_name': 'SimpleImputer', 'strategy': 'constant'}. Best is trial 1 with value: 15.342102520946431.
[I 2024-02-23 06:49:51,533] Trial 114 finished with value: 15.342102520946431 and parameters: {'model_name': 'SimpleImputer', 'strategy': 'constant'}. Best is trial 1 with value: 15.342102520946431.
[I 2024-02-23 06:49:51,738] Trial 81 finished with value: 15.962449114605567 and parameters: {'model_name': 'SimpleImputer', 'strategy': 'most_frequent'}. Best is trial 1 with value: 15.342102520946431.
[I 2024-02-23 06:49:51,938] Trial 120 finished with value: 15.342102520946431 and parameters: {'model_name': 'SimpleImputer', 'strategy': 'constant'}. Best is trial 1 with value: 15.342102520946431.
[I 2024-02-23 06:49:52,123] Trial 122 finished with value: 15.342102520946431 and parameters: {'model_name': 'SimpleImputer', 'strategy': 'constant'}. Best is trial 1 with value: 15.342102520946431.
[I 2024-02-23 06:49:52,381] Trial 132 finished with value: 15.342102520946431 and parameters: {'model_name': 'SimpleImputer', 'strategy': 'constant'}. Best is trial 1 with value: 15.342102520946431.
[I 2024-02-23 06:49:52,605] Trial 125 finished with value: 15.342102520946431 and parameters: {'model_name': 'SimpleImputer', 'strategy': 'constant'}. Best is trial 1 with value: 15.342102520946431.
[I 2024-02-23 06:49:52,846] Trial 126 finished with value: 15.342102520946431 and parameters: {'model_name': 'SimpleImputer', 'strategy': 'constant'}. Best is trial 1 with value: 15.342102520946431.
[I 2024-02-23 06:49:53,079] Trial 85 finished with value: 15.962449114605567 and parameters: {'model_name': 'SimpleImputer', 'strategy': 'most_frequent'}. Best is trial 1 with value: 15.342102520946431.
[I 2024-02-23 06:49:53,332] Trial 80 finished with value: 15.962449114605567 and parameters: {'model_name': 'SimpleImputer', 'strategy': 'most_frequent'}. Best is trial 1 with value: 15.342102520946431.
[I 2024-02-23 06:49:53,531] Trial 127 finished with value: 15.342102520946431 and parameters: {'model_name': 'SimpleImputer', 'strategy': 'constant'}. Best is trial 1 with value: 15.342102520946431.
[I 2024-02-23 06:49:53,763] Trial 118 finished with value: 15.342102520946431 and parameters: {'model_name': 'SimpleImputer', 'strategy': 'constant'}. Best is trial 1 with value: 15.342102520946431.
[I 2024-02-23 06:49:54,018] Trial 116 finished with value: 15.342102520946431 and parameters: {'model_name': 'SimpleImputer', 'strategy': 'constant'}. Best is trial 1 with value: 15.342102520946431.
[I 2024-02-23 06:49:54,220] Trial 129 finished with value: 15.342102520946431 and parameters: {'model_name': 'SimpleImputer', 'strategy': 'constant'}. Best is trial 1 with value: 15.342102520946431.
[I 2024-02-23 06:49:54,471] Trial 76 finished with value: 15.962449114605567 and parameters: {'model_name': 'SimpleImputer', 'strategy': 'most_frequent'}. Best is trial 1 with value: 15.342102520946431.
[I 2024-02-23 06:49:54,723] Trial 131 finished with value: 15.342102520946431 and parameters: {'model_name': 'SimpleImputer', 'strategy': 'constant'}. Best is trial 1 with value: 15.342102520946431.
[I 2024-02-23 06:49:54,965] Trial 123 finished with value: 15.342102520946431 and parameters: {'model_name': 'SimpleImputer', 'strategy': 'constant'}. Best is trial 1 with value: 15.342102520946431.
[I 2024-02-23 06:49:55,227] Trial 133 finished with value: 15.342102520946431 and parameters: {'model_name': 'SimpleImputer', 'strategy': 'constant'}. Best is trial 1 with value: 15.342102520946431.
[I 2024-02-23 06:49:55,444] Trial 83 finished with value: 15.962449114605567 and parameters: {'model_name': 'SimpleImputer', 'strategy': 'most_frequent'}. Best is trial 1 with value: 15.342102520946431.
[I 2024-02-23 06:49:55,746] Trial 124 finished with value: 15.342102520946431 and parameters: {'model_name': 'SimpleImputer', 'strategy': 'constant'}. Best is trial 1 with value: 15.342102520946431.
[I 2024-02-23 06:49:55,999] Trial 130 finished with value: 15.342102520946431 and parameters: {'model_name': 'SimpleImputer', 'strategy': 'constant'}. Best is trial 1 with value: 15.342102520946431.
[I 2024-02-23 06:49:56,218] Trial 86 finished with value: 15.962449114605567 and parameters: {'model_name': 'SimpleImputer', 'strategy': 'most_frequent'}. Best is trial 1 with value: 15.342102520946431.
[I 2024-02-23 06:49:56,442] Trial 136 finished with value: 15.342102520946431 and parameters: {'model_name': 'SimpleImputer', 'strategy': 'constant'}. Best is trial 1 with value: 15.342102520946431.
[I 2024-02-23 06:49:56,731] Trial 128 finished with value: 15.342102520946431 and parameters: {'model_name': 'SimpleImputer', 'strategy': 'constant'}. Best is trial 1 with value: 15.342102520946431.
[I 2024-02-23 06:49:57,010] Trial 135 finished with value: 15.342102520946431 and parameters: {'model_name': 'SimpleImputer', 'strategy': 'constant'}. Best is trial 1 with value: 15.342102520946431.
[I 2024-02-23 06:49:57,234] Trial 134 finished with value: 15.342102520946431 and parameters: {'model_name': 'SimpleImputer', 'strategy': 'constant'}. Best is trial 1 with value: 15.342102520946431.
[I 2024-02-23 06:49:57,528] Trial 141 finished with value: 15.342102520946431 and parameters: {'model_name': 'SimpleImputer', 'strategy': 'constant'}. Best is trial 1 with value: 15.342102520946431.
[I 2024-02-23 06:49:57,892] Trial 139 finished with value: 15.342102520946431 and parameters: {'model_name': 'SimpleImputer', 'strategy': 'constant'}. Best is trial 1 with value: 15.342102520946431.
[I 2024-02-23 06:49:58,089] Trial 146 finished with value: 15.342102520946431 and parameters: {'model_name': 'SimpleImputer', 'strategy': 'constant'}. Best is trial 1 with value: 15.342102520946431.
[I 2024-02-23 06:49:58,325] Trial 143 finished with value: 15.342102520946431 and parameters: {'model_name': 'SimpleImputer', 'strategy': 'constant'}. Best is trial 1 with value: 15.342102520946431.
[I 2024-02-23 06:49:58,748] Trial 138 finished with value: 15.342102520946431 and parameters: {'model_name': 'SimpleImputer', 'strategy': 'constant'}. Best is trial 1 with value: 15.342102520946431.
[I 2024-02-23 06:49:59,003] Trial 157 finished with value: 15.342102520946431 and parameters: {'model_name': 'SimpleImputer', 'strategy': 'constant'}. Best is trial 1 with value: 15.342102520946431.
[I 2024-02-23 06:49:59,232] Trial 142 finished with value: 15.342102520946431 and parameters: {'model_name': 'SimpleImputer', 'strategy': 'constant'}. Best is trial 1 with value: 15.342102520946431.
[I 2024-02-23 06:49:59,462] Trial 140 finished with value: 15.342102520946431 and parameters: {'model_name': 'SimpleImputer', 'strategy': 'constant'}. Best is trial 1 with value: 15.342102520946431.
[I 2024-02-23 06:49:59,749] Trial 137 finished with value: 15.342102520946431 and parameters: {'model_name': 'SimpleImputer', 'strategy': 'constant'}. Best is trial 1 with value: 15.342102520946431.
[I 2024-02-23 06:49:59,997] Trial 148 finished with value: 15.342102520946431 and parameters: {'model_name': 'SimpleImputer', 'strategy': 'constant'}. Best is trial 1 with value: 15.342102520946431.
[I 2024-02-23 06:50:00,214] Trial 155 finished with value: 15.342102520946431 and parameters: {'model_name': 'SimpleImputer', 'strategy': 'constant'}. Best is trial 1 with value: 15.342102520946431.
[I 2024-02-23 06:50:00,405] Trial 149 finished with value: 16.51610447439279 and parameters: {'model_name': 'SimpleImputer', 'strategy': 'mean'}. Best is trial 1 with value: 15.342102520946431.
[I 2024-02-23 06:50:00,704] Trial 145 finished with value: 15.342102520946431 and parameters: {'model_name': 'SimpleImputer', 'strategy': 'constant'}. Best is trial 1 with value: 15.342102520946431.
[I 2024-02-23 06:50:01,040] Trial 158 finished with value: 16.51610447439279 and parameters: {'model_name': 'SimpleImputer', 'strategy': 'mean'}. Best is trial 1 with value: 15.342102520946431.
[I 2024-02-23 06:50:01,320] Trial 147 finished with value: 15.342102520946431 and parameters: {'model_name': 'SimpleImputer', 'strategy': 'constant'}. Best is trial 1 with value: 15.342102520946431.
[I 2024-02-23 06:50:01,601] Trial 153 finished with value: 16.51610447439279 and parameters: {'model_name': 'SimpleImputer', 'strategy': 'mean'}. Best is trial 1 with value: 15.342102520946431.
[I 2024-02-23 06:50:01,987] Trial 152 finished with value: 16.51610447439279 and parameters: {'model_name': 'SimpleImputer', 'strategy': 'mean'}. Best is trial 1 with value: 15.342102520946431.
[I 2024-02-23 06:50:02,229] Trial 154 finished with value: 16.51610447439279 and parameters: {'model_name': 'SimpleImputer', 'strategy': 'mean'}. Best is trial 1 with value: 15.342102520946431.
[I 2024-02-23 06:50:02,453] Trial 159 finished with value: 15.342102520946431 and parameters: {'model_name': 'SimpleImputer', 'strategy': 'constant'}. Best is trial 1 with value: 15.342102520946431.
[I 2024-02-23 06:50:02,690] Trial 162 finished with value: 16.51610447439279 and parameters: {'model_name': 'SimpleImputer', 'strategy': 'mean'}. Best is trial 1 with value: 15.342102520946431.
[I 2024-02-23 06:50:03,014] Trial 165 finished with value: 16.51610447439279 and parameters: {'model_name': 'SimpleImputer', 'strategy': 'mean'}. Best is trial 1 with value: 15.342102520946431.
[I 2024-02-23 06:50:03,286] Trial 169 finished with value: 16.51610447439279 and parameters: {'model_name': 'SimpleImputer', 'strategy': 'mean'}. Best is trial 1 with value: 15.342102520946431.
[I 2024-02-23 06:50:03,486] Trial 164 finished with value: 16.51610447439279 and parameters: {'model_name': 'SimpleImputer', 'strategy': 'mean'}. Best is trial 1 with value: 15.342102520946431.
[I 2024-02-23 06:50:03,721] Trial 144 finished with value: 15.342102520946431 and parameters: {'model_name': 'SimpleImputer', 'strategy': 'constant'}. Best is trial 1 with value: 15.342102520946431.
[I 2024-02-23 06:50:03,983] Trial 151 finished with value: 16.51610447439279 and parameters: {'model_name': 'SimpleImputer', 'strategy': 'mean'}. Best is trial 1 with value: 15.342102520946431.
[I 2024-02-23 06:50:04,256] Trial 161 finished with value: 16.51610447439279 and parameters: {'model_name': 'SimpleImputer', 'strategy': 'mean'}. Best is trial 1 with value: 15.342102520946431.
[I 2024-02-23 06:50:04,459] Trial 170 finished with value: 16.51610447439279 and parameters: {'model_name': 'SimpleImputer', 'strategy': 'mean'}. Best is trial 1 with value: 15.342102520946431.
[I 2024-02-23 06:50:04,756] Trial 171 finished with value: 16.51610447439279 and parameters: {'model_name': 'SimpleImputer', 'strategy': 'mean'}. Best is trial 1 with value: 15.342102520946431.
[I 2024-02-23 06:50:05,081] Trial 172 finished with value: 15.342102520946431 and parameters: {'model_name': 'SimpleImputer', 'strategy': 'constant'}. Best is trial 1 with value: 15.342102520946431.
[I 2024-02-23 06:50:05,341] Trial 160 finished with value: 16.51610447439279 and parameters: {'model_name': 'SimpleImputer', 'strategy': 'mean'}. Best is trial 1 with value: 15.342102520946431.
[I 2024-02-23 06:50:05,556] Trial 177 finished with value: 16.51610447439279 and parameters: {'model_name': 'SimpleImputer', 'strategy': 'mean'}. Best is trial 1 with value: 15.342102520946431.
[I 2024-02-23 06:50:05,750] Trial 174 finished with value: 16.51610447439279 and parameters: {'model_name': 'SimpleImputer', 'strategy': 'mean'}. Best is trial 1 with value: 15.342102520946431.
[I 2024-02-23 06:50:05,943] Trial 180 finished with value: 16.51610447439279 and parameters: {'model_name': 'SimpleImputer', 'strategy': 'mean'}. Best is trial 1 with value: 15.342102520946431.
[I 2024-02-23 06:50:06,150] Trial 156 finished with value: 16.51610447439279 and parameters: {'model_name': 'SimpleImputer', 'strategy': 'mean'}. Best is trial 1 with value: 15.342102520946431.
[I 2024-02-23 06:50:06,372] Trial 166 finished with value: 15.342102520946431 and parameters: {'model_name': 'SimpleImputer', 'strategy': 'constant'}. Best is trial 1 with value: 15.342102520946431.
[I 2024-02-23 06:50:06,609] Trial 163 finished with value: 16.51610447439279 and parameters: {'model_name': 'SimpleImputer', 'strategy': 'mean'}. Best is trial 1 with value: 15.342102520946431.
[I 2024-02-23 06:50:06,842] Trial 176 finished with value: 16.51610447439279 and parameters: {'model_name': 'SimpleImputer', 'strategy': 'mean'}. Best is trial 1 with value: 15.342102520946431.
[I 2024-02-23 06:50:07,060] Trial 150 finished with value: 16.51610447439279 and parameters: {'model_name': 'SimpleImputer', 'strategy': 'mean'}. Best is trial 1 with value: 15.342102520946431.
[I 2024-02-23 06:50:07,334] Trial 182 finished with value: 16.51610447439279 and parameters: {'model_name': 'SimpleImputer', 'strategy': 'mean'}. Best is trial 1 with value: 15.342102520946431.
[I 2024-02-23 06:50:07,556] Trial 186 finished with value: 15.342102520946431 and parameters: {'model_name': 'SimpleImputer', 'strategy': 'constant'}. Best is trial 1 with value: 15.342102520946431.
[I 2024-02-23 06:50:07,765] Trial 181 finished with value: 15.342102520946431 and parameters: {'model_name': 'SimpleImputer', 'strategy': 'constant'}. Best is trial 1 with value: 15.342102520946431.
[I 2024-02-23 06:50:07,986] Trial 173 finished with value: 16.51610447439279 and parameters: {'model_name': 'SimpleImputer', 'strategy': 'mean'}. Best is trial 1 with value: 15.342102520946431.
[I 2024-02-23 06:50:08,235] Trial 178 finished with value: 16.51610447439279 and parameters: {'model_name': 'SimpleImputer', 'strategy': 'mean'}. Best is trial 1 with value: 15.342102520946431.
[I 2024-02-23 06:50:08,469] Trial 168 finished with value: 16.51610447439279 and parameters: {'model_name': 'SimpleImputer', 'strategy': 'mean'}. Best is trial 1 with value: 15.342102520946431.
[I 2024-02-23 06:50:08,811] Trial 167 finished with value: 16.51610447439279 and parameters: {'model_name': 'SimpleImputer', 'strategy': 'mean'}. Best is trial 1 with value: 15.342102520946431.
[I 2024-02-23 06:50:09,019] Trial 196 finished with value: 15.342102520946431 and parameters: {'model_name': 'SimpleImputer', 'strategy': 'constant'}. Best is trial 1 with value: 15.342102520946431.
[I 2024-02-23 06:50:09,258] Trial 195 finished with value: 15.342102520946431 and parameters: {'model_name': 'SimpleImputer', 'strategy': 'constant'}. Best is trial 1 with value: 15.342102520946431.
[I 2024-02-23 06:50:09,540] Trial 189 finished with value: 16.51610447439279 and parameters: {'model_name': 'SimpleImputer', 'strategy': 'mean'}. Best is trial 1 with value: 15.342102520946431.
[I 2024-02-23 06:50:09,758] Trial 197 finished with value: 15.342102520946431 and parameters: {'model_name': 'SimpleImputer', 'strategy': 'constant'}. Best is trial 1 with value: 15.342102520946431.
[I 2024-02-23 06:50:10,009] Trial 184 finished with value: 16.51610447439279 and parameters: {'model_name': 'SimpleImputer', 'strategy': 'mean'}. Best is trial 1 with value: 15.342102520946431.
[I 2024-02-23 06:50:10,194] Trial 175 finished with value: 16.51610447439279 and parameters: {'model_name': 'SimpleImputer', 'strategy': 'mean'}. Best is trial 1 with value: 15.342102520946431.
[I 2024-02-23 06:50:10,448] Trial 188 finished with value: 16.51610447439279 and parameters: {'model_name': 'SimpleImputer', 'strategy': 'mean'}. Best is trial 1 with value: 15.342102520946431.
[I 2024-02-23 06:50:10,646] Trial 187 finished with value: 16.51610447439279 and parameters: {'model_name': 'SimpleImputer', 'strategy': 'mean'}. Best is trial 1 with value: 15.342102520946431.
[I 2024-02-23 06:50:10,830] Trial 198 finished with value: 15.342102520946431 and parameters: {'model_name': 'SimpleImputer', 'strategy': 'constant'}. Best is trial 1 with value: 15.342102520946431.
[I 2024-02-23 06:50:11,055] Trial 179 finished with value: 16.51610447439279 and parameters: {'model_name': 'SimpleImputer', 'strategy': 'mean'}. Best is trial 1 with value: 15.342102520946431.
[I 2024-02-23 06:50:11,233] Trial 193 finished with value: 15.342102520946431 and parameters: {'model_name': 'SimpleImputer', 'strategy': 'constant'}. Best is trial 1 with value: 15.342102520946431.
[I 2024-02-23 06:50:11,461] Trial 191 finished with value: 16.51610447439279 and parameters: {'model_name': 'SimpleImputer', 'strategy': 'mean'}. Best is trial 1 with value: 15.342102520946431.
[I 2024-02-23 06:50:11,651] Trial 199 finished with value: 15.342102520946431 and parameters: {'model_name': 'SimpleImputer', 'strategy': 'constant'}. Best is trial 1 with value: 15.342102520946431.
[I 2024-02-23 06:50:11,848] Trial 194 finished with value: 15.342102520946431 and parameters: {'model_name': 'SimpleImputer', 'strategy': 'constant'}. Best is trial 1 with value: 15.342102520946431.
[I 2024-02-23 06:50:12,072] Trial 190 finished with value: 16.51610447439279 and parameters: {'model_name': 'SimpleImputer', 'strategy': 'mean'}. Best is trial 1 with value: 15.342102520946431.
[I 2024-02-23 06:50:12,300] Trial 183 finished with value: 16.51610447439279 and parameters: {'model_name': 'SimpleImputer', 'strategy': 'mean'}. Best is trial 1 with value: 15.342102520946431.
[I 2024-02-23 06:50:12,495] Trial 185 finished with value: 16.51610447439279 and parameters: {'model_name': 'SimpleImputer', 'strategy': 'mean'}. Best is trial 1 with value: 15.342102520946431.
[I 2024-02-23 06:50:12,724] Trial 192 finished with value: 16.51610447439279 and parameters: {'model_name': 'SimpleImputer', 'strategy': 'mean'}. Best is trial 1 with value: 15.342102520946431.
simple fit
simple transform
       0  ...     5
0   -1.8  ...  0.00
1   -2.9  ...  0.00
2    2.9  ...  0.00
3   -6.3  ...  0.01
4   -1.5  ...  0.00
..   ...  ...   ...
947  2.7  ...  0.00
948 -0.5  ...  0.00
949 -2.5  ...  0.00
950 -5.3  ...  0.00
951 -7.2  ...  0.00

[952 rows x 6 columns]
15.342102520946431
{'model_name': 'SimpleImputer', 'strategy': 'constant'}
running experiment 2/3 - Does reconstruction give good automl predictions
Start est fit
2024-02-23 06:50:26.054854: I tensorflow/core/util/port.cc:113] oneDNN custom operations are on. You may see slightly different numerical results due to floating-point round-off errors from different computation orders. To turn them off, set the environment variable `TF_ENABLE_ONEDNN_OPTS=0`.
2024-02-23 06:50:26.054854: I tensorflow/core/util/port.cc:113] oneDNN custom operations are on. You may see slightly different numerical results due to floating-point round-off errors from different computation orders. To turn them off, set the environment variable `TF_ENABLE_ONEDNN_OPTS=0`.
2024-02-23 06:50:26.054874: I tensorflow/core/util/port.cc:113] oneDNN custom operations are on. You may see slightly different numerical results due to floating-point round-off errors from different computation orders. To turn them off, set the environment variable `TF_ENABLE_ONEDNN_OPTS=0`.
2024-02-23 06:50:26.054931: I tensorflow/core/util/port.cc:113] oneDNN custom operations are on. You may see slightly different numerical results due to floating-point round-off errors from different computation orders. To turn them off, set the environment variable `TF_ENABLE_ONEDNN_OPTS=0`.
2024-02-23 06:50:26.055000: I tensorflow/core/util/port.cc:113] oneDNN custom operations are on. You may see slightly different numerical results due to floating-point round-off errors from different computation orders. To turn them off, set the environment variable `TF_ENABLE_ONEDNN_OPTS=0`.
2024-02-23 06:50:26.054992: I tensorflow/core/util/port.cc:113] oneDNN custom operations are on. You may see slightly different numerical results due to floating-point round-off errors from different computation orders. To turn them off, set the environment variable `TF_ENABLE_ONEDNN_OPTS=0`.
2024-02-23 06:50:26.054999: I tensorflow/core/util/port.cc:113] oneDNN custom operations are on. You may see slightly different numerical results due to floating-point round-off errors from different computation orders. To turn them off, set the environment variable `TF_ENABLE_ONEDNN_OPTS=0`.
2024-02-23 06:50:26.055005: I tensorflow/core/util/port.cc:113] oneDNN custom operations are on. You may see slightly different numerical results due to floating-point round-off errors from different computation orders. To turn them off, set the environment variable `TF_ENABLE_ONEDNN_OPTS=0`.
2024-02-23 06:50:26.055000: I tensorflow/core/util/port.cc:113] oneDNN custom operations are on. You may see slightly different numerical results due to floating-point round-off errors from different computation orders. To turn them off, set the environment variable `TF_ENABLE_ONEDNN_OPTS=0`.
2024-02-23 06:50:26.055000: I tensorflow/core/util/port.cc:113] oneDNN custom operations are on. You may see slightly different numerical results due to floating-point round-off errors from different computation orders. To turn them off, set the environment variable `TF_ENABLE_ONEDNN_OPTS=0`.
2024-02-23 06:50:26.054992: I tensorflow/core/util/port.cc:113] oneDNN custom operations are on. You may see slightly different numerical results due to floating-point round-off errors from different computation orders. To turn them off, set the environment variable `TF_ENABLE_ONEDNN_OPTS=0`.
2024-02-23 06:50:26.054994: I tensorflow/core/util/port.cc:113] oneDNN custom operations are on. You may see slightly different numerical results due to floating-point round-off errors from different computation orders. To turn them off, set the environment variable `TF_ENABLE_ONEDNN_OPTS=0`.
2024-02-23 06:50:26.055003: I tensorflow/core/util/port.cc:113] oneDNN custom operations are on. You may see slightly different numerical results due to floating-point round-off errors from different computation orders. To turn them off, set the environment variable `TF_ENABLE_ONEDNN_OPTS=0`.
2024-02-23 06:50:26.055003: I tensorflow/core/util/port.cc:113] oneDNN custom operations are on. You may see slightly different numerical results due to floating-point round-off errors from different computation orders. To turn them off, set the environment variable `TF_ENABLE_ONEDNN_OPTS=0`.
2024-02-23 06:50:26.055007: I tensorflow/core/util/port.cc:113] oneDNN custom operations are on. You may see slightly different numerical results due to floating-point round-off errors from different computation orders. To turn them off, set the environment variable `TF_ENABLE_ONEDNN_OPTS=0`.
2024-02-23 06:50:26.055013: I tensorflow/core/util/port.cc:113] oneDNN custom operations are on. You may see slightly different numerical results due to floating-point round-off errors from different computation orders. To turn them off, set the environment variable `TF_ENABLE_ONEDNN_OPTS=0`.
2024-02-23 06:50:26.055010: I tensorflow/core/util/port.cc:113] oneDNN custom operations are on. You may see slightly different numerical results due to floating-point round-off errors from different computation orders. To turn them off, set the environment variable `TF_ENABLE_ONEDNN_OPTS=0`.
2024-02-23 06:50:26.055013: I tensorflow/core/util/port.cc:113] oneDNN custom operations are on. You may see slightly different numerical results due to floating-point round-off errors from different computation orders. To turn them off, set the environment variable `TF_ENABLE_ONEDNN_OPTS=0`.
2024-02-23 06:50:26.055012: I tensorflow/core/util/port.cc:113] oneDNN custom operations are on. You may see slightly different numerical results due to floating-point round-off errors from different computation orders. To turn them off, set the environment variable `TF_ENABLE_ONEDNN_OPTS=0`.
2024-02-23 06:50:26.055017: I tensorflow/core/util/port.cc:113] oneDNN custom operations are on. You may see slightly different numerical results due to floating-point round-off errors from different computation orders. To turn them off, set the environment variable `TF_ENABLE_ONEDNN_OPTS=0`.
2024-02-23 06:50:26.055017: I tensorflow/core/util/port.cc:113] oneDNN custom operations are on. You may see slightly different numerical results due to floating-point round-off errors from different computation orders. To turn them off, set the environment variable `TF_ENABLE_ONEDNN_OPTS=0`.
2024-02-23 06:50:26.055019: I tensorflow/core/util/port.cc:113] oneDNN custom operations are on. You may see slightly different numerical results due to floating-point round-off errors from different computation orders. To turn them off, set the environment variable `TF_ENABLE_ONEDNN_OPTS=0`.
2024-02-23 06:50:26.055024: I tensorflow/core/util/port.cc:113] oneDNN custom operations are on. You may see slightly different numerical results due to floating-point round-off errors from different computation orders. To turn them off, set the environment variable `TF_ENABLE_ONEDNN_OPTS=0`.
2024-02-23 06:50:26.055026: I tensorflow/core/util/port.cc:113] oneDNN custom operations are on. You may see slightly different numerical results due to floating-point round-off errors from different computation orders. To turn them off, set the environment variable `TF_ENABLE_ONEDNN_OPTS=0`.
2024-02-23 06:50:26.055034: I tensorflow/core/util/port.cc:113] oneDNN custom operations are on. You may see slightly different numerical results due to floating-point round-off errors from different computation orders. To turn them off, set the environment variable `TF_ENABLE_ONEDNN_OPTS=0`.
2024-02-23 06:50:26.055032: I tensorflow/core/util/port.cc:113] oneDNN custom operations are on. You may see slightly different numerical results due to floating-point round-off errors from different computation orders. To turn them off, set the environment variable `TF_ENABLE_ONEDNN_OPTS=0`.
2024-02-23 06:50:26.055035: I tensorflow/core/util/port.cc:113] oneDNN custom operations are on. You may see slightly different numerical results due to floating-point round-off errors from different computation orders. To turn them off, set the environment variable `TF_ENABLE_ONEDNN_OPTS=0`.
2024-02-23 06:50:26.055037: I tensorflow/core/util/port.cc:113] oneDNN custom operations are on. You may see slightly different numerical results due to floating-point round-off errors from different computation orders. To turn them off, set the environment variable `TF_ENABLE_ONEDNN_OPTS=0`.
2024-02-23 06:50:26.055051: I tensorflow/core/util/port.cc:113] oneDNN custom operations are on. You may see slightly different numerical results due to floating-point round-off errors from different computation orders. To turn them off, set the environment variable `TF_ENABLE_ONEDNN_OPTS=0`.
2024-02-23 06:50:26.055050: I tensorflow/core/util/port.cc:113] oneDNN custom operations are on. You may see slightly different numerical results due to floating-point round-off errors from different computation orders. To turn them off, set the environment variable `TF_ENABLE_ONEDNN_OPTS=0`.
2024-02-23 06:50:26.055055: I tensorflow/core/util/port.cc:113] oneDNN custom operations are on. You may see slightly different numerical results due to floating-point round-off errors from different computation orders. To turn them off, set the environment variable `TF_ENABLE_ONEDNN_OPTS=0`.
2024-02-23 06:50:26.055056: I tensorflow/core/util/port.cc:113] oneDNN custom operations are on. You may see slightly different numerical results due to floating-point round-off errors from different computation orders. To turn them off, set the environment variable `TF_ENABLE_ONEDNN_OPTS=0`.
2024-02-23 06:50:26.055055: I tensorflow/core/util/port.cc:113] oneDNN custom operations are on. You may see slightly different numerical results due to floating-point round-off errors from different computation orders. To turn them off, set the environment variable `TF_ENABLE_ONEDNN_OPTS=0`.
2024-02-23 06:50:26.055058: I tensorflow/core/util/port.cc:113] oneDNN custom operations are on. You may see slightly different numerical results due to floating-point round-off errors from different computation orders. To turn them off, set the environment variable `TF_ENABLE_ONEDNN_OPTS=0`.
2024-02-23 06:50:26.055068: I tensorflow/core/util/port.cc:113] oneDNN custom operations are on. You may see slightly different numerical results due to floating-point round-off errors from different computation orders. To turn them off, set the environment variable `TF_ENABLE_ONEDNN_OPTS=0`.
2024-02-23 06:50:26.055070: I tensorflow/core/util/port.cc:113] oneDNN custom operations are on. You may see slightly different numerical results due to floating-point round-off errors from different computation orders. To turn them off, set the environment variable `TF_ENABLE_ONEDNN_OPTS=0`.
2024-02-23 06:50:26.055069: I tensorflow/core/util/port.cc:113] oneDNN custom operations are on. You may see slightly different numerical results due to floating-point round-off errors from different computation orders. To turn them off, set the environment variable `TF_ENABLE_ONEDNN_OPTS=0`.
2024-02-23 06:50:26.055071: I tensorflow/core/util/port.cc:113] oneDNN custom operations are on. You may see slightly different numerical results due to floating-point round-off errors from different computation orders. To turn them off, set the environment variable `TF_ENABLE_ONEDNN_OPTS=0`.
2024-02-23 06:50:26.055076: I tensorflow/core/util/port.cc:113] oneDNN custom operations are on. You may see slightly different numerical results due to floating-point round-off errors from different computation orders. To turn them off, set the environment variable `TF_ENABLE_ONEDNN_OPTS=0`.
2024-02-23 06:50:26.055082: I tensorflow/core/util/port.cc:113] oneDNN custom operations are on. You may see slightly different numerical results due to floating-point round-off errors from different computation orders. To turn them off, set the environment variable `TF_ENABLE_ONEDNN_OPTS=0`.
2024-02-23 06:50:26.055086: I tensorflow/core/util/port.cc:113] oneDNN custom operations are on. You may see slightly different numerical results due to floating-point round-off errors from different computation orders. To turn them off, set the environment variable `TF_ENABLE_ONEDNN_OPTS=0`.
2024-02-23 06:50:26.055091: I tensorflow/core/util/port.cc:113] oneDNN custom operations are on. You may see slightly different numerical results due to floating-point round-off errors from different computation orders. To turn them off, set the environment variable `TF_ENABLE_ONEDNN_OPTS=0`.
2024-02-23 06:50:26.055089: I tensorflow/core/util/port.cc:113] oneDNN custom operations are on. You may see slightly different numerical results due to floating-point round-off errors from different computation orders. To turn them off, set the environment variable `TF_ENABLE_ONEDNN_OPTS=0`.
2024-02-23 06:50:26.055094: I tensorflow/core/util/port.cc:113] oneDNN custom operations are on. You may see slightly different numerical results due to floating-point round-off errors from different computation orders. To turn them off, set the environment variable `TF_ENABLE_ONEDNN_OPTS=0`.
2024-02-23 06:50:26.055246: I tensorflow/core/util/port.cc:113] oneDNN custom operations are on. You may see slightly different numerical results due to floating-point round-off errors from different computation orders. To turn them off, set the environment variable `TF_ENABLE_ONEDNN_OPTS=0`.
2024-02-23 06:50:26.055780: I tensorflow/core/util/port.cc:113] oneDNN custom operations are on. You may see slightly different numerical results due to floating-point round-off errors from different computation orders. To turn them off, set the environment variable `TF_ENABLE_ONEDNN_OPTS=0`.
2024-02-23 06:50:26.064031: I tensorflow/core/util/port.cc:113] oneDNN custom operations are on. You may see slightly different numerical results due to floating-point round-off errors from different computation orders. To turn them off, set the environment variable `TF_ENABLE_ONEDNN_OPTS=0`.
2024-02-23 06:50:26.064034: I tensorflow/core/util/port.cc:113] oneDNN custom operations are on. You may see slightly different numerical results due to floating-point round-off errors from different computation orders. To turn them off, set the environment variable `TF_ENABLE_ONEDNN_OPTS=0`.
2024-02-23 06:50:26.092322: E external/local_xla/xla/stream_executor/cuda/cuda_dnn.cc:9261] Unable to register cuDNN factory: Attempting to register factory for plugin cuDNN when one has already been registered
2024-02-23 06:50:26.092323: E external/local_xla/xla/stream_executor/cuda/cuda_dnn.cc:9261] Unable to register cuDNN factory: Attempting to register factory for plugin cuDNN when one has already been registered
2024-02-23 06:50:26.092322: E external/local_xla/xla/stream_executor/cuda/cuda_dnn.cc:9261] Unable to register cuDNN factory: Attempting to register factory for plugin cuDNN when one has already been registered
2024-02-23 06:50:26.092339: E external/local_xla/xla/stream_executor/cuda/cuda_dnn.cc:9261] Unable to register cuDNN factory: Attempting to register factory for plugin cuDNN when one has already been registered
2024-02-23 06:50:26.092340: E external/local_xla/xla/stream_executor/cuda/cuda_dnn.cc:9261] Unable to register cuDNN factory: Attempting to register factory for plugin cuDNN when one has already been registered
2024-02-23 06:50:26.092338: E external/local_xla/xla/stream_executor/cuda/cuda_dnn.cc:9261] Unable to register cuDNN factory: Attempting to register factory for plugin cuDNN when one has already been registered
2024-02-23 06:50:26.092341: E external/local_xla/xla/stream_executor/cuda/cuda_dnn.cc:9261] Unable to register cuDNN factory: Attempting to register factory for plugin cuDNN when one has already been registered
2024-02-23 06:50:26.092337: E external/local_xla/xla/stream_executor/cuda/cuda_dnn.cc:9261] Unable to register cuDNN factory: Attempting to register factory for plugin cuDNN when one has already been registered
2024-02-23 06:50:26.092337: E external/local_xla/xla/stream_executor/cuda/cuda_dnn.cc:9261] Unable to register cuDNN factory: Attempting to register factory for plugin cuDNN when one has already been registered
2024-02-23 06:50:26.092337: E external/local_xla/xla/stream_executor/cuda/cuda_dnn.cc:9261] Unable to register cuDNN factory: Attempting to register factory for plugin cuDNN when one has already been registered
2024-02-23 06:50:26.092337: E external/local_xla/xla/stream_executor/cuda/cuda_dnn.cc:9261] Unable to register cuDNN factory: Attempting to register factory for plugin cuDNN when one has already been registered
2024-02-23 06:50:26.092350: E external/local_xla/xla/stream_executor/cuda/cuda_dnn.cc:9261] Unable to register cuDNN factory: Attempting to register factory for plugin cuDNN when one has already been registered
2024-02-23 06:50:26.092353: E external/local_xla/xla/stream_executor/cuda/cuda_dnn.cc:9261] Unable to register cuDNN factory: Attempting to register factory for plugin cuDNN when one has already been registered
2024-02-23 06:50:26.092364: E external/local_xla/xla/stream_executor/cuda/cuda_fft.cc:607] Unable to register cuFFT factory: Attempting to register factory for plugin cuFFT when one has already been registered
2024-02-23 06:50:26.092354: E external/local_xla/xla/stream_executor/cuda/cuda_dnn.cc:9261] Unable to register cuDNN factory: Attempting to register factory for plugin cuDNN when one has already been registered
2024-02-23 06:50:26.092355: E external/local_xla/xla/stream_executor/cuda/cuda_dnn.cc:9261] Unable to register cuDNN factory: Attempting to register factory for plugin cuDNN when one has already been registered
2024-02-23 06:50:26.092365: E external/local_xla/xla/stream_executor/cuda/cuda_fft.cc:607] Unable to register cuFFT factory: Attempting to register factory for plugin cuFFT when one has already been registered
2024-02-23 06:50:26.092355: E external/local_xla/xla/stream_executor/cuda/cuda_dnn.cc:9261] Unable to register cuDNN factory: Attempting to register factory for plugin cuDNN when one has already been registered
2024-02-23 06:50:26.092359: E external/local_xla/xla/stream_executor/cuda/cuda_dnn.cc:9261] Unable to register cuDNN factory: Attempting to register factory for plugin cuDNN when one has already been registered
2024-02-23 06:50:26.092369: E external/local_xla/xla/stream_executor/cuda/cuda_fft.cc:607] Unable to register cuFFT factory: Attempting to register factory for plugin cuFFT when one has already been registered
2024-02-23 06:50:26.092369: E external/local_xla/xla/stream_executor/cuda/cuda_fft.cc:607] Unable to register cuFFT factory: Attempting to register factory for plugin cuFFT when one has already been registered
2024-02-23 06:50:26.092371: E external/local_xla/xla/stream_executor/cuda/cuda_fft.cc:607] Unable to register cuFFT factory: Attempting to register factory for plugin cuFFT when one has already been registered
2024-02-23 06:50:26.092369: E external/local_xla/xla/stream_executor/cuda/cuda_fft.cc:607] Unable to register cuFFT factory: Attempting to register factory for plugin cuFFT when one has already been registered
2024-02-23 06:50:26.092371: E external/local_xla/xla/stream_executor/cuda/cuda_fft.cc:607] Unable to register cuFFT factory: Attempting to register factory for plugin cuFFT when one has already been registered
2024-02-23 06:50:26.092371: E external/local_xla/xla/stream_executor/cuda/cuda_fft.cc:607] Unable to register cuFFT factory: Attempting to register factory for plugin cuFFT when one has already been registered
2024-02-23 06:50:26.092371: E external/local_xla/xla/stream_executor/cuda/cuda_fft.cc:607] Unable to register cuFFT factory: Attempting to register factory for plugin cuFFT when one has already been registered
2024-02-23 06:50:26.092371: E external/local_xla/xla/stream_executor/cuda/cuda_fft.cc:607] Unable to register cuFFT factory: Attempting to register factory for plugin cuFFT when one has already been registered
2024-02-23 06:50:26.092372: E external/local_xla/xla/stream_executor/cuda/cuda_fft.cc:607] Unable to register cuFFT factory: Attempting to register factory for plugin cuFFT when one has already been registered
2024-02-23 06:50:26.092380: E external/local_xla/xla/stream_executor/cuda/cuda_fft.cc:607] Unable to register cuFFT factory: Attempting to register factory for plugin cuFFT when one has already been registered
2024-02-23 06:50:26.092374: E external/local_xla/xla/stream_executor/cuda/cuda_fft.cc:607] Unable to register cuFFT factory: Attempting to register factory for plugin cuFFT when one has already been registered
2024-02-23 06:50:26.092369: E external/local_xla/xla/stream_executor/cuda/cuda_dnn.cc:9261] Unable to register cuDNN factory: Attempting to register factory for plugin cuDNN when one has already been registered
2024-02-23 06:50:26.092375: E external/local_xla/xla/stream_executor/cuda/cuda_fft.cc:607] Unable to register cuFFT factory: Attempting to register factory for plugin cuFFT when one has already been registered
2024-02-23 06:50:26.092379: E external/local_xla/xla/stream_executor/cuda/cuda_fft.cc:607] Unable to register cuFFT factory: Attempting to register factory for plugin cuFFT when one has already been registered
2024-02-23 06:50:26.092380: E external/local_xla/xla/stream_executor/cuda/cuda_fft.cc:607] Unable to register cuFFT factory: Attempting to register factory for plugin cuFFT when one has already been registered
2024-02-23 06:50:26.092367: E external/local_xla/xla/stream_executor/cuda/cuda_dnn.cc:9261] Unable to register cuDNN factory: Attempting to register factory for plugin cuDNN when one has already been registered
2024-02-23 06:50:26.092372: E external/local_xla/xla/stream_executor/cuda/cuda_dnn.cc:9261] Unable to register cuDNN factory: Attempting to register factory for plugin cuDNN when one has already been registered
2024-02-23 06:50:26.092395: E external/local_xla/xla/stream_executor/cuda/cuda_fft.cc:607] Unable to register cuFFT factory: Attempting to register factory for plugin cuFFT when one has already been registered
2024-02-23 06:50:26.092396: E external/local_xla/xla/stream_executor/cuda/cuda_fft.cc:607] Unable to register cuFFT factory: Attempting to register factory for plugin cuFFT when one has already been registered
2024-02-23 06:50:26.092396: E external/local_xla/xla/stream_executor/cuda/cuda_fft.cc:607] Unable to register cuFFT factory: Attempting to register factory for plugin cuFFT when one has already been registered
2024-02-23 06:50:26.092393: E external/local_xla/xla/stream_executor/cuda/cuda_dnn.cc:9261] Unable to register cuDNN factory: Attempting to register factory for plugin cuDNN when one has already been registered
2024-02-23 06:50:26.092394: E external/local_xla/xla/stream_executor/cuda/cuda_dnn.cc:9261] Unable to register cuDNN factory: Attempting to register factory for plugin cuDNN when one has already been registered
2024-02-23 06:50:26.092393: E external/local_xla/xla/stream_executor/cuda/cuda_dnn.cc:9261] Unable to register cuDNN factory: Attempting to register factory for plugin cuDNN when one has already been registered
2024-02-23 06:50:26.092396: E external/local_xla/xla/stream_executor/cuda/cuda_dnn.cc:9261] Unable to register cuDNN factory: Attempting to register factory for plugin cuDNN when one has already been registered
2024-02-23 06:50:26.092395: E external/local_xla/xla/stream_executor/cuda/cuda_dnn.cc:9261] Unable to register cuDNN factory: Attempting to register factory for plugin cuDNN when one has already been registered
2024-02-23 06:50:26.092399: E external/local_xla/xla/stream_executor/cuda/cuda_dnn.cc:9261] Unable to register cuDNN factory: Attempting to register factory for plugin cuDNN when one has already been registered
2024-02-23 06:50:26.092414: E external/local_xla/xla/stream_executor/cuda/cuda_fft.cc:607] Unable to register cuFFT factory: Attempting to register factory for plugin cuFFT when one has already been registered
2024-02-23 06:50:26.092416: E external/local_xla/xla/stream_executor/cuda/cuda_fft.cc:607] Unable to register cuFFT factory: Attempting to register factory for plugin cuFFT when one has already been registered
2024-02-23 06:50:26.092416: E external/local_xla/xla/stream_executor/cuda/cuda_fft.cc:607] Unable to register cuFFT factory: Attempting to register factory for plugin cuFFT when one has already been registered
2024-02-23 06:50:26.092417: E external/local_xla/xla/stream_executor/cuda/cuda_fft.cc:607] Unable to register cuFFT factory: Attempting to register factory for plugin cuFFT when one has already been registered
2024-02-23 06:50:26.092419: E external/local_xla/xla/stream_executor/cuda/cuda_fft.cc:607] Unable to register cuFFT factory: Attempting to register factory for plugin cuFFT when one has already been registered
2024-02-23 06:50:26.092411: E external/local_xla/xla/stream_executor/cuda/cuda_dnn.cc:9261] Unable to register cuDNN factory: Attempting to register factory for plugin cuDNN when one has already been registered
2024-02-23 06:50:26.092420: E external/local_xla/xla/stream_executor/cuda/cuda_fft.cc:607] Unable to register cuFFT factory: Attempting to register factory for plugin cuFFT when one has already been registered
2024-02-23 06:50:26.092430: E external/local_xla/xla/stream_executor/cuda/cuda_fft.cc:607] Unable to register cuFFT factory: Attempting to register factory for plugin cuFFT when one has already been registered
2024-02-23 06:50:26.092428: E external/local_xla/xla/stream_executor/cuda/cuda_dnn.cc:9261] Unable to register cuDNN factory: Attempting to register factory for plugin cuDNN when one has already been registered
2024-02-23 06:50:26.092429: E external/local_xla/xla/stream_executor/cuda/cuda_dnn.cc:9261] Unable to register cuDNN factory: Attempting to register factory for plugin cuDNN when one has already been registered
2024-02-23 06:50:26.092429: E external/local_xla/xla/stream_executor/cuda/cuda_dnn.cc:9261] Unable to register cuDNN factory: Attempting to register factory for plugin cuDNN when one has already been registered
2024-02-23 06:50:26.092429: E external/local_xla/xla/stream_executor/cuda/cuda_dnn.cc:9261] Unable to register cuDNN factory: Attempting to register factory for plugin cuDNN when one has already been registered
2024-02-23 06:50:26.092432: E external/local_xla/xla/stream_executor/cuda/cuda_dnn.cc:9261] Unable to register cuDNN factory: Attempting to register factory for plugin cuDNN when one has already been registered
2024-02-23 06:50:26.092438: E external/local_xla/xla/stream_executor/cuda/cuda_dnn.cc:9261] Unable to register cuDNN factory: Attempting to register factory for plugin cuDNN when one has already been registered
2024-02-23 06:50:26.092449: E external/local_xla/xla/stream_executor/cuda/cuda_fft.cc:607] Unable to register cuFFT factory: Attempting to register factory for plugin cuFFT when one has already been registered
2024-02-23 06:50:26.092450: E external/local_xla/xla/stream_executor/cuda/cuda_fft.cc:607] Unable to register cuFFT factory: Attempting to register factory for plugin cuFFT when one has already been registered
2024-02-23 06:50:26.092451: E external/local_xla/xla/stream_executor/cuda/cuda_fft.cc:607] Unable to register cuFFT factory: Attempting to register factory for plugin cuFFT when one has already been registered
2024-02-23 06:50:26.092438: E external/local_xla/xla/stream_executor/cuda/cuda_dnn.cc:9261] Unable to register cuDNN factory: Attempting to register factory for plugin cuDNN when one has already been registered
2024-02-23 06:50:26.092452: E external/local_xla/xla/stream_executor/cuda/cuda_fft.cc:607] Unable to register cuFFT factory: Attempting to register factory for plugin cuFFT when one has already been registered
2024-02-23 06:50:26.092456: E external/local_xla/xla/stream_executor/cuda/cuda_fft.cc:607] Unable to register cuFFT factory: Attempting to register factory for plugin cuFFT when one has already been registered
2024-02-23 06:50:26.092445: E external/local_xla/xla/stream_executor/cuda/cuda_dnn.cc:9261] Unable to register cuDNN factory: Attempting to register factory for plugin cuDNN when one has already been registered
2024-02-23 06:50:26.092446: E external/local_xla/xla/stream_executor/cuda/cuda_dnn.cc:9261] Unable to register cuDNN factory: Attempting to register factory for plugin cuDNN when one has already been registered
2024-02-23 06:50:26.092458: E external/local_xla/xla/stream_executor/cuda/cuda_fft.cc:607] Unable to register cuFFT factory: Attempting to register factory for plugin cuFFT when one has already been registered
2024-02-23 06:50:26.092445: E external/local_xla/xla/stream_executor/cuda/cuda_dnn.cc:9261] Unable to register cuDNN factory: Attempting to register factory for plugin cuDNN when one has already been registered
2024-02-23 06:50:26.092461: E external/local_xla/xla/stream_executor/cuda/cuda_fft.cc:607] Unable to register cuFFT factory: Attempting to register factory for plugin cuFFT when one has already been registered
2024-02-23 06:50:26.092466: E external/local_xla/xla/stream_executor/cuda/cuda_fft.cc:607] Unable to register cuFFT factory: Attempting to register factory for plugin cuFFT when one has already been registered
2024-02-23 06:50:26.092468: E external/local_xla/xla/stream_executor/cuda/cuda_fft.cc:607] Unable to register cuFFT factory: Attempting to register factory for plugin cuFFT when one has already been registered
2024-02-23 06:50:26.092469: E external/local_xla/xla/stream_executor/cuda/cuda_fft.cc:607] Unable to register cuFFT factory: Attempting to register factory for plugin cuFFT when one has already been registered
2024-02-23 06:50:26.092467: E external/local_xla/xla/stream_executor/cuda/cuda_dnn.cc:9261] Unable to register cuDNN factory: Attempting to register factory for plugin cuDNN when one has already been registered
2024-02-23 06:50:26.092470: E external/local_xla/xla/stream_executor/cuda/cuda_dnn.cc:9261] Unable to register cuDNN factory: Attempting to register factory for plugin cuDNN when one has already been registered
2024-02-23 06:50:26.092472: E external/local_xla/xla/stream_executor/cuda/cuda_dnn.cc:9261] Unable to register cuDNN factory: Attempting to register factory for plugin cuDNN when one has already been registered
2024-02-23 06:50:26.092471: E external/local_xla/xla/stream_executor/cuda/cuda_dnn.cc:9261] Unable to register cuDNN factory: Attempting to register factory for plugin cuDNN when one has already been registered
2024-02-23 06:50:26.092489: E external/local_xla/xla/stream_executor/cuda/cuda_fft.cc:607] Unable to register cuFFT factory: Attempting to register factory for plugin cuFFT when one has already been registered
2024-02-23 06:50:26.092491: E external/local_xla/xla/stream_executor/cuda/cuda_fft.cc:607] Unable to register cuFFT factory: Attempting to register factory for plugin cuFFT when one has already been registered
2024-02-23 06:50:26.092494: E external/local_xla/xla/stream_executor/cuda/cuda_fft.cc:607] Unable to register cuFFT factory: Attempting to register factory for plugin cuFFT when one has already been registered
2024-02-23 06:50:26.092494: E external/local_xla/xla/stream_executor/cuda/cuda_fft.cc:607] Unable to register cuFFT factory: Attempting to register factory for plugin cuFFT when one has already been registered
2024-02-23 06:50:26.092507: E external/local_xla/xla/stream_executor/cuda/cuda_dnn.cc:9261] Unable to register cuDNN factory: Attempting to register factory for plugin cuDNN when one has already been registered
2024-02-23 06:50:26.092529: E external/local_xla/xla/stream_executor/cuda/cuda_fft.cc:607] Unable to register cuFFT factory: Attempting to register factory for plugin cuFFT when one has already been registered
2024-02-23 06:50:26.092571: E external/local_xla/xla/stream_executor/cuda/cuda_fft.cc:607] Unable to register cuFFT factory: Attempting to register factory for plugin cuFFT when one has already been registered
2024-02-23 06:50:26.093380: E external/local_xla/xla/stream_executor/cuda/cuda_dnn.cc:9261] Unable to register cuDNN factory: Attempting to register factory for plugin cuDNN when one has already been registered
2024-02-23 06:50:26.093430: E external/local_xla/xla/stream_executor/cuda/cuda_fft.cc:607] Unable to register cuFFT factory: Attempting to register factory for plugin cuFFT when one has already been registered
2024-02-23 06:50:26.093566: E external/local_xla/xla/stream_executor/cuda/cuda_blas.cc:1515] Unable to register cuBLAS factory: Attempting to register factory for plugin cuBLAS when one has already been registered
2024-02-23 06:50:26.093566: E external/local_xla/xla/stream_executor/cuda/cuda_blas.cc:1515] Unable to register cuBLAS factory: Attempting to register factory for plugin cuBLAS when one has already been registered
2024-02-23 06:50:26.093567: E external/local_xla/xla/stream_executor/cuda/cuda_blas.cc:1515] Unable to register cuBLAS factory: Attempting to register factory for plugin cuBLAS when one has already been registered
2024-02-23 06:50:26.093602: E external/local_xla/xla/stream_executor/cuda/cuda_blas.cc:1515] Unable to register cuBLAS factory: Attempting to register factory for plugin cuBLAS when one has already been registered
2024-02-23 06:50:26.093605: E external/local_xla/xla/stream_executor/cuda/cuda_blas.cc:1515] Unable to register cuBLAS factory: Attempting to register factory for plugin cuBLAS when one has already been registered
2024-02-23 06:50:26.093608: E external/local_xla/xla/stream_executor/cuda/cuda_blas.cc:1515] Unable to register cuBLAS factory: Attempting to register factory for plugin cuBLAS when one has already been registered
2024-02-23 06:50:26.093607: E external/local_xla/xla/stream_executor/cuda/cuda_blas.cc:1515] Unable to register cuBLAS factory: Attempting to register factory for plugin cuBLAS when one has already been registered
2024-02-23 06:50:26.093609: E external/local_xla/xla/stream_executor/cuda/cuda_blas.cc:1515] Unable to register cuBLAS factory: Attempting to register factory for plugin cuBLAS when one has already been registered
2024-02-23 06:50:26.093610: E external/local_xla/xla/stream_executor/cuda/cuda_blas.cc:1515] Unable to register cuBLAS factory: Attempting to register factory for plugin cuBLAS when one has already been registered
2024-02-23 06:50:26.093609: E external/local_xla/xla/stream_executor/cuda/cuda_blas.cc:1515] Unable to register cuBLAS factory: Attempting to register factory for plugin cuBLAS when one has already been registered
2024-02-23 06:50:26.093612: E external/local_xla/xla/stream_executor/cuda/cuda_blas.cc:1515] Unable to register cuBLAS factory: Attempting to register factory for plugin cuBLAS when one has already been registered
2024-02-23 06:50:26.093610: E external/local_xla/xla/stream_executor/cuda/cuda_blas.cc:1515] Unable to register cuBLAS factory: Attempting to register factory for plugin cuBLAS when one has already been registered
2024-02-23 06:50:26.093611: E external/local_xla/xla/stream_executor/cuda/cuda_blas.cc:1515] Unable to register cuBLAS factory: Attempting to register factory for plugin cuBLAS when one has already been registered
2024-02-23 06:50:26.093615: E external/local_xla/xla/stream_executor/cuda/cuda_blas.cc:1515] Unable to register cuBLAS factory: Attempting to register factory for plugin cuBLAS when one has already been registered
2024-02-23 06:50:26.093617: E external/local_xla/xla/stream_executor/cuda/cuda_blas.cc:1515] Unable to register cuBLAS factory: Attempting to register factory for plugin cuBLAS when one has already been registered
2024-02-23 06:50:26.093620: E external/local_xla/xla/stream_executor/cuda/cuda_blas.cc:1515] Unable to register cuBLAS factory: Attempting to register factory for plugin cuBLAS when one has already been registered
2024-02-23 06:50:26.093620: E external/local_xla/xla/stream_executor/cuda/cuda_blas.cc:1515] Unable to register cuBLAS factory: Attempting to register factory for plugin cuBLAS when one has already been registered
2024-02-23 06:50:26.093622: E external/local_xla/xla/stream_executor/cuda/cuda_blas.cc:1515] Unable to register cuBLAS factory: Attempting to register factory for plugin cuBLAS when one has already been registered
2024-02-23 06:50:26.093631: E external/local_xla/xla/stream_executor/cuda/cuda_blas.cc:1515] Unable to register cuBLAS factory: Attempting to register factory for plugin cuBLAS when one has already been registered
2024-02-23 06:50:26.093632: E external/local_xla/xla/stream_executor/cuda/cuda_blas.cc:1515] Unable to register cuBLAS factory: Attempting to register factory for plugin cuBLAS when one has already been registered
2024-02-23 06:50:26.093635: E external/local_xla/xla/stream_executor/cuda/cuda_blas.cc:1515] Unable to register cuBLAS factory: Attempting to register factory for plugin cuBLAS when one has already been registered
2024-02-23 06:50:26.093637: E external/local_xla/xla/stream_executor/cuda/cuda_blas.cc:1515] Unable to register cuBLAS factory: Attempting to register factory for plugin cuBLAS when one has already been registered
2024-02-23 06:50:26.093638: E external/local_xla/xla/stream_executor/cuda/cuda_blas.cc:1515] Unable to register cuBLAS factory: Attempting to register factory for plugin cuBLAS when one has already been registered
2024-02-23 06:50:26.093646: E external/local_xla/xla/stream_executor/cuda/cuda_blas.cc:1515] Unable to register cuBLAS factory: Attempting to register factory for plugin cuBLAS when one has already been registered
2024-02-23 06:50:26.093667: E external/local_xla/xla/stream_executor/cuda/cuda_blas.cc:1515] Unable to register cuBLAS factory: Attempting to register factory for plugin cuBLAS when one has already been registered
2024-02-23 06:50:26.093667: E external/local_xla/xla/stream_executor/cuda/cuda_blas.cc:1515] Unable to register cuBLAS factory: Attempting to register factory for plugin cuBLAS when one has already been registered
2024-02-23 06:50:26.093667: E external/local_xla/xla/stream_executor/cuda/cuda_blas.cc:1515] Unable to register cuBLAS factory: Attempting to register factory for plugin cuBLAS when one has already been registered
2024-02-23 06:50:26.093668: E external/local_xla/xla/stream_executor/cuda/cuda_blas.cc:1515] Unable to register cuBLAS factory: Attempting to register factory for plugin cuBLAS when one has already been registered
2024-02-23 06:50:26.093669: E external/local_xla/xla/stream_executor/cuda/cuda_blas.cc:1515] Unable to register cuBLAS factory: Attempting to register factory for plugin cuBLAS when one has already been registered
2024-02-23 06:50:26.093669: E external/local_xla/xla/stream_executor/cuda/cuda_blas.cc:1515] Unable to register cuBLAS factory: Attempting to register factory for plugin cuBLAS when one has already been registered
2024-02-23 06:50:26.093668: E external/local_xla/xla/stream_executor/cuda/cuda_blas.cc:1515] Unable to register cuBLAS factory: Attempting to register factory for plugin cuBLAS when one has already been registered
2024-02-23 06:50:26.093669: E external/local_xla/xla/stream_executor/cuda/cuda_blas.cc:1515] Unable to register cuBLAS factory: Attempting to register factory for plugin cuBLAS when one has already been registered
2024-02-23 06:50:26.093671: E external/local_xla/xla/stream_executor/cuda/cuda_blas.cc:1515] Unable to register cuBLAS factory: Attempting to register factory for plugin cuBLAS when one has already been registered
2024-02-23 06:50:26.093672: E external/local_xla/xla/stream_executor/cuda/cuda_blas.cc:1515] Unable to register cuBLAS factory: Attempting to register factory for plugin cuBLAS when one has already been registered
2024-02-23 06:50:26.093673: E external/local_xla/xla/stream_executor/cuda/cuda_blas.cc:1515] Unable to register cuBLAS factory: Attempting to register factory for plugin cuBLAS when one has already been registered
2024-02-23 06:50:26.093682: E external/local_xla/xla/stream_executor/cuda/cuda_blas.cc:1515] Unable to register cuBLAS factory: Attempting to register factory for plugin cuBLAS when one has already been registered
2024-02-23 06:50:26.093690: E external/local_xla/xla/stream_executor/cuda/cuda_blas.cc:1515] Unable to register cuBLAS factory: Attempting to register factory for plugin cuBLAS when one has already been registered
2024-02-23 06:50:26.093694: E external/local_xla/xla/stream_executor/cuda/cuda_blas.cc:1515] Unable to register cuBLAS factory: Attempting to register factory for plugin cuBLAS when one has already been registered
2024-02-23 06:50:26.093695: E external/local_xla/xla/stream_executor/cuda/cuda_blas.cc:1515] Unable to register cuBLAS factory: Attempting to register factory for plugin cuBLAS when one has already been registered
2024-02-23 06:50:26.093696: E external/local_xla/xla/stream_executor/cuda/cuda_blas.cc:1515] Unable to register cuBLAS factory: Attempting to register factory for plugin cuBLAS when one has already been registered
2024-02-23 06:50:26.093699: E external/local_xla/xla/stream_executor/cuda/cuda_blas.cc:1515] Unable to register cuBLAS factory: Attempting to register factory for plugin cuBLAS when one has already been registered
2024-02-23 06:50:26.093700: E external/local_xla/xla/stream_executor/cuda/cuda_blas.cc:1515] Unable to register cuBLAS factory: Attempting to register factory for plugin cuBLAS when one has already been registered
2024-02-23 06:50:26.094243: E external/local_xla/xla/stream_executor/cuda/cuda_blas.cc:1515] Unable to register cuBLAS factory: Attempting to register factory for plugin cuBLAS when one has already been registered
2024-02-23 06:50:26.094510: E external/local_xla/xla/stream_executor/cuda/cuda_dnn.cc:9261] Unable to register cuDNN factory: Attempting to register factory for plugin cuDNN when one has already been registered
2024-02-23 06:50:26.094557: E external/local_xla/xla/stream_executor/cuda/cuda_fft.cc:607] Unable to register cuFFT factory: Attempting to register factory for plugin cuFFT when one has already been registered
2024-02-23 06:50:26.095254: E external/local_xla/xla/stream_executor/cuda/cuda_dnn.cc:9261] Unable to register cuDNN factory: Attempting to register factory for plugin cuDNN when one has already been registered
2024-02-23 06:50:26.095317: E external/local_xla/xla/stream_executor/cuda/cuda_fft.cc:607] Unable to register cuFFT factory: Attempting to register factory for plugin cuFFT when one has already been registered
2024-02-23 06:50:26.095347: E external/local_xla/xla/stream_executor/cuda/cuda_blas.cc:1515] Unable to register cuBLAS factory: Attempting to register factory for plugin cuBLAS when one has already been registered
2024-02-23 06:50:26.095377: E external/local_xla/xla/stream_executor/cuda/cuda_dnn.cc:9261] Unable to register cuDNN factory: Attempting to register factory for plugin cuDNN when one has already been registered
2024-02-23 06:50:26.095426: E external/local_xla/xla/stream_executor/cuda/cuda_fft.cc:607] Unable to register cuFFT factory: Attempting to register factory for plugin cuFFT when one has already been registered
2024-02-23 06:50:26.096236: E external/local_xla/xla/stream_executor/cuda/cuda_blas.cc:1515] Unable to register cuBLAS factory: Attempting to register factory for plugin cuBLAS when one has already been registered
2024-02-23 06:50:26.096444: E external/local_xla/xla/stream_executor/cuda/cuda_blas.cc:1515] Unable to register cuBLAS factory: Attempting to register factory for plugin cuBLAS when one has already been registered
2024-02-23 06:50:26.099453: I tensorflow/core/platform/cpu_feature_guard.cc:182] This TensorFlow binary is optimized to use available CPU instructions in performance-critical operations.
To enable the following instructions: AVX2 AVX512F AVX512_VNNI FMA, in other operations, rebuild TensorFlow with the appropriate compiler flags.
2024-02-23 06:50:26.099620: I tensorflow/core/platform/cpu_feature_guard.cc:182] This TensorFlow binary is optimized to use available CPU instructions in performance-critical operations.
To enable the following instructions: AVX2 AVX512F AVX512_VNNI FMA, in other operations, rebuild TensorFlow with the appropriate compiler flags.
2024-02-23 06:50:26.099620: I tensorflow/core/platform/cpu_feature_guard.cc:182] This TensorFlow binary is optimized to use available CPU instructions in performance-critical operations.
To enable the following instructions: AVX2 AVX512F AVX512_VNNI FMA, in other operations, rebuild TensorFlow with the appropriate compiler flags.
2024-02-23 06:50:26.099620: I tensorflow/core/platform/cpu_feature_guard.cc:182] This TensorFlow binary is optimized to use available CPU instructions in performance-critical operations.
To enable the following instructions: AVX2 AVX512F AVX512_VNNI FMA, in other operations, rebuild TensorFlow with the appropriate compiler flags.
2024-02-23 06:50:26.099623: I tensorflow/core/platform/cpu_feature_guard.cc:182] This TensorFlow binary is optimized to use available CPU instructions in performance-critical operations.
To enable the following instructions: AVX2 AVX512F AVX512_VNNI FMA, in other operations, rebuild TensorFlow with the appropriate compiler flags.
2024-02-23 06:50:26.099623: I tensorflow/core/platform/cpu_feature_guard.cc:182] This TensorFlow binary is optimized to use available CPU instructions in performance-critical operations.
To enable the following instructions: AVX2 AVX512F AVX512_VNNI FMA, in other operations, rebuild TensorFlow with the appropriate compiler flags.
2024-02-23 06:50:26.099623: I tensorflow/core/platform/cpu_feature_guard.cc:182] This TensorFlow binary is optimized to use available CPU instructions in performance-critical operations.
To enable the following instructions: AVX2 AVX512F AVX512_VNNI FMA, in other operations, rebuild TensorFlow with the appropriate compiler flags.
2024-02-23 06:50:26.099625: I tensorflow/core/platform/cpu_feature_guard.cc:182] This TensorFlow binary is optimized to use available CPU instructions in performance-critical operations.
To enable the following instructions: AVX2 AVX512F AVX512_VNNI FMA, in other operations, rebuild TensorFlow with the appropriate compiler flags.
2024-02-23 06:50:26.099625: I tensorflow/core/platform/cpu_feature_guard.cc:182] This TensorFlow binary is optimized to use available CPU instructions in performance-critical operations.
To enable the following instructions: AVX2 AVX512F AVX512_VNNI FMA, in other operations, rebuild TensorFlow with the appropriate compiler flags.
2024-02-23 06:50:26.099626: I tensorflow/core/platform/cpu_feature_guard.cc:182] This TensorFlow binary is optimized to use available CPU instructions in performance-critical operations.
To enable the following instructions: AVX2 AVX512F AVX512_VNNI FMA, in other operations, rebuild TensorFlow with the appropriate compiler flags.
2024-02-23 06:50:26.099626: I tensorflow/core/platform/cpu_feature_guard.cc:182] This TensorFlow binary is optimized to use available CPU instructions in performance-critical operations.
To enable the following instructions: AVX2 AVX512F AVX512_VNNI FMA, in other operations, rebuild TensorFlow with the appropriate compiler flags.
2024-02-23 06:50:26.099630: I tensorflow/core/platform/cpu_feature_guard.cc:182] This TensorFlow binary is optimized to use available CPU instructions in performance-critical operations.
To enable the following instructions: AVX2 AVX512F AVX512_VNNI FMA, in other operations, rebuild TensorFlow with the appropriate compiler flags.
2024-02-23 06:50:26.099633: I tensorflow/core/platform/cpu_feature_guard.cc:182] This TensorFlow binary is optimized to use available CPU instructions in performance-critical operations.
To enable the following instructions: AVX2 AVX512F AVX512_VNNI FMA, in other operations, rebuild TensorFlow with the appropriate compiler flags.
2024-02-23 06:50:26.099633: I tensorflow/core/platform/cpu_feature_guard.cc:182] This TensorFlow binary is optimized to use available CPU instructions in performance-critical operations.
To enable the following instructions: AVX2 AVX512F AVX512_VNNI FMA, in other operations, rebuild TensorFlow with the appropriate compiler flags.
2024-02-23 06:50:26.099636: I tensorflow/core/platform/cpu_feature_guard.cc:182] This TensorFlow binary is optimized to use available CPU instructions in performance-critical operations.
To enable the following instructions: AVX2 AVX512F AVX512_VNNI FMA, in other operations, rebuild TensorFlow with the appropriate compiler flags.
2024-02-23 06:50:26.099639: I tensorflow/core/platform/cpu_feature_guard.cc:182] This TensorFlow binary is optimized to use available CPU instructions in performance-critical operations.
To enable the following instructions: AVX2 AVX512F AVX512_VNNI FMA, in other operations, rebuild TensorFlow with the appropriate compiler flags.
2024-02-23 06:50:26.099643: I tensorflow/core/platform/cpu_feature_guard.cc:182] This TensorFlow binary is optimized to use available CPU instructions in performance-critical operations.
To enable the following instructions: AVX2 AVX512F AVX512_VNNI FMA, in other operations, rebuild TensorFlow with the appropriate compiler flags.
2024-02-23 06:50:26.099644: I tensorflow/core/platform/cpu_feature_guard.cc:182] This TensorFlow binary is optimized to use available CPU instructions in performance-critical operations.
To enable the following instructions: AVX2 AVX512F AVX512_VNNI FMA, in other operations, rebuild TensorFlow with the appropriate compiler flags.
2024-02-23 06:50:26.099651: I tensorflow/core/platform/cpu_feature_guard.cc:182] This TensorFlow binary is optimized to use available CPU instructions in performance-critical operations.
To enable the following instructions: AVX2 AVX512F AVX512_VNNI FMA, in other operations, rebuild TensorFlow with the appropriate compiler flags.
2024-02-23 06:50:26.099667: I tensorflow/core/platform/cpu_feature_guard.cc:182] This TensorFlow binary is optimized to use available CPU instructions in performance-critical operations.
To enable the following instructions: AVX2 AVX512F AVX512_VNNI FMA, in other operations, rebuild TensorFlow with the appropriate compiler flags.
2024-02-23 06:50:26.099673: I tensorflow/core/platform/cpu_feature_guard.cc:182] This TensorFlow binary is optimized to use available CPU instructions in performance-critical operations.
To enable the following instructions: AVX2 AVX512F AVX512_VNNI FMA, in other operations, rebuild TensorFlow with the appropriate compiler flags.
2024-02-23 06:50:26.099673: I tensorflow/core/platform/cpu_feature_guard.cc:182] This TensorFlow binary is optimized to use available CPU instructions in performance-critical operations.
To enable the following instructions: AVX2 AVX512F AVX512_VNNI FMA, in other operations, rebuild TensorFlow with the appropriate compiler flags.
2024-02-23 06:50:26.099673: I tensorflow/core/platform/cpu_feature_guard.cc:182] This TensorFlow binary is optimized to use available CPU instructions in performance-critical operations.
To enable the following instructions: AVX2 AVX512F AVX512_VNNI FMA, in other operations, rebuild TensorFlow with the appropriate compiler flags.
2024-02-23 06:50:26.099674: I tensorflow/core/platform/cpu_feature_guard.cc:182] This TensorFlow binary is optimized to use available CPU instructions in performance-critical operations.
To enable the following instructions: AVX2 AVX512F AVX512_VNNI FMA, in other operations, rebuild TensorFlow with the appropriate compiler flags.
2024-02-23 06:50:26.099674: I tensorflow/core/platform/cpu_feature_guard.cc:182] This TensorFlow binary is optimized to use available CPU instructions in performance-critical operations.
To enable the following instructions: AVX2 AVX512F AVX512_VNNI FMA, in other operations, rebuild TensorFlow with the appropriate compiler flags.
2024-02-23 06:50:26.099675: I tensorflow/core/platform/cpu_feature_guard.cc:182] This TensorFlow binary is optimized to use available CPU instructions in performance-critical operations.
To enable the following instructions: AVX2 AVX512F AVX512_VNNI FMA, in other operations, rebuild TensorFlow with the appropriate compiler flags.
2024-02-23 06:50:26.099676: I tensorflow/core/platform/cpu_feature_guard.cc:182] This TensorFlow binary is optimized to use available CPU instructions in performance-critical operations.
To enable the following instructions: AVX2 AVX512F AVX512_VNNI FMA, in other operations, rebuild TensorFlow with the appropriate compiler flags.
2024-02-23 06:50:26.099676: I tensorflow/core/platform/cpu_feature_guard.cc:182] This TensorFlow binary is optimized to use available CPU instructions in performance-critical operations.
To enable the following instructions: AVX2 AVX512F AVX512_VNNI FMA, in other operations, rebuild TensorFlow with the appropriate compiler flags.
2024-02-23 06:50:26.099675: I tensorflow/core/platform/cpu_feature_guard.cc:182] This TensorFlow binary is optimized to use available CPU instructions in performance-critical operations.
To enable the following instructions: AVX2 AVX512F AVX512_VNNI FMA, in other operations, rebuild TensorFlow with the appropriate compiler flags.
2024-02-23 06:50:26.099680: I tensorflow/core/platform/cpu_feature_guard.cc:182] This TensorFlow binary is optimized to use available CPU instructions in performance-critical operations.
To enable the following instructions: AVX2 AVX512F AVX512_VNNI FMA, in other operations, rebuild TensorFlow with the appropriate compiler flags.
2024-02-23 06:50:26.099681: I tensorflow/core/platform/cpu_feature_guard.cc:182] This TensorFlow binary is optimized to use available CPU instructions in performance-critical operations.
To enable the following instructions: AVX2 AVX512F AVX512_VNNI FMA, in other operations, rebuild TensorFlow with the appropriate compiler flags.
2024-02-23 06:50:26.099681: I tensorflow/core/platform/cpu_feature_guard.cc:182] This TensorFlow binary is optimized to use available CPU instructions in performance-critical operations.
To enable the following instructions: AVX2 AVX512F AVX512_VNNI FMA, in other operations, rebuild TensorFlow with the appropriate compiler flags.
2024-02-23 06:50:26.099690: I tensorflow/core/platform/cpu_feature_guard.cc:182] This TensorFlow binary is optimized to use available CPU instructions in performance-critical operations.
To enable the following instructions: AVX2 AVX512F AVX512_VNNI FMA, in other operations, rebuild TensorFlow with the appropriate compiler flags.
2024-02-23 06:50:26.099721: I tensorflow/core/platform/cpu_feature_guard.cc:182] This TensorFlow binary is optimized to use available CPU instructions in performance-critical operations.
To enable the following instructions: AVX2 AVX512F AVX512_VNNI FMA, in other operations, rebuild TensorFlow with the appropriate compiler flags.
2024-02-23 06:50:26.099721: I tensorflow/core/platform/cpu_feature_guard.cc:182] This TensorFlow binary is optimized to use available CPU instructions in performance-critical operations.
To enable the following instructions: AVX2 AVX512F AVX512_VNNI FMA, in other operations, rebuild TensorFlow with the appropriate compiler flags.
2024-02-23 06:50:26.099728: I tensorflow/core/platform/cpu_feature_guard.cc:182] This TensorFlow binary is optimized to use available CPU instructions in performance-critical operations.
To enable the following instructions: AVX2 AVX512F AVX512_VNNI FMA, in other operations, rebuild TensorFlow with the appropriate compiler flags.
2024-02-23 06:50:26.099734: I tensorflow/core/platform/cpu_feature_guard.cc:182] This TensorFlow binary is optimized to use available CPU instructions in performance-critical operations.
To enable the following instructions: AVX2 AVX512F AVX512_VNNI FMA, in other operations, rebuild TensorFlow with the appropriate compiler flags.
2024-02-23 06:50:26.099837: I tensorflow/core/platform/cpu_feature_guard.cc:182] This TensorFlow binary is optimized to use available CPU instructions in performance-critical operations.
To enable the following instructions: AVX2 AVX512F AVX512_VNNI FMA, in other operations, rebuild TensorFlow with the appropriate compiler flags.
2024-02-23 06:50:26.099841: I tensorflow/core/platform/cpu_feature_guard.cc:182] This TensorFlow binary is optimized to use available CPU instructions in performance-critical operations.
To enable the following instructions: AVX2 AVX512F AVX512_VNNI FMA, in other operations, rebuild TensorFlow with the appropriate compiler flags.
2024-02-23 06:50:26.099861: I tensorflow/core/platform/cpu_feature_guard.cc:182] This TensorFlow binary is optimized to use available CPU instructions in performance-critical operations.
To enable the following instructions: AVX2 AVX512F AVX512_VNNI FMA, in other operations, rebuild TensorFlow with the appropriate compiler flags.
2024-02-23 06:50:26.099913: I tensorflow/core/platform/cpu_feature_guard.cc:182] This TensorFlow binary is optimized to use available CPU instructions in performance-critical operations.
To enable the following instructions: AVX2 AVX512F AVX512_VNNI FMA, in other operations, rebuild TensorFlow with the appropriate compiler flags.
2024-02-23 06:50:26.099934: I tensorflow/core/platform/cpu_feature_guard.cc:182] This TensorFlow binary is optimized to use available CPU instructions in performance-critical operations.
To enable the following instructions: AVX2 AVX512F AVX512_VNNI FMA, in other operations, rebuild TensorFlow with the appropriate compiler flags.
2024-02-23 06:50:26.099952: I tensorflow/core/platform/cpu_feature_guard.cc:182] This TensorFlow binary is optimized to use available CPU instructions in performance-critical operations.
To enable the following instructions: AVX2 AVX512F AVX512_VNNI FMA, in other operations, rebuild TensorFlow with the appropriate compiler flags.
2024-02-23 06:50:26.100082: E external/local_xla/xla/stream_executor/cuda/cuda_dnn.cc:9261] Unable to register cuDNN factory: Attempting to register factory for plugin cuDNN when one has already been registered
2024-02-23 06:50:26.100082: E external/local_xla/xla/stream_executor/cuda/cuda_dnn.cc:9261] Unable to register cuDNN factory: Attempting to register factory for plugin cuDNN when one has already been registered
2024-02-23 06:50:26.100105: E external/local_xla/xla/stream_executor/cuda/cuda_fft.cc:607] Unable to register cuFFT factory: Attempting to register factory for plugin cuFFT when one has already been registered
2024-02-23 06:50:26.100105: E external/local_xla/xla/stream_executor/cuda/cuda_fft.cc:607] Unable to register cuFFT factory: Attempting to register factory for plugin cuFFT when one has already been registered
2024-02-23 06:50:26.100576: I tensorflow/core/platform/cpu_feature_guard.cc:182] This TensorFlow binary is optimized to use available CPU instructions in performance-critical operations.
To enable the following instructions: AVX2 AVX512F AVX512_VNNI FMA, in other operations, rebuild TensorFlow with the appropriate compiler flags.
2024-02-23 06:50:26.101089: E external/local_xla/xla/stream_executor/cuda/cuda_blas.cc:1515] Unable to register cuBLAS factory: Attempting to register factory for plugin cuBLAS when one has already been registered
2024-02-23 06:50:26.101089: E external/local_xla/xla/stream_executor/cuda/cuda_blas.cc:1515] Unable to register cuBLAS factory: Attempting to register factory for plugin cuBLAS when one has already been registered
2024-02-23 06:50:26.101711: I tensorflow/core/platform/cpu_feature_guard.cc:182] This TensorFlow binary is optimized to use available CPU instructions in performance-critical operations.
To enable the following instructions: AVX2 AVX512F AVX512_VNNI FMA, in other operations, rebuild TensorFlow with the appropriate compiler flags.
2024-02-23 06:50:26.102118: I tensorflow/core/platform/cpu_feature_guard.cc:182] This TensorFlow binary is optimized to use available CPU instructions in performance-critical operations.
To enable the following instructions: AVX2 AVX512F AVX512_VNNI FMA, in other operations, rebuild TensorFlow with the appropriate compiler flags.
2024-02-23 06:50:26.106291: I tensorflow/core/platform/cpu_feature_guard.cc:182] This TensorFlow binary is optimized to use available CPU instructions in performance-critical operations.
To enable the following instructions: AVX2 AVX512F AVX512_VNNI FMA, in other operations, rebuild TensorFlow with the appropriate compiler flags.
2024-02-23 06:50:26.106294: I tensorflow/core/platform/cpu_feature_guard.cc:182] This TensorFlow binary is optimized to use available CPU instructions in performance-critical operations.
To enable the following instructions: AVX2 AVX512F AVX512_VNNI FMA, in other operations, rebuild TensorFlow with the appropriate compiler flags.
2024-02-23 06:50:28.564679: W tensorflow/compiler/tf2tensorrt/utils/py_utils.cc:38] TF-TRT Warning: Could not find TensorRT
2024-02-23 06:50:28.565665: W tensorflow/compiler/tf2tensorrt/utils/py_utils.cc:38] TF-TRT Warning: Could not find TensorRT
2024-02-23 06:50:28.565737: W tensorflow/compiler/tf2tensorrt/utils/py_utils.cc:38] TF-TRT Warning: Could not find TensorRT
2024-02-23 06:50:28.565748: W tensorflow/compiler/tf2tensorrt/utils/py_utils.cc:38] TF-TRT Warning: Could not find TensorRT
2024-02-23 06:50:28.565750: W tensorflow/compiler/tf2tensorrt/utils/py_utils.cc:38] TF-TRT Warning: Could not find TensorRT
2024-02-23 06:50:28.565753: W tensorflow/compiler/tf2tensorrt/utils/py_utils.cc:38] TF-TRT Warning: Could not find TensorRT
2024-02-23 06:50:28.565757: W tensorflow/compiler/tf2tensorrt/utils/py_utils.cc:38] TF-TRT Warning: Could not find TensorRT
2024-02-23 06:50:28.565766: W tensorflow/compiler/tf2tensorrt/utils/py_utils.cc:38] TF-TRT Warning: Could not find TensorRT
2024-02-23 06:50:28.565772: W tensorflow/compiler/tf2tensorrt/utils/py_utils.cc:38] TF-TRT Warning: Could not find TensorRT
2024-02-23 06:50:28.565779: W tensorflow/compiler/tf2tensorrt/utils/py_utils.cc:38] TF-TRT Warning: Could not find TensorRT
2024-02-23 06:50:28.565779: W tensorflow/compiler/tf2tensorrt/utils/py_utils.cc:38] TF-TRT Warning: Could not find TensorRT
2024-02-23 06:50:28.565782: W tensorflow/compiler/tf2tensorrt/utils/py_utils.cc:38] TF-TRT Warning: Could not find TensorRT
2024-02-23 06:50:28.565782: W tensorflow/compiler/tf2tensorrt/utils/py_utils.cc:38] TF-TRT Warning: Could not find TensorRT
2024-02-23 06:50:28.565783: W tensorflow/compiler/tf2tensorrt/utils/py_utils.cc:38] TF-TRT Warning: Could not find TensorRT
2024-02-23 06:50:28.565787: W tensorflow/compiler/tf2tensorrt/utils/py_utils.cc:38] TF-TRT Warning: Could not find TensorRT
2024-02-23 06:50:28.565809: W tensorflow/compiler/tf2tensorrt/utils/py_utils.cc:38] TF-TRT Warning: Could not find TensorRT
2024-02-23 06:50:28.565807: W tensorflow/compiler/tf2tensorrt/utils/py_utils.cc:38] TF-TRT Warning: Could not find TensorRT
2024-02-23 06:50:28.565807: W tensorflow/compiler/tf2tensorrt/utils/py_utils.cc:38] TF-TRT Warning: Could not find TensorRT
2024-02-23 06:50:28.565807: W tensorflow/compiler/tf2tensorrt/utils/py_utils.cc:38] TF-TRT Warning: Could not find TensorRT
2024-02-23 06:50:28.565809: W tensorflow/compiler/tf2tensorrt/utils/py_utils.cc:38] TF-TRT Warning: Could not find TensorRT
2024-02-23 06:50:28.565823: W tensorflow/compiler/tf2tensorrt/utils/py_utils.cc:38] TF-TRT Warning: Could not find TensorRT
2024-02-23 06:50:28.565997: W tensorflow/compiler/tf2tensorrt/utils/py_utils.cc:38] TF-TRT Warning: Could not find TensorRT
2024-02-23 06:50:28.566003: W tensorflow/compiler/tf2tensorrt/utils/py_utils.cc:38] TF-TRT Warning: Could not find TensorRT
2024-02-23 06:50:28.566024: W tensorflow/compiler/tf2tensorrt/utils/py_utils.cc:38] TF-TRT Warning: Could not find TensorRT
2024-02-23 06:50:28.566025: W tensorflow/compiler/tf2tensorrt/utils/py_utils.cc:38] TF-TRT Warning: Could not find TensorRT
2024-02-23 06:50:28.566029: W tensorflow/compiler/tf2tensorrt/utils/py_utils.cc:38] TF-TRT Warning: Could not find TensorRT
2024-02-23 06:50:28.566035: W tensorflow/compiler/tf2tensorrt/utils/py_utils.cc:38] TF-TRT Warning: Could not find TensorRT
2024-02-23 06:50:28.566037: W tensorflow/compiler/tf2tensorrt/utils/py_utils.cc:38] TF-TRT Warning: Could not find TensorRT
2024-02-23 06:50:28.566050: W tensorflow/compiler/tf2tensorrt/utils/py_utils.cc:38] TF-TRT Warning: Could not find TensorRT
2024-02-23 06:50:28.566050: W tensorflow/compiler/tf2tensorrt/utils/py_utils.cc:38] TF-TRT Warning: Could not find TensorRT
2024-02-23 06:50:28.566052: W tensorflow/compiler/tf2tensorrt/utils/py_utils.cc:38] TF-TRT Warning: Could not find TensorRT
2024-02-23 06:50:28.566052: W tensorflow/compiler/tf2tensorrt/utils/py_utils.cc:38] TF-TRT Warning: Could not find TensorRT
2024-02-23 06:50:28.566056: W tensorflow/compiler/tf2tensorrt/utils/py_utils.cc:38] TF-TRT Warning: Could not find TensorRT
2024-02-23 06:50:28.566059: W tensorflow/compiler/tf2tensorrt/utils/py_utils.cc:38] TF-TRT Warning: Could not find TensorRT
2024-02-23 06:50:28.566061: W tensorflow/compiler/tf2tensorrt/utils/py_utils.cc:38] TF-TRT Warning: Could not find TensorRT
2024-02-23 06:50:28.566063: W tensorflow/compiler/tf2tensorrt/utils/py_utils.cc:38] TF-TRT Warning: Could not find TensorRT
2024-02-23 06:50:28.566065: W tensorflow/compiler/tf2tensorrt/utils/py_utils.cc:38] TF-TRT Warning: Could not find TensorRT
2024-02-23 06:50:28.566066: W tensorflow/compiler/tf2tensorrt/utils/py_utils.cc:38] TF-TRT Warning: Could not find TensorRT
2024-02-23 06:50:28.566076: W tensorflow/compiler/tf2tensorrt/utils/py_utils.cc:38] TF-TRT Warning: Could not find TensorRT
2024-02-23 06:50:28.566084: W tensorflow/compiler/tf2tensorrt/utils/py_utils.cc:38] TF-TRT Warning: Could not find TensorRT
2024-02-23 06:50:28.566088: W tensorflow/compiler/tf2tensorrt/utils/py_utils.cc:38] TF-TRT Warning: Could not find TensorRT
2024-02-23 06:50:28.566091: W tensorflow/compiler/tf2tensorrt/utils/py_utils.cc:38] TF-TRT Warning: Could not find TensorRT
2024-02-23 06:50:28.566099: W tensorflow/compiler/tf2tensorrt/utils/py_utils.cc:38] TF-TRT Warning: Could not find TensorRT
2024-02-23 06:50:28.566099: W tensorflow/compiler/tf2tensorrt/utils/py_utils.cc:38] TF-TRT Warning: Could not find TensorRT
2024-02-23 06:50:28.566104: W tensorflow/compiler/tf2tensorrt/utils/py_utils.cc:38] TF-TRT Warning: Could not find TensorRT
2024-02-23 06:50:28.566130: W tensorflow/compiler/tf2tensorrt/utils/py_utils.cc:38] TF-TRT Warning: Could not find TensorRT
2024-02-23 06:50:28.566262: W tensorflow/compiler/tf2tensorrt/utils/py_utils.cc:38] TF-TRT Warning: Could not find TensorRT
2024-02-23 06:50:28.567770: W tensorflow/compiler/tf2tensorrt/utils/py_utils.cc:38] TF-TRT Warning: Could not find TensorRT
WARNING:tensorflow:From /home/ketrong/miniconda3/envs/tpot2devenv/lib/python3.10/site-packages/tensorflow/python/compat/v2_compat.py:108: disable_resource_variables (from tensorflow.python.ops.variable_scope) is deprecated and will be removed in a future version.
Instructions for updating:
non-resource variables are not supported in the long term
WARNING:tensorflow:From /home/ketrong/miniconda3/envs/tpot2devenv/lib/python3.10/site-packages/tensorflow/python/compat/v2_compat.py:108: disable_resource_variables (from tensorflow.python.ops.variable_scope) is deprecated and will be removed in a future version.
Instructions for updating:
non-resource variables are not supported in the long term
WARNING:tensorflow:From /home/ketrong/miniconda3/envs/tpot2devenv/lib/python3.10/site-packages/tensorflow/python/compat/v2_compat.py:108: disable_resource_variables (from tensorflow.python.ops.variable_scope) is deprecated and will be removed in a future version.
Instructions for updating:
non-resource variables are not supported in the long term
WARNING:tensorflow:From /home/ketrong/miniconda3/envs/tpot2devenv/lib/python3.10/site-packages/tensorflow/python/compat/v2_compat.py:108: disable_resource_variables (from tensorflow.python.ops.variable_scope) is deprecated and will be removed in a future version.
Instructions for updating:
non-resource variables are not supported in the long term
WARNING:tensorflow:From /home/ketrong/miniconda3/envs/tpot2devenv/lib/python3.10/site-packages/tensorflow/python/compat/v2_compat.py:108: disable_resource_variables (from tensorflow.python.ops.variable_scope) is deprecated and will be removed in a future version.
Instructions for updating:
non-resource variables are not supported in the long term
WARNING:tensorflow:From /home/ketrong/miniconda3/envs/tpot2devenv/lib/python3.10/site-packages/tensorflow/python/compat/v2_compat.py:108: disable_resource_variables (from tensorflow.python.ops.variable_scope) is deprecated and will be removed in a future version.
Instructions for updating:
non-resource variables are not supported in the long term
WARNING:tensorflow:From /home/ketrong/miniconda3/envs/tpot2devenv/lib/python3.10/site-packages/tensorflow/python/compat/v2_compat.py:108: disable_resource_variables (from tensorflow.python.ops.variable_scope) is deprecated and will be removed in a future version.
Instructions for updating:
non-resource variables are not supported in the long term
WARNING:tensorflow:From /home/ketrong/miniconda3/envs/tpot2devenv/lib/python3.10/site-packages/tensorflow/python/compat/v2_compat.py:108: disable_resource_variables (from tensorflow.python.ops.variable_scope) is deprecated and will be removed in a future version.
Instructions for updating:
non-resource variables are not supported in the long term
WARNING:tensorflow:From /home/ketrong/miniconda3/envs/tpot2devenv/lib/python3.10/site-packages/tensorflow/python/compat/v2_compat.py:108: disable_resource_variables (from tensorflow.python.ops.variable_scope) is deprecated and will be removed in a future version.
Instructions for updating:
non-resource variables are not supported in the long term
WARNING:tensorflow:From /home/ketrong/miniconda3/envs/tpot2devenv/lib/python3.10/site-packages/tensorflow/python/compat/v2_compat.py:108: disable_resource_variables (from tensorflow.python.ops.variable_scope) is deprecated and will be removed in a future version.
Instructions for updating:
non-resource variables are not supported in the long term
WARNING:tensorflow:From /home/ketrong/miniconda3/envs/tpot2devenv/lib/python3.10/site-packages/tensorflow/python/compat/v2_compat.py:108: disable_resource_variables (from tensorflow.python.ops.variable_scope) is deprecated and will be removed in a future version.
Instructions for updating:
non-resource variables are not supported in the long term
WARNING:tensorflow:From /home/ketrong/miniconda3/envs/tpot2devenv/lib/python3.10/site-packages/tensorflow/python/compat/v2_compat.py:108: disable_resource_variables (from tensorflow.python.ops.variable_scope) is deprecated and will be removed in a future version.
Instructions for updating:
non-resource variables are not supported in the long term
WARNING:tensorflow:From /home/ketrong/miniconda3/envs/tpot2devenv/lib/python3.10/site-packages/tensorflow/python/compat/v2_compat.py:108: disable_resource_variables (from tensorflow.python.ops.variable_scope) is deprecated and will be removed in a future version.
Instructions for updating:
non-resource variables are not supported in the long term
WARNING:tensorflow:From /home/ketrong/miniconda3/envs/tpot2devenv/lib/python3.10/site-packages/tensorflow/python/compat/v2_compat.py:108: disable_resource_variables (from tensorflow.python.ops.variable_scope) is deprecated and will be removed in a future version.
Instructions for updating:
non-resource variables are not supported in the long term
WARNING:tensorflow:From /home/ketrong/miniconda3/envs/tpot2devenv/lib/python3.10/site-packages/tensorflow/python/compat/v2_compat.py:108: disable_resource_variables (from tensorflow.python.ops.variable_scope) is deprecated and will be removed in a future version.
Instructions for updating:
non-resource variables are not supported in the long term
WARNING:tensorflow:From /home/ketrong/miniconda3/envs/tpot2devenv/lib/python3.10/site-packages/tensorflow/python/compat/v2_compat.py:108: disable_resource_variables (from tensorflow.python.ops.variable_scope) is deprecated and will be removed in a future version.
Instructions for updating:
non-resource variables are not supported in the long term
WARNING:tensorflow:From /home/ketrong/miniconda3/envs/tpot2devenv/lib/python3.10/site-packages/tensorflow/python/compat/v2_compat.py:108: disable_resource_variables (from tensorflow.python.ops.variable_scope) is deprecated and will be removed in a future version.
Instructions for updating:
non-resource variables are not supported in the long term
WARNING:tensorflow:From /home/ketrong/miniconda3/envs/tpot2devenv/lib/python3.10/site-packages/tensorflow/python/compat/v2_compat.py:108: disable_resource_variables (from tensorflow.python.ops.variable_scope) is deprecated and will be removed in a future version.
Instructions for updating:
non-resource variables are not supported in the long term
WARNING:tensorflow:From /home/ketrong/miniconda3/envs/tpot2devenv/lib/python3.10/site-packages/tensorflow/python/compat/v2_compat.py:108: disable_resource_variables (from tensorflow.python.ops.variable_scope) is deprecated and will be removed in a future version.
Instructions for updating:
non-resource variables are not supported in the long term
WARNING:tensorflow:From /home/ketrong/miniconda3/envs/tpot2devenv/lib/python3.10/site-packages/tensorflow/python/compat/v2_compat.py:108: disable_resource_variables (from tensorflow.python.ops.variable_scope) is deprecated and will be removed in a future version.
Instructions for updating:
non-resource variables are not supported in the long term
WARNING:tensorflow:From /home/ketrong/miniconda3/envs/tpot2devenv/lib/python3.10/site-packages/tensorflow/python/compat/v2_compat.py:108: disable_resource_variables (from tensorflow.python.ops.variable_scope) is deprecated and will be removed in a future version.
Instructions for updating:
non-resource variables are not supported in the long term
WARNING:tensorflow:From /home/ketrong/miniconda3/envs/tpot2devenv/lib/python3.10/site-packages/tensorflow/python/compat/v2_compat.py:108: disable_resource_variables (from tensorflow.python.ops.variable_scope) is deprecated and will be removed in a future version.
Instructions for updating:
non-resource variables are not supported in the long term
WARNING:tensorflow:From /home/ketrong/miniconda3/envs/tpot2devenv/lib/python3.10/site-packages/tensorflow/python/compat/v2_compat.py:108: disable_resource_variables (from tensorflow.python.ops.variable_scope) is deprecated and will be removed in a future version.
Instructions for updating:
non-resource variables are not supported in the long term
WARNING:tensorflow:From /home/ketrong/miniconda3/envs/tpot2devenv/lib/python3.10/site-packages/tensorflow/python/compat/v2_compat.py:108: disable_resource_variables (from tensorflow.python.ops.variable_scope) is deprecated and will be removed in a future version.
Instructions for updating:
non-resource variables are not supported in the long term
WARNING:tensorflow:From /home/ketrong/miniconda3/envs/tpot2devenv/lib/python3.10/site-packages/tensorflow/python/compat/v2_compat.py:108: disable_resource_variables (from tensorflow.python.ops.variable_scope) is deprecated and will be removed in a future version.
Instructions for updating:
non-resource variables are not supported in the long term
WARNING:tensorflow:From /home/ketrong/miniconda3/envs/tpot2devenv/lib/python3.10/site-packages/tensorflow/python/compat/v2_compat.py:108: disable_resource_variables (from tensorflow.python.ops.variable_scope) is deprecated and will be removed in a future version.
Instructions for updating:
non-resource variables are not supported in the long term
WARNING:tensorflow:From /home/ketrong/miniconda3/envs/tpot2devenv/lib/python3.10/site-packages/tensorflow/python/compat/v2_compat.py:108: disable_resource_variables (from tensorflow.python.ops.variable_scope) is deprecated and will be removed in a future version.
Instructions for updating:
non-resource variables are not supported in the long term
WARNING:tensorflow:From /home/ketrong/miniconda3/envs/tpot2devenv/lib/python3.10/site-packages/tensorflow/python/compat/v2_compat.py:108: disable_resource_variables (from tensorflow.python.ops.variable_scope) is deprecated and will be removed in a future version.
Instructions for updating:
non-resource variables are not supported in the long term
WARNING:tensorflow:From /home/ketrong/miniconda3/envs/tpot2devenv/lib/python3.10/site-packages/tensorflow/python/compat/v2_compat.py:108: disable_resource_variables (from tensorflow.python.ops.variable_scope) is deprecated and will be removed in a future version.
Instructions for updating:
non-resource variables are not supported in the long term
WARNING:tensorflow:From /home/ketrong/miniconda3/envs/tpot2devenv/lib/python3.10/site-packages/tensorflow/python/compat/v2_compat.py:108: disable_resource_variables (from tensorflow.python.ops.variable_scope) is deprecated and will be removed in a future version.
Instructions for updating:
non-resource variables are not supported in the long term
WARNING:tensorflow:From /home/ketrong/miniconda3/envs/tpot2devenv/lib/python3.10/site-packages/tensorflow/python/compat/v2_compat.py:108: disable_resource_variables (from tensorflow.python.ops.variable_scope) is deprecated and will be removed in a future version.
Instructions for updating:
non-resource variables are not supported in the long term
WARNING:tensorflow:From /home/ketrong/miniconda3/envs/tpot2devenv/lib/python3.10/site-packages/tensorflow/python/compat/v2_compat.py:108: disable_resource_variables (from tensorflow.python.ops.variable_scope) is deprecated and will be removed in a future version.
Instructions for updating:
non-resource variables are not supported in the long term
WARNING:tensorflow:From /home/ketrong/miniconda3/envs/tpot2devenv/lib/python3.10/site-packages/tensorflow/python/compat/v2_compat.py:108: disable_resource_variables (from tensorflow.python.ops.variable_scope) is deprecated and will be removed in a future version.
Instructions for updating:
non-resource variables are not supported in the long term
WARNING:tensorflow:From /home/ketrong/miniconda3/envs/tpot2devenv/lib/python3.10/site-packages/tensorflow/python/compat/v2_compat.py:108: disable_resource_variables (from tensorflow.python.ops.variable_scope) is deprecated and will be removed in a future version.
Instructions for updating:
non-resource variables are not supported in the long term
WARNING:tensorflow:From /home/ketrong/miniconda3/envs/tpot2devenv/lib/python3.10/site-packages/tensorflow/python/compat/v2_compat.py:108: disable_resource_variables (from tensorflow.python.ops.variable_scope) is deprecated and will be removed in a future version.
Instructions for updating:
non-resource variables are not supported in the long term
WARNING:tensorflow:From /home/ketrong/miniconda3/envs/tpot2devenv/lib/python3.10/site-packages/tensorflow/python/compat/v2_compat.py:108: disable_resource_variables (from tensorflow.python.ops.variable_scope) is deprecated and will be removed in a future version.
Instructions for updating:
non-resource variables are not supported in the long term
WARNING:tensorflow:From /home/ketrong/miniconda3/envs/tpot2devenv/lib/python3.10/site-packages/tensorflow/python/compat/v2_compat.py:108: disable_resource_variables (from tensorflow.python.ops.variable_scope) is deprecated and will be removed in a future version.
Instructions for updating:
non-resource variables are not supported in the long term
WARNING:tensorflow:From /home/ketrong/miniconda3/envs/tpot2devenv/lib/python3.10/site-packages/tensorflow/python/compat/v2_compat.py:108: disable_resource_variables (from tensorflow.python.ops.variable_scope) is deprecated and will be removed in a future version.
Instructions for updating:
non-resource variables are not supported in the long term
WARNING:tensorflow:From /home/ketrong/miniconda3/envs/tpot2devenv/lib/python3.10/site-packages/tensorflow/python/compat/v2_compat.py:108: disable_resource_variables (from tensorflow.python.ops.variable_scope) is deprecated and will be removed in a future version.
Instructions for updating:
non-resource variables are not supported in the long term
WARNING:tensorflow:From /home/ketrong/miniconda3/envs/tpot2devenv/lib/python3.10/site-packages/tensorflow/python/compat/v2_compat.py:108: disable_resource_variables (from tensorflow.python.ops.variable_scope) is deprecated and will be removed in a future version.
Instructions for updating:
non-resource variables are not supported in the long term
WARNING:tensorflow:From /home/ketrong/miniconda3/envs/tpot2devenv/lib/python3.10/site-packages/tensorflow/python/compat/v2_compat.py:108: disable_resource_variables (from tensorflow.python.ops.variable_scope) is deprecated and will be removed in a future version.
Instructions for updating:
non-resource variables are not supported in the long term
WARNING:tensorflow:From /home/ketrong/miniconda3/envs/tpot2devenv/lib/python3.10/site-packages/tensorflow/python/compat/v2_compat.py:108: disable_resource_variables (from tensorflow.python.ops.variable_scope) is deprecated and will be removed in a future version.
Instructions for updating:
non-resource variables are not supported in the long term
WARNING:tensorflow:From /home/ketrong/miniconda3/envs/tpot2devenv/lib/python3.10/site-packages/tensorflow/python/compat/v2_compat.py:108: disable_resource_variables (from tensorflow.python.ops.variable_scope) is deprecated and will be removed in a future version.
Instructions for updating:
non-resource variables are not supported in the long term
WARNING:tensorflow:From /home/ketrong/miniconda3/envs/tpot2devenv/lib/python3.10/site-packages/tensorflow/python/compat/v2_compat.py:108: disable_resource_variables (from tensorflow.python.ops.variable_scope) is deprecated and will be removed in a future version.
Instructions for updating:
non-resource variables are not supported in the long term
WARNING:tensorflow:From /home/ketrong/miniconda3/envs/tpot2devenv/lib/python3.10/site-packages/tensorflow/python/compat/v2_compat.py:108: disable_resource_variables (from tensorflow.python.ops.variable_scope) is deprecated and will be removed in a future version.
Instructions for updating:
non-resource variables are not supported in the long term
WARNING:tensorflow:From /home/ketrong/miniconda3/envs/tpot2devenv/lib/python3.10/site-packages/tensorflow/python/compat/v2_compat.py:108: disable_resource_variables (from tensorflow.python.ops.variable_scope) is deprecated and will be removed in a future version.
Instructions for updating:
non-resource variables are not supported in the long term
WARNING:tensorflow:From /home/ketrong/miniconda3/envs/tpot2devenv/lib/python3.10/site-packages/tensorflow/python/compat/v2_compat.py:108: disable_resource_variables (from tensorflow.python.ops.variable_scope) is deprecated and will be removed in a future version.
Instructions for updating:
non-resource variables are not supported in the long term
WARNING:tensorflow:From /home/ketrong/miniconda3/envs/tpot2devenv/lib/python3.10/site-packages/tensorflow/python/compat/v2_compat.py:108: disable_resource_variables (from tensorflow.python.ops.variable_scope) is deprecated and will be removed in a future version.
Instructions for updating:
non-resource variables are not supported in the long term
  0%|          | 0/50 [00:00<?, ?it/s]Generation:   0%|          | 0/50 [00:00<?, ?it/s]WARNING THIS INDIVIDUAL CAUSED AND EXCEPTION 
 ['GradientBoostingRegressor_1'] 
 The 'loss' parameter of GradientBoostingRegressor must be a str among {'quantile', 'huber', 'squared_error', 'absolute_error'}. Got 'ls' instead. 
 Traceback (most recent call last):
  File "/home/ketrong/miniconda3/envs/tpot2devenv/lib/python3.10/site-packages/tpot2/utils/eval_utils.py", line 53, in objective_nan_wrapper
    value = func_timeout.func_timeout(timeout, objective_function, args=[individual], kwargs=objective_kwargs)
  File "/home/ketrong/miniconda3/envs/tpot2devenv/lib/python3.10/site-packages/func_timeout/dafunc.py", line 108, in func_timeout
    raise_exception(exception)
  File "/home/ketrong/miniconda3/envs/tpot2devenv/lib/python3.10/site-packages/func_timeout/py3_raise.py", line 7, in raise_exception
    raise exception[0] from None
  File "/home/ketrong/miniconda3/envs/tpot2devenv/lib/python3.10/site-packages/tpot2/tpot_estimator/estimator.py", line 702, in objective_function
    return objective_function_generator(
  File "/home/ketrong/miniconda3/envs/tpot2devenv/lib/python3.10/site-packages/tpot2/tpot_estimator/estimator_utils.py", line 117, in objective_function_generator
    cv_obj_scores = cross_val_score_objective(sklearn.base.clone(pipeline),x,y,scorers=scorers, cv=cv , fold=step)
  File "/home/ketrong/miniconda3/envs/tpot2devenv/lib/python3.10/site-packages/tpot2/tpot_estimator/cross_val_utils.py", line 28, in cross_val_score_objective
    this_fold_pipeline.fit(X_train,y_train)
  File "/home/ketrong/miniconda3/envs/tpot2devenv/lib/python3.10/site-packages/tpot2/graphsklearn.py", line 354, in fit
    fit_sklearn_digraph(   graph=self.graph,
  File "/home/ketrong/miniconda3/envs/tpot2devenv/lib/python3.10/site-packages/tpot2/graphsklearn.py", line 153, in fit_sklearn_digraph
    transformed, instance = estimator_fit_transform_override_cross_val_predict_cached(instance, this_X, y, cv=cross_val_predict_cv, method=method,subset_indexes=subset_indexes)
  File "/home/ketrong/miniconda3/envs/tpot2devenv/lib/python3.10/site-packages/joblib/memory.py", line 353, in __call__
    return self.func(*args, **kwargs)
  File "/home/ketrong/miniconda3/envs/tpot2devenv/lib/python3.10/site-packages/tpot2/graphsklearn.py", line 77, in estimator_fit_transform_override_cross_val_predict
    estimator.fit(X,y, **fit_params)
  File "/home/ketrong/miniconda3/envs/tpot2devenv/lib/python3.10/site-packages/sklearn/base.py", line 1145, in wrapper
    estimator._validate_params()
  File "/home/ketrong/miniconda3/envs/tpot2devenv/lib/python3.10/site-packages/sklearn/base.py", line 638, in _validate_params
    validate_parameter_constraints(
  File "/home/ketrong/miniconda3/envs/tpot2devenv/lib/python3.10/site-packages/sklearn/utils/_param_validation.py", line 96, in validate_parameter_constraints
    raise InvalidParameterError(
sklearn.utils._param_validation.InvalidParameterError: The 'loss' parameter of GradientBoostingRegressor must be a str among {'quantile', 'huber', 'squared_error', 'absolute_error'}. Got 'ls' instead.

WARNING THIS INDIVIDUAL CAUSED AND EXCEPTION 
 ['GradientBoostingRegressor_1'] 
 The 'loss' parameter of GradientBoostingRegressor must be a str among {'squared_error', 'quantile', 'huber', 'absolute_error'}. Got 'ls' instead. 
 Traceback (most recent call last):
  File "/home/ketrong/miniconda3/envs/tpot2devenv/lib/python3.10/site-packages/tpot2/utils/eval_utils.py", line 53, in objective_nan_wrapper
    value = func_timeout.func_timeout(timeout, objective_function, args=[individual], kwargs=objective_kwargs)
  File "/home/ketrong/miniconda3/envs/tpot2devenv/lib/python3.10/site-packages/func_timeout/dafunc.py", line 108, in func_timeout
    raise_exception(exception)
  File "/home/ketrong/miniconda3/envs/tpot2devenv/lib/python3.10/site-packages/func_timeout/py3_raise.py", line 7, in raise_exception
    raise exception[0] from None
  File "/home/ketrong/miniconda3/envs/tpot2devenv/lib/python3.10/site-packages/tpot2/tpot_estimator/estimator.py", line 702, in objective_function
    return objective_function_generator(
  File "/home/ketrong/miniconda3/envs/tpot2devenv/lib/python3.10/site-packages/tpot2/tpot_estimator/estimator_utils.py", line 117, in objective_function_generator
    cv_obj_scores = cross_val_score_objective(sklearn.base.clone(pipeline),x,y,scorers=scorers, cv=cv , fold=step)
  File "/home/ketrong/miniconda3/envs/tpot2devenv/lib/python3.10/site-packages/tpot2/tpot_estimator/cross_val_utils.py", line 28, in cross_val_score_objective
    this_fold_pipeline.fit(X_train,y_train)
  File "/home/ketrong/miniconda3/envs/tpot2devenv/lib/python3.10/site-packages/tpot2/graphsklearn.py", line 354, in fit
    fit_sklearn_digraph(   graph=self.graph,
  File "/home/ketrong/miniconda3/envs/tpot2devenv/lib/python3.10/site-packages/tpot2/graphsklearn.py", line 153, in fit_sklearn_digraph
    transformed, instance = estimator_fit_transform_override_cross_val_predict_cached(instance, this_X, y, cv=cross_val_predict_cv, method=method,subset_indexes=subset_indexes)
  File "/home/ketrong/miniconda3/envs/tpot2devenv/lib/python3.10/site-packages/joblib/memory.py", line 353, in __call__
    return self.func(*args, **kwargs)
  File "/home/ketrong/miniconda3/envs/tpot2devenv/lib/python3.10/site-packages/tpot2/graphsklearn.py", line 77, in estimator_fit_transform_override_cross_val_predict
    estimator.fit(X,y, **fit_params)
  File "/home/ketrong/miniconda3/envs/tpot2devenv/lib/python3.10/site-packages/sklearn/base.py", line 1145, in wrapper
    estimator._validate_params()
  File "/home/ketrong/miniconda3/envs/tpot2devenv/lib/python3.10/site-packages/sklearn/base.py", line 638, in _validate_params
    validate_parameter_constraints(
  File "/home/ketrong/miniconda3/envs/tpot2devenv/lib/python3.10/site-packages/sklearn/utils/_param_validation.py", line 96, in validate_parameter_constraints
    raise InvalidParameterError(
sklearn.utils._param_validation.InvalidParameterError: The 'loss' parameter of GradientBoostingRegressor must be a str among {'squared_error', 'quantile', 'huber', 'absolute_error'}. Got 'ls' instead.

Generation:  1
Best mean_squared_error score: -1.261451940018262
Best complexity_scorer score: 1.0
Generation:   2%|▏         | 1/50 [00:46<38:16, 46.87s/it]Generation:  2
Best mean_squared_error score: -1.261451940018262
Best complexity_scorer score: 1.0
Generation:   4%|▍         | 2/50 [01:18<30:31, 38.16s/it]Generation:  3
Best mean_squared_error score: -1.261451940018262
Best complexity_scorer score: 1.0
Generation:   6%|▌         | 3/50 [01:30<20:33, 26.24s/it]Generation:  4
Best mean_squared_error score: -1.261451940018262
Best complexity_scorer score: 1.0
Generation:   8%|▊         | 4/50 [01:37<14:10, 18.49s/it]Generation:  5
Best mean_squared_error score: -1.261451940018262
Best complexity_scorer score: 1.0
Generation:  10%|█         | 5/50 [01:47<11:39, 15.55s/it]Generation:  6
Best mean_squared_error score: -1.261451940018262
Best complexity_scorer score: 1.0
Generation:  12%|█▏        | 6/50 [02:02<11:10, 15.25s/it]Generation:  7
Best mean_squared_error score: -1.261451940018262
Best complexity_scorer score: 1.0
Generation:  14%|█▍        | 7/50 [02:27<13:10, 18.38s/it]Generation:  8
Best mean_squared_error score: -1.261451940018262
Best complexity_scorer score: 1.0
Generation:  16%|█▌        | 8/50 [02:36<10:45, 15.36s/it]Generation:  9
Best mean_squared_error score: -1.261451940018262
Best complexity_scorer score: 1.0
Generation:  18%|█▊        | 9/50 [02:48<09:53, 14.47s/it]Generation:  10
Best mean_squared_error score: -1.261451940018262
Best complexity_scorer score: 1.0
Generation:  20%|██        | 10/50 [02:57<08:29, 12.74s/it]Generation:  11
Best mean_squared_error score: -1.261451940018262
Best complexity_scorer score: 1.0
Generation:  22%|██▏       | 11/50 [03:06<07:29, 11.53s/it]Generation:  12
Best mean_squared_error score: -1.261451940018262
Best complexity_scorer score: 1.0
Generation:  24%|██▍       | 12/50 [03:17<07:17, 11.52s/it]Generation:  13
Best mean_squared_error score: -1.261451940018262
Best complexity_scorer score: 1.0
Generation:  26%|██▌       | 13/50 [03:26<06:27, 10.48s/it]Generation:  14
Best mean_squared_error score: -1.261451940018262
Best complexity_scorer score: 1.0
Generation:  28%|██▊       | 14/50 [03:34<05:50,  9.74s/it]Generation:  15
Best mean_squared_error score: -1.261451940018262
Best complexity_scorer score: 1.0
Generation:  30%|███       | 15/50 [03:42<05:21,  9.20s/it]Generation:  16
Best mean_squared_error score: -1.2614107707676068
Best complexity_scorer score: 1.0
Generation:  32%|███▏      | 16/50 [03:50<05:00,  8.84s/it]Generation:  17
Best mean_squared_error score: -1.2614107707676068
Best complexity_scorer score: 1.0
Generation:  34%|███▍      | 17/50 [03:59<04:53,  8.89s/it]Generation:  18
Best mean_squared_error score: -1.261306163821239
Best complexity_scorer score: 1.0
Generation:  36%|███▌      | 18/50 [04:09<05:01,  9.41s/it]Generation:  19
Best mean_squared_error score: -1.261306163821239
Best complexity_scorer score: 1.0
Generation:  38%|███▊      | 19/50 [04:17<04:38,  8.98s/it]Generation:  20
Best mean_squared_error score: -1.261306163821239
Best complexity_scorer score: 1.0
Generation:  40%|████      | 20/50 [04:25<04:19,  8.66s/it]Generation:  21
Best mean_squared_error score: -1.2607589090013682
Best complexity_scorer score: 1.0
Generation:  42%|████▏     | 21/50 [04:33<04:07,  8.55s/it]Generation:  22
Best mean_squared_error score: -1.2607589090013682
Best complexity_scorer score: 1.0
Generation:  44%|████▍     | 22/50 [04:40<03:47,  8.12s/it]Generation:  23
Best mean_squared_error score: -1.2607589090013682
Best complexity_scorer score: 1.0
Generation:  46%|████▌     | 23/50 [04:47<03:23,  7.54s/it]Generation:  24
Best mean_squared_error score: -1.2607589090013682
Best complexity_scorer score: 1.0
Generation:  48%|████▊     | 24/50 [04:55<03:19,  7.69s/it]Generation:  25
Best mean_squared_error score: -1.2607589090013682
Best complexity_scorer score: 1.0
Generation:  50%|█████     | 25/50 [05:02<03:06,  7.44s/it]Generation:  26
Best mean_squared_error score: -1.2607589090013682
Best complexity_scorer score: 1.0
Generation:  52%|█████▏    | 26/50 [05:10<03:05,  7.73s/it]Generation:  27
Best mean_squared_error score: -1.2607589090013682
Best complexity_scorer score: 1.0
Generation:  54%|█████▍    | 27/50 [05:16<02:45,  7.18s/it]Generation:  28
Best mean_squared_error score: -1.2607589090013682
Best complexity_scorer score: 1.0
Generation:  56%|█████▌    | 28/50 [05:22<02:30,  6.84s/it]Generation:  29
Best mean_squared_error score: -1.2607589090013682
Best complexity_scorer score: 1.0
Generation:  58%|█████▊    | 29/50 [05:29<02:24,  6.87s/it]Generation:  30
Best mean_squared_error score: -1.2607589090013682
Best complexity_scorer score: 1.0
Generation:  60%|██████    | 30/50 [05:36<02:16,  6.82s/it]Generation:  31
Best mean_squared_error score: -1.2607589090013682
Best complexity_scorer score: 1.0
Generation:  62%|██████▏   | 31/50 [05:41<02:02,  6.47s/it]Generation:  32
Best mean_squared_error score: -1.2607589090013682
Best complexity_scorer score: 1.0
Generation:  64%|██████▍   | 32/50 [05:47<01:53,  6.31s/it]Generation:  33
Best mean_squared_error score: -1.2604825171508747
Best complexity_scorer score: 1.0
Generation:  66%|██████▌   | 33/50 [05:53<01:46,  6.29s/it]Generation:  34
Best mean_squared_error score: -1.2604825171508747
Best complexity_scorer score: 1.0
Generation:  68%|██████▊   | 34/50 [05:59<01:38,  6.17s/it]Generation:  35
Best mean_squared_error score: -1.2604825171508747
Best complexity_scorer score: 1.0
Generation:  70%|███████   | 35/50 [06:06<01:34,  6.29s/it]Generation:  36
Best mean_squared_error score: -1.2604825171508747
Best complexity_scorer score: 1.0
Generation:  72%|███████▏  | 36/50 [06:12<01:29,  6.39s/it]Generation:  37
Best mean_squared_error score: -1.2604825171508747
Best complexity_scorer score: 1.0
Generation:  74%|███████▍  | 37/50 [06:18<01:20,  6.23s/it]Generation:  38
Best mean_squared_error score: -1.2604825171508747
Best complexity_scorer score: 1.0
Generation:  76%|███████▌  | 38/50 [06:25<01:14,  6.23s/it]Generation:  39
Best mean_squared_error score: -1.2604825171508747
Best complexity_scorer score: 1.0
Generation:  78%|███████▊  | 39/50 [06:30<01:06,  6.05s/it]Generation:  40
Best mean_squared_error score: -1.2604825171508747
Best complexity_scorer score: 1.0
Generation:  80%|████████  | 40/50 [06:36<00:58,  5.84s/it]Generation:  41
Best mean_squared_error score: -1.2604825171508747
Best complexity_scorer score: 1.0
Generation:  82%|████████▏ | 41/50 [06:43<00:56,  6.23s/it]Generation:  42
Best mean_squared_error score: -1.2604825171508747
Best complexity_scorer score: 1.0
Generation:  84%|████████▍ | 42/50 [06:49<00:49,  6.15s/it]Generation:  43
Best mean_squared_error score: -1.2604825171508747
Best complexity_scorer score: 1.0
Generation:  86%|████████▌ | 43/50 [06:55<00:43,  6.24s/it]Generation:  44
Best mean_squared_error score: -1.2604825171508747
Best complexity_scorer score: 1.0
Generation:  88%|████████▊ | 44/50 [07:01<00:37,  6.28s/it]Generation:  45
Best mean_squared_error score: -1.2604825171508747
Best complexity_scorer score: 1.0
Generation:  90%|█████████ | 45/50 [07:08<00:31,  6.39s/it]Generation:  46
Best mean_squared_error score: -1.2604825171508747
Best complexity_scorer score: 1.0
Generation:  92%|█████████▏| 46/50 [07:14<00:25,  6.33s/it]Generation:  47
Best mean_squared_error score: -1.2604825171508747
Best complexity_scorer score: 1.0
Generation:  94%|█████████▍| 47/50 [07:21<00:19,  6.52s/it]Generation:  48
Best mean_squared_error score: -1.2597675582790637
Best complexity_scorer score: 1.0
Generation:  96%|█████████▌| 48/50 [07:28<00:13,  6.63s/it]Generation:  49
Best mean_squared_error score: -1.2590407370402388
Best complexity_scorer score: 1.0
Generation:  98%|█████████▊| 49/50 [07:34<00:06,  6.45s/it]Generation:  50
Best mean_squared_error score: -1.2590407370402388
Best complexity_scorer score: 1.0
Generation: 100%|██████████| 50/50 [07:41<00:00,  6.50s/it]Generation: 100%|██████████| 50/50 [07:41<00:00,  9.23s/it]
2024-02-23 06:58:14,211 - distributed.worker - ERROR - Failed to communicate with scheduler during heartbeat.
Traceback (most recent call last):
  File "/home/ketrong/miniconda3/envs/tpot2devenv/lib/python3.10/site-packages/distributed/comm/tcp.py", line 225, in read
    frames_nosplit_nbytes_bin = await stream.read_bytes(fmt_size)
tornado.iostream.StreamClosedError: Stream is closed

The above exception was the direct cause of the following exception:

Traceback (most recent call last):
  File "/home/ketrong/miniconda3/envs/tpot2devenv/lib/python3.10/site-packages/distributed/worker.py", line 1255, in heartbeat
    response = await retry_operation(
  File "/home/ketrong/miniconda3/envs/tpot2devenv/lib/python3.10/site-packages/distributed/utils_comm.py", line 455, in retry_operation
    return await retry(
  File "/home/ketrong/miniconda3/envs/tpot2devenv/lib/python3.10/site-packages/distributed/utils_comm.py", line 434, in retry
    return await coro()
  File "/home/ketrong/miniconda3/envs/tpot2devenv/lib/python3.10/site-packages/distributed/core.py", line 1396, in send_recv_from_rpc
    return await send_recv(comm=comm, op=key, **kwargs)
  File "/home/ketrong/miniconda3/envs/tpot2devenv/lib/python3.10/site-packages/distributed/core.py", line 1155, in send_recv
    response = await comm.read(deserializers=deserializers)
  File "/home/ketrong/miniconda3/envs/tpot2devenv/lib/python3.10/site-packages/distributed/comm/tcp.py", line 237, in read
    convert_stream_closed_error(self, e)
  File "/home/ketrong/miniconda3/envs/tpot2devenv/lib/python3.10/site-packages/distributed/comm/tcp.py", line 142, in convert_stream_closed_error
    raise CommClosedError(f"in {obj}: {exc}") from exc
distributed.comm.core.CommClosedError: in <TCP (closed) ConnectionPool.heartbeat_worker local=tcp://127.0.0.1:56642 remote=tcp://127.0.0.1:43697>: Stream is closed
2024-02-23 06:58:14,213 - distributed.worker - ERROR - Failed to communicate with scheduler during heartbeat.
Traceback (most recent call last):
  File "/home/ketrong/miniconda3/envs/tpot2devenv/lib/python3.10/site-packages/distributed/comm/tcp.py", line 225, in read
    frames_nosplit_nbytes_bin = await stream.read_bytes(fmt_size)
tornado.iostream.StreamClosedError: Stream is closed

The above exception was the direct cause of the following exception:

Traceback (most recent call last):
  File "/home/ketrong/miniconda3/envs/tpot2devenv/lib/python3.10/site-packages/distributed/worker.py", line 1255, in heartbeat
    response = await retry_operation(
  File "/home/ketrong/miniconda3/envs/tpot2devenv/lib/python3.10/site-packages/distributed/utils_comm.py", line 455, in retry_operation
    return await retry(
  File "/home/ketrong/miniconda3/envs/tpot2devenv/lib/python3.10/site-packages/distributed/utils_comm.py", line 434, in retry
    return await coro()
  File "/home/ketrong/miniconda3/envs/tpot2devenv/lib/python3.10/site-packages/distributed/core.py", line 1396, in send_recv_from_rpc
    return await send_recv(comm=comm, op=key, **kwargs)
  File "/home/ketrong/miniconda3/envs/tpot2devenv/lib/python3.10/site-packages/distributed/core.py", line 1155, in send_recv
    response = await comm.read(deserializers=deserializers)
  File "/home/ketrong/miniconda3/envs/tpot2devenv/lib/python3.10/site-packages/distributed/comm/tcp.py", line 237, in read
    convert_stream_closed_error(self, e)
  File "/home/ketrong/miniconda3/envs/tpot2devenv/lib/python3.10/site-packages/distributed/comm/tcp.py", line 142, in convert_stream_closed_error
    raise CommClosedError(f"in {obj}: {exc}") from exc
distributed.comm.core.CommClosedError: in <TCP (closed) ConnectionPool.heartbeat_worker local=tcp://127.0.0.1:56644 remote=tcp://127.0.0.1:43697>: Stream is closed
2024-02-23 06:58:14,214 - distributed.worker - ERROR - Failed to communicate with scheduler during heartbeat.
Traceback (most recent call last):
  File "/home/ketrong/miniconda3/envs/tpot2devenv/lib/python3.10/site-packages/distributed/comm/tcp.py", line 225, in read
    frames_nosplit_nbytes_bin = await stream.read_bytes(fmt_size)
tornado.iostream.StreamClosedError: Stream is closed

The above exception was the direct cause of the following exception:

Traceback (most recent call last):
  File "/home/ketrong/miniconda3/envs/tpot2devenv/lib/python3.10/site-packages/distributed/worker.py", line 1255, in heartbeat
    response = await retry_operation(
  File "/home/ketrong/miniconda3/envs/tpot2devenv/lib/python3.10/site-packages/distributed/utils_comm.py", line 455, in retry_operation
    return await retry(
  File "/home/ketrong/miniconda3/envs/tpot2devenv/lib/python3.10/site-packages/distributed/utils_comm.py", line 434, in retry
    return await coro()
  File "/home/ketrong/miniconda3/envs/tpot2devenv/lib/python3.10/site-packages/distributed/core.py", line 1396, in send_recv_from_rpc
    return await send_recv(comm=comm, op=key, **kwargs)
  File "/home/ketrong/miniconda3/envs/tpot2devenv/lib/python3.10/site-packages/distributed/core.py", line 1155, in send_recv
    response = await comm.read(deserializers=deserializers)
  File "/home/ketrong/miniconda3/envs/tpot2devenv/lib/python3.10/site-packages/distributed/comm/tcp.py", line 237, in read
    convert_stream_closed_error(self, e)
  File "/home/ketrong/miniconda3/envs/tpot2devenv/lib/python3.10/site-packages/distributed/comm/tcp.py", line 142, in convert_stream_closed_error
    raise CommClosedError(f"in {obj}: {exc}") from exc
distributed.comm.core.CommClosedError: in <TCP (closed) ConnectionPool.heartbeat_worker local=tcp://127.0.0.1:56632 remote=tcp://127.0.0.1:43697>: Stream is closed
2024-02-23 06:58:14,216 - distributed.worker - ERROR - Failed to communicate with scheduler during heartbeat.
Traceback (most recent call last):
  File "/home/ketrong/miniconda3/envs/tpot2devenv/lib/python3.10/site-packages/distributed/comm/tcp.py", line 225, in read
    frames_nosplit_nbytes_bin = await stream.read_bytes(fmt_size)
tornado.iostream.StreamClosedError: Stream is closed

The above exception was the direct cause of the following exception:

Traceback (most recent call last):
  File "/home/ketrong/miniconda3/envs/tpot2devenv/lib/python3.10/site-packages/distributed/worker.py", line 1255, in heartbeat
    response = await retry_operation(
  File "/home/ketrong/miniconda3/envs/tpot2devenv/lib/python3.10/site-packages/distributed/utils_comm.py", line 455, in retry_operation
    return await retry(
  File "/home/ketrong/miniconda3/envs/tpot2devenv/lib/python3.10/site-packages/distributed/utils_comm.py", line 434, in retry
    return await coro()
  File "/home/ketrong/miniconda3/envs/tpot2devenv/lib/python3.10/site-packages/distributed/core.py", line 1396, in send_recv_from_rpc
    return await send_recv(comm=comm, op=key, **kwargs)
  File "/home/ketrong/miniconda3/envs/tpot2devenv/lib/python3.10/site-packages/distributed/core.py", line 1155, in send_recv
    response = await comm.read(deserializers=deserializers)
  File "/home/ketrong/miniconda3/envs/tpot2devenv/lib/python3.10/site-packages/distributed/comm/tcp.py", line 237, in read
    convert_stream_closed_error(self, e)
  File "/home/ketrong/miniconda3/envs/tpot2devenv/lib/python3.10/site-packages/distributed/comm/tcp.py", line 142, in convert_stream_closed_error
    raise CommClosedError(f"in {obj}: {exc}") from exc
distributed.comm.core.CommClosedError: in <TCP (closed) ConnectionPool.heartbeat_worker local=tcp://127.0.0.1:56666 remote=tcp://127.0.0.1:43697>: Stream is closed
2024-02-23 06:58:14,216 - distributed.worker - ERROR - Failed to communicate with scheduler during heartbeat.
Traceback (most recent call last):
  File "/home/ketrong/miniconda3/envs/tpot2devenv/lib/python3.10/site-packages/distributed/comm/tcp.py", line 225, in read
    frames_nosplit_nbytes_bin = await stream.read_bytes(fmt_size)
tornado.iostream.StreamClosedError: Stream is closed

The above exception was the direct cause of the following exception:

Traceback (most recent call last):
  File "/home/ketrong/miniconda3/envs/tpot2devenv/lib/python3.10/site-packages/distributed/worker.py", line 1255, in heartbeat
    response = await retry_operation(
  File "/home/ketrong/miniconda3/envs/tpot2devenv/lib/python3.10/site-packages/distributed/utils_comm.py", line 455, in retry_operation
    return await retry(
  File "/home/ketrong/miniconda3/envs/tpot2devenv/lib/python3.10/site-packages/distributed/utils_comm.py", line 434, in retry
    return await coro()
  File "/home/ketrong/miniconda3/envs/tpot2devenv/lib/python3.10/site-packages/distributed/core.py", line 1396, in send_recv_from_rpc
    return await send_recv(comm=comm, op=key, **kwargs)
  File "/home/ketrong/miniconda3/envs/tpot2devenv/lib/python3.10/site-packages/distributed/core.py", line 1155, in send_recv
    response = await comm.read(deserializers=deserializers)
  File "/home/ketrong/miniconda3/envs/tpot2devenv/lib/python3.10/site-packages/distributed/comm/tcp.py", line 237, in read
    convert_stream_closed_error(self, e)
  File "/home/ketrong/miniconda3/envs/tpot2devenv/lib/python3.10/site-packages/distributed/comm/tcp.py", line 142, in convert_stream_closed_error
    raise CommClosedError(f"in {obj}: {exc}") from exc
distributed.comm.core.CommClosedError: in <TCP (closed) ConnectionPool.heartbeat_worker local=tcp://127.0.0.1:56650 remote=tcp://127.0.0.1:43697>: Stream is closed
2024-02-23 06:58:14,217 - distributed.worker - ERROR - Failed to communicate with scheduler during heartbeat.
Traceback (most recent call last):
  File "/home/ketrong/miniconda3/envs/tpot2devenv/lib/python3.10/site-packages/distributed/comm/tcp.py", line 225, in read
    frames_nosplit_nbytes_bin = await stream.read_bytes(fmt_size)
tornado.iostream.StreamClosedError: Stream is closed

The above exception was the direct cause of the following exception:

Traceback (most recent call last):
  File "/home/ketrong/miniconda3/envs/tpot2devenv/lib/python3.10/site-packages/distributed/worker.py", line 1255, in heartbeat
    response = await retry_operation(
  File "/home/ketrong/miniconda3/envs/tpot2devenv/lib/python3.10/site-packages/distributed/utils_comm.py", line 455, in retry_operation
    return await retry(
  File "/home/ketrong/miniconda3/envs/tpot2devenv/lib/python3.10/site-packages/distributed/utils_comm.py", line 434, in retry
    return await coro()
  File "/home/ketrong/miniconda3/envs/tpot2devenv/lib/python3.10/site-packages/distributed/core.py", line 1396, in send_recv_from_rpc
    return await send_recv(comm=comm, op=key, **kwargs)
  File "/home/ketrong/miniconda3/envs/tpot2devenv/lib/python3.10/site-packages/distributed/core.py", line 1155, in send_recv
    response = await comm.read(deserializers=deserializers)
  File "/home/ketrong/miniconda3/envs/tpot2devenv/lib/python3.10/site-packages/distributed/comm/tcp.py", line 237, in read
    convert_stream_closed_error(self, e)
  File "/home/ketrong/miniconda3/envs/tpot2devenv/lib/python3.10/site-packages/distributed/comm/tcp.py", line 142, in convert_stream_closed_error
    raise CommClosedError(f"in {obj}: {exc}") from exc
distributed.comm.core.CommClosedError: in <TCP (closed) ConnectionPool.heartbeat_worker local=tcp://127.0.0.1:56656 remote=tcp://127.0.0.1:43697>: Stream is closed
2024-02-23 06:58:14,218 - distributed.worker - ERROR - Failed to communicate with scheduler during heartbeat.
Traceback (most recent call last):
  File "/home/ketrong/miniconda3/envs/tpot2devenv/lib/python3.10/site-packages/distributed/comm/tcp.py", line 225, in read
    frames_nosplit_nbytes_bin = await stream.read_bytes(fmt_size)
tornado.iostream.StreamClosedError: Stream is closed

The above exception was the direct cause of the following exception:

Traceback (most recent call last):
  File "/home/ketrong/miniconda3/envs/tpot2devenv/lib/python3.10/site-packages/distributed/worker.py", line 1255, in heartbeat
    response = await retry_operation(
  File "/home/ketrong/miniconda3/envs/tpot2devenv/lib/python3.10/site-packages/distributed/utils_comm.py", line 455, in retry_operation
    return await retry(
  File "/home/ketrong/miniconda3/envs/tpot2devenv/lib/python3.10/site-packages/distributed/utils_comm.py", line 434, in retry
    return await coro()
  File "/home/ketrong/miniconda3/envs/tpot2devenv/lib/python3.10/site-packages/distributed/core.py", line 1396, in send_recv_from_rpc
    return await send_recv(comm=comm, op=key, **kwargs)
  File "/home/ketrong/miniconda3/envs/tpot2devenv/lib/python3.10/site-packages/distributed/core.py", line 1155, in send_recv
    response = await comm.read(deserializers=deserializers)
  File "/home/ketrong/miniconda3/envs/tpot2devenv/lib/python3.10/site-packages/distributed/comm/tcp.py", line 237, in read
    convert_stream_closed_error(self, e)
  File "/home/ketrong/miniconda3/envs/tpot2devenv/lib/python3.10/site-packages/distributed/comm/tcp.py", line 142, in convert_stream_closed_error
    raise CommClosedError(f"in {obj}: {exc}") from exc
distributed.comm.core.CommClosedError: in <TCP (closed) ConnectionPool.heartbeat_worker local=tcp://127.0.0.1:56668 remote=tcp://127.0.0.1:43697>: Stream is closed
2024-02-23 06:58:14,218 - distributed.worker - ERROR - Failed to communicate with scheduler during heartbeat.
Traceback (most recent call last):
  File "/home/ketrong/miniconda3/envs/tpot2devenv/lib/python3.10/site-packages/distributed/comm/tcp.py", line 225, in read
    frames_nosplit_nbytes_bin = await stream.read_bytes(fmt_size)
tornado.iostream.StreamClosedError: Stream is closed

The above exception was the direct cause of the following exception:

Traceback (most recent call last):
  File "/home/ketrong/miniconda3/envs/tpot2devenv/lib/python3.10/site-packages/distributed/worker.py", line 1255, in heartbeat
    response = await retry_operation(
  File "/home/ketrong/miniconda3/envs/tpot2devenv/lib/python3.10/site-packages/distributed/utils_comm.py", line 455, in retry_operation
    return await retry(
  File "/home/ketrong/miniconda3/envs/tpot2devenv/lib/python3.10/site-packages/distributed/utils_comm.py", line 434, in retry
    return await coro()
  File "/home/ketrong/miniconda3/envs/tpot2devenv/lib/python3.10/site-packages/distributed/core.py", line 1396, in send_recv_from_rpc
    return await send_recv(comm=comm, op=key, **kwargs)
  File "/home/ketrong/miniconda3/envs/tpot2devenv/lib/python3.10/site-packages/distributed/core.py", line 1155, in send_recv
    response = await comm.read(deserializers=deserializers)
  File "/home/ketrong/miniconda3/envs/tpot2devenv/lib/python3.10/site-packages/distributed/comm/tcp.py", line 237, in read
    convert_stream_closed_error(self, e)
  File "/home/ketrong/miniconda3/envs/tpot2devenv/lib/python3.10/site-packages/distributed/comm/tcp.py", line 142, in convert_stream_closed_error
    raise CommClosedError(f"in {obj}: {exc}") from exc
distributed.comm.core.CommClosedError: in <TCP (closed) ConnectionPool.heartbeat_worker local=tcp://127.0.0.1:56670 remote=tcp://127.0.0.1:43697>: Stream is closed
2024-02-23 06:58:14,220 - distributed.worker - ERROR - Failed to communicate with scheduler during heartbeat.
Traceback (most recent call last):
  File "/home/ketrong/miniconda3/envs/tpot2devenv/lib/python3.10/site-packages/distributed/comm/tcp.py", line 225, in read
    frames_nosplit_nbytes_bin = await stream.read_bytes(fmt_size)
tornado.iostream.StreamClosedError: Stream is closed

The above exception was the direct cause of the following exception:

Traceback (most recent call last):
  File "/home/ketrong/miniconda3/envs/tpot2devenv/lib/python3.10/site-packages/distributed/worker.py", line 1255, in heartbeat
    response = await retry_operation(
  File "/home/ketrong/miniconda3/envs/tpot2devenv/lib/python3.10/site-packages/distributed/utils_comm.py", line 455, in retry_operation
    return await retry(
  File "/home/ketrong/miniconda3/envs/tpot2devenv/lib/python3.10/site-packages/distributed/utils_comm.py", line 434, in retry
    return await coro()
  File "/home/ketrong/miniconda3/envs/tpot2devenv/lib/python3.10/site-packages/distributed/core.py", line 1396, in send_recv_from_rpc
    return await send_recv(comm=comm, op=key, **kwargs)
  File "/home/ketrong/miniconda3/envs/tpot2devenv/lib/python3.10/site-packages/distributed/core.py", line 1155, in send_recv
    response = await comm.read(deserializers=deserializers)
  File "/home/ketrong/miniconda3/envs/tpot2devenv/lib/python3.10/site-packages/distributed/comm/tcp.py", line 237, in read
    convert_stream_closed_error(self, e)
  File "/home/ketrong/miniconda3/envs/tpot2devenv/lib/python3.10/site-packages/distributed/comm/tcp.py", line 142, in convert_stream_closed_error
    raise CommClosedError(f"in {obj}: {exc}") from exc
distributed.comm.core.CommClosedError: in <TCP (closed) ConnectionPool.heartbeat_worker local=tcp://127.0.0.1:56662 remote=tcp://127.0.0.1:43697>: Stream is closed
2024-02-23 06:58:14,220 - distributed.worker - ERROR - Failed to communicate with scheduler during heartbeat.
Traceback (most recent call last):
  File "/home/ketrong/miniconda3/envs/tpot2devenv/lib/python3.10/site-packages/distributed/comm/tcp.py", line 225, in read
    frames_nosplit_nbytes_bin = await stream.read_bytes(fmt_size)
tornado.iostream.StreamClosedError: Stream is closed

The above exception was the direct cause of the following exception:

Traceback (most recent call last):
  File "/home/ketrong/miniconda3/envs/tpot2devenv/lib/python3.10/site-packages/distributed/worker.py", line 1255, in heartbeat
    response = await retry_operation(
  File "/home/ketrong/miniconda3/envs/tpot2devenv/lib/python3.10/site-packages/distributed/utils_comm.py", line 455, in retry_operation
    return await retry(
  File "/home/ketrong/miniconda3/envs/tpot2devenv/lib/python3.10/site-packages/distributed/utils_comm.py", line 434, in retry
    return await coro()
  File "/home/ketrong/miniconda3/envs/tpot2devenv/lib/python3.10/site-packages/distributed/core.py", line 1396, in send_recv_from_rpc
    return await send_recv(comm=comm, op=key, **kwargs)
  File "/home/ketrong/miniconda3/envs/tpot2devenv/lib/python3.10/site-packages/distributed/core.py", line 1155, in send_recv
    response = await comm.read(deserializers=deserializers)
  File "/home/ketrong/miniconda3/envs/tpot2devenv/lib/python3.10/site-packages/distributed/comm/tcp.py", line 237, in read
    convert_stream_closed_error(self, e)
  File "/home/ketrong/miniconda3/envs/tpot2devenv/lib/python3.10/site-packages/distributed/comm/tcp.py", line 142, in convert_stream_closed_error
    raise CommClosedError(f"in {obj}: {exc}") from exc
distributed.comm.core.CommClosedError: in <TCP (closed) ConnectionPool.heartbeat_worker local=tcp://127.0.0.1:56664 remote=tcp://127.0.0.1:43697>: Stream is closed
2024-02-23 06:58:14,221 - distributed.worker - ERROR - Failed to communicate with scheduler during heartbeat.
Traceback (most recent call last):
  File "/home/ketrong/miniconda3/envs/tpot2devenv/lib/python3.10/site-packages/distributed/comm/tcp.py", line 225, in read
    frames_nosplit_nbytes_bin = await stream.read_bytes(fmt_size)
tornado.iostream.StreamClosedError: Stream is closed

The above exception was the direct cause of the following exception:

Traceback (most recent call last):
  File "/home/ketrong/miniconda3/envs/tpot2devenv/lib/python3.10/site-packages/distributed/worker.py", line 1255, in heartbeat
    response = await retry_operation(
  File "/home/ketrong/miniconda3/envs/tpot2devenv/lib/python3.10/site-packages/distributed/utils_comm.py", line 455, in retry_operation
    return await retry(
  File "/home/ketrong/miniconda3/envs/tpot2devenv/lib/python3.10/site-packages/distributed/utils_comm.py", line 434, in retry
    return await coro()
  File "/home/ketrong/miniconda3/envs/tpot2devenv/lib/python3.10/site-packages/distributed/core.py", line 1396, in send_recv_from_rpc
    return await send_recv(comm=comm, op=key, **kwargs)
  File "/home/ketrong/miniconda3/envs/tpot2devenv/lib/python3.10/site-packages/distributed/core.py", line 1155, in send_recv
    response = await comm.read(deserializers=deserializers)
  File "/home/ketrong/miniconda3/envs/tpot2devenv/lib/python3.10/site-packages/distributed/comm/tcp.py", line 237, in read
    convert_stream_closed_error(self, e)
  File "/home/ketrong/miniconda3/envs/tpot2devenv/lib/python3.10/site-packages/distributed/comm/tcp.py", line 142, in convert_stream_closed_error
    raise CommClosedError(f"in {obj}: {exc}") from exc
distributed.comm.core.CommClosedError: in <TCP (closed) ConnectionPool.heartbeat_worker local=tcp://127.0.0.1:56646 remote=tcp://127.0.0.1:43697>: Stream is closed
2024-02-23 06:58:14,224 - distributed.worker - ERROR - Failed to communicate with scheduler during heartbeat.
Traceback (most recent call last):
  File "/home/ketrong/miniconda3/envs/tpot2devenv/lib/python3.10/site-packages/distributed/comm/tcp.py", line 225, in read
    frames_nosplit_nbytes_bin = await stream.read_bytes(fmt_size)
tornado.iostream.StreamClosedError: Stream is closed

The above exception was the direct cause of the following exception:

Traceback (most recent call last):
  File "/home/ketrong/miniconda3/envs/tpot2devenv/lib/python3.10/site-packages/distributed/worker.py", line 1255, in heartbeat
    response = await retry_operation(
  File "/home/ketrong/miniconda3/envs/tpot2devenv/lib/python3.10/site-packages/distributed/utils_comm.py", line 455, in retry_operation
    return await retry(
  File "/home/ketrong/miniconda3/envs/tpot2devenv/lib/python3.10/site-packages/distributed/utils_comm.py", line 434, in retry
    return await coro()
  File "/home/ketrong/miniconda3/envs/tpot2devenv/lib/python3.10/site-packages/distributed/core.py", line 1396, in send_recv_from_rpc
    return await send_recv(comm=comm, op=key, **kwargs)
  File "/home/ketrong/miniconda3/envs/tpot2devenv/lib/python3.10/site-packages/distributed/core.py", line 1155, in send_recv
    response = await comm.read(deserializers=deserializers)
  File "/home/ketrong/miniconda3/envs/tpot2devenv/lib/python3.10/site-packages/distributed/comm/tcp.py", line 237, in read
    convert_stream_closed_error(self, e)
  File "/home/ketrong/miniconda3/envs/tpot2devenv/lib/python3.10/site-packages/distributed/comm/tcp.py", line 142, in convert_stream_closed_error
    raise CommClosedError(f"in {obj}: {exc}") from exc
distributed.comm.core.CommClosedError: in <TCP (closed) ConnectionPool.heartbeat_worker local=tcp://127.0.0.1:56682 remote=tcp://127.0.0.1:43697>: Stream is closed
2024-02-23 06:58:14,223 - distributed.worker - ERROR - Failed to communicate with scheduler during heartbeat.
Traceback (most recent call last):
  File "/home/ketrong/miniconda3/envs/tpot2devenv/lib/python3.10/site-packages/distributed/comm/tcp.py", line 225, in read
    frames_nosplit_nbytes_bin = await stream.read_bytes(fmt_size)
tornado.iostream.StreamClosedError: Stream is closed

The above exception was the direct cause of the following exception:

Traceback (most recent call last):
  File "/home/ketrong/miniconda3/envs/tpot2devenv/lib/python3.10/site-packages/distributed/worker.py", line 1255, in heartbeat
    response = await retry_operation(
  File "/home/ketrong/miniconda3/envs/tpot2devenv/lib/python3.10/site-packages/distributed/utils_comm.py", line 455, in retry_operation
    return await retry(
  File "/home/ketrong/miniconda3/envs/tpot2devenv/lib/python3.10/site-packages/distributed/utils_comm.py", line 434, in retry
    return await coro()
  File "/home/ketrong/miniconda3/envs/tpot2devenv/lib/python3.10/site-packages/distributed/core.py", line 1396, in send_recv_from_rpc
    return await send_recv(comm=comm, op=key, **kwargs)
  File "/home/ketrong/miniconda3/envs/tpot2devenv/lib/python3.10/site-packages/distributed/core.py", line 1155, in send_recv
    response = await comm.read(deserializers=deserializers)
  File "/home/ketrong/miniconda3/envs/tpot2devenv/lib/python3.10/site-packages/distributed/comm/tcp.py", line 237, in read
    convert_stream_closed_error(self, e)
  File "/home/ketrong/miniconda3/envs/tpot2devenv/lib/python3.10/site-packages/distributed/comm/tcp.py", line 142, in convert_stream_closed_error
    raise CommClosedError(f"in {obj}: {exc}") from exc
distributed.comm.core.CommClosedError: in <TCP (closed) ConnectionPool.heartbeat_worker local=tcp://127.0.0.1:56658 remote=tcp://127.0.0.1:43697>: Stream is closed
2024-02-23 06:58:14,220 - distributed.worker - ERROR - Failed to communicate with scheduler during heartbeat.
Traceback (most recent call last):
  File "/home/ketrong/miniconda3/envs/tpot2devenv/lib/python3.10/site-packages/distributed/comm/tcp.py", line 225, in read
    frames_nosplit_nbytes_bin = await stream.read_bytes(fmt_size)
tornado.iostream.StreamClosedError: Stream is closed

The above exception was the direct cause of the following exception:

Traceback (most recent call last):
  File "/home/ketrong/miniconda3/envs/tpot2devenv/lib/python3.10/site-packages/distributed/worker.py", line 1255, in heartbeat
    response = await retry_operation(
  File "/home/ketrong/miniconda3/envs/tpot2devenv/lib/python3.10/site-packages/distributed/utils_comm.py", line 455, in retry_operation
    return await retry(
  File "/home/ketrong/miniconda3/envs/tpot2devenv/lib/python3.10/site-packages/distributed/utils_comm.py", line 434, in retry
    return await coro()
  File "/home/ketrong/miniconda3/envs/tpot2devenv/lib/python3.10/site-packages/distributed/core.py", line 1396, in send_recv_from_rpc
    return await send_recv(comm=comm, op=key, **kwargs)
  File "/home/ketrong/miniconda3/envs/tpot2devenv/lib/python3.10/site-packages/distributed/core.py", line 1155, in send_recv
    response = await comm.read(deserializers=deserializers)
  File "/home/ketrong/miniconda3/envs/tpot2devenv/lib/python3.10/site-packages/distributed/comm/tcp.py", line 237, in read
    convert_stream_closed_error(self, e)
  File "/home/ketrong/miniconda3/envs/tpot2devenv/lib/python3.10/site-packages/distributed/comm/tcp.py", line 142, in convert_stream_closed_error
    raise CommClosedError(f"in {obj}: {exc}") from exc
distributed.comm.core.CommClosedError: in <TCP (closed) ConnectionPool.heartbeat_worker local=tcp://127.0.0.1:56680 remote=tcp://127.0.0.1:43697>: Stream is closed
2024-02-23 06:58:14,224 - distributed.worker - ERROR - Failed to communicate with scheduler during heartbeat.
Traceback (most recent call last):
  File "/home/ketrong/miniconda3/envs/tpot2devenv/lib/python3.10/site-packages/distributed/comm/tcp.py", line 225, in read
    frames_nosplit_nbytes_bin = await stream.read_bytes(fmt_size)
tornado.iostream.StreamClosedError: Stream is closed

The above exception was the direct cause of the following exception:

Traceback (most recent call last):
  File "/home/ketrong/miniconda3/envs/tpot2devenv/lib/python3.10/site-packages/distributed/worker.py", line 1255, in heartbeat
    response = await retry_operation(
  File "/home/ketrong/miniconda3/envs/tpot2devenv/lib/python3.10/site-packages/distributed/utils_comm.py", line 455, in retry_operation
    return await retry(
  File "/home/ketrong/miniconda3/envs/tpot2devenv/lib/python3.10/site-packages/distributed/utils_comm.py", line 434, in retry
    return await coro()
  File "/home/ketrong/miniconda3/envs/tpot2devenv/lib/python3.10/site-packages/distributed/core.py", line 1396, in send_recv_from_rpc
    return await send_recv(comm=comm, op=key, **kwargs)
  File "/home/ketrong/miniconda3/envs/tpot2devenv/lib/python3.10/site-packages/distributed/core.py", line 1155, in send_recv
    response = await comm.read(deserializers=deserializers)
  File "/home/ketrong/miniconda3/envs/tpot2devenv/lib/python3.10/site-packages/distributed/comm/tcp.py", line 237, in read
    convert_stream_closed_error(self, e)
  File "/home/ketrong/miniconda3/envs/tpot2devenv/lib/python3.10/site-packages/distributed/comm/tcp.py", line 142, in convert_stream_closed_error
    raise CommClosedError(f"in {obj}: {exc}") from exc
distributed.comm.core.CommClosedError: in <TCP (closed) ConnectionPool.heartbeat_worker local=tcp://127.0.0.1:56678 remote=tcp://127.0.0.1:43697>: Stream is closed
2024-02-23 06:58:14,224 - distributed.worker - ERROR - Failed to communicate with scheduler during heartbeat.
Traceback (most recent call last):
  File "/home/ketrong/miniconda3/envs/tpot2devenv/lib/python3.10/site-packages/distributed/comm/tcp.py", line 225, in read
    frames_nosplit_nbytes_bin = await stream.read_bytes(fmt_size)
tornado.iostream.StreamClosedError: Stream is closed

The above exception was the direct cause of the following exception:

Traceback (most recent call last):
  File "/home/ketrong/miniconda3/envs/tpot2devenv/lib/python3.10/site-packages/distributed/worker.py", line 1255, in heartbeat
    response = await retry_operation(
  File "/home/ketrong/miniconda3/envs/tpot2devenv/lib/python3.10/site-packages/distributed/utils_comm.py", line 455, in retry_operation
    return await retry(
  File "/home/ketrong/miniconda3/envs/tpot2devenv/lib/python3.10/site-packages/distributed/utils_comm.py", line 434, in retry
    return await coro()
  File "/home/ketrong/miniconda3/envs/tpot2devenv/lib/python3.10/site-packages/distributed/core.py", line 1396, in send_recv_from_rpc
    return await send_recv(comm=comm, op=key, **kwargs)
  File "/home/ketrong/miniconda3/envs/tpot2devenv/lib/python3.10/site-packages/distributed/core.py", line 1155, in send_recv
    response = await comm.read(deserializers=deserializers)
  File "/home/ketrong/miniconda3/envs/tpot2devenv/lib/python3.10/site-packages/distributed/comm/tcp.py", line 237, in read
    convert_stream_closed_error(self, e)
  File "/home/ketrong/miniconda3/envs/tpot2devenv/lib/python3.10/site-packages/distributed/comm/tcp.py", line 142, in convert_stream_closed_error
    raise CommClosedError(f"in {obj}: {exc}") from exc
distributed.comm.core.CommClosedError: in <TCP (closed) ConnectionPool.heartbeat_worker local=tcp://127.0.0.1:56672 remote=tcp://127.0.0.1:43697>: Stream is closed
2024-02-23 06:58:14,225 - distributed.worker - ERROR - Failed to communicate with scheduler during heartbeat.
Traceback (most recent call last):
  File "/home/ketrong/miniconda3/envs/tpot2devenv/lib/python3.10/site-packages/distributed/comm/tcp.py", line 225, in read
    frames_nosplit_nbytes_bin = await stream.read_bytes(fmt_size)
tornado.iostream.StreamClosedError: Stream is closed

The above exception was the direct cause of the following exception:

Traceback (most recent call last):
  File "/home/ketrong/miniconda3/envs/tpot2devenv/lib/python3.10/site-packages/distributed/worker.py", line 1255, in heartbeat
    response = await retry_operation(
  File "/home/ketrong/miniconda3/envs/tpot2devenv/lib/python3.10/site-packages/distributed/utils_comm.py", line 455, in retry_operation
    return await retry(
  File "/home/ketrong/miniconda3/envs/tpot2devenv/lib/python3.10/site-packages/distributed/utils_comm.py", line 434, in retry
    return await coro()
  File "/home/ketrong/miniconda3/envs/tpot2devenv/lib/python3.10/site-packages/distributed/core.py", line 1396, in send_recv_from_rpc
    return await send_recv(comm=comm, op=key, **kwargs)
  File "/home/ketrong/miniconda3/envs/tpot2devenv/lib/python3.10/site-packages/distributed/core.py", line 1155, in send_recv
    response = await comm.read(deserializers=deserializers)
  File "/home/ketrong/miniconda3/envs/tpot2devenv/lib/python3.10/site-packages/distributed/comm/tcp.py", line 237, in read
    convert_stream_closed_error(self, e)
  File "/home/ketrong/miniconda3/envs/tpot2devenv/lib/python3.10/site-packages/distributed/comm/tcp.py", line 142, in convert_stream_closed_error
    raise CommClosedError(f"in {obj}: {exc}") from exc
distributed.comm.core.CommClosedError: in <TCP (closed) ConnectionPool.heartbeat_worker local=tcp://127.0.0.1:56686 remote=tcp://127.0.0.1:43697>: Stream is closed
2024-02-23 06:58:14,225 - distributed.worker - ERROR - Failed to communicate with scheduler during heartbeat.
Traceback (most recent call last):
  File "/home/ketrong/miniconda3/envs/tpot2devenv/lib/python3.10/site-packages/distributed/comm/tcp.py", line 225, in read
    frames_nosplit_nbytes_bin = await stream.read_bytes(fmt_size)
tornado.iostream.StreamClosedError: Stream is closed

The above exception was the direct cause of the following exception:

Traceback (most recent call last):
  File "/home/ketrong/miniconda3/envs/tpot2devenv/lib/python3.10/site-packages/distributed/worker.py", line 1255, in heartbeat
    response = await retry_operation(
  File "/home/ketrong/miniconda3/envs/tpot2devenv/lib/python3.10/site-packages/distributed/utils_comm.py", line 455, in retry_operation
    return await retry(
  File "/home/ketrong/miniconda3/envs/tpot2devenv/lib/python3.10/site-packages/distributed/utils_comm.py", line 434, in retry
    return await coro()
  File "/home/ketrong/miniconda3/envs/tpot2devenv/lib/python3.10/site-packages/distributed/core.py", line 1396, in send_recv_from_rpc
    return await send_recv(comm=comm, op=key, **kwargs)
  File "/home/ketrong/miniconda3/envs/tpot2devenv/lib/python3.10/site-packages/distributed/core.py", line 1155, in send_recv
    response = await comm.read(deserializers=deserializers)
  File "/home/ketrong/miniconda3/envs/tpot2devenv/lib/python3.10/site-packages/distributed/comm/tcp.py", line 237, in read
    convert_stream_closed_error(self, e)
  File "/home/ketrong/miniconda3/envs/tpot2devenv/lib/python3.10/site-packages/distributed/comm/tcp.py", line 142, in convert_stream_closed_error
    raise CommClosedError(f"in {obj}: {exc}") from exc
distributed.comm.core.CommClosedError: in <TCP (closed) ConnectionPool.heartbeat_worker local=tcp://127.0.0.1:56660 remote=tcp://127.0.0.1:43697>: Stream is closed
2024-02-23 06:58:14,226 - distributed.worker - ERROR - Failed to communicate with scheduler during heartbeat.
Traceback (most recent call last):
  File "/home/ketrong/miniconda3/envs/tpot2devenv/lib/python3.10/site-packages/distributed/comm/tcp.py", line 225, in read
    frames_nosplit_nbytes_bin = await stream.read_bytes(fmt_size)
tornado.iostream.StreamClosedError: Stream is closed

The above exception was the direct cause of the following exception:

Traceback (most recent call last):
  File "/home/ketrong/miniconda3/envs/tpot2devenv/lib/python3.10/site-packages/distributed/worker.py", line 1255, in heartbeat
    response = await retry_operation(
  File "/home/ketrong/miniconda3/envs/tpot2devenv/lib/python3.10/site-packages/distributed/utils_comm.py", line 455, in retry_operation
    return await retry(
  File "/home/ketrong/miniconda3/envs/tpot2devenv/lib/python3.10/site-packages/distributed/utils_comm.py", line 434, in retry
    return await coro()
  File "/home/ketrong/miniconda3/envs/tpot2devenv/lib/python3.10/site-packages/distributed/core.py", line 1396, in send_recv_from_rpc
    return await send_recv(comm=comm, op=key, **kwargs)
  File "/home/ketrong/miniconda3/envs/tpot2devenv/lib/python3.10/site-packages/distributed/core.py", line 1155, in send_recv
    response = await comm.read(deserializers=deserializers)
  File "/home/ketrong/miniconda3/envs/tpot2devenv/lib/python3.10/site-packages/distributed/comm/tcp.py", line 237, in read
    convert_stream_closed_error(self, e)
  File "/home/ketrong/miniconda3/envs/tpot2devenv/lib/python3.10/site-packages/distributed/comm/tcp.py", line 142, in convert_stream_closed_error
    raise CommClosedError(f"in {obj}: {exc}") from exc
distributed.comm.core.CommClosedError: in <TCP (closed) ConnectionPool.heartbeat_worker local=tcp://127.0.0.1:56652 remote=tcp://127.0.0.1:43697>: Stream is closed
2024-02-23 06:58:14,230 - distributed.worker - ERROR - Failed to communicate with scheduler during heartbeat.
Traceback (most recent call last):
  File "/home/ketrong/miniconda3/envs/tpot2devenv/lib/python3.10/site-packages/distributed/comm/tcp.py", line 225, in read
    frames_nosplit_nbytes_bin = await stream.read_bytes(fmt_size)
tornado.iostream.StreamClosedError: Stream is closed

The above exception was the direct cause of the following exception:

Traceback (most recent call last):
  File "/home/ketrong/miniconda3/envs/tpot2devenv/lib/python3.10/site-packages/distributed/worker.py", line 1255, in heartbeat
    response = await retry_operation(
  File "/home/ketrong/miniconda3/envs/tpot2devenv/lib/python3.10/site-packages/distributed/utils_comm.py", line 455, in retry_operation
    return await retry(
  File "/home/ketrong/miniconda3/envs/tpot2devenv/lib/python3.10/site-packages/distributed/utils_comm.py", line 434, in retry
    return await coro()
  File "/home/ketrong/miniconda3/envs/tpot2devenv/lib/python3.10/site-packages/distributed/core.py", line 1396, in send_recv_from_rpc
    return await send_recv(comm=comm, op=key, **kwargs)
  File "/home/ketrong/miniconda3/envs/tpot2devenv/lib/python3.10/site-packages/distributed/core.py", line 1155, in send_recv
    response = await comm.read(deserializers=deserializers)
  File "/home/ketrong/miniconda3/envs/tpot2devenv/lib/python3.10/site-packages/distributed/comm/tcp.py", line 237, in read
    convert_stream_closed_error(self, e)
  File "/home/ketrong/miniconda3/envs/tpot2devenv/lib/python3.10/site-packages/distributed/comm/tcp.py", line 142, in convert_stream_closed_error
    raise CommClosedError(f"in {obj}: {exc}") from exc
distributed.comm.core.CommClosedError: in <TCP (closed) ConnectionPool.heartbeat_worker local=tcp://127.0.0.1:56638 remote=tcp://127.0.0.1:43697>: Stream is closed
Fitted
['XGBRegressor_1']
score start
failed on 
logs/2289/tpot2_base_normal_MAR_0.1
'XGBRegressor' object has no attribute 'classes_'
Traceback (most recent call last):
  File "/common/ketrong/AutoImputeExp/tpot2_imputetest/Impute_Experiments/utils.py", line 165, in score
    this_auroc_score = sklearn.metrics.get_scorer("roc_auc_ovr")(est, X, y)
  File "/home/ketrong/miniconda3/envs/tpot2devenv/lib/python3.10/site-packages/sklearn/metrics/_scorer.py", line 266, in __call__
    return self._score(partial(_cached_call, None), estimator, X, y_true, **_kwargs)
  File "/home/ketrong/miniconda3/envs/tpot2devenv/lib/python3.10/site-packages/sklearn/metrics/_scorer.py", line 399, in _score
    y_pred = method_caller(clf, "predict_proba", X, pos_label=self._get_pos_label())
  File "/home/ketrong/miniconda3/envs/tpot2devenv/lib/python3.10/site-packages/sklearn/metrics/_scorer.py", line 86, in _cached_call
    result, _ = _get_response_values(
  File "/home/ketrong/miniconda3/envs/tpot2devenv/lib/python3.10/site-packages/sklearn/utils/_response.py", line 212, in _get_response_values
    raise ValueError(
ValueError: TPOTEstimator should either be a classifier to be used with response_method=predict_proba or the response_method should be 'predict'. Got a regressor with response_method=predict_proba instead.

During handling of the above exception, another exception occurred:

Traceback (most recent call last):
  File "/common/ketrong/AutoImputeExp/tpot2_imputetest/Impute_Experiments/utils.py", line 378, in loop_through_tasks
    train_score = score(est, X_train, y_train)
  File "/common/ketrong/AutoImputeExp/tpot2_imputetest/Impute_Experiments/utils.py", line 168, in score
    y_preds_onehot = sklearn.preprocessing.label_binarize(y_preds, classes=est.fitted_pipeline_.classes_)
  File "/home/ketrong/miniconda3/envs/tpot2devenv/lib/python3.10/site-packages/tpot2/graphsklearn.py", line 452, in classes_
    return self.graph.nodes[self.root]["instance"].classes_
AttributeError: 'XGBRegressor' object has no attribute 'classes_'

full run takes
0.15069566600852544
hours
DONE
