Run: 2
/cm/local/apps/slurm/var/spool/job675265/slurm_script: line 23: /common/ketrong/minconda3/etc/profile.d/conda.sh: No such file or directory
/cm/local/apps/slurm/var/spool/job675265/slurm_script: line 26: $'\nconda create --name tpot2devenv -c conda-forge python=3.10\n': command not found
/cm/local/apps/slurm/var/spool/job675265/slurm_script: line 31: $'\npip install -r requirements.txt\n': command not found
RunStart
2024-02-23 05:20:32.157873: I tensorflow/core/util/port.cc:113] oneDNN custom operations are on. You may see slightly different numerical results due to floating-point round-off errors from different computation orders. To turn them off, set the environment variable `TF_ENABLE_ONEDNN_OPTS=0`.
2024-02-23 05:20:32.192446: E external/local_xla/xla/stream_executor/cuda/cuda_dnn.cc:9261] Unable to register cuDNN factory: Attempting to register factory for plugin cuDNN when one has already been registered
2024-02-23 05:20:32.192466: E external/local_xla/xla/stream_executor/cuda/cuda_fft.cc:607] Unable to register cuFFT factory: Attempting to register factory for plugin cuFFT when one has already been registered
2024-02-23 05:20:32.193597: E external/local_xla/xla/stream_executor/cuda/cuda_blas.cc:1515] Unable to register cuBLAS factory: Attempting to register factory for plugin cuBLAS when one has already been registered
2024-02-23 05:20:32.199212: I tensorflow/core/platform/cpu_feature_guard.cc:182] This TensorFlow binary is optimized to use available CPU instructions in performance-critical operations.
To enable the following instructions: AVX2 AVX512F AVX512_VNNI FMA, in other operations, rebuild TensorFlow with the appropriate compiler flags.
2024-02-23 05:20:35.318285: W tensorflow/compiler/tf2tensorrt/utils/py_utils.cc:38] TF-TRT Warning: Could not find TensorRT
WARNING:tensorflow:From /home/ketrong/miniconda3/envs/tpot2devenv/lib/python3.10/site-packages/tensorflow/python/compat/v2_compat.py:108: disable_resource_variables (from tensorflow.python.ops.variable_scope) is deprecated and will be removed in a future version.
Instructions for updating:
non-resource variables are not supported in the long term
starting loops
working on 
logs/2288/tpot2_base_normal_MCAR_0.1
1.327652931213379
loading data
logs/2288/tpot2_base_normal_MCAR_0.1/data/2288_True.pkl
315     86
3445    93
2070    94
5001    94
5334    86
        ..
6427    96
8124    95
4729    63
7195    88
5988    83
Name: usr, Length: 7372, dtype: uint8
        0   ...         20
0     22.0  ...  1058141.0
1     46.0  ...  1724573.0
2      0.0  ...  1726446.0
3     18.0  ...  1743728.0
4     23.0  ...   968042.0
...    ...  ...        ...
7367  13.0  ...  1750872.0
7368   1.0  ...  1731042.0
7369  15.0  ...  1511987.0
7370  35.0  ...  1065931.0
7371  31.0  ...  1416432.0

[7372 rows x 21 columns]
       0   ...         20
0    16.0  ...  1719349.0
1    16.0  ...  1866314.0
2     0.0  ...  1046680.0
3    14.0  ...  1877243.0
4     9.0  ...  1541016.0
..    ...  ...        ...
815   1.0  ...  1338127.0
816  20.0  ...  1060851.0
817   1.0  ...  1023683.0
818   7.0  ...  1745051.0
819   1.0  ...  1010837.0

[820 rows x 21 columns]
running experiment 1/3 - Does large hyperparameter space improve reconstruction accuracy over simple
[I 2024-02-23 05:20:48,589] A new study created in memory with name: no-name-52e61de0-e399-45df-a48c-35640450ba4f
[I 2024-02-23 05:20:49,571] Trial 0 finished with value: 290081.9837489404 and parameters: {'model_name': 'SimpleImputer', 'strategy': 'constant'}. Best is trial 0 with value: 290081.9837489404.
[I 2024-02-23 05:20:50,232] Trial 20 finished with value: 290081.9837489404 and parameters: {'model_name': 'SimpleImputer', 'strategy': 'constant'}. Best is trial 0 with value: 290081.9837489404.
[I 2024-02-23 05:20:50,403] Trial 9 finished with value: 290081.9837489404 and parameters: {'model_name': 'SimpleImputer', 'strategy': 'constant'}. Best is trial 0 with value: 290081.9837489404.
[I 2024-02-23 05:20:50,600] Trial 21 finished with value: 290081.9837489404 and parameters: {'model_name': 'SimpleImputer', 'strategy': 'constant'}. Best is trial 0 with value: 290081.9837489404.
[I 2024-02-23 05:20:50,802] Trial 19 finished with value: 290081.9837489404 and parameters: {'model_name': 'SimpleImputer', 'strategy': 'constant'}. Best is trial 0 with value: 290081.9837489404.
[I 2024-02-23 05:20:51,060] Trial 15 finished with value: 105012.40248241217 and parameters: {'model_name': 'SimpleImputer', 'strategy': 'mean'}. Best is trial 15 with value: 105012.40248241217.
[I 2024-02-23 05:20:51,269] Trial 5 finished with value: 105012.40248241217 and parameters: {'model_name': 'SimpleImputer', 'strategy': 'mean'}. Best is trial 15 with value: 105012.40248241217.
[I 2024-02-23 05:20:51,490] Trial 18 finished with value: 290081.9837489404 and parameters: {'model_name': 'SimpleImputer', 'strategy': 'constant'}. Best is trial 15 with value: 105012.40248241217.
[I 2024-02-23 05:20:51,660] Trial 16 finished with value: 105012.40248241217 and parameters: {'model_name': 'SimpleImputer', 'strategy': 'mean'}. Best is trial 15 with value: 105012.40248241217.
[I 2024-02-23 05:20:51,836] Trial 32 finished with value: 290081.9837489404 and parameters: {'model_name': 'SimpleImputer', 'strategy': 'constant'}. Best is trial 15 with value: 105012.40248241217.
[I 2024-02-23 05:20:51,993] Trial 10 finished with value: 105012.40248241217 and parameters: {'model_name': 'SimpleImputer', 'strategy': 'mean'}. Best is trial 15 with value: 105012.40248241217.
[I 2024-02-23 05:20:52,239] Trial 12 finished with value: 290081.9837489404 and parameters: {'model_name': 'SimpleImputer', 'strategy': 'constant'}. Best is trial 15 with value: 105012.40248241217.
[I 2024-02-23 05:20:52,570] Trial 14 finished with value: 105012.40248241217 and parameters: {'model_name': 'SimpleImputer', 'strategy': 'mean'}. Best is trial 15 with value: 105012.40248241217.
[I 2024-02-23 05:20:52,876] Trial 26 finished with value: 105012.40248241217 and parameters: {'model_name': 'SimpleImputer', 'strategy': 'mean'}. Best is trial 15 with value: 105012.40248241217.
[I 2024-02-23 05:20:53,136] Trial 35 finished with value: 105012.40248241217 and parameters: {'model_name': 'SimpleImputer', 'strategy': 'mean'}. Best is trial 15 with value: 105012.40248241217.
[I 2024-02-23 05:20:53,387] Trial 13 finished with value: 105012.40248241217 and parameters: {'model_name': 'SimpleImputer', 'strategy': 'mean'}. Best is trial 15 with value: 105012.40248241217.
[I 2024-02-23 05:20:53,558] Trial 28 finished with value: 105012.40248241217 and parameters: {'model_name': 'SimpleImputer', 'strategy': 'mean'}. Best is trial 15 with value: 105012.40248241217.
[I 2024-02-23 05:20:53,776] Trial 4 finished with value: 105012.40248241217 and parameters: {'model_name': 'SimpleImputer', 'strategy': 'mean'}. Best is trial 15 with value: 105012.40248241217.
[I 2024-02-23 05:20:53,965] Trial 22 finished with value: 105012.40248241217 and parameters: {'model_name': 'SimpleImputer', 'strategy': 'mean'}. Best is trial 15 with value: 105012.40248241217.
[I 2024-02-23 05:20:54,194] Trial 40 finished with value: 290081.9837489404 and parameters: {'model_name': 'SimpleImputer', 'strategy': 'constant'}. Best is trial 15 with value: 105012.40248241217.
[I 2024-02-23 05:20:54,446] Trial 38 finished with value: 290081.9837489404 and parameters: {'model_name': 'SimpleImputer', 'strategy': 'constant'}. Best is trial 15 with value: 105012.40248241217.
[I 2024-02-23 05:20:54,640] Trial 29 finished with value: 105012.40248241217 and parameters: {'model_name': 'SimpleImputer', 'strategy': 'mean'}. Best is trial 15 with value: 105012.40248241217.
[I 2024-02-23 05:20:54,809] Trial 17 finished with value: 105012.40248241217 and parameters: {'model_name': 'SimpleImputer', 'strategy': 'mean'}. Best is trial 15 with value: 105012.40248241217.
[I 2024-02-23 05:20:54,991] Trial 31 finished with value: 105012.40248241217 and parameters: {'model_name': 'SimpleImputer', 'strategy': 'mean'}. Best is trial 15 with value: 105012.40248241217.
[I 2024-02-23 05:20:55,166] Trial 47 finished with value: 290081.9837489404 and parameters: {'model_name': 'SimpleImputer', 'strategy': 'constant'}. Best is trial 15 with value: 105012.40248241217.
[I 2024-02-23 05:20:55,431] Trial 44 finished with value: 290081.9837489404 and parameters: {'model_name': 'SimpleImputer', 'strategy': 'constant'}. Best is trial 15 with value: 105012.40248241217.
[I 2024-02-23 05:20:55,750] Trial 36 finished with value: 105012.40248241217 and parameters: {'model_name': 'SimpleImputer', 'strategy': 'mean'}. Best is trial 15 with value: 105012.40248241217.
[I 2024-02-23 05:20:56,081] Trial 24 finished with value: 105012.40248241217 and parameters: {'model_name': 'SimpleImputer', 'strategy': 'mean'}. Best is trial 15 with value: 105012.40248241217.
[I 2024-02-23 05:20:56,323] Trial 27 finished with value: 105012.40248241217 and parameters: {'model_name': 'SimpleImputer', 'strategy': 'mean'}. Best is trial 15 with value: 105012.40248241217.
[I 2024-02-23 05:20:56,572] Trial 6 finished with value: 114370.35821160188 and parameters: {'model_name': 'SimpleImputer', 'strategy': 'median'}. Best is trial 15 with value: 105012.40248241217.
[I 2024-02-23 05:20:56,888] Trial 45 finished with value: 105012.40248241217 and parameters: {'model_name': 'SimpleImputer', 'strategy': 'mean'}. Best is trial 15 with value: 105012.40248241217.
[I 2024-02-23 05:20:57,150] Trial 7 finished with value: 114370.35821160188 and parameters: {'model_name': 'SimpleImputer', 'strategy': 'median'}. Best is trial 15 with value: 105012.40248241217.
[I 2024-02-23 05:20:57,528] Trial 50 finished with value: 290081.9837489404 and parameters: {'model_name': 'SimpleImputer', 'strategy': 'constant'}. Best is trial 15 with value: 105012.40248241217.
[I 2024-02-23 05:20:57,836] Trial 3 finished with value: 114370.35821160188 and parameters: {'model_name': 'SimpleImputer', 'strategy': 'median'}. Best is trial 15 with value: 105012.40248241217.
[I 2024-02-23 05:20:58,217] Trial 33 finished with value: 114370.35821160188 and parameters: {'model_name': 'SimpleImputer', 'strategy': 'median'}. Best is trial 15 with value: 105012.40248241217.
[I 2024-02-23 05:20:58,454] Trial 54 finished with value: 290081.9837489404 and parameters: {'model_name': 'SimpleImputer', 'strategy': 'constant'}. Best is trial 15 with value: 105012.40248241217.
[I 2024-02-23 05:20:58,715] Trial 25 finished with value: 114370.35821160188 and parameters: {'model_name': 'SimpleImputer', 'strategy': 'median'}. Best is trial 15 with value: 105012.40248241217.
[I 2024-02-23 05:20:58,967] Trial 23 finished with value: 114370.35821160188 and parameters: {'model_name': 'SimpleImputer', 'strategy': 'median'}. Best is trial 15 with value: 105012.40248241217.
[I 2024-02-23 05:20:59,252] Trial 41 finished with value: 114370.35821160188 and parameters: {'model_name': 'SimpleImputer', 'strategy': 'median'}. Best is trial 15 with value: 105012.40248241217.
[I 2024-02-23 05:20:59,528] Trial 37 finished with value: 114370.35821160188 and parameters: {'model_name': 'SimpleImputer', 'strategy': 'median'}. Best is trial 15 with value: 105012.40248241217.
[I 2024-02-23 05:20:59,833] Trial 30 finished with value: 114370.35821160188 and parameters: {'model_name': 'SimpleImputer', 'strategy': 'median'}. Best is trial 15 with value: 105012.40248241217.
[I 2024-02-23 05:21:00,102] Trial 57 finished with value: 105012.40248241217 and parameters: {'model_name': 'SimpleImputer', 'strategy': 'mean'}. Best is trial 15 with value: 105012.40248241217.
[I 2024-02-23 05:21:00,334] Trial 56 finished with value: 105012.40248241217 and parameters: {'model_name': 'SimpleImputer', 'strategy': 'mean'}. Best is trial 15 with value: 105012.40248241217.
[I 2024-02-23 05:21:00,621] Trial 39 finished with value: 114370.35821160188 and parameters: {'model_name': 'SimpleImputer', 'strategy': 'median'}. Best is trial 15 with value: 105012.40248241217.
[I 2024-02-23 05:21:01,007] Trial 46 finished with value: 114370.35821160188 and parameters: {'model_name': 'SimpleImputer', 'strategy': 'median'}. Best is trial 15 with value: 105012.40248241217.
[I 2024-02-23 05:21:01,200] Trial 34 finished with value: 114370.35821160188 and parameters: {'model_name': 'SimpleImputer', 'strategy': 'median'}. Best is trial 15 with value: 105012.40248241217.
[I 2024-02-23 05:21:01,472] Trial 52 finished with value: 105012.40248241217 and parameters: {'model_name': 'SimpleImputer', 'strategy': 'mean'}. Best is trial 15 with value: 105012.40248241217.
[I 2024-02-23 05:21:02,197] Trial 58 finished with value: 105012.40248241217 and parameters: {'model_name': 'SimpleImputer', 'strategy': 'mean'}. Best is trial 15 with value: 105012.40248241217.
[I 2024-02-23 05:21:02,715] Trial 53 finished with value: 114370.35821160188 and parameters: {'model_name': 'SimpleImputer', 'strategy': 'median'}. Best is trial 15 with value: 105012.40248241217.
[I 2024-02-23 05:21:03,437] Trial 65 finished with value: 114370.35821160188 and parameters: {'model_name': 'SimpleImputer', 'strategy': 'median'}. Best is trial 15 with value: 105012.40248241217.
[I 2024-02-23 05:21:03,725] Trial 59 finished with value: 114370.35821160188 and parameters: {'model_name': 'SimpleImputer', 'strategy': 'median'}. Best is trial 15 with value: 105012.40248241217.
[I 2024-02-23 05:21:03,953] Trial 70 finished with value: 114370.35821160188 and parameters: {'model_name': 'SimpleImputer', 'strategy': 'median'}. Best is trial 15 with value: 105012.40248241217.
[I 2024-02-23 05:21:04,221] Trial 69 finished with value: 114370.35821160188 and parameters: {'model_name': 'SimpleImputer', 'strategy': 'median'}. Best is trial 15 with value: 105012.40248241217.
[I 2024-02-23 05:21:04,417] Trial 74 finished with value: 114370.35821160188 and parameters: {'model_name': 'SimpleImputer', 'strategy': 'median'}. Best is trial 15 with value: 105012.40248241217.
[I 2024-02-23 05:21:04,675] Trial 71 finished with value: 114370.35821160188 and parameters: {'model_name': 'SimpleImputer', 'strategy': 'median'}. Best is trial 15 with value: 105012.40248241217.
[I 2024-02-23 05:21:04,863] Trial 61 finished with value: 114370.35821160188 and parameters: {'model_name': 'SimpleImputer', 'strategy': 'median'}. Best is trial 15 with value: 105012.40248241217.
[I 2024-02-23 05:21:05,172] Trial 72 finished with value: 114370.35821160188 and parameters: {'model_name': 'SimpleImputer', 'strategy': 'median'}. Best is trial 15 with value: 105012.40248241217.
[I 2024-02-23 05:21:05,618] Trial 75 finished with value: 114370.35821160188 and parameters: {'model_name': 'SimpleImputer', 'strategy': 'median'}. Best is trial 15 with value: 105012.40248241217.
[I 2024-02-23 05:21:06,117] Trial 76 finished with value: 114370.35821160188 and parameters: {'model_name': 'SimpleImputer', 'strategy': 'median'}. Best is trial 15 with value: 105012.40248241217.
[I 2024-02-23 05:21:06,421] Trial 68 finished with value: 114370.35821160188 and parameters: {'model_name': 'SimpleImputer', 'strategy': 'median'}. Best is trial 15 with value: 105012.40248241217.
[I 2024-02-23 05:21:06,804] Trial 93 finished with value: 105012.40248241217 and parameters: {'model_name': 'SimpleImputer', 'strategy': 'mean'}. Best is trial 15 with value: 105012.40248241217.
[I 2024-02-23 05:21:07,050] Trial 67 finished with value: 114370.35821160188 and parameters: {'model_name': 'SimpleImputer', 'strategy': 'median'}. Best is trial 15 with value: 105012.40248241217.
[I 2024-02-23 05:21:07,402] Trial 81 finished with value: 114370.35821160188 and parameters: {'model_name': 'SimpleImputer', 'strategy': 'median'}. Best is trial 15 with value: 105012.40248241217.
[I 2024-02-23 05:21:09,410] Trial 109 finished with value: 105012.40248241217 and parameters: {'model_name': 'SimpleImputer', 'strategy': 'mean'}. Best is trial 15 with value: 105012.40248241217.
[I 2024-02-23 05:21:10,757] Trial 11 finished with value: 290081.9837471006 and parameters: {'model_name': 'SimpleImputer', 'strategy': 'most_frequent'}. Best is trial 15 with value: 105012.40248241217.
[I 2024-02-23 05:21:11,234] Trial 8 finished with value: 290081.9837471006 and parameters: {'model_name': 'SimpleImputer', 'strategy': 'most_frequent'}. Best is trial 15 with value: 105012.40248241217.
[I 2024-02-23 05:21:12,158] Trial 111 finished with value: 105012.40248241217 and parameters: {'model_name': 'SimpleImputer', 'strategy': 'mean'}. Best is trial 15 with value: 105012.40248241217.
[I 2024-02-23 05:21:12,629] Trial 2 finished with value: 290081.9837471006 and parameters: {'model_name': 'SimpleImputer', 'strategy': 'most_frequent'}. Best is trial 15 with value: 105012.40248241217.
[I 2024-02-23 05:21:12,840] Trial 1 finished with value: 290081.9837471006 and parameters: {'model_name': 'SimpleImputer', 'strategy': 'most_frequent'}. Best is trial 15 with value: 105012.40248241217.
[I 2024-02-23 05:21:13,249] Trial 42 finished with value: 290081.9837471006 and parameters: {'model_name': 'SimpleImputer', 'strategy': 'most_frequent'}. Best is trial 15 with value: 105012.40248241217.
[I 2024-02-23 05:21:13,826] Trial 60 finished with value: 290081.9837471006 and parameters: {'model_name': 'SimpleImputer', 'strategy': 'most_frequent'}. Best is trial 15 with value: 105012.40248241217.
[I 2024-02-23 05:21:14,122] Trial 43 finished with value: 290081.9837471006 and parameters: {'model_name': 'SimpleImputer', 'strategy': 'most_frequent'}. Best is trial 15 with value: 105012.40248241217.
[I 2024-02-23 05:21:14,355] Trial 48 finished with value: 290081.9837471006 and parameters: {'model_name': 'SimpleImputer', 'strategy': 'most_frequent'}. Best is trial 15 with value: 105012.40248241217.
[I 2024-02-23 05:21:15,309] Trial 49 finished with value: 290081.9837471006 and parameters: {'model_name': 'SimpleImputer', 'strategy': 'most_frequent'}. Best is trial 15 with value: 105012.40248241217.
[I 2024-02-23 05:21:15,528] Trial 51 finished with value: 290081.9837471006 and parameters: {'model_name': 'SimpleImputer', 'strategy': 'most_frequent'}. Best is trial 15 with value: 105012.40248241217.
[I 2024-02-23 05:21:16,319] Trial 55 finished with value: 290081.9837471006 and parameters: {'model_name': 'SimpleImputer', 'strategy': 'most_frequent'}. Best is trial 15 with value: 105012.40248241217.
[I 2024-02-23 05:21:16,513] Trial 78 finished with value: 290081.9837471006 and parameters: {'model_name': 'SimpleImputer', 'strategy': 'most_frequent'}. Best is trial 15 with value: 105012.40248241217.
[I 2024-02-23 05:21:16,884] Trial 62 finished with value: 290081.9837471006 and parameters: {'model_name': 'SimpleImputer', 'strategy': 'most_frequent'}. Best is trial 15 with value: 105012.40248241217.
[I 2024-02-23 05:21:17,074] Trial 117 finished with value: 105012.40248241217 and parameters: {'model_name': 'SimpleImputer', 'strategy': 'mean'}. Best is trial 15 with value: 105012.40248241217.
[I 2024-02-23 05:21:17,349] Trial 118 finished with value: 105012.40248241217 and parameters: {'model_name': 'SimpleImputer', 'strategy': 'mean'}. Best is trial 15 with value: 105012.40248241217.
[I 2024-02-23 05:21:17,680] Trial 63 finished with value: 290081.9837471006 and parameters: {'model_name': 'SimpleImputer', 'strategy': 'most_frequent'}. Best is trial 15 with value: 105012.40248241217.
[I 2024-02-23 05:21:18,034] Trial 66 finished with value: 290081.9837471006 and parameters: {'model_name': 'SimpleImputer', 'strategy': 'most_frequent'}. Best is trial 15 with value: 105012.40248241217.
[I 2024-02-23 05:21:18,258] Trial 73 finished with value: 290081.9837471006 and parameters: {'model_name': 'SimpleImputer', 'strategy': 'most_frequent'}. Best is trial 15 with value: 105012.40248241217.
[I 2024-02-23 05:21:18,524] Trial 119 finished with value: 105012.40248241217 and parameters: {'model_name': 'SimpleImputer', 'strategy': 'mean'}. Best is trial 15 with value: 105012.40248241217.
[I 2024-02-23 05:21:18,782] Trial 77 finished with value: 290081.9837471006 and parameters: {'model_name': 'SimpleImputer', 'strategy': 'most_frequent'}. Best is trial 15 with value: 105012.40248241217.
[I 2024-02-23 05:21:19,021] Trial 89 finished with value: 290081.9837471006 and parameters: {'model_name': 'SimpleImputer', 'strategy': 'most_frequent'}. Best is trial 15 with value: 105012.40248241217.
[I 2024-02-23 05:21:19,374] Trial 91 finished with value: 290081.9837471006 and parameters: {'model_name': 'SimpleImputer', 'strategy': 'most_frequent'}. Best is trial 15 with value: 105012.40248241217.
[I 2024-02-23 05:21:19,834] Trial 120 finished with value: 105012.40248241217 and parameters: {'model_name': 'SimpleImputer', 'strategy': 'mean'}. Best is trial 15 with value: 105012.40248241217.
[I 2024-02-23 05:21:20,039] Trial 79 finished with value: 290081.9837471006 and parameters: {'model_name': 'SimpleImputer', 'strategy': 'most_frequent'}. Best is trial 15 with value: 105012.40248241217.
[I 2024-02-23 05:21:20,229] Trial 122 finished with value: 105012.40248241217 and parameters: {'model_name': 'SimpleImputer', 'strategy': 'mean'}. Best is trial 15 with value: 105012.40248241217.
[I 2024-02-23 05:21:20,581] Trial 83 finished with value: 290081.9837471006 and parameters: {'model_name': 'SimpleImputer', 'strategy': 'most_frequent'}. Best is trial 15 with value: 105012.40248241217.
[I 2024-02-23 05:21:21,159] Trial 85 finished with value: 290081.9837471006 and parameters: {'model_name': 'SimpleImputer', 'strategy': 'most_frequent'}. Best is trial 15 with value: 105012.40248241217.
[I 2024-02-23 05:21:21,643] Trial 121 finished with value: 105012.40248241217 and parameters: {'model_name': 'SimpleImputer', 'strategy': 'mean'}. Best is trial 15 with value: 105012.40248241217.
[I 2024-02-23 05:21:22,020] Trial 80 finished with value: 290081.9837471006 and parameters: {'model_name': 'SimpleImputer', 'strategy': 'most_frequent'}. Best is trial 15 with value: 105012.40248241217.
[I 2024-02-23 05:21:22,270] Trial 86 finished with value: 290081.9837471006 and parameters: {'model_name': 'SimpleImputer', 'strategy': 'most_frequent'}. Best is trial 15 with value: 105012.40248241217.
[I 2024-02-23 05:21:22,631] Trial 123 finished with value: 105012.40248241217 and parameters: {'model_name': 'SimpleImputer', 'strategy': 'mean'}. Best is trial 15 with value: 105012.40248241217.
[I 2024-02-23 05:21:22,870] Trial 127 finished with value: 105012.40248241217 and parameters: {'model_name': 'SimpleImputer', 'strategy': 'mean'}. Best is trial 15 with value: 105012.40248241217.
[I 2024-02-23 05:21:23,150] Trial 124 finished with value: 105012.40248241217 and parameters: {'model_name': 'SimpleImputer', 'strategy': 'mean'}. Best is trial 15 with value: 105012.40248241217.
[I 2024-02-23 05:21:23,499] Trial 126 finished with value: 105012.40248241217 and parameters: {'model_name': 'SimpleImputer', 'strategy': 'mean'}. Best is trial 15 with value: 105012.40248241217.
[I 2024-02-23 05:21:23,692] Trial 125 finished with value: 105012.40248241217 and parameters: {'model_name': 'SimpleImputer', 'strategy': 'mean'}. Best is trial 15 with value: 105012.40248241217.
[I 2024-02-23 05:21:23,959] Trial 82 finished with value: 290081.9837471006 and parameters: {'model_name': 'SimpleImputer', 'strategy': 'most_frequent'}. Best is trial 15 with value: 105012.40248241217.
[I 2024-02-23 05:21:24,153] Trial 84 finished with value: 290081.9837471006 and parameters: {'model_name': 'SimpleImputer', 'strategy': 'most_frequent'}. Best is trial 15 with value: 105012.40248241217.
[I 2024-02-23 05:21:24,354] Trial 64 finished with value: 290081.9837471006 and parameters: {'model_name': 'SimpleImputer', 'strategy': 'most_frequent'}. Best is trial 15 with value: 105012.40248241217.
[I 2024-02-23 05:21:24,608] Trial 128 finished with value: 105012.40248241217 and parameters: {'model_name': 'SimpleImputer', 'strategy': 'mean'}. Best is trial 15 with value: 105012.40248241217.
[I 2024-02-23 05:21:25,022] Trial 90 finished with value: 290081.9837471006 and parameters: {'model_name': 'SimpleImputer', 'strategy': 'most_frequent'}. Best is trial 15 with value: 105012.40248241217.
[I 2024-02-23 05:21:25,241] Trial 130 finished with value: 105012.40248241217 and parameters: {'model_name': 'SimpleImputer', 'strategy': 'mean'}. Best is trial 15 with value: 105012.40248241217.
[I 2024-02-23 05:21:25,584] Trial 87 finished with value: 290081.9837471006 and parameters: {'model_name': 'SimpleImputer', 'strategy': 'most_frequent'}. Best is trial 15 with value: 105012.40248241217.
[I 2024-02-23 05:21:25,916] Trial 134 finished with value: 105012.40248241217 and parameters: {'model_name': 'SimpleImputer', 'strategy': 'mean'}. Best is trial 15 with value: 105012.40248241217.
[I 2024-02-23 05:21:26,160] Trial 92 finished with value: 290081.9837471006 and parameters: {'model_name': 'SimpleImputer', 'strategy': 'most_frequent'}. Best is trial 15 with value: 105012.40248241217.
[I 2024-02-23 05:21:26,407] Trial 129 finished with value: 105012.40248241217 and parameters: {'model_name': 'SimpleImputer', 'strategy': 'mean'}. Best is trial 15 with value: 105012.40248241217.
[I 2024-02-23 05:21:26,679] Trial 132 finished with value: 105012.40248241217 and parameters: {'model_name': 'SimpleImputer', 'strategy': 'mean'}. Best is trial 15 with value: 105012.40248241217.
[I 2024-02-23 05:21:26,958] Trial 88 finished with value: 290081.9837471006 and parameters: {'model_name': 'SimpleImputer', 'strategy': 'most_frequent'}. Best is trial 15 with value: 105012.40248241217.
[I 2024-02-23 05:21:27,205] Trial 95 finished with value: 290081.9837471006 and parameters: {'model_name': 'SimpleImputer', 'strategy': 'most_frequent'}. Best is trial 15 with value: 105012.40248241217.
[I 2024-02-23 05:21:27,422] Trial 133 finished with value: 105012.40248241217 and parameters: {'model_name': 'SimpleImputer', 'strategy': 'mean'}. Best is trial 15 with value: 105012.40248241217.
[I 2024-02-23 05:21:27,750] Trial 131 finished with value: 105012.40248241217 and parameters: {'model_name': 'SimpleImputer', 'strategy': 'mean'}. Best is trial 15 with value: 105012.40248241217.
[I 2024-02-23 05:21:28,051] Trial 96 finished with value: 290081.9837471006 and parameters: {'model_name': 'SimpleImputer', 'strategy': 'most_frequent'}. Best is trial 15 with value: 105012.40248241217.
[I 2024-02-23 05:21:28,325] Trial 94 finished with value: 290081.9837471006 and parameters: {'model_name': 'SimpleImputer', 'strategy': 'most_frequent'}. Best is trial 15 with value: 105012.40248241217.
[I 2024-02-23 05:21:28,576] Trial 136 finished with value: 105012.40248241217 and parameters: {'model_name': 'SimpleImputer', 'strategy': 'mean'}. Best is trial 15 with value: 105012.40248241217.
[I 2024-02-23 05:21:28,841] Trial 137 finished with value: 105012.40248241217 and parameters: {'model_name': 'SimpleImputer', 'strategy': 'mean'}. Best is trial 15 with value: 105012.40248241217.
[I 2024-02-23 05:21:29,051] Trial 135 finished with value: 105012.40248241217 and parameters: {'model_name': 'SimpleImputer', 'strategy': 'mean'}. Best is trial 15 with value: 105012.40248241217.
[I 2024-02-23 05:21:29,318] Trial 138 finished with value: 105012.40248241217 and parameters: {'model_name': 'SimpleImputer', 'strategy': 'mean'}. Best is trial 15 with value: 105012.40248241217.
[I 2024-02-23 05:21:29,531] Trial 97 finished with value: 290081.9837471006 and parameters: {'model_name': 'SimpleImputer', 'strategy': 'most_frequent'}. Best is trial 15 with value: 105012.40248241217.
[I 2024-02-23 05:21:29,806] Trial 106 finished with value: 290081.9837471006 and parameters: {'model_name': 'SimpleImputer', 'strategy': 'most_frequent'}. Best is trial 15 with value: 105012.40248241217.
[I 2024-02-23 05:21:30,188] Trial 99 finished with value: 290081.9837471006 and parameters: {'model_name': 'SimpleImputer', 'strategy': 'most_frequent'}. Best is trial 15 with value: 105012.40248241217.
[I 2024-02-23 05:21:30,482] Trial 139 finished with value: 105012.40248241217 and parameters: {'model_name': 'SimpleImputer', 'strategy': 'mean'}. Best is trial 15 with value: 105012.40248241217.
[I 2024-02-23 05:21:30,700] Trial 103 finished with value: 290081.9837471006 and parameters: {'model_name': 'SimpleImputer', 'strategy': 'most_frequent'}. Best is trial 15 with value: 105012.40248241217.
[I 2024-02-23 05:21:30,965] Trial 102 finished with value: 290081.9837471006 and parameters: {'model_name': 'SimpleImputer', 'strategy': 'most_frequent'}. Best is trial 15 with value: 105012.40248241217.
[I 2024-02-23 05:21:31,225] Trial 140 finished with value: 105012.40248241217 and parameters: {'model_name': 'SimpleImputer', 'strategy': 'mean'}. Best is trial 15 with value: 105012.40248241217.
[I 2024-02-23 05:21:31,590] Trial 141 finished with value: 105012.40248241217 and parameters: {'model_name': 'SimpleImputer', 'strategy': 'mean'}. Best is trial 15 with value: 105012.40248241217.
[I 2024-02-23 05:21:32,047] Trial 100 finished with value: 290081.9837471006 and parameters: {'model_name': 'SimpleImputer', 'strategy': 'most_frequent'}. Best is trial 15 with value: 105012.40248241217.
[I 2024-02-23 05:21:32,320] Trial 146 finished with value: 105012.40248241217 and parameters: {'model_name': 'SimpleImputer', 'strategy': 'mean'}. Best is trial 15 with value: 105012.40248241217.
[I 2024-02-23 05:21:32,644] Trial 145 finished with value: 105012.40248241217 and parameters: {'model_name': 'SimpleImputer', 'strategy': 'mean'}. Best is trial 15 with value: 105012.40248241217.
[I 2024-02-23 05:21:32,878] Trial 143 finished with value: 105012.40248241217 and parameters: {'model_name': 'SimpleImputer', 'strategy': 'mean'}. Best is trial 15 with value: 105012.40248241217.
[I 2024-02-23 05:21:33,078] Trial 105 finished with value: 290081.9837471006 and parameters: {'model_name': 'SimpleImputer', 'strategy': 'most_frequent'}. Best is trial 15 with value: 105012.40248241217.
[I 2024-02-23 05:21:33,397] Trial 151 finished with value: 105012.40248241217 and parameters: {'model_name': 'SimpleImputer', 'strategy': 'mean'}. Best is trial 15 with value: 105012.40248241217.
[I 2024-02-23 05:21:33,647] Trial 144 finished with value: 105012.40248241217 and parameters: {'model_name': 'SimpleImputer', 'strategy': 'mean'}. Best is trial 15 with value: 105012.40248241217.
[I 2024-02-23 05:21:33,901] Trial 148 finished with value: 105012.40248241217 and parameters: {'model_name': 'SimpleImputer', 'strategy': 'mean'}. Best is trial 15 with value: 105012.40248241217.
[I 2024-02-23 05:21:34,116] Trial 142 finished with value: 105012.40248241217 and parameters: {'model_name': 'SimpleImputer', 'strategy': 'mean'}. Best is trial 15 with value: 105012.40248241217.
[I 2024-02-23 05:21:34,313] Trial 107 finished with value: 290081.9837471006 and parameters: {'model_name': 'SimpleImputer', 'strategy': 'most_frequent'}. Best is trial 15 with value: 105012.40248241217.
[I 2024-02-23 05:21:34,575] Trial 108 finished with value: 290081.9837471006 and parameters: {'model_name': 'SimpleImputer', 'strategy': 'most_frequent'}. Best is trial 15 with value: 105012.40248241217.
[I 2024-02-23 05:21:34,779] Trial 149 finished with value: 105012.40248241217 and parameters: {'model_name': 'SimpleImputer', 'strategy': 'mean'}. Best is trial 15 with value: 105012.40248241217.
[I 2024-02-23 05:21:34,988] Trial 154 finished with value: 105012.40248241217 and parameters: {'model_name': 'SimpleImputer', 'strategy': 'mean'}. Best is trial 15 with value: 105012.40248241217.
[I 2024-02-23 05:21:35,285] Trial 157 finished with value: 105012.40248241217 and parameters: {'model_name': 'SimpleImputer', 'strategy': 'mean'}. Best is trial 15 with value: 105012.40248241217.
[I 2024-02-23 05:21:35,618] Trial 104 finished with value: 290081.9837471006 and parameters: {'model_name': 'SimpleImputer', 'strategy': 'most_frequent'}. Best is trial 15 with value: 105012.40248241217.
[I 2024-02-23 05:21:35,879] Trial 147 finished with value: 105012.40248241217 and parameters: {'model_name': 'SimpleImputer', 'strategy': 'mean'}. Best is trial 15 with value: 105012.40248241217.
[I 2024-02-23 05:21:36,157] Trial 155 finished with value: 105012.40248241217 and parameters: {'model_name': 'SimpleImputer', 'strategy': 'mean'}. Best is trial 15 with value: 105012.40248241217.
[I 2024-02-23 05:21:36,406] Trial 153 finished with value: 105012.40248241217 and parameters: {'model_name': 'SimpleImputer', 'strategy': 'mean'}. Best is trial 15 with value: 105012.40248241217.
[I 2024-02-23 05:21:36,612] Trial 161 finished with value: 105012.40248241217 and parameters: {'model_name': 'SimpleImputer', 'strategy': 'mean'}. Best is trial 15 with value: 105012.40248241217.
[I 2024-02-23 05:21:36,845] Trial 156 finished with value: 105012.40248241217 and parameters: {'model_name': 'SimpleImputer', 'strategy': 'mean'}. Best is trial 15 with value: 105012.40248241217.
[I 2024-02-23 05:21:37,061] Trial 150 finished with value: 105012.40248241217 and parameters: {'model_name': 'SimpleImputer', 'strategy': 'mean'}. Best is trial 15 with value: 105012.40248241217.
[I 2024-02-23 05:21:37,258] Trial 160 finished with value: 105012.40248241217 and parameters: {'model_name': 'SimpleImputer', 'strategy': 'mean'}. Best is trial 15 with value: 105012.40248241217.
[I 2024-02-23 05:21:37,485] Trial 101 finished with value: 290081.9837471006 and parameters: {'model_name': 'SimpleImputer', 'strategy': 'most_frequent'}. Best is trial 15 with value: 105012.40248241217.
[I 2024-02-23 05:21:37,781] Trial 152 finished with value: 105012.40248241217 and parameters: {'model_name': 'SimpleImputer', 'strategy': 'mean'}. Best is trial 15 with value: 105012.40248241217.
[I 2024-02-23 05:21:38,159] Trial 159 finished with value: 105012.40248241217 and parameters: {'model_name': 'SimpleImputer', 'strategy': 'mean'}. Best is trial 15 with value: 105012.40248241217.
[I 2024-02-23 05:21:38,391] Trial 98 finished with value: 290081.9837471006 and parameters: {'model_name': 'SimpleImputer', 'strategy': 'most_frequent'}. Best is trial 15 with value: 105012.40248241217.
[I 2024-02-23 05:21:38,796] Trial 170 finished with value: 105012.40248241217 and parameters: {'model_name': 'SimpleImputer', 'strategy': 'mean'}. Best is trial 15 with value: 105012.40248241217.
[I 2024-02-23 05:21:39,021] Trial 168 finished with value: 105012.40248241217 and parameters: {'model_name': 'SimpleImputer', 'strategy': 'mean'}. Best is trial 15 with value: 105012.40248241217.
[I 2024-02-23 05:21:39,236] Trial 164 finished with value: 105012.40248241217 and parameters: {'model_name': 'SimpleImputer', 'strategy': 'mean'}. Best is trial 15 with value: 105012.40248241217.
[I 2024-02-23 05:21:39,445] Trial 165 finished with value: 105012.40248241217 and parameters: {'model_name': 'SimpleImputer', 'strategy': 'mean'}. Best is trial 15 with value: 105012.40248241217.
[I 2024-02-23 05:21:39,649] Trial 167 finished with value: 105012.40248241217 and parameters: {'model_name': 'SimpleImputer', 'strategy': 'mean'}. Best is trial 15 with value: 105012.40248241217.
[I 2024-02-23 05:21:39,861] Trial 169 finished with value: 105012.40248241217 and parameters: {'model_name': 'SimpleImputer', 'strategy': 'mean'}. Best is trial 15 with value: 105012.40248241217.
[I 2024-02-23 05:21:40,095] Trial 162 finished with value: 105012.40248241217 and parameters: {'model_name': 'SimpleImputer', 'strategy': 'mean'}. Best is trial 15 with value: 105012.40248241217.
[I 2024-02-23 05:21:40,362] Trial 166 finished with value: 105012.40248241217 and parameters: {'model_name': 'SimpleImputer', 'strategy': 'mean'}. Best is trial 15 with value: 105012.40248241217.
[I 2024-02-23 05:21:40,607] Trial 158 finished with value: 105012.40248241217 and parameters: {'model_name': 'SimpleImputer', 'strategy': 'mean'}. Best is trial 15 with value: 105012.40248241217.
[I 2024-02-23 05:21:40,850] Trial 163 finished with value: 105012.40248241217 and parameters: {'model_name': 'SimpleImputer', 'strategy': 'mean'}. Best is trial 15 with value: 105012.40248241217.
[I 2024-02-23 05:21:41,117] Trial 110 finished with value: 290081.9837471006 and parameters: {'model_name': 'SimpleImputer', 'strategy': 'most_frequent'}. Best is trial 15 with value: 105012.40248241217.
[I 2024-02-23 05:21:41,316] Trial 172 finished with value: 105012.40248241217 and parameters: {'model_name': 'SimpleImputer', 'strategy': 'mean'}. Best is trial 15 with value: 105012.40248241217.
[I 2024-02-23 05:21:41,593] Trial 173 finished with value: 105012.40248241217 and parameters: {'model_name': 'SimpleImputer', 'strategy': 'mean'}. Best is trial 15 with value: 105012.40248241217.
[I 2024-02-23 05:21:41,856] Trial 175 finished with value: 105012.40248241217 and parameters: {'model_name': 'SimpleImputer', 'strategy': 'mean'}. Best is trial 15 with value: 105012.40248241217.
[I 2024-02-23 05:21:42,087] Trial 174 finished with value: 105012.40248241217 and parameters: {'model_name': 'SimpleImputer', 'strategy': 'mean'}. Best is trial 15 with value: 105012.40248241217.
[I 2024-02-23 05:21:42,453] Trial 176 finished with value: 105012.40248241217 and parameters: {'model_name': 'SimpleImputer', 'strategy': 'mean'}. Best is trial 15 with value: 105012.40248241217.
[I 2024-02-23 05:21:42,656] Trial 171 finished with value: 105012.40248241217 and parameters: {'model_name': 'SimpleImputer', 'strategy': 'mean'}. Best is trial 15 with value: 105012.40248241217.
[I 2024-02-23 05:21:42,939] Trial 183 finished with value: 105012.40248241217 and parameters: {'model_name': 'SimpleImputer', 'strategy': 'mean'}. Best is trial 15 with value: 105012.40248241217.
[I 2024-02-23 05:21:43,156] Trial 195 finished with value: 290081.9837489404 and parameters: {'model_name': 'SimpleImputer', 'strategy': 'constant'}. Best is trial 15 with value: 105012.40248241217.
[I 2024-02-23 05:21:43,365] Trial 178 finished with value: 105012.40248241217 and parameters: {'model_name': 'SimpleImputer', 'strategy': 'mean'}. Best is trial 15 with value: 105012.40248241217.
[I 2024-02-23 05:21:43,591] Trial 177 finished with value: 105012.40248241217 and parameters: {'model_name': 'SimpleImputer', 'strategy': 'mean'}. Best is trial 15 with value: 105012.40248241217.
[I 2024-02-23 05:21:43,973] Trial 181 finished with value: 105012.40248241217 and parameters: {'model_name': 'SimpleImputer', 'strategy': 'mean'}. Best is trial 15 with value: 105012.40248241217.
[I 2024-02-23 05:21:44,258] Trial 180 finished with value: 105012.40248241217 and parameters: {'model_name': 'SimpleImputer', 'strategy': 'mean'}. Best is trial 15 with value: 105012.40248241217.
[I 2024-02-23 05:21:44,531] Trial 190 finished with value: 105012.40248241217 and parameters: {'model_name': 'SimpleImputer', 'strategy': 'mean'}. Best is trial 15 with value: 105012.40248241217.
[I 2024-02-23 05:21:44,802] Trial 179 finished with value: 105012.40248241217 and parameters: {'model_name': 'SimpleImputer', 'strategy': 'mean'}. Best is trial 15 with value: 105012.40248241217.
[I 2024-02-23 05:21:45,038] Trial 186 finished with value: 105012.40248241217 and parameters: {'model_name': 'SimpleImputer', 'strategy': 'mean'}. Best is trial 15 with value: 105012.40248241217.
[I 2024-02-23 05:21:45,250] Trial 189 finished with value: 105012.40248241217 and parameters: {'model_name': 'SimpleImputer', 'strategy': 'mean'}. Best is trial 15 with value: 105012.40248241217.
[I 2024-02-23 05:21:45,514] Trial 182 finished with value: 105012.40248241217 and parameters: {'model_name': 'SimpleImputer', 'strategy': 'mean'}. Best is trial 15 with value: 105012.40248241217.
[I 2024-02-23 05:21:45,740] Trial 196 finished with value: 105012.40248241217 and parameters: {'model_name': 'SimpleImputer', 'strategy': 'mean'}. Best is trial 15 with value: 105012.40248241217.
[I 2024-02-23 05:21:45,993] Trial 192 finished with value: 105012.40248241217 and parameters: {'model_name': 'SimpleImputer', 'strategy': 'mean'}. Best is trial 15 with value: 105012.40248241217.
[I 2024-02-23 05:21:46,188] Trial 184 finished with value: 105012.40248241217 and parameters: {'model_name': 'SimpleImputer', 'strategy': 'mean'}. Best is trial 15 with value: 105012.40248241217.
[I 2024-02-23 05:21:46,358] Trial 191 finished with value: 105012.40248241217 and parameters: {'model_name': 'SimpleImputer', 'strategy': 'mean'}. Best is trial 15 with value: 105012.40248241217.
[I 2024-02-23 05:21:46,524] Trial 185 finished with value: 105012.40248241217 and parameters: {'model_name': 'SimpleImputer', 'strategy': 'mean'}. Best is trial 15 with value: 105012.40248241217.
[I 2024-02-23 05:21:46,680] Trial 197 finished with value: 290081.9837489404 and parameters: {'model_name': 'SimpleImputer', 'strategy': 'constant'}. Best is trial 15 with value: 105012.40248241217.
[I 2024-02-23 05:21:46,910] Trial 198 finished with value: 290081.9837489404 and parameters: {'model_name': 'SimpleImputer', 'strategy': 'constant'}. Best is trial 15 with value: 105012.40248241217.
[I 2024-02-23 05:21:47,145] Trial 193 finished with value: 105012.40248241217 and parameters: {'model_name': 'SimpleImputer', 'strategy': 'mean'}. Best is trial 15 with value: 105012.40248241217.
[I 2024-02-23 05:21:47,394] Trial 188 finished with value: 105012.40248241217 and parameters: {'model_name': 'SimpleImputer', 'strategy': 'mean'}. Best is trial 15 with value: 105012.40248241217.
[I 2024-02-23 05:21:47,571] Trial 187 finished with value: 105012.40248241217 and parameters: {'model_name': 'SimpleImputer', 'strategy': 'mean'}. Best is trial 15 with value: 105012.40248241217.
[I 2024-02-23 05:21:47,826] Trial 112 finished with value: 290081.9837471006 and parameters: {'model_name': 'SimpleImputer', 'strategy': 'most_frequent'}. Best is trial 15 with value: 105012.40248241217.
[I 2024-02-23 05:21:48,120] Trial 199 finished with value: 105012.40248241217 and parameters: {'model_name': 'SimpleImputer', 'strategy': 'mean'}. Best is trial 15 with value: 105012.40248241217.
[I 2024-02-23 05:21:48,327] Trial 194 finished with value: 105012.40248241217 and parameters: {'model_name': 'SimpleImputer', 'strategy': 'mean'}. Best is trial 15 with value: 105012.40248241217.
[I 2024-02-23 05:21:48,649] Trial 113 finished with value: 290081.9837471006 and parameters: {'model_name': 'SimpleImputer', 'strategy': 'most_frequent'}. Best is trial 15 with value: 105012.40248241217.
[I 2024-02-23 05:21:48,838] Trial 114 finished with value: 290081.9837471006 and parameters: {'model_name': 'SimpleImputer', 'strategy': 'most_frequent'}. Best is trial 15 with value: 105012.40248241217.
[I 2024-02-23 05:21:49,030] Trial 116 finished with value: 290081.9837471006 and parameters: {'model_name': 'SimpleImputer', 'strategy': 'most_frequent'}. Best is trial 15 with value: 105012.40248241217.
[I 2024-02-23 05:21:49,256] Trial 115 finished with value: 290081.9837471006 and parameters: {'model_name': 'SimpleImputer', 'strategy': 'most_frequent'}. Best is trial 15 with value: 105012.40248241217.
simple fit
simple transform
       0   ...         20
0    16.0  ...  1719349.0
1    16.0  ...  1866314.0
2     0.0  ...  1046680.0
3    14.0  ...  1877243.0
4     9.0  ...  1541016.0
..    ...  ...        ...
815   1.0  ...  1338127.0
816  20.0  ...  1060851.0
817   1.0  ...  1023683.0
818   7.0  ...  1745051.0
819   1.0  ...  1010837.0

[820 rows x 21 columns]
105012.40248241217
{'model_name': 'SimpleImputer', 'strategy': 'mean'}
running experiment 2/3 - Does reconstruction give good automl predictions
Start est fit
2024-02-23 05:22:03.821042: I tensorflow/core/util/port.cc:113] oneDNN custom operations are on. You may see slightly different numerical results due to floating-point round-off errors from different computation orders. To turn them off, set the environment variable `TF_ENABLE_ONEDNN_OPTS=0`.
2024-02-23 05:22:03.821129: I tensorflow/core/util/port.cc:113] oneDNN custom operations are on. You may see slightly different numerical results due to floating-point round-off errors from different computation orders. To turn them off, set the environment variable `TF_ENABLE_ONEDNN_OPTS=0`.
2024-02-23 05:22:03.821124: I tensorflow/core/util/port.cc:113] oneDNN custom operations are on. You may see slightly different numerical results due to floating-point round-off errors from different computation orders. To turn them off, set the environment variable `TF_ENABLE_ONEDNN_OPTS=0`.
2024-02-23 05:22:03.821122: I tensorflow/core/util/port.cc:113] oneDNN custom operations are on. You may see slightly different numerical results due to floating-point round-off errors from different computation orders. To turn them off, set the environment variable `TF_ENABLE_ONEDNN_OPTS=0`.
2024-02-23 05:22:03.821122: I tensorflow/core/util/port.cc:113] oneDNN custom operations are on. You may see slightly different numerical results due to floating-point round-off errors from different computation orders. To turn them off, set the environment variable `TF_ENABLE_ONEDNN_OPTS=0`.
2024-02-23 05:22:03.821126: I tensorflow/core/util/port.cc:113] oneDNN custom operations are on. You may see slightly different numerical results due to floating-point round-off errors from different computation orders. To turn them off, set the environment variable `TF_ENABLE_ONEDNN_OPTS=0`.
2024-02-23 05:22:03.821121: I tensorflow/core/util/port.cc:113] oneDNN custom operations are on. You may see slightly different numerical results due to floating-point round-off errors from different computation orders. To turn them off, set the environment variable `TF_ENABLE_ONEDNN_OPTS=0`.
2024-02-23 05:22:03.821127: I tensorflow/core/util/port.cc:113] oneDNN custom operations are on. You may see slightly different numerical results due to floating-point round-off errors from different computation orders. To turn them off, set the environment variable `TF_ENABLE_ONEDNN_OPTS=0`.
2024-02-23 05:22:03.821123: I tensorflow/core/util/port.cc:113] oneDNN custom operations are on. You may see slightly different numerical results due to floating-point round-off errors from different computation orders. To turn them off, set the environment variable `TF_ENABLE_ONEDNN_OPTS=0`.
2024-02-23 05:22:03.821122: I tensorflow/core/util/port.cc:113] oneDNN custom operations are on. You may see slightly different numerical results due to floating-point round-off errors from different computation orders. To turn them off, set the environment variable `TF_ENABLE_ONEDNN_OPTS=0`.
2024-02-23 05:22:03.821146: I tensorflow/core/util/port.cc:113] oneDNN custom operations are on. You may see slightly different numerical results due to floating-point round-off errors from different computation orders. To turn them off, set the environment variable `TF_ENABLE_ONEDNN_OPTS=0`.
2024-02-23 05:22:03.821148: I tensorflow/core/util/port.cc:113] oneDNN custom operations are on. You may see slightly different numerical results due to floating-point round-off errors from different computation orders. To turn them off, set the environment variable `TF_ENABLE_ONEDNN_OPTS=0`.
2024-02-23 05:22:03.821148: I tensorflow/core/util/port.cc:113] oneDNN custom operations are on. You may see slightly different numerical results due to floating-point round-off errors from different computation orders. To turn them off, set the environment variable `TF_ENABLE_ONEDNN_OPTS=0`.
2024-02-23 05:22:03.821158: I tensorflow/core/util/port.cc:113] oneDNN custom operations are on. You may see slightly different numerical results due to floating-point round-off errors from different computation orders. To turn them off, set the environment variable `TF_ENABLE_ONEDNN_OPTS=0`.
2024-02-23 05:22:03.821158: I tensorflow/core/util/port.cc:113] oneDNN custom operations are on. You may see slightly different numerical results due to floating-point round-off errors from different computation orders. To turn them off, set the environment variable `TF_ENABLE_ONEDNN_OPTS=0`.
2024-02-23 05:22:03.821166: I tensorflow/core/util/port.cc:113] oneDNN custom operations are on. You may see slightly different numerical results due to floating-point round-off errors from different computation orders. To turn them off, set the environment variable `TF_ENABLE_ONEDNN_OPTS=0`.
2024-02-23 05:22:03.821162: I tensorflow/core/util/port.cc:113] oneDNN custom operations are on. You may see slightly different numerical results due to floating-point round-off errors from different computation orders. To turn them off, set the environment variable `TF_ENABLE_ONEDNN_OPTS=0`.
2024-02-23 05:22:03.821163: I tensorflow/core/util/port.cc:113] oneDNN custom operations are on. You may see slightly different numerical results due to floating-point round-off errors from different computation orders. To turn them off, set the environment variable `TF_ENABLE_ONEDNN_OPTS=0`.
2024-02-23 05:22:03.821175: I tensorflow/core/util/port.cc:113] oneDNN custom operations are on. You may see slightly different numerical results due to floating-point round-off errors from different computation orders. To turn them off, set the environment variable `TF_ENABLE_ONEDNN_OPTS=0`.
2024-02-23 05:22:03.821176: I tensorflow/core/util/port.cc:113] oneDNN custom operations are on. You may see slightly different numerical results due to floating-point round-off errors from different computation orders. To turn them off, set the environment variable `TF_ENABLE_ONEDNN_OPTS=0`.
2024-02-23 05:22:03.821180: I tensorflow/core/util/port.cc:113] oneDNN custom operations are on. You may see slightly different numerical results due to floating-point round-off errors from different computation orders. To turn them off, set the environment variable `TF_ENABLE_ONEDNN_OPTS=0`.
2024-02-23 05:22:03.821185: I tensorflow/core/util/port.cc:113] oneDNN custom operations are on. You may see slightly different numerical results due to floating-point round-off errors from different computation orders. To turn them off, set the environment variable `TF_ENABLE_ONEDNN_OPTS=0`.
2024-02-23 05:22:03.821186: I tensorflow/core/util/port.cc:113] oneDNN custom operations are on. You may see slightly different numerical results due to floating-point round-off errors from different computation orders. To turn them off, set the environment variable `TF_ENABLE_ONEDNN_OPTS=0`.
2024-02-23 05:22:03.821187: I tensorflow/core/util/port.cc:113] oneDNN custom operations are on. You may see slightly different numerical results due to floating-point round-off errors from different computation orders. To turn them off, set the environment variable `TF_ENABLE_ONEDNN_OPTS=0`.
2024-02-23 05:22:03.821191: I tensorflow/core/util/port.cc:113] oneDNN custom operations are on. You may see slightly different numerical results due to floating-point round-off errors from different computation orders. To turn them off, set the environment variable `TF_ENABLE_ONEDNN_OPTS=0`.
2024-02-23 05:22:03.821195: I tensorflow/core/util/port.cc:113] oneDNN custom operations are on. You may see slightly different numerical results due to floating-point round-off errors from different computation orders. To turn them off, set the environment variable `TF_ENABLE_ONEDNN_OPTS=0`.
2024-02-23 05:22:03.821196: I tensorflow/core/util/port.cc:113] oneDNN custom operations are on. You may see slightly different numerical results due to floating-point round-off errors from different computation orders. To turn them off, set the environment variable `TF_ENABLE_ONEDNN_OPTS=0`.
2024-02-23 05:22:03.821199: I tensorflow/core/util/port.cc:113] oneDNN custom operations are on. You may see slightly different numerical results due to floating-point round-off errors from different computation orders. To turn them off, set the environment variable `TF_ENABLE_ONEDNN_OPTS=0`.
2024-02-23 05:22:03.821201: I tensorflow/core/util/port.cc:113] oneDNN custom operations are on. You may see slightly different numerical results due to floating-point round-off errors from different computation orders. To turn them off, set the environment variable `TF_ENABLE_ONEDNN_OPTS=0`.
2024-02-23 05:22:03.821201: I tensorflow/core/util/port.cc:113] oneDNN custom operations are on. You may see slightly different numerical results due to floating-point round-off errors from different computation orders. To turn them off, set the environment variable `TF_ENABLE_ONEDNN_OPTS=0`.
2024-02-23 05:22:03.821201: I tensorflow/core/util/port.cc:113] oneDNN custom operations are on. You may see slightly different numerical results due to floating-point round-off errors from different computation orders. To turn them off, set the environment variable `TF_ENABLE_ONEDNN_OPTS=0`.
2024-02-23 05:22:03.821211: I tensorflow/core/util/port.cc:113] oneDNN custom operations are on. You may see slightly different numerical results due to floating-point round-off errors from different computation orders. To turn them off, set the environment variable `TF_ENABLE_ONEDNN_OPTS=0`.
2024-02-23 05:22:03.821216: I tensorflow/core/util/port.cc:113] oneDNN custom operations are on. You may see slightly different numerical results due to floating-point round-off errors from different computation orders. To turn them off, set the environment variable `TF_ENABLE_ONEDNN_OPTS=0`.
2024-02-23 05:22:03.821217: I tensorflow/core/util/port.cc:113] oneDNN custom operations are on. You may see slightly different numerical results due to floating-point round-off errors from different computation orders. To turn them off, set the environment variable `TF_ENABLE_ONEDNN_OPTS=0`.
2024-02-23 05:22:03.821225: I tensorflow/core/util/port.cc:113] oneDNN custom operations are on. You may see slightly different numerical results due to floating-point round-off errors from different computation orders. To turn them off, set the environment variable `TF_ENABLE_ONEDNN_OPTS=0`.
2024-02-23 05:22:03.821226: I tensorflow/core/util/port.cc:113] oneDNN custom operations are on. You may see slightly different numerical results due to floating-point round-off errors from different computation orders. To turn them off, set the environment variable `TF_ENABLE_ONEDNN_OPTS=0`.
2024-02-23 05:22:03.821232: I tensorflow/core/util/port.cc:113] oneDNN custom operations are on. You may see slightly different numerical results due to floating-point round-off errors from different computation orders. To turn them off, set the environment variable `TF_ENABLE_ONEDNN_OPTS=0`.
2024-02-23 05:22:03.821232: I tensorflow/core/util/port.cc:113] oneDNN custom operations are on. You may see slightly different numerical results due to floating-point round-off errors from different computation orders. To turn them off, set the environment variable `TF_ENABLE_ONEDNN_OPTS=0`.
2024-02-23 05:22:03.821232: I tensorflow/core/util/port.cc:113] oneDNN custom operations are on. You may see slightly different numerical results due to floating-point round-off errors from different computation orders. To turn them off, set the environment variable `TF_ENABLE_ONEDNN_OPTS=0`.
2024-02-23 05:22:03.821234: I tensorflow/core/util/port.cc:113] oneDNN custom operations are on. You may see slightly different numerical results due to floating-point round-off errors from different computation orders. To turn them off, set the environment variable `TF_ENABLE_ONEDNN_OPTS=0`.
2024-02-23 05:22:03.821231: I tensorflow/core/util/port.cc:113] oneDNN custom operations are on. You may see slightly different numerical results due to floating-point round-off errors from different computation orders. To turn them off, set the environment variable `TF_ENABLE_ONEDNN_OPTS=0`.
2024-02-23 05:22:03.821241: I tensorflow/core/util/port.cc:113] oneDNN custom operations are on. You may see slightly different numerical results due to floating-point round-off errors from different computation orders. To turn them off, set the environment variable `TF_ENABLE_ONEDNN_OPTS=0`.
2024-02-23 05:22:03.821242: I tensorflow/core/util/port.cc:113] oneDNN custom operations are on. You may see slightly different numerical results due to floating-point round-off errors from different computation orders. To turn them off, set the environment variable `TF_ENABLE_ONEDNN_OPTS=0`.
2024-02-23 05:22:03.821258: I tensorflow/core/util/port.cc:113] oneDNN custom operations are on. You may see slightly different numerical results due to floating-point round-off errors from different computation orders. To turn them off, set the environment variable `TF_ENABLE_ONEDNN_OPTS=0`.
2024-02-23 05:22:03.821321: I tensorflow/core/util/port.cc:113] oneDNN custom operations are on. You may see slightly different numerical results due to floating-point round-off errors from different computation orders. To turn them off, set the environment variable `TF_ENABLE_ONEDNN_OPTS=0`.
2024-02-23 05:22:03.821515: I tensorflow/core/util/port.cc:113] oneDNN custom operations are on. You may see slightly different numerical results due to floating-point round-off errors from different computation orders. To turn them off, set the environment variable `TF_ENABLE_ONEDNN_OPTS=0`.
2024-02-23 05:22:03.822235: I tensorflow/core/util/port.cc:113] oneDNN custom operations are on. You may see slightly different numerical results due to floating-point round-off errors from different computation orders. To turn them off, set the environment variable `TF_ENABLE_ONEDNN_OPTS=0`.
2024-02-23 05:22:03.822867: I tensorflow/core/util/port.cc:113] oneDNN custom operations are on. You may see slightly different numerical results due to floating-point round-off errors from different computation orders. To turn them off, set the environment variable `TF_ENABLE_ONEDNN_OPTS=0`.
2024-02-23 05:22:03.859356: E external/local_xla/xla/stream_executor/cuda/cuda_dnn.cc:9261] Unable to register cuDNN factory: Attempting to register factory for plugin cuDNN when one has already been registered
2024-02-23 05:22:03.859354: E external/local_xla/xla/stream_executor/cuda/cuda_dnn.cc:9261] Unable to register cuDNN factory: Attempting to register factory for plugin cuDNN when one has already been registered
2024-02-23 05:22:03.859396: E external/local_xla/xla/stream_executor/cuda/cuda_fft.cc:607] Unable to register cuFFT factory: Attempting to register factory for plugin cuFFT when one has already been registered
2024-02-23 05:22:03.859447: E external/local_xla/xla/stream_executor/cuda/cuda_dnn.cc:9261] Unable to register cuDNN factory: Attempting to register factory for plugin cuDNN when one has already been registered
2024-02-23 05:22:03.859451: E external/local_xla/xla/stream_executor/cuda/cuda_dnn.cc:9261] Unable to register cuDNN factory: Attempting to register factory for plugin cuDNN when one has already been registered
2024-02-23 05:22:03.859452: E external/local_xla/xla/stream_executor/cuda/cuda_dnn.cc:9261] Unable to register cuDNN factory: Attempting to register factory for plugin cuDNN when one has already been registered
2024-02-23 05:22:03.859449: E external/local_xla/xla/stream_executor/cuda/cuda_dnn.cc:9261] Unable to register cuDNN factory: Attempting to register factory for plugin cuDNN when one has already been registered
2024-02-23 05:22:03.859448: E external/local_xla/xla/stream_executor/cuda/cuda_dnn.cc:9261] Unable to register cuDNN factory: Attempting to register factory for plugin cuDNN when one has already been registered
2024-02-23 05:22:03.859451: E external/local_xla/xla/stream_executor/cuda/cuda_dnn.cc:9261] Unable to register cuDNN factory: Attempting to register factory for plugin cuDNN when one has already been registered
2024-02-23 05:22:03.859449: E external/local_xla/xla/stream_executor/cuda/cuda_dnn.cc:9261] Unable to register cuDNN factory: Attempting to register factory for plugin cuDNN when one has already been registered
2024-02-23 05:22:03.859453: E external/local_xla/xla/stream_executor/cuda/cuda_dnn.cc:9261] Unable to register cuDNN factory: Attempting to register factory for plugin cuDNN when one has already been registered
2024-02-23 05:22:03.859449: E external/local_xla/xla/stream_executor/cuda/cuda_dnn.cc:9261] Unable to register cuDNN factory: Attempting to register factory for plugin cuDNN when one has already been registered
2024-02-23 05:22:03.859447: E external/local_xla/xla/stream_executor/cuda/cuda_dnn.cc:9261] Unable to register cuDNN factory: Attempting to register factory for plugin cuDNN when one has already been registered
2024-02-23 05:22:03.859452: E external/local_xla/xla/stream_executor/cuda/cuda_dnn.cc:9261] Unable to register cuDNN factory: Attempting to register factory for plugin cuDNN when one has already been registered
2024-02-23 05:22:03.859467: E external/local_xla/xla/stream_executor/cuda/cuda_dnn.cc:9261] Unable to register cuDNN factory: Attempting to register factory for plugin cuDNN when one has already been registered
2024-02-23 05:22:03.859449: E external/local_xla/xla/stream_executor/cuda/cuda_dnn.cc:9261] Unable to register cuDNN factory: Attempting to register factory for plugin cuDNN when one has already been registered
2024-02-23 05:22:03.859456: E external/local_xla/xla/stream_executor/cuda/cuda_dnn.cc:9261] Unable to register cuDNN factory: Attempting to register factory for plugin cuDNN when one has already been registered
2024-02-23 05:22:03.859468: E external/local_xla/xla/stream_executor/cuda/cuda_dnn.cc:9261] Unable to register cuDNN factory: Attempting to register factory for plugin cuDNN when one has already been registered
2024-02-23 05:22:03.859481: E external/local_xla/xla/stream_executor/cuda/cuda_fft.cc:607] Unable to register cuFFT factory: Attempting to register factory for plugin cuFFT when one has already been registered
2024-02-23 05:22:03.859447: E external/local_xla/xla/stream_executor/cuda/cuda_dnn.cc:9261] Unable to register cuDNN factory: Attempting to register factory for plugin cuDNN when one has already been registered
2024-02-23 05:22:03.859465: E external/local_xla/xla/stream_executor/cuda/cuda_dnn.cc:9261] Unable to register cuDNN factory: Attempting to register factory for plugin cuDNN when one has already been registered
2024-02-23 05:22:03.859468: E external/local_xla/xla/stream_executor/cuda/cuda_dnn.cc:9261] Unable to register cuDNN factory: Attempting to register factory for plugin cuDNN when one has already been registered
2024-02-23 05:22:03.859470: E external/local_xla/xla/stream_executor/cuda/cuda_dnn.cc:9261] Unable to register cuDNN factory: Attempting to register factory for plugin cuDNN when one has already been registered
2024-02-23 05:22:03.859471: E external/local_xla/xla/stream_executor/cuda/cuda_dnn.cc:9261] Unable to register cuDNN factory: Attempting to register factory for plugin cuDNN when one has already been registered
2024-02-23 05:22:03.859472: E external/local_xla/xla/stream_executor/cuda/cuda_dnn.cc:9261] Unable to register cuDNN factory: Attempting to register factory for plugin cuDNN when one has already been registered
2024-02-23 05:22:03.859484: E external/local_xla/xla/stream_executor/cuda/cuda_fft.cc:607] Unable to register cuFFT factory: Attempting to register factory for plugin cuFFT when one has already been registered
2024-02-23 05:22:03.859491: E external/local_xla/xla/stream_executor/cuda/cuda_fft.cc:607] Unable to register cuFFT factory: Attempting to register factory for plugin cuFFT when one has already been registered
2024-02-23 05:22:03.859484: E external/local_xla/xla/stream_executor/cuda/cuda_fft.cc:607] Unable to register cuFFT factory: Attempting to register factory for plugin cuFFT when one has already been registered
2024-02-23 05:22:03.859473: E external/local_xla/xla/stream_executor/cuda/cuda_dnn.cc:9261] Unable to register cuDNN factory: Attempting to register factory for plugin cuDNN when one has already been registered
2024-02-23 05:22:03.859485: E external/local_xla/xla/stream_executor/cuda/cuda_fft.cc:607] Unable to register cuFFT factory: Attempting to register factory for plugin cuFFT when one has already been registered
2024-02-23 05:22:03.859485: E external/local_xla/xla/stream_executor/cuda/cuda_fft.cc:607] Unable to register cuFFT factory: Attempting to register factory for plugin cuFFT when one has already been registered
2024-02-23 05:22:03.859485: E external/local_xla/xla/stream_executor/cuda/cuda_fft.cc:607] Unable to register cuFFT factory: Attempting to register factory for plugin cuFFT when one has already been registered
2024-02-23 05:22:03.859486: E external/local_xla/xla/stream_executor/cuda/cuda_fft.cc:607] Unable to register cuFFT factory: Attempting to register factory for plugin cuFFT when one has already been registered
2024-02-23 05:22:03.859486: E external/local_xla/xla/stream_executor/cuda/cuda_fft.cc:607] Unable to register cuFFT factory: Attempting to register factory for plugin cuFFT when one has already been registered
2024-02-23 05:22:03.859487: E external/local_xla/xla/stream_executor/cuda/cuda_fft.cc:607] Unable to register cuFFT factory: Attempting to register factory for plugin cuFFT when one has already been registered
2024-02-23 05:22:03.859488: E external/local_xla/xla/stream_executor/cuda/cuda_fft.cc:607] Unable to register cuFFT factory: Attempting to register factory for plugin cuFFT when one has already been registered
2024-02-23 05:22:03.859489: E external/local_xla/xla/stream_executor/cuda/cuda_fft.cc:607] Unable to register cuFFT factory: Attempting to register factory for plugin cuFFT when one has already been registered
2024-02-23 05:22:03.859498: E external/local_xla/xla/stream_executor/cuda/cuda_fft.cc:607] Unable to register cuFFT factory: Attempting to register factory for plugin cuFFT when one has already been registered
2024-02-23 05:22:03.859490: E external/local_xla/xla/stream_executor/cuda/cuda_fft.cc:607] Unable to register cuFFT factory: Attempting to register factory for plugin cuFFT when one has already been registered
2024-02-23 05:22:03.859490: E external/local_xla/xla/stream_executor/cuda/cuda_fft.cc:607] Unable to register cuFFT factory: Attempting to register factory for plugin cuFFT when one has already been registered
2024-02-23 05:22:03.859493: E external/local_xla/xla/stream_executor/cuda/cuda_fft.cc:607] Unable to register cuFFT factory: Attempting to register factory for plugin cuFFT when one has already been registered
2024-02-23 05:22:03.859494: E external/local_xla/xla/stream_executor/cuda/cuda_fft.cc:607] Unable to register cuFFT factory: Attempting to register factory for plugin cuFFT when one has already been registered
2024-02-23 05:22:03.859498: E external/local_xla/xla/stream_executor/cuda/cuda_fft.cc:607] Unable to register cuFFT factory: Attempting to register factory for plugin cuFFT when one has already been registered
2024-02-23 05:22:03.859498: E external/local_xla/xla/stream_executor/cuda/cuda_fft.cc:607] Unable to register cuFFT factory: Attempting to register factory for plugin cuFFT when one has already been registered
2024-02-23 05:22:03.859500: E external/local_xla/xla/stream_executor/cuda/cuda_fft.cc:607] Unable to register cuFFT factory: Attempting to register factory for plugin cuFFT when one has already been registered
2024-02-23 05:22:03.859500: E external/local_xla/xla/stream_executor/cuda/cuda_fft.cc:607] Unable to register cuFFT factory: Attempting to register factory for plugin cuFFT when one has already been registered
2024-02-23 05:22:03.859503: E external/local_xla/xla/stream_executor/cuda/cuda_fft.cc:607] Unable to register cuFFT factory: Attempting to register factory for plugin cuFFT when one has already been registered
2024-02-23 05:22:03.859494: E external/local_xla/xla/stream_executor/cuda/cuda_dnn.cc:9261] Unable to register cuDNN factory: Attempting to register factory for plugin cuDNN when one has already been registered
2024-02-23 05:22:03.859493: E external/local_xla/xla/stream_executor/cuda/cuda_dnn.cc:9261] Unable to register cuDNN factory: Attempting to register factory for plugin cuDNN when one has already been registered
2024-02-23 05:22:03.859497: E external/local_xla/xla/stream_executor/cuda/cuda_dnn.cc:9261] Unable to register cuDNN factory: Attempting to register factory for plugin cuDNN when one has already been registered
2024-02-23 05:22:03.859497: E external/local_xla/xla/stream_executor/cuda/cuda_dnn.cc:9261] Unable to register cuDNN factory: Attempting to register factory for plugin cuDNN when one has already been registered
2024-02-23 05:22:03.859499: E external/local_xla/xla/stream_executor/cuda/cuda_dnn.cc:9261] Unable to register cuDNN factory: Attempting to register factory for plugin cuDNN when one has already been registered
2024-02-23 05:22:03.859500: E external/local_xla/xla/stream_executor/cuda/cuda_dnn.cc:9261] Unable to register cuDNN factory: Attempting to register factory for plugin cuDNN when one has already been registered
2024-02-23 05:22:03.859499: E external/local_xla/xla/stream_executor/cuda/cuda_dnn.cc:9261] Unable to register cuDNN factory: Attempting to register factory for plugin cuDNN when one has already been registered
2024-02-23 05:22:03.859502: E external/local_xla/xla/stream_executor/cuda/cuda_dnn.cc:9261] Unable to register cuDNN factory: Attempting to register factory for plugin cuDNN when one has already been registered
2024-02-23 05:22:03.859502: E external/local_xla/xla/stream_executor/cuda/cuda_dnn.cc:9261] Unable to register cuDNN factory: Attempting to register factory for plugin cuDNN when one has already been registered
2024-02-23 05:22:03.859516: E external/local_xla/xla/stream_executor/cuda/cuda_fft.cc:607] Unable to register cuFFT factory: Attempting to register factory for plugin cuFFT when one has already been registered
2024-02-23 05:22:03.859516: E external/local_xla/xla/stream_executor/cuda/cuda_fft.cc:607] Unable to register cuFFT factory: Attempting to register factory for plugin cuFFT when one has already been registered
2024-02-23 05:22:03.859505: E external/local_xla/xla/stream_executor/cuda/cuda_dnn.cc:9261] Unable to register cuDNN factory: Attempting to register factory for plugin cuDNN when one has already been registered
2024-02-23 05:22:03.859518: E external/local_xla/xla/stream_executor/cuda/cuda_fft.cc:607] Unable to register cuFFT factory: Attempting to register factory for plugin cuFFT when one has already been registered
2024-02-23 05:22:03.859507: E external/local_xla/xla/stream_executor/cuda/cuda_dnn.cc:9261] Unable to register cuDNN factory: Attempting to register factory for plugin cuDNN when one has already been registered
2024-02-23 05:22:03.859519: E external/local_xla/xla/stream_executor/cuda/cuda_fft.cc:607] Unable to register cuFFT factory: Attempting to register factory for plugin cuFFT when one has already been registered
2024-02-23 05:22:03.859508: E external/local_xla/xla/stream_executor/cuda/cuda_dnn.cc:9261] Unable to register cuDNN factory: Attempting to register factory for plugin cuDNN when one has already been registered
2024-02-23 05:22:03.859519: E external/local_xla/xla/stream_executor/cuda/cuda_fft.cc:607] Unable to register cuFFT factory: Attempting to register factory for plugin cuFFT when one has already been registered
2024-02-23 05:22:03.859520: E external/local_xla/xla/stream_executor/cuda/cuda_fft.cc:607] Unable to register cuFFT factory: Attempting to register factory for plugin cuFFT when one has already been registered
2024-02-23 05:22:03.859522: E external/local_xla/xla/stream_executor/cuda/cuda_fft.cc:607] Unable to register cuFFT factory: Attempting to register factory for plugin cuFFT when one has already been registered
2024-02-23 05:22:03.859523: E external/local_xla/xla/stream_executor/cuda/cuda_fft.cc:607] Unable to register cuFFT factory: Attempting to register factory for plugin cuFFT when one has already been registered
2024-02-23 05:22:03.859523: E external/local_xla/xla/stream_executor/cuda/cuda_fft.cc:607] Unable to register cuFFT factory: Attempting to register factory for plugin cuFFT when one has already been registered
2024-02-23 05:22:03.859526: E external/local_xla/xla/stream_executor/cuda/cuda_fft.cc:607] Unable to register cuFFT factory: Attempting to register factory for plugin cuFFT when one has already been registered
2024-02-23 05:22:03.859516: E external/local_xla/xla/stream_executor/cuda/cuda_dnn.cc:9261] Unable to register cuDNN factory: Attempting to register factory for plugin cuDNN when one has already been registered
2024-02-23 05:22:03.859528: E external/local_xla/xla/stream_executor/cuda/cuda_fft.cc:607] Unable to register cuFFT factory: Attempting to register factory for plugin cuFFT when one has already been registered
2024-02-23 05:22:03.859531: E external/local_xla/xla/stream_executor/cuda/cuda_fft.cc:607] Unable to register cuFFT factory: Attempting to register factory for plugin cuFFT when one has already been registered
2024-02-23 05:22:03.859525: E external/local_xla/xla/stream_executor/cuda/cuda_dnn.cc:9261] Unable to register cuDNN factory: Attempting to register factory for plugin cuDNN when one has already been registered
2024-02-23 05:22:03.859526: E external/local_xla/xla/stream_executor/cuda/cuda_dnn.cc:9261] Unable to register cuDNN factory: Attempting to register factory for plugin cuDNN when one has already been registered
2024-02-23 05:22:03.859538: E external/local_xla/xla/stream_executor/cuda/cuda_fft.cc:607] Unable to register cuFFT factory: Attempting to register factory for plugin cuFFT when one has already been registered
2024-02-23 05:22:03.859525: E external/local_xla/xla/stream_executor/cuda/cuda_dnn.cc:9261] Unable to register cuDNN factory: Attempting to register factory for plugin cuDNN when one has already been registered
2024-02-23 05:22:03.859527: E external/local_xla/xla/stream_executor/cuda/cuda_dnn.cc:9261] Unable to register cuDNN factory: Attempting to register factory for plugin cuDNN when one has already been registered
2024-02-23 05:22:03.859533: E external/local_xla/xla/stream_executor/cuda/cuda_dnn.cc:9261] Unable to register cuDNN factory: Attempting to register factory for plugin cuDNN when one has already been registered
2024-02-23 05:22:03.859544: E external/local_xla/xla/stream_executor/cuda/cuda_fft.cc:607] Unable to register cuFFT factory: Attempting to register factory for plugin cuFFT when one has already been registered
2024-02-23 05:22:03.859546: E external/local_xla/xla/stream_executor/cuda/cuda_fft.cc:607] Unable to register cuFFT factory: Attempting to register factory for plugin cuFFT when one has already been registered
2024-02-23 05:22:03.859547: E external/local_xla/xla/stream_executor/cuda/cuda_fft.cc:607] Unable to register cuFFT factory: Attempting to register factory for plugin cuFFT when one has already been registered
2024-02-23 05:22:03.859536: E external/local_xla/xla/stream_executor/cuda/cuda_dnn.cc:9261] Unable to register cuDNN factory: Attempting to register factory for plugin cuDNN when one has already been registered
2024-02-23 05:22:03.859549: E external/local_xla/xla/stream_executor/cuda/cuda_fft.cc:607] Unable to register cuFFT factory: Attempting to register factory for plugin cuFFT when one has already been registered
2024-02-23 05:22:03.859537: E external/local_xla/xla/stream_executor/cuda/cuda_dnn.cc:9261] Unable to register cuDNN factory: Attempting to register factory for plugin cuDNN when one has already been registered
2024-02-23 05:22:03.859552: E external/local_xla/xla/stream_executor/cuda/cuda_fft.cc:607] Unable to register cuFFT factory: Attempting to register factory for plugin cuFFT when one has already been registered
2024-02-23 05:22:03.859557: E external/local_xla/xla/stream_executor/cuda/cuda_fft.cc:607] Unable to register cuFFT factory: Attempting to register factory for plugin cuFFT when one has already been registered
2024-02-23 05:22:03.859560: E external/local_xla/xla/stream_executor/cuda/cuda_fft.cc:607] Unable to register cuFFT factory: Attempting to register factory for plugin cuFFT when one has already been registered
2024-02-23 05:22:03.859595: E external/local_xla/xla/stream_executor/cuda/cuda_dnn.cc:9261] Unable to register cuDNN factory: Attempting to register factory for plugin cuDNN when one has already been registered
2024-02-23 05:22:03.859616: E external/local_xla/xla/stream_executor/cuda/cuda_fft.cc:607] Unable to register cuFFT factory: Attempting to register factory for plugin cuFFT when one has already been registered
2024-02-23 05:22:03.859644: E external/local_xla/xla/stream_executor/cuda/cuda_fft.cc:607] Unable to register cuFFT factory: Attempting to register factory for plugin cuFFT when one has already been registered
2024-02-23 05:22:03.859758: E external/local_xla/xla/stream_executor/cuda/cuda_dnn.cc:9261] Unable to register cuDNN factory: Attempting to register factory for plugin cuDNN when one has already been registered
2024-02-23 05:22:03.859812: E external/local_xla/xla/stream_executor/cuda/cuda_fft.cc:607] Unable to register cuFFT factory: Attempting to register factory for plugin cuFFT when one has already been registered
2024-02-23 05:22:03.860482: E external/local_xla/xla/stream_executor/cuda/cuda_dnn.cc:9261] Unable to register cuDNN factory: Attempting to register factory for plugin cuDNN when one has already been registered
2024-02-23 05:22:03.860534: E external/local_xla/xla/stream_executor/cuda/cuda_fft.cc:607] Unable to register cuFFT factory: Attempting to register factory for plugin cuFFT when one has already been registered
2024-02-23 05:22:03.860543: E external/local_xla/xla/stream_executor/cuda/cuda_blas.cc:1515] Unable to register cuBLAS factory: Attempting to register factory for plugin cuBLAS when one has already been registered
2024-02-23 05:22:03.860544: E external/local_xla/xla/stream_executor/cuda/cuda_blas.cc:1515] Unable to register cuBLAS factory: Attempting to register factory for plugin cuBLAS when one has already been registered
2024-02-23 05:22:03.860723: E external/local_xla/xla/stream_executor/cuda/cuda_blas.cc:1515] Unable to register cuBLAS factory: Attempting to register factory for plugin cuBLAS when one has already been registered
2024-02-23 05:22:03.860723: E external/local_xla/xla/stream_executor/cuda/cuda_blas.cc:1515] Unable to register cuBLAS factory: Attempting to register factory for plugin cuBLAS when one has already been registered
2024-02-23 05:22:03.860725: E external/local_xla/xla/stream_executor/cuda/cuda_blas.cc:1515] Unable to register cuBLAS factory: Attempting to register factory for plugin cuBLAS when one has already been registered
2024-02-23 05:22:03.860729: E external/local_xla/xla/stream_executor/cuda/cuda_blas.cc:1515] Unable to register cuBLAS factory: Attempting to register factory for plugin cuBLAS when one has already been registered
2024-02-23 05:22:03.860729: E external/local_xla/xla/stream_executor/cuda/cuda_blas.cc:1515] Unable to register cuBLAS factory: Attempting to register factory for plugin cuBLAS when one has already been registered
2024-02-23 05:22:03.860728: E external/local_xla/xla/stream_executor/cuda/cuda_blas.cc:1515] Unable to register cuBLAS factory: Attempting to register factory for plugin cuBLAS when one has already been registered
2024-02-23 05:22:03.860731: E external/local_xla/xla/stream_executor/cuda/cuda_blas.cc:1515] Unable to register cuBLAS factory: Attempting to register factory for plugin cuBLAS when one has already been registered
2024-02-23 05:22:03.860732: E external/local_xla/xla/stream_executor/cuda/cuda_blas.cc:1515] Unable to register cuBLAS factory: Attempting to register factory for plugin cuBLAS when one has already been registered
2024-02-23 05:22:03.860733: E external/local_xla/xla/stream_executor/cuda/cuda_blas.cc:1515] Unable to register cuBLAS factory: Attempting to register factory for plugin cuBLAS when one has already been registered
2024-02-23 05:22:03.860736: E external/local_xla/xla/stream_executor/cuda/cuda_blas.cc:1515] Unable to register cuBLAS factory: Attempting to register factory for plugin cuBLAS when one has already been registered
2024-02-23 05:22:03.860738: E external/local_xla/xla/stream_executor/cuda/cuda_blas.cc:1515] Unable to register cuBLAS factory: Attempting to register factory for plugin cuBLAS when one has already been registered
2024-02-23 05:22:03.860741: E external/local_xla/xla/stream_executor/cuda/cuda_blas.cc:1515] Unable to register cuBLAS factory: Attempting to register factory for plugin cuBLAS when one has already been registered
2024-02-23 05:22:03.860741: E external/local_xla/xla/stream_executor/cuda/cuda_blas.cc:1515] Unable to register cuBLAS factory: Attempting to register factory for plugin cuBLAS when one has already been registered
2024-02-23 05:22:03.860741: E external/local_xla/xla/stream_executor/cuda/cuda_blas.cc:1515] Unable to register cuBLAS factory: Attempting to register factory for plugin cuBLAS when one has already been registered
2024-02-23 05:22:03.860743: E external/local_xla/xla/stream_executor/cuda/cuda_blas.cc:1515] Unable to register cuBLAS factory: Attempting to register factory for plugin cuBLAS when one has already been registered
2024-02-23 05:22:03.860741: E external/local_xla/xla/stream_executor/cuda/cuda_blas.cc:1515] Unable to register cuBLAS factory: Attempting to register factory for plugin cuBLAS when one has already been registered
2024-02-23 05:22:03.860742: E external/local_xla/xla/stream_executor/cuda/cuda_blas.cc:1515] Unable to register cuBLAS factory: Attempting to register factory for plugin cuBLAS when one has already been registered
2024-02-23 05:22:03.860749: E external/local_xla/xla/stream_executor/cuda/cuda_blas.cc:1515] Unable to register cuBLAS factory: Attempting to register factory for plugin cuBLAS when one has already been registered
2024-02-23 05:22:03.860749: E external/local_xla/xla/stream_executor/cuda/cuda_blas.cc:1515] Unable to register cuBLAS factory: Attempting to register factory for plugin cuBLAS when one has already been registered
2024-02-23 05:22:03.860751: E external/local_xla/xla/stream_executor/cuda/cuda_blas.cc:1515] Unable to register cuBLAS factory: Attempting to register factory for plugin cuBLAS when one has already been registered
2024-02-23 05:22:03.860773: E external/local_xla/xla/stream_executor/cuda/cuda_blas.cc:1515] Unable to register cuBLAS factory: Attempting to register factory for plugin cuBLAS when one has already been registered
2024-02-23 05:22:03.860772: E external/local_xla/xla/stream_executor/cuda/cuda_blas.cc:1515] Unable to register cuBLAS factory: Attempting to register factory for plugin cuBLAS when one has already been registered
2024-02-23 05:22:03.860780: E external/local_xla/xla/stream_executor/cuda/cuda_blas.cc:1515] Unable to register cuBLAS factory: Attempting to register factory for plugin cuBLAS when one has already been registered
2024-02-23 05:22:03.860781: E external/local_xla/xla/stream_executor/cuda/cuda_blas.cc:1515] Unable to register cuBLAS factory: Attempting to register factory for plugin cuBLAS when one has already been registered
2024-02-23 05:22:03.860783: E external/local_xla/xla/stream_executor/cuda/cuda_blas.cc:1515] Unable to register cuBLAS factory: Attempting to register factory for plugin cuBLAS when one has already been registered
2024-02-23 05:22:03.860784: E external/local_xla/xla/stream_executor/cuda/cuda_blas.cc:1515] Unable to register cuBLAS factory: Attempting to register factory for plugin cuBLAS when one has already been registered
2024-02-23 05:22:03.860783: E external/local_xla/xla/stream_executor/cuda/cuda_blas.cc:1515] Unable to register cuBLAS factory: Attempting to register factory for plugin cuBLAS when one has already been registered
2024-02-23 05:22:03.860783: E external/local_xla/xla/stream_executor/cuda/cuda_blas.cc:1515] Unable to register cuBLAS factory: Attempting to register factory for plugin cuBLAS when one has already been registered
2024-02-23 05:22:03.860785: E external/local_xla/xla/stream_executor/cuda/cuda_blas.cc:1515] Unable to register cuBLAS factory: Attempting to register factory for plugin cuBLAS when one has already been registered
2024-02-23 05:22:03.860788: E external/local_xla/xla/stream_executor/cuda/cuda_blas.cc:1515] Unable to register cuBLAS factory: Attempting to register factory for plugin cuBLAS when one has already been registered
2024-02-23 05:22:03.860785: E external/local_xla/xla/stream_executor/cuda/cuda_blas.cc:1515] Unable to register cuBLAS factory: Attempting to register factory for plugin cuBLAS when one has already been registered
2024-02-23 05:22:03.860787: E external/local_xla/xla/stream_executor/cuda/cuda_blas.cc:1515] Unable to register cuBLAS factory: Attempting to register factory for plugin cuBLAS when one has already been registered
2024-02-23 05:22:03.860787: E external/local_xla/xla/stream_executor/cuda/cuda_blas.cc:1515] Unable to register cuBLAS factory: Attempting to register factory for plugin cuBLAS when one has already been registered
2024-02-23 05:22:03.860788: E external/local_xla/xla/stream_executor/cuda/cuda_blas.cc:1515] Unable to register cuBLAS factory: Attempting to register factory for plugin cuBLAS when one has already been registered
2024-02-23 05:22:03.860789: E external/local_xla/xla/stream_executor/cuda/cuda_blas.cc:1515] Unable to register cuBLAS factory: Attempting to register factory for plugin cuBLAS when one has already been registered
2024-02-23 05:22:03.860789: E external/local_xla/xla/stream_executor/cuda/cuda_blas.cc:1515] Unable to register cuBLAS factory: Attempting to register factory for plugin cuBLAS when one has already been registered
2024-02-23 05:22:03.860790: E external/local_xla/xla/stream_executor/cuda/cuda_blas.cc:1515] Unable to register cuBLAS factory: Attempting to register factory for plugin cuBLAS when one has already been registered
2024-02-23 05:22:03.860790: E external/local_xla/xla/stream_executor/cuda/cuda_blas.cc:1515] Unable to register cuBLAS factory: Attempting to register factory for plugin cuBLAS when one has already been registered
2024-02-23 05:22:03.860801: E external/local_xla/xla/stream_executor/cuda/cuda_blas.cc:1515] Unable to register cuBLAS factory: Attempting to register factory for plugin cuBLAS when one has already been registered
2024-02-23 05:22:03.860815: E external/local_xla/xla/stream_executor/cuda/cuda_blas.cc:1515] Unable to register cuBLAS factory: Attempting to register factory for plugin cuBLAS when one has already been registered
2024-02-23 05:22:03.860819: E external/local_xla/xla/stream_executor/cuda/cuda_blas.cc:1515] Unable to register cuBLAS factory: Attempting to register factory for plugin cuBLAS when one has already been registered
2024-02-23 05:22:03.860837: E external/local_xla/xla/stream_executor/cuda/cuda_blas.cc:1515] Unable to register cuBLAS factory: Attempting to register factory for plugin cuBLAS when one has already been registered
2024-02-23 05:22:03.860840: E external/local_xla/xla/stream_executor/cuda/cuda_blas.cc:1515] Unable to register cuBLAS factory: Attempting to register factory for plugin cuBLAS when one has already been registered
2024-02-23 05:22:03.860839: E external/local_xla/xla/stream_executor/cuda/cuda_blas.cc:1515] Unable to register cuBLAS factory: Attempting to register factory for plugin cuBLAS when one has already been registered
2024-02-23 05:22:03.861500: E external/local_xla/xla/stream_executor/cuda/cuda_blas.cc:1515] Unable to register cuBLAS factory: Attempting to register factory for plugin cuBLAS when one has already been registered
2024-02-23 05:22:03.862609: E external/local_xla/xla/stream_executor/cuda/cuda_dnn.cc:9261] Unable to register cuDNN factory: Attempting to register factory for plugin cuDNN when one has already been registered
2024-02-23 05:22:03.862662: E external/local_xla/xla/stream_executor/cuda/cuda_fft.cc:607] Unable to register cuFFT factory: Attempting to register factory for plugin cuFFT when one has already been registered
2024-02-23 05:22:03.863626: E external/local_xla/xla/stream_executor/cuda/cuda_blas.cc:1515] Unable to register cuBLAS factory: Attempting to register factory for plugin cuBLAS when one has already been registered
2024-02-23 05:22:03.866635: I tensorflow/core/platform/cpu_feature_guard.cc:182] This TensorFlow binary is optimized to use available CPU instructions in performance-critical operations.
To enable the following instructions: AVX2 AVX512F AVX512_VNNI FMA, in other operations, rebuild TensorFlow with the appropriate compiler flags.
2024-02-23 05:22:03.866647: I tensorflow/core/platform/cpu_feature_guard.cc:182] This TensorFlow binary is optimized to use available CPU instructions in performance-critical operations.
To enable the following instructions: AVX2 AVX512F AVX512_VNNI FMA, in other operations, rebuild TensorFlow with the appropriate compiler flags.
2024-02-23 05:22:03.866686: I tensorflow/core/platform/cpu_feature_guard.cc:182] This TensorFlow binary is optimized to use available CPU instructions in performance-critical operations.
To enable the following instructions: AVX2 AVX512F AVX512_VNNI FMA, in other operations, rebuild TensorFlow with the appropriate compiler flags.
2024-02-23 05:22:03.866727: I tensorflow/core/platform/cpu_feature_guard.cc:182] This TensorFlow binary is optimized to use available CPU instructions in performance-critical operations.
To enable the following instructions: AVX2 AVX512F AVX512_VNNI FMA, in other operations, rebuild TensorFlow with the appropriate compiler flags.
2024-02-23 05:22:03.866727: I tensorflow/core/platform/cpu_feature_guard.cc:182] This TensorFlow binary is optimized to use available CPU instructions in performance-critical operations.
To enable the following instructions: AVX2 AVX512F AVX512_VNNI FMA, in other operations, rebuild TensorFlow with the appropriate compiler flags.
2024-02-23 05:22:03.866727: I tensorflow/core/platform/cpu_feature_guard.cc:182] This TensorFlow binary is optimized to use available CPU instructions in performance-critical operations.
To enable the following instructions: AVX2 AVX512F AVX512_VNNI FMA, in other operations, rebuild TensorFlow with the appropriate compiler flags.
2024-02-23 05:22:03.866727: I tensorflow/core/platform/cpu_feature_guard.cc:182] This TensorFlow binary is optimized to use available CPU instructions in performance-critical operations.
To enable the following instructions: AVX2 AVX512F AVX512_VNNI FMA, in other operations, rebuild TensorFlow with the appropriate compiler flags.
2024-02-23 05:22:03.866728: I tensorflow/core/platform/cpu_feature_guard.cc:182] This TensorFlow binary is optimized to use available CPU instructions in performance-critical operations.
To enable the following instructions: AVX2 AVX512F AVX512_VNNI FMA, in other operations, rebuild TensorFlow with the appropriate compiler flags.
2024-02-23 05:22:03.866728: I tensorflow/core/platform/cpu_feature_guard.cc:182] This TensorFlow binary is optimized to use available CPU instructions in performance-critical operations.
To enable the following instructions: AVX2 AVX512F AVX512_VNNI FMA, in other operations, rebuild TensorFlow with the appropriate compiler flags.
2024-02-23 05:22:03.866733: I tensorflow/core/platform/cpu_feature_guard.cc:182] This TensorFlow binary is optimized to use available CPU instructions in performance-critical operations.
To enable the following instructions: AVX2 AVX512F AVX512_VNNI FMA, in other operations, rebuild TensorFlow with the appropriate compiler flags.
2024-02-23 05:22:03.866737: I tensorflow/core/platform/cpu_feature_guard.cc:182] This TensorFlow binary is optimized to use available CPU instructions in performance-critical operations.
To enable the following instructions: AVX2 AVX512F AVX512_VNNI FMA, in other operations, rebuild TensorFlow with the appropriate compiler flags.
2024-02-23 05:22:03.866739: I tensorflow/core/platform/cpu_feature_guard.cc:182] This TensorFlow binary is optimized to use available CPU instructions in performance-critical operations.
To enable the following instructions: AVX2 AVX512F AVX512_VNNI FMA, in other operations, rebuild TensorFlow with the appropriate compiler flags.
2024-02-23 05:22:03.866749: I tensorflow/core/platform/cpu_feature_guard.cc:182] This TensorFlow binary is optimized to use available CPU instructions in performance-critical operations.
To enable the following instructions: AVX2 AVX512F AVX512_VNNI FMA, in other operations, rebuild TensorFlow with the appropriate compiler flags.
2024-02-23 05:22:03.866751: I tensorflow/core/platform/cpu_feature_guard.cc:182] This TensorFlow binary is optimized to use available CPU instructions in performance-critical operations.
To enable the following instructions: AVX2 AVX512F AVX512_VNNI FMA, in other operations, rebuild TensorFlow with the appropriate compiler flags.
2024-02-23 05:22:03.866752: I tensorflow/core/platform/cpu_feature_guard.cc:182] This TensorFlow binary is optimized to use available CPU instructions in performance-critical operations.
To enable the following instructions: AVX2 AVX512F AVX512_VNNI FMA, in other operations, rebuild TensorFlow with the appropriate compiler flags.
2024-02-23 05:22:03.866764: I tensorflow/core/platform/cpu_feature_guard.cc:182] This TensorFlow binary is optimized to use available CPU instructions in performance-critical operations.
To enable the following instructions: AVX2 AVX512F AVX512_VNNI FMA, in other operations, rebuild TensorFlow with the appropriate compiler flags.
2024-02-23 05:22:03.866768: I tensorflow/core/platform/cpu_feature_guard.cc:182] This TensorFlow binary is optimized to use available CPU instructions in performance-critical operations.
To enable the following instructions: AVX2 AVX512F AVX512_VNNI FMA, in other operations, rebuild TensorFlow with the appropriate compiler flags.
2024-02-23 05:22:03.866784: I tensorflow/core/platform/cpu_feature_guard.cc:182] This TensorFlow binary is optimized to use available CPU instructions in performance-critical operations.
To enable the following instructions: AVX2 AVX512F AVX512_VNNI FMA, in other operations, rebuild TensorFlow with the appropriate compiler flags.
2024-02-23 05:22:03.866785: I tensorflow/core/platform/cpu_feature_guard.cc:182] This TensorFlow binary is optimized to use available CPU instructions in performance-critical operations.
To enable the following instructions: AVX2 AVX512F AVX512_VNNI FMA, in other operations, rebuild TensorFlow with the appropriate compiler flags.
2024-02-23 05:22:03.866789: I tensorflow/core/platform/cpu_feature_guard.cc:182] This TensorFlow binary is optimized to use available CPU instructions in performance-critical operations.
To enable the following instructions: AVX2 AVX512F AVX512_VNNI FMA, in other operations, rebuild TensorFlow with the appropriate compiler flags.
2024-02-23 05:22:03.866789: I tensorflow/core/platform/cpu_feature_guard.cc:182] This TensorFlow binary is optimized to use available CPU instructions in performance-critical operations.
To enable the following instructions: AVX2 AVX512F AVX512_VNNI FMA, in other operations, rebuild TensorFlow with the appropriate compiler flags.
2024-02-23 05:22:03.866792: I tensorflow/core/platform/cpu_feature_guard.cc:182] This TensorFlow binary is optimized to use available CPU instructions in performance-critical operations.
To enable the following instructions: AVX2 AVX512F AVX512_VNNI FMA, in other operations, rebuild TensorFlow with the appropriate compiler flags.
2024-02-23 05:22:03.866789: I tensorflow/core/platform/cpu_feature_guard.cc:182] This TensorFlow binary is optimized to use available CPU instructions in performance-critical operations.
To enable the following instructions: AVX2 AVX512F AVX512_VNNI FMA, in other operations, rebuild TensorFlow with the appropriate compiler flags.
2024-02-23 05:22:03.866790: I tensorflow/core/platform/cpu_feature_guard.cc:182] This TensorFlow binary is optimized to use available CPU instructions in performance-critical operations.
To enable the following instructions: AVX2 AVX512F AVX512_VNNI FMA, in other operations, rebuild TensorFlow with the appropriate compiler flags.
2024-02-23 05:22:03.866794: I tensorflow/core/platform/cpu_feature_guard.cc:182] This TensorFlow binary is optimized to use available CPU instructions in performance-critical operations.
To enable the following instructions: AVX2 AVX512F AVX512_VNNI FMA, in other operations, rebuild TensorFlow with the appropriate compiler flags.
2024-02-23 05:22:03.866795: I tensorflow/core/platform/cpu_feature_guard.cc:182] This TensorFlow binary is optimized to use available CPU instructions in performance-critical operations.
To enable the following instructions: AVX2 AVX512F AVX512_VNNI FMA, in other operations, rebuild TensorFlow with the appropriate compiler flags.
2024-02-23 05:22:03.866799: I tensorflow/core/platform/cpu_feature_guard.cc:182] This TensorFlow binary is optimized to use available CPU instructions in performance-critical operations.
To enable the following instructions: AVX2 AVX512F AVX512_VNNI FMA, in other operations, rebuild TensorFlow with the appropriate compiler flags.
2024-02-23 05:22:03.866803: I tensorflow/core/platform/cpu_feature_guard.cc:182] This TensorFlow binary is optimized to use available CPU instructions in performance-critical operations.
To enable the following instructions: AVX2 AVX512F AVX512_VNNI FMA, in other operations, rebuild TensorFlow with the appropriate compiler flags.
2024-02-23 05:22:03.866803: I tensorflow/core/platform/cpu_feature_guard.cc:182] This TensorFlow binary is optimized to use available CPU instructions in performance-critical operations.
To enable the following instructions: AVX2 AVX512F AVX512_VNNI FMA, in other operations, rebuild TensorFlow with the appropriate compiler flags.
2024-02-23 05:22:03.866808: I tensorflow/core/platform/cpu_feature_guard.cc:182] This TensorFlow binary is optimized to use available CPU instructions in performance-critical operations.
To enable the following instructions: AVX2 AVX512F AVX512_VNNI FMA, in other operations, rebuild TensorFlow with the appropriate compiler flags.
2024-02-23 05:22:03.866810: I tensorflow/core/platform/cpu_feature_guard.cc:182] This TensorFlow binary is optimized to use available CPU instructions in performance-critical operations.
To enable the following instructions: AVX2 AVX512F AVX512_VNNI FMA, in other operations, rebuild TensorFlow with the appropriate compiler flags.
2024-02-23 05:22:03.866811: I tensorflow/core/platform/cpu_feature_guard.cc:182] This TensorFlow binary is optimized to use available CPU instructions in performance-critical operations.
To enable the following instructions: AVX2 AVX512F AVX512_VNNI FMA, in other operations, rebuild TensorFlow with the appropriate compiler flags.
2024-02-23 05:22:03.866813: I tensorflow/core/platform/cpu_feature_guard.cc:182] This TensorFlow binary is optimized to use available CPU instructions in performance-critical operations.
To enable the following instructions: AVX2 AVX512F AVX512_VNNI FMA, in other operations, rebuild TensorFlow with the appropriate compiler flags.
2024-02-23 05:22:03.866816: I tensorflow/core/platform/cpu_feature_guard.cc:182] This TensorFlow binary is optimized to use available CPU instructions in performance-critical operations.
To enable the following instructions: AVX2 AVX512F AVX512_VNNI FMA, in other operations, rebuild TensorFlow with the appropriate compiler flags.
2024-02-23 05:22:03.866828: I tensorflow/core/platform/cpu_feature_guard.cc:182] This TensorFlow binary is optimized to use available CPU instructions in performance-critical operations.
To enable the following instructions: AVX2 AVX512F AVX512_VNNI FMA, in other operations, rebuild TensorFlow with the appropriate compiler flags.
2024-02-23 05:22:03.866838: I tensorflow/core/platform/cpu_feature_guard.cc:182] This TensorFlow binary is optimized to use available CPU instructions in performance-critical operations.
To enable the following instructions: AVX2 AVX512F AVX512_VNNI FMA, in other operations, rebuild TensorFlow with the appropriate compiler flags.
2024-02-23 05:22:03.866922: I tensorflow/core/platform/cpu_feature_guard.cc:182] This TensorFlow binary is optimized to use available CPU instructions in performance-critical operations.
To enable the following instructions: AVX2 AVX512F AVX512_VNNI FMA, in other operations, rebuild TensorFlow with the appropriate compiler flags.
2024-02-23 05:22:03.866939: I tensorflow/core/platform/cpu_feature_guard.cc:182] This TensorFlow binary is optimized to use available CPU instructions in performance-critical operations.
To enable the following instructions: AVX2 AVX512F AVX512_VNNI FMA, in other operations, rebuild TensorFlow with the appropriate compiler flags.
2024-02-23 05:22:03.866953: I tensorflow/core/platform/cpu_feature_guard.cc:182] This TensorFlow binary is optimized to use available CPU instructions in performance-critical operations.
To enable the following instructions: AVX2 AVX512F AVX512_VNNI FMA, in other operations, rebuild TensorFlow with the appropriate compiler flags.
2024-02-23 05:22:03.866956: I tensorflow/core/platform/cpu_feature_guard.cc:182] This TensorFlow binary is optimized to use available CPU instructions in performance-critical operations.
To enable the following instructions: AVX2 AVX512F AVX512_VNNI FMA, in other operations, rebuild TensorFlow with the appropriate compiler flags.
2024-02-23 05:22:03.866976: I tensorflow/core/platform/cpu_feature_guard.cc:182] This TensorFlow binary is optimized to use available CPU instructions in performance-critical operations.
To enable the following instructions: AVX2 AVX512F AVX512_VNNI FMA, in other operations, rebuild TensorFlow with the appropriate compiler flags.
2024-02-23 05:22:03.866979: I tensorflow/core/platform/cpu_feature_guard.cc:182] This TensorFlow binary is optimized to use available CPU instructions in performance-critical operations.
To enable the following instructions: AVX2 AVX512F AVX512_VNNI FMA, in other operations, rebuild TensorFlow with the appropriate compiler flags.
2024-02-23 05:22:03.866988: I tensorflow/core/platform/cpu_feature_guard.cc:182] This TensorFlow binary is optimized to use available CPU instructions in performance-critical operations.
To enable the following instructions: AVX2 AVX512F AVX512_VNNI FMA, in other operations, rebuild TensorFlow with the appropriate compiler flags.
2024-02-23 05:22:03.866993: I tensorflow/core/platform/cpu_feature_guard.cc:182] This TensorFlow binary is optimized to use available CPU instructions in performance-critical operations.
To enable the following instructions: AVX2 AVX512F AVX512_VNNI FMA, in other operations, rebuild TensorFlow with the appropriate compiler flags.
2024-02-23 05:22:03.866995: I tensorflow/core/platform/cpu_feature_guard.cc:182] This TensorFlow binary is optimized to use available CPU instructions in performance-critical operations.
To enable the following instructions: AVX2 AVX512F AVX512_VNNI FMA, in other operations, rebuild TensorFlow with the appropriate compiler flags.
2024-02-23 05:22:03.867011: I tensorflow/core/platform/cpu_feature_guard.cc:182] This TensorFlow binary is optimized to use available CPU instructions in performance-critical operations.
To enable the following instructions: AVX2 AVX512F AVX512_VNNI FMA, in other operations, rebuild TensorFlow with the appropriate compiler flags.
2024-02-23 05:22:03.867064: I tensorflow/core/platform/cpu_feature_guard.cc:182] This TensorFlow binary is optimized to use available CPU instructions in performance-critical operations.
To enable the following instructions: AVX2 AVX512F AVX512_VNNI FMA, in other operations, rebuild TensorFlow with the appropriate compiler flags.
2024-02-23 05:22:03.869209: I tensorflow/core/platform/cpu_feature_guard.cc:182] This TensorFlow binary is optimized to use available CPU instructions in performance-critical operations.
To enable the following instructions: AVX2 AVX512F AVX512_VNNI FMA, in other operations, rebuild TensorFlow with the appropriate compiler flags.
2024-02-23 05:22:06.449610: W tensorflow/compiler/tf2tensorrt/utils/py_utils.cc:38] TF-TRT Warning: Could not find TensorRT
2024-02-23 05:22:06.449610: W tensorflow/compiler/tf2tensorrt/utils/py_utils.cc:38] TF-TRT Warning: Could not find TensorRT
2024-02-23 05:22:06.449610: W tensorflow/compiler/tf2tensorrt/utils/py_utils.cc:38] TF-TRT Warning: Could not find TensorRT
2024-02-23 05:22:06.449640: W tensorflow/compiler/tf2tensorrt/utils/py_utils.cc:38] TF-TRT Warning: Could not find TensorRT
2024-02-23 05:22:06.449706: W tensorflow/compiler/tf2tensorrt/utils/py_utils.cc:38] TF-TRT Warning: Could not find TensorRT
2024-02-23 05:22:06.449711: W tensorflow/compiler/tf2tensorrt/utils/py_utils.cc:38] TF-TRT Warning: Could not find TensorRT
2024-02-23 05:22:06.449763: W tensorflow/compiler/tf2tensorrt/utils/py_utils.cc:38] TF-TRT Warning: Could not find TensorRT
2024-02-23 05:22:06.449768: W tensorflow/compiler/tf2tensorrt/utils/py_utils.cc:38] TF-TRT Warning: Could not find TensorRT
2024-02-23 05:22:06.449875: W tensorflow/compiler/tf2tensorrt/utils/py_utils.cc:38] TF-TRT Warning: Could not find TensorRT
2024-02-23 05:22:06.449877: W tensorflow/compiler/tf2tensorrt/utils/py_utils.cc:38] TF-TRT Warning: Could not find TensorRT
2024-02-23 05:22:06.449876: W tensorflow/compiler/tf2tensorrt/utils/py_utils.cc:38] TF-TRT Warning: Could not find TensorRT
2024-02-23 05:22:06.449943: W tensorflow/compiler/tf2tensorrt/utils/py_utils.cc:38] TF-TRT Warning: Could not find TensorRT
2024-02-23 05:22:06.449947: W tensorflow/compiler/tf2tensorrt/utils/py_utils.cc:38] TF-TRT Warning: Could not find TensorRT
2024-02-23 05:22:06.449949: W tensorflow/compiler/tf2tensorrt/utils/py_utils.cc:38] TF-TRT Warning: Could not find TensorRT
2024-02-23 05:22:06.449950: W tensorflow/compiler/tf2tensorrt/utils/py_utils.cc:38] TF-TRT Warning: Could not find TensorRT
2024-02-23 05:22:06.449999: W tensorflow/compiler/tf2tensorrt/utils/py_utils.cc:38] TF-TRT Warning: Could not find TensorRT
2024-02-23 05:22:06.450005: W tensorflow/compiler/tf2tensorrt/utils/py_utils.cc:38] TF-TRT Warning: Could not find TensorRT
2024-02-23 05:22:06.450016: W tensorflow/compiler/tf2tensorrt/utils/py_utils.cc:38] TF-TRT Warning: Could not find TensorRT
2024-02-23 05:22:06.450050: W tensorflow/compiler/tf2tensorrt/utils/py_utils.cc:38] TF-TRT Warning: Could not find TensorRT
2024-02-23 05:22:06.450100: W tensorflow/compiler/tf2tensorrt/utils/py_utils.cc:38] TF-TRT Warning: Could not find TensorRT
2024-02-23 05:22:06.450111: W tensorflow/compiler/tf2tensorrt/utils/py_utils.cc:38] TF-TRT Warning: Could not find TensorRT
2024-02-23 05:22:06.450136: W tensorflow/compiler/tf2tensorrt/utils/py_utils.cc:38] TF-TRT Warning: Could not find TensorRT
2024-02-23 05:22:06.450141: W tensorflow/compiler/tf2tensorrt/utils/py_utils.cc:38] TF-TRT Warning: Could not find TensorRT
2024-02-23 05:22:06.450154: W tensorflow/compiler/tf2tensorrt/utils/py_utils.cc:38] TF-TRT Warning: Could not find TensorRT
2024-02-23 05:22:06.450163: W tensorflow/compiler/tf2tensorrt/utils/py_utils.cc:38] TF-TRT Warning: Could not find TensorRT
2024-02-23 05:22:06.450197: W tensorflow/compiler/tf2tensorrt/utils/py_utils.cc:38] TF-TRT Warning: Could not find TensorRT
2024-02-23 05:22:06.450298: W tensorflow/compiler/tf2tensorrt/utils/py_utils.cc:38] TF-TRT Warning: Could not find TensorRT
2024-02-23 05:22:06.450331: W tensorflow/compiler/tf2tensorrt/utils/py_utils.cc:38] TF-TRT Warning: Could not find TensorRT
2024-02-23 05:22:06.450379: W tensorflow/compiler/tf2tensorrt/utils/py_utils.cc:38] TF-TRT Warning: Could not find TensorRT
2024-02-23 05:22:06.450408: W tensorflow/compiler/tf2tensorrt/utils/py_utils.cc:38] TF-TRT Warning: Could not find TensorRT
2024-02-23 05:22:06.450417: W tensorflow/compiler/tf2tensorrt/utils/py_utils.cc:38] TF-TRT Warning: Could not find TensorRT
2024-02-23 05:22:06.450424: W tensorflow/compiler/tf2tensorrt/utils/py_utils.cc:38] TF-TRT Warning: Could not find TensorRT
2024-02-23 05:22:06.450428: W tensorflow/compiler/tf2tensorrt/utils/py_utils.cc:38] TF-TRT Warning: Could not find TensorRT
2024-02-23 05:22:06.450452: W tensorflow/compiler/tf2tensorrt/utils/py_utils.cc:38] TF-TRT Warning: Could not find TensorRT
2024-02-23 05:22:06.450460: W tensorflow/compiler/tf2tensorrt/utils/py_utils.cc:38] TF-TRT Warning: Could not find TensorRT
2024-02-23 05:22:06.450461: W tensorflow/compiler/tf2tensorrt/utils/py_utils.cc:38] TF-TRT Warning: Could not find TensorRT
2024-02-23 05:22:06.450473: W tensorflow/compiler/tf2tensorrt/utils/py_utils.cc:38] TF-TRT Warning: Could not find TensorRT
2024-02-23 05:22:06.450483: W tensorflow/compiler/tf2tensorrt/utils/py_utils.cc:38] TF-TRT Warning: Could not find TensorRT
2024-02-23 05:22:06.450487: W tensorflow/compiler/tf2tensorrt/utils/py_utils.cc:38] TF-TRT Warning: Could not find TensorRT
2024-02-23 05:22:06.450505: W tensorflow/compiler/tf2tensorrt/utils/py_utils.cc:38] TF-TRT Warning: Could not find TensorRT
2024-02-23 05:22:06.450564: W tensorflow/compiler/tf2tensorrt/utils/py_utils.cc:38] TF-TRT Warning: Could not find TensorRT
2024-02-23 05:22:06.450581: W tensorflow/compiler/tf2tensorrt/utils/py_utils.cc:38] TF-TRT Warning: Could not find TensorRT
2024-02-23 05:22:06.450649: W tensorflow/compiler/tf2tensorrt/utils/py_utils.cc:38] TF-TRT Warning: Could not find TensorRT
2024-02-23 05:22:06.450665: W tensorflow/compiler/tf2tensorrt/utils/py_utils.cc:38] TF-TRT Warning: Could not find TensorRT
2024-02-23 05:22:06.451121: W tensorflow/compiler/tf2tensorrt/utils/py_utils.cc:38] TF-TRT Warning: Could not find TensorRT
2024-02-23 05:22:06.451194: W tensorflow/compiler/tf2tensorrt/utils/py_utils.cc:38] TF-TRT Warning: Could not find TensorRT
2024-02-23 05:22:06.452247: W tensorflow/compiler/tf2tensorrt/utils/py_utils.cc:38] TF-TRT Warning: Could not find TensorRT
2024-02-23 05:22:06.453800: W tensorflow/compiler/tf2tensorrt/utils/py_utils.cc:38] TF-TRT Warning: Could not find TensorRT
WARNING:tensorflow:From /home/ketrong/miniconda3/envs/tpot2devenv/lib/python3.10/site-packages/tensorflow/python/compat/v2_compat.py:108: disable_resource_variables (from tensorflow.python.ops.variable_scope) is deprecated and will be removed in a future version.
Instructions for updating:
non-resource variables are not supported in the long term
WARNING:tensorflow:From /home/ketrong/miniconda3/envs/tpot2devenv/lib/python3.10/site-packages/tensorflow/python/compat/v2_compat.py:108: disable_resource_variables (from tensorflow.python.ops.variable_scope) is deprecated and will be removed in a future version.
Instructions for updating:
non-resource variables are not supported in the long term
WARNING:tensorflow:From /home/ketrong/miniconda3/envs/tpot2devenv/lib/python3.10/site-packages/tensorflow/python/compat/v2_compat.py:108: disable_resource_variables (from tensorflow.python.ops.variable_scope) is deprecated and will be removed in a future version.
Instructions for updating:
non-resource variables are not supported in the long term
WARNING:tensorflow:From /home/ketrong/miniconda3/envs/tpot2devenv/lib/python3.10/site-packages/tensorflow/python/compat/v2_compat.py:108: disable_resource_variables (from tensorflow.python.ops.variable_scope) is deprecated and will be removed in a future version.
Instructions for updating:
non-resource variables are not supported in the long term
WARNING:tensorflow:From /home/ketrong/miniconda3/envs/tpot2devenv/lib/python3.10/site-packages/tensorflow/python/compat/v2_compat.py:108: disable_resource_variables (from tensorflow.python.ops.variable_scope) is deprecated and will be removed in a future version.
Instructions for updating:
non-resource variables are not supported in the long term
WARNING:tensorflow:From /home/ketrong/miniconda3/envs/tpot2devenv/lib/python3.10/site-packages/tensorflow/python/compat/v2_compat.py:108: disable_resource_variables (from tensorflow.python.ops.variable_scope) is deprecated and will be removed in a future version.
Instructions for updating:
non-resource variables are not supported in the long term
WARNING:tensorflow:From /home/ketrong/miniconda3/envs/tpot2devenv/lib/python3.10/site-packages/tensorflow/python/compat/v2_compat.py:108: disable_resource_variables (from tensorflow.python.ops.variable_scope) is deprecated and will be removed in a future version.
Instructions for updating:
non-resource variables are not supported in the long term
WARNING:tensorflow:From /home/ketrong/miniconda3/envs/tpot2devenv/lib/python3.10/site-packages/tensorflow/python/compat/v2_compat.py:108: disable_resource_variables (from tensorflow.python.ops.variable_scope) is deprecated and will be removed in a future version.
Instructions for updating:
non-resource variables are not supported in the long term
WARNING:tensorflow:From /home/ketrong/miniconda3/envs/tpot2devenv/lib/python3.10/site-packages/tensorflow/python/compat/v2_compat.py:108: disable_resource_variables (from tensorflow.python.ops.variable_scope) is deprecated and will be removed in a future version.
Instructions for updating:
non-resource variables are not supported in the long term
WARNING:tensorflow:From /home/ketrong/miniconda3/envs/tpot2devenv/lib/python3.10/site-packages/tensorflow/python/compat/v2_compat.py:108: disable_resource_variables (from tensorflow.python.ops.variable_scope) is deprecated and will be removed in a future version.
Instructions for updating:
non-resource variables are not supported in the long term
WARNING:tensorflow:From /home/ketrong/miniconda3/envs/tpot2devenv/lib/python3.10/site-packages/tensorflow/python/compat/v2_compat.py:108: disable_resource_variables (from tensorflow.python.ops.variable_scope) is deprecated and will be removed in a future version.
Instructions for updating:
non-resource variables are not supported in the long term
WARNING:tensorflow:From /home/ketrong/miniconda3/envs/tpot2devenv/lib/python3.10/site-packages/tensorflow/python/compat/v2_compat.py:108: disable_resource_variables (from tensorflow.python.ops.variable_scope) is deprecated and will be removed in a future version.
Instructions for updating:
non-resource variables are not supported in the long term
WARNING:tensorflow:From /home/ketrong/miniconda3/envs/tpot2devenv/lib/python3.10/site-packages/tensorflow/python/compat/v2_compat.py:108: disable_resource_variables (from tensorflow.python.ops.variable_scope) is deprecated and will be removed in a future version.
Instructions for updating:
non-resource variables are not supported in the long term
WARNING:tensorflow:From /home/ketrong/miniconda3/envs/tpot2devenv/lib/python3.10/site-packages/tensorflow/python/compat/v2_compat.py:108: disable_resource_variables (from tensorflow.python.ops.variable_scope) is deprecated and will be removed in a future version.
Instructions for updating:
non-resource variables are not supported in the long term
WARNING:tensorflow:From /home/ketrong/miniconda3/envs/tpot2devenv/lib/python3.10/site-packages/tensorflow/python/compat/v2_compat.py:108: disable_resource_variables (from tensorflow.python.ops.variable_scope) is deprecated and will be removed in a future version.
Instructions for updating:
non-resource variables are not supported in the long term
WARNING:tensorflow:From /home/ketrong/miniconda3/envs/tpot2devenv/lib/python3.10/site-packages/tensorflow/python/compat/v2_compat.py:108: disable_resource_variables (from tensorflow.python.ops.variable_scope) is deprecated and will be removed in a future version.
Instructions for updating:
non-resource variables are not supported in the long term
WARNING:tensorflow:From /home/ketrong/miniconda3/envs/tpot2devenv/lib/python3.10/site-packages/tensorflow/python/compat/v2_compat.py:108: disable_resource_variables (from tensorflow.python.ops.variable_scope) is deprecated and will be removed in a future version.
Instructions for updating:
non-resource variables are not supported in the long term
WARNING:tensorflow:From /home/ketrong/miniconda3/envs/tpot2devenv/lib/python3.10/site-packages/tensorflow/python/compat/v2_compat.py:108: disable_resource_variables (from tensorflow.python.ops.variable_scope) is deprecated and will be removed in a future version.
Instructions for updating:
non-resource variables are not supported in the long term
WARNING:tensorflow:From /home/ketrong/miniconda3/envs/tpot2devenv/lib/python3.10/site-packages/tensorflow/python/compat/v2_compat.py:108: disable_resource_variables (from tensorflow.python.ops.variable_scope) is deprecated and will be removed in a future version.
Instructions for updating:
non-resource variables are not supported in the long term
WARNING:tensorflow:From /home/ketrong/miniconda3/envs/tpot2devenv/lib/python3.10/site-packages/tensorflow/python/compat/v2_compat.py:108: disable_resource_variables (from tensorflow.python.ops.variable_scope) is deprecated and will be removed in a future version.
Instructions for updating:
non-resource variables are not supported in the long term
WARNING:tensorflow:From /home/ketrong/miniconda3/envs/tpot2devenv/lib/python3.10/site-packages/tensorflow/python/compat/v2_compat.py:108: disable_resource_variables (from tensorflow.python.ops.variable_scope) is deprecated and will be removed in a future version.
Instructions for updating:
non-resource variables are not supported in the long term
WARNING:tensorflow:From /home/ketrong/miniconda3/envs/tpot2devenv/lib/python3.10/site-packages/tensorflow/python/compat/v2_compat.py:108: disable_resource_variables (from tensorflow.python.ops.variable_scope) is deprecated and will be removed in a future version.
Instructions for updating:
non-resource variables are not supported in the long term
WARNING:tensorflow:From /home/ketrong/miniconda3/envs/tpot2devenv/lib/python3.10/site-packages/tensorflow/python/compat/v2_compat.py:108: disable_resource_variables (from tensorflow.python.ops.variable_scope) is deprecated and will be removed in a future version.
Instructions for updating:
non-resource variables are not supported in the long term
WARNING:tensorflow:From /home/ketrong/miniconda3/envs/tpot2devenv/lib/python3.10/site-packages/tensorflow/python/compat/v2_compat.py:108: disable_resource_variables (from tensorflow.python.ops.variable_scope) is deprecated and will be removed in a future version.
Instructions for updating:
non-resource variables are not supported in the long term
WARNING:tensorflow:From /home/ketrong/miniconda3/envs/tpot2devenv/lib/python3.10/site-packages/tensorflow/python/compat/v2_compat.py:108: disable_resource_variables (from tensorflow.python.ops.variable_scope) is deprecated and will be removed in a future version.
Instructions for updating:
non-resource variables are not supported in the long term
WARNING:tensorflow:From /home/ketrong/miniconda3/envs/tpot2devenv/lib/python3.10/site-packages/tensorflow/python/compat/v2_compat.py:108: disable_resource_variables (from tensorflow.python.ops.variable_scope) is deprecated and will be removed in a future version.
Instructions for updating:
non-resource variables are not supported in the long term
WARNING:tensorflow:From /home/ketrong/miniconda3/envs/tpot2devenv/lib/python3.10/site-packages/tensorflow/python/compat/v2_compat.py:108: disable_resource_variables (from tensorflow.python.ops.variable_scope) is deprecated and will be removed in a future version.
Instructions for updating:
non-resource variables are not supported in the long term
WARNING:tensorflow:From /home/ketrong/miniconda3/envs/tpot2devenv/lib/python3.10/site-packages/tensorflow/python/compat/v2_compat.py:108: disable_resource_variables (from tensorflow.python.ops.variable_scope) is deprecated and will be removed in a future version.
Instructions for updating:
non-resource variables are not supported in the long term
WARNING:tensorflow:From /home/ketrong/miniconda3/envs/tpot2devenv/lib/python3.10/site-packages/tensorflow/python/compat/v2_compat.py:108: disable_resource_variables (from tensorflow.python.ops.variable_scope) is deprecated and will be removed in a future version.
Instructions for updating:
non-resource variables are not supported in the long term
WARNING:tensorflow:From /home/ketrong/miniconda3/envs/tpot2devenv/lib/python3.10/site-packages/tensorflow/python/compat/v2_compat.py:108: disable_resource_variables (from tensorflow.python.ops.variable_scope) is deprecated and will be removed in a future version.
Instructions for updating:
non-resource variables are not supported in the long term
WARNING:tensorflow:From /home/ketrong/miniconda3/envs/tpot2devenv/lib/python3.10/site-packages/tensorflow/python/compat/v2_compat.py:108: disable_resource_variables (from tensorflow.python.ops.variable_scope) is deprecated and will be removed in a future version.
Instructions for updating:
non-resource variables are not supported in the long term
WARNING:tensorflow:From /home/ketrong/miniconda3/envs/tpot2devenv/lib/python3.10/site-packages/tensorflow/python/compat/v2_compat.py:108: disable_resource_variables (from tensorflow.python.ops.variable_scope) is deprecated and will be removed in a future version.
Instructions for updating:
non-resource variables are not supported in the long term
WARNING:tensorflow:From /home/ketrong/miniconda3/envs/tpot2devenv/lib/python3.10/site-packages/tensorflow/python/compat/v2_compat.py:108: disable_resource_variables (from tensorflow.python.ops.variable_scope) is deprecated and will be removed in a future version.
Instructions for updating:
non-resource variables are not supported in the long term
WARNING:tensorflow:From /home/ketrong/miniconda3/envs/tpot2devenv/lib/python3.10/site-packages/tensorflow/python/compat/v2_compat.py:108: disable_resource_variables (from tensorflow.python.ops.variable_scope) is deprecated and will be removed in a future version.
Instructions for updating:
non-resource variables are not supported in the long term
WARNING:tensorflow:From /home/ketrong/miniconda3/envs/tpot2devenv/lib/python3.10/site-packages/tensorflow/python/compat/v2_compat.py:108: disable_resource_variables (from tensorflow.python.ops.variable_scope) is deprecated and will be removed in a future version.
Instructions for updating:
non-resource variables are not supported in the long term
WARNING:tensorflow:From /home/ketrong/miniconda3/envs/tpot2devenv/lib/python3.10/site-packages/tensorflow/python/compat/v2_compat.py:108: disable_resource_variables (from tensorflow.python.ops.variable_scope) is deprecated and will be removed in a future version.
Instructions for updating:
non-resource variables are not supported in the long term
WARNING:tensorflow:From /home/ketrong/miniconda3/envs/tpot2devenv/lib/python3.10/site-packages/tensorflow/python/compat/v2_compat.py:108: disable_resource_variables (from tensorflow.python.ops.variable_scope) is deprecated and will be removed in a future version.
Instructions for updating:
non-resource variables are not supported in the long term
WARNING:tensorflow:From /home/ketrong/miniconda3/envs/tpot2devenv/lib/python3.10/site-packages/tensorflow/python/compat/v2_compat.py:108: disable_resource_variables (from tensorflow.python.ops.variable_scope) is deprecated and will be removed in a future version.
Instructions for updating:
non-resource variables are not supported in the long term
WARNING:tensorflow:From /home/ketrong/miniconda3/envs/tpot2devenv/lib/python3.10/site-packages/tensorflow/python/compat/v2_compat.py:108: disable_resource_variables (from tensorflow.python.ops.variable_scope) is deprecated and will be removed in a future version.
Instructions for updating:
non-resource variables are not supported in the long term
WARNING:tensorflow:From /home/ketrong/miniconda3/envs/tpot2devenv/lib/python3.10/site-packages/tensorflow/python/compat/v2_compat.py:108: disable_resource_variables (from tensorflow.python.ops.variable_scope) is deprecated and will be removed in a future version.
Instructions for updating:
non-resource variables are not supported in the long term
WARNING:tensorflow:From /home/ketrong/miniconda3/envs/tpot2devenv/lib/python3.10/site-packages/tensorflow/python/compat/v2_compat.py:108: disable_resource_variables (from tensorflow.python.ops.variable_scope) is deprecated and will be removed in a future version.
Instructions for updating:
non-resource variables are not supported in the long term
WARNING:tensorflow:From /home/ketrong/miniconda3/envs/tpot2devenv/lib/python3.10/site-packages/tensorflow/python/compat/v2_compat.py:108: disable_resource_variables (from tensorflow.python.ops.variable_scope) is deprecated and will be removed in a future version.
Instructions for updating:
non-resource variables are not supported in the long term
WARNING:tensorflow:From /home/ketrong/miniconda3/envs/tpot2devenv/lib/python3.10/site-packages/tensorflow/python/compat/v2_compat.py:108: disable_resource_variables (from tensorflow.python.ops.variable_scope) is deprecated and will be removed in a future version.
Instructions for updating:
non-resource variables are not supported in the long term
WARNING:tensorflow:From /home/ketrong/miniconda3/envs/tpot2devenv/lib/python3.10/site-packages/tensorflow/python/compat/v2_compat.py:108: disable_resource_variables (from tensorflow.python.ops.variable_scope) is deprecated and will be removed in a future version.
Instructions for updating:
non-resource variables are not supported in the long term
WARNING:tensorflow:From /home/ketrong/miniconda3/envs/tpot2devenv/lib/python3.10/site-packages/tensorflow/python/compat/v2_compat.py:108: disable_resource_variables (from tensorflow.python.ops.variable_scope) is deprecated and will be removed in a future version.
Instructions for updating:
non-resource variables are not supported in the long term
WARNING:tensorflow:From /home/ketrong/miniconda3/envs/tpot2devenv/lib/python3.10/site-packages/tensorflow/python/compat/v2_compat.py:108: disable_resource_variables (from tensorflow.python.ops.variable_scope) is deprecated and will be removed in a future version.
Instructions for updating:
non-resource variables are not supported in the long term
WARNING:tensorflow:From /home/ketrong/miniconda3/envs/tpot2devenv/lib/python3.10/site-packages/tensorflow/python/compat/v2_compat.py:108: disable_resource_variables (from tensorflow.python.ops.variable_scope) is deprecated and will be removed in a future version.
Instructions for updating:
non-resource variables are not supported in the long term
WARNING:tensorflow:From /home/ketrong/miniconda3/envs/tpot2devenv/lib/python3.10/site-packages/tensorflow/python/compat/v2_compat.py:108: disable_resource_variables (from tensorflow.python.ops.variable_scope) is deprecated and will be removed in a future version.
Instructions for updating:
non-resource variables are not supported in the long term
  0%|          | 0/50 [00:00<?, ?it/s]Generation:   0%|          | 0/50 [00:00<?, ?it/s]WARNING THIS INDIVIDUAL CAUSED AND EXCEPTION 
 ['KNeighborsRegressor_1'] 
 Argument 'metric' has incorrect type (expected str, got numpy.str_) 
 Traceback (most recent call last):
  File "/home/ketrong/miniconda3/envs/tpot2devenv/lib/python3.10/site-packages/tpot2/utils/eval_utils.py", line 53, in objective_nan_wrapper
    value = func_timeout.func_timeout(timeout, objective_function, args=[individual], kwargs=objective_kwargs)
  File "/home/ketrong/miniconda3/envs/tpot2devenv/lib/python3.10/site-packages/func_timeout/dafunc.py", line 108, in func_timeout
    raise_exception(exception)
  File "/home/ketrong/miniconda3/envs/tpot2devenv/lib/python3.10/site-packages/func_timeout/py3_raise.py", line 7, in raise_exception
    raise exception[0] from None
  File "/home/ketrong/miniconda3/envs/tpot2devenv/lib/python3.10/site-packages/tpot2/tpot_estimator/estimator.py", line 702, in objective_function
    return objective_function_generator(
  File "/home/ketrong/miniconda3/envs/tpot2devenv/lib/python3.10/site-packages/tpot2/tpot_estimator/estimator_utils.py", line 117, in objective_function_generator
    cv_obj_scores = cross_val_score_objective(sklearn.base.clone(pipeline),x,y,scorers=scorers, cv=cv , fold=step)
  File "/home/ketrong/miniconda3/envs/tpot2devenv/lib/python3.10/site-packages/tpot2/tpot_estimator/cross_val_utils.py", line 28, in cross_val_score_objective
    this_fold_pipeline.fit(X_train,y_train)
  File "/home/ketrong/miniconda3/envs/tpot2devenv/lib/python3.10/site-packages/tpot2/graphsklearn.py", line 354, in fit
    fit_sklearn_digraph(   graph=self.graph,
  File "/home/ketrong/miniconda3/envs/tpot2devenv/lib/python3.10/site-packages/tpot2/graphsklearn.py", line 153, in fit_sklearn_digraph
    transformed, instance = estimator_fit_transform_override_cross_val_predict_cached(instance, this_X, y, cv=cross_val_predict_cv, method=method,subset_indexes=subset_indexes)
  File "/home/ketrong/miniconda3/envs/tpot2devenv/lib/python3.10/site-packages/joblib/memory.py", line 353, in __call__
    return self.func(*args, **kwargs)
  File "/home/ketrong/miniconda3/envs/tpot2devenv/lib/python3.10/site-packages/tpot2/graphsklearn.py", line 79, in estimator_fit_transform_override_cross_val_predict
    preds = func(X)
  File "/home/ketrong/miniconda3/envs/tpot2devenv/lib/python3.10/site-packages/sklearn/neighbors/_regression.py", line 237, in predict
    neigh_ind = self.kneighbors(X, return_distance=False)
  File "/home/ketrong/miniconda3/envs/tpot2devenv/lib/python3.10/site-packages/sklearn/neighbors/_base.py", line 822, in kneighbors
    results = ArgKmin.compute(
  File "/home/ketrong/miniconda3/envs/tpot2devenv/lib/python3.10/site-packages/sklearn/metrics/_pairwise_distances_reduction/_dispatcher.py", line 259, in compute
    return ArgKmin64.compute(
TypeError: Argument 'metric' has incorrect type (expected str, got numpy.str_)

WARNING THIS INDIVIDUAL CAUSED AND EXCEPTION 
 ['KNeighborsRegressor_1'] 
 Argument 'metric' has incorrect type (expected str, got numpy.str_) 
 Traceback (most recent call last):
  File "/home/ketrong/miniconda3/envs/tpot2devenv/lib/python3.10/site-packages/tpot2/utils/eval_utils.py", line 53, in objective_nan_wrapper
    value = func_timeout.func_timeout(timeout, objective_function, args=[individual], kwargs=objective_kwargs)
  File "/home/ketrong/miniconda3/envs/tpot2devenv/lib/python3.10/site-packages/func_timeout/dafunc.py", line 108, in func_timeout
    raise_exception(exception)
  File "/home/ketrong/miniconda3/envs/tpot2devenv/lib/python3.10/site-packages/func_timeout/py3_raise.py", line 7, in raise_exception
    raise exception[0] from None
  File "/home/ketrong/miniconda3/envs/tpot2devenv/lib/python3.10/site-packages/tpot2/tpot_estimator/estimator.py", line 702, in objective_function
    return objective_function_generator(
  File "/home/ketrong/miniconda3/envs/tpot2devenv/lib/python3.10/site-packages/tpot2/tpot_estimator/estimator_utils.py", line 117, in objective_function_generator
    cv_obj_scores = cross_val_score_objective(sklearn.base.clone(pipeline),x,y,scorers=scorers, cv=cv , fold=step)
  File "/home/ketrong/miniconda3/envs/tpot2devenv/lib/python3.10/site-packages/tpot2/tpot_estimator/cross_val_utils.py", line 28, in cross_val_score_objective
    this_fold_pipeline.fit(X_train,y_train)
  File "/home/ketrong/miniconda3/envs/tpot2devenv/lib/python3.10/site-packages/tpot2/graphsklearn.py", line 354, in fit
    fit_sklearn_digraph(   graph=self.graph,
  File "/home/ketrong/miniconda3/envs/tpot2devenv/lib/python3.10/site-packages/tpot2/graphsklearn.py", line 153, in fit_sklearn_digraph
    transformed, instance = estimator_fit_transform_override_cross_val_predict_cached(instance, this_X, y, cv=cross_val_predict_cv, method=method,subset_indexes=subset_indexes)
  File "/home/ketrong/miniconda3/envs/tpot2devenv/lib/python3.10/site-packages/joblib/memory.py", line 353, in __call__
    return self.func(*args, **kwargs)
  File "/home/ketrong/miniconda3/envs/tpot2devenv/lib/python3.10/site-packages/tpot2/graphsklearn.py", line 79, in estimator_fit_transform_override_cross_val_predict
    preds = func(X)
  File "/home/ketrong/miniconda3/envs/tpot2devenv/lib/python3.10/site-packages/sklearn/neighbors/_regression.py", line 240, in predict
    neigh_dist, neigh_ind = self.kneighbors(X)
  File "/home/ketrong/miniconda3/envs/tpot2devenv/lib/python3.10/site-packages/sklearn/neighbors/_base.py", line 822, in kneighbors
    results = ArgKmin.compute(
  File "/home/ketrong/miniconda3/envs/tpot2devenv/lib/python3.10/site-packages/sklearn/metrics/_pairwise_distances_reduction/_dispatcher.py", line 259, in compute
    return ArgKmin64.compute(
TypeError: Argument 'metric' has incorrect type (expected str, got numpy.str_)

WARNING THIS INDIVIDUAL CAUSED AND EXCEPTION 
 ['KNeighborsRegressor_1'] 
 Argument 'metric' has incorrect type (expected str, got numpy.str_) 
 Traceback (most recent call last):
  File "/home/ketrong/miniconda3/envs/tpot2devenv/lib/python3.10/site-packages/tpot2/utils/eval_utils.py", line 53, in objective_nan_wrapper
    value = func_timeout.func_timeout(timeout, objective_function, args=[individual], kwargs=objective_kwargs)
  File "/home/ketrong/miniconda3/envs/tpot2devenv/lib/python3.10/site-packages/func_timeout/dafunc.py", line 108, in func_timeout
    raise_exception(exception)
  File "/home/ketrong/miniconda3/envs/tpot2devenv/lib/python3.10/site-packages/func_timeout/py3_raise.py", line 7, in raise_exception
    raise exception[0] from None
  File "/home/ketrong/miniconda3/envs/tpot2devenv/lib/python3.10/site-packages/tpot2/tpot_estimator/estimator.py", line 702, in objective_function
    return objective_function_generator(
  File "/home/ketrong/miniconda3/envs/tpot2devenv/lib/python3.10/site-packages/tpot2/tpot_estimator/estimator_utils.py", line 117, in objective_function_generator
    cv_obj_scores = cross_val_score_objective(sklearn.base.clone(pipeline),x,y,scorers=scorers, cv=cv , fold=step)
  File "/home/ketrong/miniconda3/envs/tpot2devenv/lib/python3.10/site-packages/tpot2/tpot_estimator/cross_val_utils.py", line 28, in cross_val_score_objective
    this_fold_pipeline.fit(X_train,y_train)
  File "/home/ketrong/miniconda3/envs/tpot2devenv/lib/python3.10/site-packages/tpot2/graphsklearn.py", line 354, in fit
    fit_sklearn_digraph(   graph=self.graph,
  File "/home/ketrong/miniconda3/envs/tpot2devenv/lib/python3.10/site-packages/tpot2/graphsklearn.py", line 153, in fit_sklearn_digraph
    transformed, instance = estimator_fit_transform_override_cross_val_predict_cached(instance, this_X, y, cv=cross_val_predict_cv, method=method,subset_indexes=subset_indexes)
  File "/home/ketrong/miniconda3/envs/tpot2devenv/lib/python3.10/site-packages/joblib/memory.py", line 353, in __call__
    return self.func(*args, **kwargs)
  File "/home/ketrong/miniconda3/envs/tpot2devenv/lib/python3.10/site-packages/tpot2/graphsklearn.py", line 79, in estimator_fit_transform_override_cross_val_predict
    preds = func(X)
  File "/home/ketrong/miniconda3/envs/tpot2devenv/lib/python3.10/site-packages/sklearn/neighbors/_regression.py", line 237, in predict
    neigh_ind = self.kneighbors(X, return_distance=False)
  File "/home/ketrong/miniconda3/envs/tpot2devenv/lib/python3.10/site-packages/sklearn/neighbors/_base.py", line 822, in kneighbors
    results = ArgKmin.compute(
  File "/home/ketrong/miniconda3/envs/tpot2devenv/lib/python3.10/site-packages/sklearn/metrics/_pairwise_distances_reduction/_dispatcher.py", line 259, in compute
    return ArgKmin64.compute(
TypeError: Argument 'metric' has incorrect type (expected str, got numpy.str_)

Generation:  1
Best mean_squared_error score: -2.398861330680743
Best complexity_scorer score: 1.0
Generation:   2%|▏         | 1/50 [00:50<40:56, 50.13s/it]Generation:  2
Best mean_squared_error score: -2.398861330680743
Best complexity_scorer score: 1.0
Generation:   4%|▍         | 2/50 [02:01<50:13, 62.78s/it]WARNING THIS INDIVIDUAL CAUSED AND EXCEPTION 
 ['GradientBoostingRegressor_1'] 
 The 'loss' parameter of GradientBoostingRegressor must be a str among {'absolute_error', 'huber', 'squared_error', 'quantile'}. Got 'lad' instead. 
 Traceback (most recent call last):
  File "/home/ketrong/miniconda3/envs/tpot2devenv/lib/python3.10/site-packages/tpot2/utils/eval_utils.py", line 53, in objective_nan_wrapper
    value = func_timeout.func_timeout(timeout, objective_function, args=[individual], kwargs=objective_kwargs)
  File "/home/ketrong/miniconda3/envs/tpot2devenv/lib/python3.10/site-packages/func_timeout/dafunc.py", line 108, in func_timeout
    raise_exception(exception)
  File "/home/ketrong/miniconda3/envs/tpot2devenv/lib/python3.10/site-packages/func_timeout/py3_raise.py", line 7, in raise_exception
    raise exception[0] from None
  File "/home/ketrong/miniconda3/envs/tpot2devenv/lib/python3.10/site-packages/tpot2/tpot_estimator/estimator.py", line 702, in objective_function
    return objective_function_generator(
  File "/home/ketrong/miniconda3/envs/tpot2devenv/lib/python3.10/site-packages/tpot2/tpot_estimator/estimator_utils.py", line 117, in objective_function_generator
    cv_obj_scores = cross_val_score_objective(sklearn.base.clone(pipeline),x,y,scorers=scorers, cv=cv , fold=step)
  File "/home/ketrong/miniconda3/envs/tpot2devenv/lib/python3.10/site-packages/tpot2/tpot_estimator/cross_val_utils.py", line 28, in cross_val_score_objective
    this_fold_pipeline.fit(X_train,y_train)
  File "/home/ketrong/miniconda3/envs/tpot2devenv/lib/python3.10/site-packages/tpot2/graphsklearn.py", line 354, in fit
    fit_sklearn_digraph(   graph=self.graph,
  File "/home/ketrong/miniconda3/envs/tpot2devenv/lib/python3.10/site-packages/tpot2/graphsklearn.py", line 153, in fit_sklearn_digraph
    transformed, instance = estimator_fit_transform_override_cross_val_predict_cached(instance, this_X, y, cv=cross_val_predict_cv, method=method,subset_indexes=subset_indexes)
  File "/home/ketrong/miniconda3/envs/tpot2devenv/lib/python3.10/site-packages/joblib/memory.py", line 353, in __call__
    return self.func(*args, **kwargs)
  File "/home/ketrong/miniconda3/envs/tpot2devenv/lib/python3.10/site-packages/tpot2/graphsklearn.py", line 77, in estimator_fit_transform_override_cross_val_predict
    estimator.fit(X,y, **fit_params)
  File "/home/ketrong/miniconda3/envs/tpot2devenv/lib/python3.10/site-packages/sklearn/base.py", line 1145, in wrapper
    estimator._validate_params()
  File "/home/ketrong/miniconda3/envs/tpot2devenv/lib/python3.10/site-packages/sklearn/base.py", line 638, in _validate_params
    validate_parameter_constraints(
  File "/home/ketrong/miniconda3/envs/tpot2devenv/lib/python3.10/site-packages/sklearn/utils/_param_validation.py", line 96, in validate_parameter_constraints
    raise InvalidParameterError(
sklearn.utils._param_validation.InvalidParameterError: The 'loss' parameter of GradientBoostingRegressor must be a str among {'absolute_error', 'huber', 'squared_error', 'quantile'}. Got 'lad' instead.

Generation:  3
Best mean_squared_error score: -2.3885959035217272
Best complexity_scorer score: 1.0
Generation:   6%|▌         | 3/50 [03:15<53:05, 67.77s/it]WARNING THIS INDIVIDUAL CAUSED AND EXCEPTION 
 ['GradientBoostingRegressor_1'] 
 The 'loss' parameter of GradientBoostingRegressor must be a str among {'huber', 'absolute_error', 'quantile', 'squared_error'}. Got 'ls' instead. 
 Traceback (most recent call last):
  File "/home/ketrong/miniconda3/envs/tpot2devenv/lib/python3.10/site-packages/tpot2/utils/eval_utils.py", line 53, in objective_nan_wrapper
    value = func_timeout.func_timeout(timeout, objective_function, args=[individual], kwargs=objective_kwargs)
  File "/home/ketrong/miniconda3/envs/tpot2devenv/lib/python3.10/site-packages/func_timeout/dafunc.py", line 108, in func_timeout
    raise_exception(exception)
  File "/home/ketrong/miniconda3/envs/tpot2devenv/lib/python3.10/site-packages/func_timeout/py3_raise.py", line 7, in raise_exception
    raise exception[0] from None
  File "/home/ketrong/miniconda3/envs/tpot2devenv/lib/python3.10/site-packages/tpot2/tpot_estimator/estimator.py", line 702, in objective_function
    return objective_function_generator(
  File "/home/ketrong/miniconda3/envs/tpot2devenv/lib/python3.10/site-packages/tpot2/tpot_estimator/estimator_utils.py", line 117, in objective_function_generator
    cv_obj_scores = cross_val_score_objective(sklearn.base.clone(pipeline),x,y,scorers=scorers, cv=cv , fold=step)
  File "/home/ketrong/miniconda3/envs/tpot2devenv/lib/python3.10/site-packages/tpot2/tpot_estimator/cross_val_utils.py", line 28, in cross_val_score_objective
    this_fold_pipeline.fit(X_train,y_train)
  File "/home/ketrong/miniconda3/envs/tpot2devenv/lib/python3.10/site-packages/tpot2/graphsklearn.py", line 354, in fit
    fit_sklearn_digraph(   graph=self.graph,
  File "/home/ketrong/miniconda3/envs/tpot2devenv/lib/python3.10/site-packages/tpot2/graphsklearn.py", line 153, in fit_sklearn_digraph
    transformed, instance = estimator_fit_transform_override_cross_val_predict_cached(instance, this_X, y, cv=cross_val_predict_cv, method=method,subset_indexes=subset_indexes)
  File "/home/ketrong/miniconda3/envs/tpot2devenv/lib/python3.10/site-packages/joblib/memory.py", line 353, in __call__
    return self.func(*args, **kwargs)
  File "/home/ketrong/miniconda3/envs/tpot2devenv/lib/python3.10/site-packages/tpot2/graphsklearn.py", line 77, in estimator_fit_transform_override_cross_val_predict
    estimator.fit(X,y, **fit_params)
  File "/home/ketrong/miniconda3/envs/tpot2devenv/lib/python3.10/site-packages/sklearn/base.py", line 1145, in wrapper
    estimator._validate_params()
  File "/home/ketrong/miniconda3/envs/tpot2devenv/lib/python3.10/site-packages/sklearn/base.py", line 638, in _validate_params
    validate_parameter_constraints(
  File "/home/ketrong/miniconda3/envs/tpot2devenv/lib/python3.10/site-packages/sklearn/utils/_param_validation.py", line 96, in validate_parameter_constraints
    raise InvalidParameterError(
sklearn.utils._param_validation.InvalidParameterError: The 'loss' parameter of GradientBoostingRegressor must be a str among {'huber', 'absolute_error', 'quantile', 'squared_error'}. Got 'ls' instead.

Generation:  4
Best mean_squared_error score: -2.3885959035217272
Best complexity_scorer score: 1.0
Generation:   8%|▊         | 4/50 [04:38<56:42, 73.97s/it]Generation:  5
Best mean_squared_error score: -2.3885959035217272
Best complexity_scorer score: 1.0
Generation:  10%|█         | 5/50 [06:12<1:00:51, 81.14s/it]Generation:  6
Best mean_squared_error score: -2.3885959035217272
Best complexity_scorer score: 1.0
Generation:  12%|█▏        | 6/50 [07:34<59:40, 81.38s/it]  Generation:  7
Best mean_squared_error score: -2.3885959035217272
Best complexity_scorer score: 1.0
Generation:  14%|█▍        | 7/50 [08:44<55:41, 77.71s/it]Generation:  8
Best mean_squared_error score: -2.3885959035217272
Best complexity_scorer score: 1.0
Generation:  16%|█▌        | 8/50 [10:04<54:47, 78.27s/it]Generation:  9
Best mean_squared_error score: -2.35782043912608
Best complexity_scorer score: 1.0
Generation:  18%|█▊        | 9/50 [11:18<52:38, 77.04s/it]Generation:  10
Best mean_squared_error score: -2.35782043912608
Best complexity_scorer score: 1.0
Generation:  20%|██        | 10/50 [12:38<51:59, 77.99s/it]Generation:  11
Best mean_squared_error score: -2.35782043912608
Best complexity_scorer score: 1.0
Generation:  22%|██▏       | 11/50 [13:46<48:44, 75.00s/it]Generation:  12
Best mean_squared_error score: -2.3554508994053327
Best complexity_scorer score: 1.0
Generation:  24%|██▍       | 12/50 [14:58<46:44, 73.81s/it]Generation:  13
Best mean_squared_error score: -2.3554508994053327
Best complexity_scorer score: 1.0
Generation:  26%|██▌       | 13/50 [16:06<44:28, 72.11s/it]Generation:  14
Best mean_squared_error score: -2.3554508994053327
Best complexity_scorer score: 1.0
Generation:  28%|██▊       | 14/50 [17:19<43:31, 72.53s/it]Generation:  15
Best mean_squared_error score: -2.3554508994053327
Best complexity_scorer score: 1.0
Generation:  30%|███       | 15/50 [18:43<44:20, 76.03s/it]Generation:  16
Best mean_squared_error score: -2.3554508994053327
Best complexity_scorer score: 1.0
Generation:  32%|███▏      | 16/50 [20:12<45:18, 79.95s/it]Generation:  17
Best mean_squared_error score: -2.3554508994053327
Best complexity_scorer score: 1.0
Generation:  34%|███▍      | 17/50 [21:44<45:50, 83.34s/it]Generation:  18
Best mean_squared_error score: -2.3435706376224577
Best complexity_scorer score: 1.0
Generation:  36%|███▌      | 18/50 [23:10<44:56, 84.27s/it]Generation:  19
Best mean_squared_error score: -2.3435706376224577
Best complexity_scorer score: 1.0
Generation:  38%|███▊      | 19/50 [24:18<41:00, 79.36s/it]Generation:  20
Best mean_squared_error score: -2.3435706376224577
Best complexity_scorer score: 1.0
Generation:  40%|████      | 20/50 [25:32<38:48, 77.63s/it]Generation:  21
Best mean_squared_error score: -2.3435706376224577
Best complexity_scorer score: 1.0
Generation:  42%|████▏     | 21/50 [26:39<36:03, 74.62s/it]Generation:  22
Best mean_squared_error score: -2.3435706376224577
Best complexity_scorer score: 1.0
Generation:  44%|████▍     | 22/50 [27:54<34:53, 74.77s/it]Generation:  23
Best mean_squared_error score: -2.3435706376224577
Best complexity_scorer score: 1.0
Generation:  46%|████▌     | 23/50 [28:59<32:16, 71.72s/it]Generation:  24
Best mean_squared_error score: -2.3435706376224577
Best complexity_scorer score: 1.0
Generation:  48%|████▊     | 24/50 [29:57<29:17, 67.58s/it]Generation:  25
Best mean_squared_error score: -2.3435706376224577
Best complexity_scorer score: 1.0
Generation:  50%|█████     | 25/50 [31:05<28:16, 67.84s/it]Generation:  26
Best mean_squared_error score: -2.3435706376224577
Best complexity_scorer score: 1.0
Generation:  52%|█████▏    | 26/50 [32:18<27:44, 69.36s/it]Generation:  27
Best mean_squared_error score: -2.3435706376224577
Best complexity_scorer score: 1.0
Generation:  54%|█████▍    | 27/50 [33:21<25:49, 67.38s/it]Generation:  28
Best mean_squared_error score: -2.3435706376224577
Best complexity_scorer score: 1.0
Generation:  56%|█████▌    | 28/50 [34:26<24:28, 66.73s/it]Generation:  29
Best mean_squared_error score: -2.3435706376224577
Best complexity_scorer score: 1.0
Generation:  58%|█████▊    | 29/50 [35:22<22:10, 63.35s/it]Generation:  30
Best mean_squared_error score: -2.3435706376224577
Best complexity_scorer score: 1.0
Generation:  60%|██████    | 30/50 [35:55<18:05, 54.26s/it]Generation:  31
Best mean_squared_error score: -2.3435706376224577
Best complexity_scorer score: 1.0
Generation:  62%|██████▏   | 31/50 [36:49<17:12, 54.37s/it]Generation:  32
Best mean_squared_error score: -2.3435706376224577
Best complexity_scorer score: 1.0
Generation:  64%|██████▍   | 32/50 [37:25<14:39, 48.88s/it]Generation:  33
Best mean_squared_error score: -2.3435706376224577
Best complexity_scorer score: 1.0
Generation:  66%|██████▌   | 33/50 [37:43<11:10, 39.44s/it]Generation:  34
Best mean_squared_error score: -2.3435706376224577
Best complexity_scorer score: 1.0
Generation:  68%|██████▊   | 34/50 [38:48<12:34, 47.17s/it]Generation:  35
Best mean_squared_error score: -2.3435706376224577
Best complexity_scorer score: 1.0
Generation:  70%|███████   | 35/50 [39:39<12:02, 48.19s/it]Generation:  36
Best mean_squared_error score: -2.3435706376224577
Best complexity_scorer score: 1.0
Generation:  72%|███████▏  | 36/50 [40:20<10:46, 46.14s/it]Generation:  37
Best mean_squared_error score: -2.3435706376224577
Best complexity_scorer score: 1.0
Generation:  74%|███████▍  | 37/50 [40:32<07:45, 35.77s/it]Generation:  38
Best mean_squared_error score: -2.3435706376224577
Best complexity_scorer score: 1.0
Generation:  76%|███████▌  | 38/50 [40:44<05:44, 28.69s/it]Generation:  39
Best mean_squared_error score: -2.3435706376224577
Best complexity_scorer score: 1.0
Generation:  78%|███████▊  | 39/50 [40:57<04:25, 24.17s/it]Generation:  40
Best mean_squared_error score: -2.3435706376224577
Best complexity_scorer score: 1.0
Generation:  80%|████████  | 40/50 [41:14<03:40, 22.06s/it]Generation:  41
Best mean_squared_error score: -2.3435706376224577
Best complexity_scorer score: 1.0
Generation:  82%|████████▏ | 41/50 [41:29<02:57, 19.75s/it]Generation:  42
Best mean_squared_error score: -2.3435706376224577
Best complexity_scorer score: 1.0
Generation:  84%|████████▍ | 42/50 [41:42<02:22, 17.87s/it]Generation:  43
Best mean_squared_error score: -2.3435706376224577
Best complexity_scorer score: 1.0
Generation:  86%|████████▌ | 43/50 [41:54<01:52, 16.02s/it]Generation:  44
Best mean_squared_error score: -2.3435706376224577
Best complexity_scorer score: 1.0
Generation:  88%|████████▊ | 44/50 [42:06<01:29, 14.87s/it]Generation:  45
Best mean_squared_error score: -2.3435706376224577
Best complexity_scorer score: 1.0
Generation:  90%|█████████ | 45/50 [42:18<01:09, 13.98s/it]Generation:  46
Best mean_squared_error score: -2.3435706376224577
Best complexity_scorer score: 1.0
Generation:  92%|█████████▏| 46/50 [42:32<00:55, 13.84s/it]Generation:  47
Best mean_squared_error score: -2.3435706376224577
Best complexity_scorer score: 1.0
Generation:  94%|█████████▍| 47/50 [42:45<00:41, 13.71s/it]Generation:  48
Best mean_squared_error score: -2.3435706376224577
Best complexity_scorer score: 1.0
Generation:  96%|█████████▌| 48/50 [43:03<00:30, 15.01s/it]Generation:  49
Best mean_squared_error score: -2.3435706376224577
Best complexity_scorer score: 1.0
Generation:  98%|█████████▊| 49/50 [43:20<00:15, 15.45s/it]Generation:  50
Best mean_squared_error score: -2.3435706376224577
Best complexity_scorer score: 1.0
Generation: 100%|██████████| 50/50 [43:32<00:00, 14.58s/it]Generation: 100%|██████████| 50/50 [43:32<00:00, 52.25s/it]
2024-02-23 06:05:45,429 - distributed.worker - ERROR - Failed to communicate with scheduler during heartbeat.
Traceback (most recent call last):
  File "/home/ketrong/miniconda3/envs/tpot2devenv/lib/python3.10/site-packages/distributed/comm/tcp.py", line 225, in read
    frames_nosplit_nbytes_bin = await stream.read_bytes(fmt_size)
tornado.iostream.StreamClosedError: Stream is closed

The above exception was the direct cause of the following exception:

Traceback (most recent call last):
  File "/home/ketrong/miniconda3/envs/tpot2devenv/lib/python3.10/site-packages/distributed/worker.py", line 1255, in heartbeat
    response = await retry_operation(
  File "/home/ketrong/miniconda3/envs/tpot2devenv/lib/python3.10/site-packages/distributed/utils_comm.py", line 455, in retry_operation
    return await retry(
  File "/home/ketrong/miniconda3/envs/tpot2devenv/lib/python3.10/site-packages/distributed/utils_comm.py", line 434, in retry
    return await coro()
  File "/home/ketrong/miniconda3/envs/tpot2devenv/lib/python3.10/site-packages/distributed/core.py", line 1396, in send_recv_from_rpc
    return await send_recv(comm=comm, op=key, **kwargs)
  File "/home/ketrong/miniconda3/envs/tpot2devenv/lib/python3.10/site-packages/distributed/core.py", line 1155, in send_recv
    response = await comm.read(deserializers=deserializers)
  File "/home/ketrong/miniconda3/envs/tpot2devenv/lib/python3.10/site-packages/distributed/comm/tcp.py", line 237, in read
    convert_stream_closed_error(self, e)
  File "/home/ketrong/miniconda3/envs/tpot2devenv/lib/python3.10/site-packages/distributed/comm/tcp.py", line 142, in convert_stream_closed_error
    raise CommClosedError(f"in {obj}: {exc}") from exc
distributed.comm.core.CommClosedError: in <TCP (closed) ConnectionPool.heartbeat_worker local=tcp://127.0.0.1:41058 remote=tcp://127.0.0.1:42331>: Stream is closed
2024-02-23 06:05:45,425 - distributed.worker - ERROR - Failed to communicate with scheduler during heartbeat.
Traceback (most recent call last):
  File "/home/ketrong/miniconda3/envs/tpot2devenv/lib/python3.10/site-packages/distributed/comm/tcp.py", line 225, in read
    frames_nosplit_nbytes_bin = await stream.read_bytes(fmt_size)
tornado.iostream.StreamClosedError: Stream is closed

The above exception was the direct cause of the following exception:

Traceback (most recent call last):
  File "/home/ketrong/miniconda3/envs/tpot2devenv/lib/python3.10/site-packages/distributed/worker.py", line 1255, in heartbeat
    response = await retry_operation(
  File "/home/ketrong/miniconda3/envs/tpot2devenv/lib/python3.10/site-packages/distributed/utils_comm.py", line 455, in retry_operation
    return await retry(
  File "/home/ketrong/miniconda3/envs/tpot2devenv/lib/python3.10/site-packages/distributed/utils_comm.py", line 434, in retry
    return await coro()
  File "/home/ketrong/miniconda3/envs/tpot2devenv/lib/python3.10/site-packages/distributed/core.py", line 1396, in send_recv_from_rpc
    return await send_recv(comm=comm, op=key, **kwargs)
  File "/home/ketrong/miniconda3/envs/tpot2devenv/lib/python3.10/site-packages/distributed/core.py", line 1155, in send_recv
    response = await comm.read(deserializers=deserializers)
  File "/home/ketrong/miniconda3/envs/tpot2devenv/lib/python3.10/site-packages/distributed/comm/tcp.py", line 237, in read
    convert_stream_closed_error(self, e)
  File "/home/ketrong/miniconda3/envs/tpot2devenv/lib/python3.10/site-packages/distributed/comm/tcp.py", line 142, in convert_stream_closed_error
    raise CommClosedError(f"in {obj}: {exc}") from exc
distributed.comm.core.CommClosedError: in <TCP (closed) ConnectionPool.heartbeat_worker local=tcp://127.0.0.1:41048 remote=tcp://127.0.0.1:42331>: Stream is closed
2024-02-23 06:05:45,429 - distributed.worker - ERROR - Failed to communicate with scheduler during heartbeat.
Traceback (most recent call last):
  File "/home/ketrong/miniconda3/envs/tpot2devenv/lib/python3.10/site-packages/distributed/comm/tcp.py", line 225, in read
    frames_nosplit_nbytes_bin = await stream.read_bytes(fmt_size)
tornado.iostream.StreamClosedError: Stream is closed

The above exception was the direct cause of the following exception:

Traceback (most recent call last):
  File "/home/ketrong/miniconda3/envs/tpot2devenv/lib/python3.10/site-packages/distributed/worker.py", line 1255, in heartbeat
    response = await retry_operation(
  File "/home/ketrong/miniconda3/envs/tpot2devenv/lib/python3.10/site-packages/distributed/utils_comm.py", line 455, in retry_operation
    return await retry(
  File "/home/ketrong/miniconda3/envs/tpot2devenv/lib/python3.10/site-packages/distributed/utils_comm.py", line 434, in retry
    return await coro()
  File "/home/ketrong/miniconda3/envs/tpot2devenv/lib/python3.10/site-packages/distributed/core.py", line 1396, in send_recv_from_rpc
    return await send_recv(comm=comm, op=key, **kwargs)
  File "/home/ketrong/miniconda3/envs/tpot2devenv/lib/python3.10/site-packages/distributed/core.py", line 1155, in send_recv
    response = await comm.read(deserializers=deserializers)
  File "/home/ketrong/miniconda3/envs/tpot2devenv/lib/python3.10/site-packages/distributed/comm/tcp.py", line 237, in read
    convert_stream_closed_error(self, e)
  File "/home/ketrong/miniconda3/envs/tpot2devenv/lib/python3.10/site-packages/distributed/comm/tcp.py", line 142, in convert_stream_closed_error
    raise CommClosedError(f"in {obj}: {exc}") from exc
distributed.comm.core.CommClosedError: in <TCP (closed) ConnectionPool.heartbeat_worker local=tcp://127.0.0.1:41056 remote=tcp://127.0.0.1:42331>: Stream is closed
2024-02-23 06:05:45,431 - distributed.worker - ERROR - Failed to communicate with scheduler during heartbeat.
Traceback (most recent call last):
  File "/home/ketrong/miniconda3/envs/tpot2devenv/lib/python3.10/site-packages/distributed/comm/tcp.py", line 225, in read
    frames_nosplit_nbytes_bin = await stream.read_bytes(fmt_size)
tornado.iostream.StreamClosedError: Stream is closed

The above exception was the direct cause of the following exception:

Traceback (most recent call last):
  File "/home/ketrong/miniconda3/envs/tpot2devenv/lib/python3.10/site-packages/distributed/worker.py", line 1255, in heartbeat
    response = await retry_operation(
  File "/home/ketrong/miniconda3/envs/tpot2devenv/lib/python3.10/site-packages/distributed/utils_comm.py", line 455, in retry_operation
    return await retry(
  File "/home/ketrong/miniconda3/envs/tpot2devenv/lib/python3.10/site-packages/distributed/utils_comm.py", line 434, in retry
    return await coro()
  File "/home/ketrong/miniconda3/envs/tpot2devenv/lib/python3.10/site-packages/distributed/core.py", line 1396, in send_recv_from_rpc
    return await send_recv(comm=comm, op=key, **kwargs)
  File "/home/ketrong/miniconda3/envs/tpot2devenv/lib/python3.10/site-packages/distributed/core.py", line 1155, in send_recv
    response = await comm.read(deserializers=deserializers)
  File "/home/ketrong/miniconda3/envs/tpot2devenv/lib/python3.10/site-packages/distributed/comm/tcp.py", line 237, in read
    convert_stream_closed_error(self, e)
  File "/home/ketrong/miniconda3/envs/tpot2devenv/lib/python3.10/site-packages/distributed/comm/tcp.py", line 142, in convert_stream_closed_error
    raise CommClosedError(f"in {obj}: {exc}") from exc
distributed.comm.core.CommClosedError: in <TCP (closed) ConnectionPool.heartbeat_worker local=tcp://127.0.0.1:41060 remote=tcp://127.0.0.1:42331>: Stream is closed
2024-02-23 06:05:45,432 - distributed.worker - ERROR - Failed to communicate with scheduler during heartbeat.
Traceback (most recent call last):
  File "/home/ketrong/miniconda3/envs/tpot2devenv/lib/python3.10/site-packages/distributed/comm/tcp.py", line 225, in read
    frames_nosplit_nbytes_bin = await stream.read_bytes(fmt_size)
tornado.iostream.StreamClosedError: Stream is closed

The above exception was the direct cause of the following exception:

Traceback (most recent call last):
  File "/home/ketrong/miniconda3/envs/tpot2devenv/lib/python3.10/site-packages/distributed/worker.py", line 1255, in heartbeat
    response = await retry_operation(
  File "/home/ketrong/miniconda3/envs/tpot2devenv/lib/python3.10/site-packages/distributed/utils_comm.py", line 455, in retry_operation
    return await retry(
  File "/home/ketrong/miniconda3/envs/tpot2devenv/lib/python3.10/site-packages/distributed/utils_comm.py", line 434, in retry
    return await coro()
  File "/home/ketrong/miniconda3/envs/tpot2devenv/lib/python3.10/site-packages/distributed/core.py", line 1396, in send_recv_from_rpc
    return await send_recv(comm=comm, op=key, **kwargs)
  File "/home/ketrong/miniconda3/envs/tpot2devenv/lib/python3.10/site-packages/distributed/core.py", line 1155, in send_recv
    response = await comm.read(deserializers=deserializers)
  File "/home/ketrong/miniconda3/envs/tpot2devenv/lib/python3.10/site-packages/distributed/comm/tcp.py", line 237, in read
    convert_stream_closed_error(self, e)
  File "/home/ketrong/miniconda3/envs/tpot2devenv/lib/python3.10/site-packages/distributed/comm/tcp.py", line 142, in convert_stream_closed_error
    raise CommClosedError(f"in {obj}: {exc}") from exc
distributed.comm.core.CommClosedError: in <TCP (closed) ConnectionPool.heartbeat_worker local=tcp://127.0.0.1:41050 remote=tcp://127.0.0.1:42331>: Stream is closed
2024-02-23 06:05:45,432 - distributed.worker - ERROR - Failed to communicate with scheduler during heartbeat.
Traceback (most recent call last):
  File "/home/ketrong/miniconda3/envs/tpot2devenv/lib/python3.10/site-packages/distributed/comm/tcp.py", line 225, in read
    frames_nosplit_nbytes_bin = await stream.read_bytes(fmt_size)
tornado.iostream.StreamClosedError: Stream is closed

The above exception was the direct cause of the following exception:

Traceback (most recent call last):
  File "/home/ketrong/miniconda3/envs/tpot2devenv/lib/python3.10/site-packages/distributed/worker.py", line 1255, in heartbeat
    response = await retry_operation(
  File "/home/ketrong/miniconda3/envs/tpot2devenv/lib/python3.10/site-packages/distributed/utils_comm.py", line 455, in retry_operation
    return await retry(
  File "/home/ketrong/miniconda3/envs/tpot2devenv/lib/python3.10/site-packages/distributed/utils_comm.py", line 434, in retry
    return await coro()
  File "/home/ketrong/miniconda3/envs/tpot2devenv/lib/python3.10/site-packages/distributed/core.py", line 1396, in send_recv_from_rpc
    return await send_recv(comm=comm, op=key, **kwargs)
  File "/home/ketrong/miniconda3/envs/tpot2devenv/lib/python3.10/site-packages/distributed/core.py", line 1155, in send_recv
    response = await comm.read(deserializers=deserializers)
  File "/home/ketrong/miniconda3/envs/tpot2devenv/lib/python3.10/site-packages/distributed/comm/tcp.py", line 237, in read
    convert_stream_closed_error(self, e)
  File "/home/ketrong/miniconda3/envs/tpot2devenv/lib/python3.10/site-packages/distributed/comm/tcp.py", line 142, in convert_stream_closed_error
    raise CommClosedError(f"in {obj}: {exc}") from exc
distributed.comm.core.CommClosedError: in <TCP (closed) ConnectionPool.heartbeat_worker local=tcp://127.0.0.1:41052 remote=tcp://127.0.0.1:42331>: Stream is closed
2024-02-23 06:05:45,443 - distributed.worker - ERROR - Failed to communicate with scheduler during heartbeat.
Traceback (most recent call last):
  File "/home/ketrong/miniconda3/envs/tpot2devenv/lib/python3.10/site-packages/distributed/comm/tcp.py", line 225, in read
    frames_nosplit_nbytes_bin = await stream.read_bytes(fmt_size)
tornado.iostream.StreamClosedError: Stream is closed

The above exception was the direct cause of the following exception:

Traceback (most recent call last):
  File "/home/ketrong/miniconda3/envs/tpot2devenv/lib/python3.10/site-packages/distributed/worker.py", line 1255, in heartbeat
    response = await retry_operation(
  File "/home/ketrong/miniconda3/envs/tpot2devenv/lib/python3.10/site-packages/distributed/utils_comm.py", line 455, in retry_operation
    return await retry(
  File "/home/ketrong/miniconda3/envs/tpot2devenv/lib/python3.10/site-packages/distributed/utils_comm.py", line 434, in retry
    return await coro()
  File "/home/ketrong/miniconda3/envs/tpot2devenv/lib/python3.10/site-packages/distributed/core.py", line 1396, in send_recv_from_rpc
    return await send_recv(comm=comm, op=key, **kwargs)
  File "/home/ketrong/miniconda3/envs/tpot2devenv/lib/python3.10/site-packages/distributed/core.py", line 1155, in send_recv
    response = await comm.read(deserializers=deserializers)
  File "/home/ketrong/miniconda3/envs/tpot2devenv/lib/python3.10/site-packages/distributed/comm/tcp.py", line 237, in read
    convert_stream_closed_error(self, e)
  File "/home/ketrong/miniconda3/envs/tpot2devenv/lib/python3.10/site-packages/distributed/comm/tcp.py", line 142, in convert_stream_closed_error
    raise CommClosedError(f"in {obj}: {exc}") from exc
distributed.comm.core.CommClosedError: in <TCP (closed) ConnectionPool.heartbeat_worker local=tcp://127.0.0.1:41054 remote=tcp://127.0.0.1:42331>: Stream is closed
Fitted
['ExtraTreesRegressor_1']
score start
failed on 
logs/2288/tpot2_base_normal_MCAR_0.1
'ExtraTreesRegressor' object has no attribute 'classes_'
Traceback (most recent call last):
  File "/common/ketrong/AutoImputeExp/tpot2_imputetest/Impute_Experiments/utils.py", line 165, in score
    this_auroc_score = sklearn.metrics.get_scorer("roc_auc_ovr")(est, X, y)
  File "/home/ketrong/miniconda3/envs/tpot2devenv/lib/python3.10/site-packages/sklearn/metrics/_scorer.py", line 266, in __call__
    return self._score(partial(_cached_call, None), estimator, X, y_true, **_kwargs)
  File "/home/ketrong/miniconda3/envs/tpot2devenv/lib/python3.10/site-packages/sklearn/metrics/_scorer.py", line 399, in _score
    y_pred = method_caller(clf, "predict_proba", X, pos_label=self._get_pos_label())
  File "/home/ketrong/miniconda3/envs/tpot2devenv/lib/python3.10/site-packages/sklearn/metrics/_scorer.py", line 86, in _cached_call
    result, _ = _get_response_values(
  File "/home/ketrong/miniconda3/envs/tpot2devenv/lib/python3.10/site-packages/sklearn/utils/_response.py", line 212, in _get_response_values
    raise ValueError(
ValueError: TPOTEstimator should either be a classifier to be used with response_method=predict_proba or the response_method should be 'predict'. Got a regressor with response_method=predict_proba instead.

During handling of the above exception, another exception occurred:

Traceback (most recent call last):
  File "/common/ketrong/AutoImputeExp/tpot2_imputetest/Impute_Experiments/utils.py", line 378, in loop_through_tasks
    train_score = score(est, X_train, y_train)
  File "/common/ketrong/AutoImputeExp/tpot2_imputetest/Impute_Experiments/utils.py", line 168, in score
    y_preds_onehot = sklearn.preprocessing.label_binarize(y_preds, classes=est.fitted_pipeline_.classes_)
  File "/home/ketrong/miniconda3/envs/tpot2devenv/lib/python3.10/site-packages/tpot2/graphsklearn.py", line 452, in classes_
    return self.graph.nodes[self.root]["instance"].classes_
AttributeError: 'ExtraTreesRegressor' object has no attribute 'classes_'

full run takes
0.7523806686533822
hours
DONE
