Run: 4
/cm/local/apps/slurm/var/spool/job565594/slurm_script: line 23: /common/ketrong/minconda3/etc/profile.d/conda.sh: No such file or directory
/cm/local/apps/slurm/var/spool/job565594/slurm_script: line 26: $'\nconda create --name tpot2devenv -c conda-forge python=3.10\n': command not found
/cm/local/apps/slurm/var/spool/job565594/slurm_script: line 31: $'\npip install -r requirements.txt\n': command not found
RunStart
2023-12-19 13:26:16.598427: I tensorflow/core/util/port.cc:113] oneDNN custom operations are on. You may see slightly different numerical results due to floating-point round-off errors from different computation orders. To turn them off, set the environment variable `TF_ENABLE_ONEDNN_OPTS=0`.
2023-12-19 13:26:16.634821: E external/local_xla/xla/stream_executor/cuda/cuda_dnn.cc:9261] Unable to register cuDNN factory: Attempting to register factory for plugin cuDNN when one has already been registered
2023-12-19 13:26:16.634845: E external/local_xla/xla/stream_executor/cuda/cuda_fft.cc:607] Unable to register cuFFT factory: Attempting to register factory for plugin cuFFT when one has already been registered
2023-12-19 13:26:16.636213: E external/local_xla/xla/stream_executor/cuda/cuda_blas.cc:1515] Unable to register cuBLAS factory: Attempting to register factory for plugin cuBLAS when one has already been registered
2023-12-19 13:26:16.642283: I tensorflow/core/platform/cpu_feature_guard.cc:182] This TensorFlow binary is optimized to use available CPU instructions in performance-critical operations.
To enable the following instructions: AVX2 AVX512F AVX512_VNNI FMA, in other operations, rebuild TensorFlow with the appropriate compiler flags.
2023-12-19 13:26:18.947479: W tensorflow/compiler/tf2tensorrt/utils/py_utils.cc:38] TF-TRT Warning: Could not find TensorRT
WARNING:tensorflow:From /home/ketrong/miniconda3/envs/tpot2devenv/lib/python3.10/site-packages/tensorflow/python/compat/v2_compat.py:108: disable_resource_variables (from tensorflow.python.ops.variable_scope) is deprecated and will be removed in a future version.
Instructions for updating:
non-resource variables are not supported in the long term
starting loops
working on 
logs/6/tpot2_base_normal_MCAR_0.5
3.853311538696289
loading data
logs/6/tpot2_base_normal_MCAR_0.5/data/6_True.pkl
working on 
logs/6/tpot2_base_imputation_MCAR_0.5
3.4765102863311768
loading data
logs/6/tpot2_base_imputation_MCAR_0.5/data/6_True.pkl
6
finished
working on 
logs/26/tpot2_base_normal_MCAR_0.5
1.1866679191589355
loading data
logs/26/tpot2_base_normal_MCAR_0.5/data/26_True.pkl
working on 
logs/26/tpot2_base_imputation_MCAR_0.5
3.158628225326538
loading data
logs/26/tpot2_base_imputation_MCAR_0.5/data/26_True.pkl
26
finished
working on 
logs/30/tpot2_base_normal_MCAR_0.5
0.9040279388427734
loading data
logs/30/tpot2_base_normal_MCAR_0.5/data/30_True.pkl
working on 
logs/30/tpot2_base_imputation_MCAR_0.5
0.18299412727355957
loading data
logs/30/tpot2_base_imputation_MCAR_0.5/data/30_True.pkl
30
finished
working on 
logs/32/tpot2_base_normal_MCAR_0.5
4.8086466789245605
loading data
logs/32/tpot2_base_normal_MCAR_0.5/data/32_True.pkl
working on 
logs/32/tpot2_base_imputation_MCAR_0.5
2.0412142276763916
loading data
logs/32/tpot2_base_imputation_MCAR_0.5/data/32_True.pkl
32
finished
working on 
logs/151/tpot2_base_normal_MCAR_0.5
1.5032951831817627
loading data
logs/151/tpot2_base_normal_MCAR_0.5/data/151_True.pkl
WARNING:openml.datasets.functions:Could not download file from http://openml1.win.tue.nl/dataset125/dataset_125.pq: [Errno 2] No such file or directory: '/home/ketrong/.cache/openml/org/openml/www/datasets/125/dataset_125.pq.ae00a203f1fd83929ded902a548f6596.part.minio'
WARNING:openml.datasets.functions:Failed to download parquet, fallback on ARFF.
failed on 
logs/151/tpot2_base_normal_MCAR_0.5
Cannot remove faulty tasks cache directory /home/ketrong/.cache/openml/org/openml/www/tasks/151.Please do this manually!
Traceback (most recent call last):
  File "/home/ketrong/miniconda3/envs/tpot2devenv/lib/python3.10/site-packages/openml/datasets/dataset.py", line 999, in _read_features
    with open(features_pickle_file, "rb") as fh_binary:
FileNotFoundError: [Errno 2] No such file or directory: '/home/ketrong/.cache/openml/org/openml/www/datasets/125/features.xml.pkl'

During handling of the above exception, another exception occurred:

Traceback (most recent call last):
  File "/home/ketrong/miniconda3/envs/tpot2devenv/lib/python3.10/site-packages/openml/tasks/functions.py", line 399, in get_task
    dataset = get_dataset(task.dataset_id, *dataset_args, **get_dataset_kwargs)
  File "/home/ketrong/miniconda3/envs/tpot2devenv/lib/python3.10/site-packages/openml/datasets/functions.py", line 519, in get_dataset
    dataset = _create_dataset_from_description(
  File "/home/ketrong/miniconda3/envs/tpot2devenv/lib/python3.10/site-packages/openml/datasets/functions.py", line 1289, in _create_dataset_from_description
    return OpenMLDataset(
  File "/home/ketrong/miniconda3/envs/tpot2devenv/lib/python3.10/site-packages/openml/datasets/dataset.py", line 220, in __init__
    self._features = _read_features(features_file)
  File "/home/ketrong/miniconda3/envs/tpot2devenv/lib/python3.10/site-packages/openml/datasets/dataset.py", line 1002, in _read_features
    with open(features_file, encoding="utf8") as fh:
FileNotFoundError: [Errno 2] No such file or directory: '/home/ketrong/.cache/openml/org/openml/www/datasets/125/features.xml'

During handling of the above exception, another exception occurred:

Traceback (most recent call last):
  File "/home/ketrong/miniconda3/envs/tpot2devenv/lib/python3.10/site-packages/openml/utils.py", line 375, in _remove_cache_dir_for_id
    shutil.rmtree(cache_dir)
  File "/home/ketrong/miniconda3/envs/tpot2devenv/lib/python3.10/shutil.py", line 721, in rmtree
    onerror(os.open, path, sys.exc_info())
  File "/home/ketrong/miniconda3/envs/tpot2devenv/lib/python3.10/shutil.py", line 718, in rmtree
    fd = os.open(path, os.O_RDONLY)
FileNotFoundError: [Errno 2] No such file or directory: '/home/ketrong/.cache/openml/org/openml/www/tasks/151'

During handling of the above exception, another exception occurred:

Traceback (most recent call last):
  File "/common/ketrong/AutoImputeExp/tpot2_imputetest/Impute_Experiments/utils.py", line 310, in loop_through_tasks
    X_train, y_train, X_test, y_test = load_task(base_save_folder=base_save_folder, exp=exp, type=type, levelstr=levelstr, task_id=taskid, preprocess=True)
  File "/common/ketrong/AutoImputeExp/tpot2_imputetest/Impute_Experiments/utils.py", line 200, in load_task
    task = openml.tasks.get_task(task_id, **kwargs)
  File "/home/ketrong/miniconda3/envs/tpot2devenv/lib/python3.10/site-packages/openml/tasks/functions.py", line 411, in get_task
    openml.utils._remove_cache_dir_for_id(
  File "/home/ketrong/miniconda3/envs/tpot2devenv/lib/python3.10/site-packages/openml/utils.py", line 377, in _remove_cache_dir_for_id
    raise ValueError(
ValueError: Cannot remove faulty tasks cache directory /home/ketrong/.cache/openml/org/openml/www/tasks/151.Please do this manually!

full run takes
0.02040891812907325
hours
DONE
