Run: 1
/cm/local/apps/slurm/var/spool/job832884/slurm_script: line 22: /common/ketrong/minconda3/etc/profile.d/conda.sh: No such file or directory
/cm/local/apps/slurm/var/spool/job832884/slurm_script: line 25: $'\nconda create --name tpot2devenv -c conda-forge python=3.10\n': command not found
/cm/local/apps/slurm/var/spool/job832884/slurm_script: line 30: $'\npip install -r requirements.txt\n': command not found
RunStart
2024-04-21 18:17:46.004563: I tensorflow/core/util/port.cc:113] oneDNN custom operations are on. You may see slightly different numerical results due to floating-point round-off errors from different computation orders. To turn them off, set the environment variable `TF_ENABLE_ONEDNN_OPTS=0`.
2024-04-21 18:17:46.041600: E external/local_xla/xla/stream_executor/cuda/cuda_dnn.cc:9261] Unable to register cuDNN factory: Attempting to register factory for plugin cuDNN when one has already been registered
2024-04-21 18:17:46.041698: E external/local_xla/xla/stream_executor/cuda/cuda_fft.cc:607] Unable to register cuFFT factory: Attempting to register factory for plugin cuFFT when one has already been registered
2024-04-21 18:17:46.042944: E external/local_xla/xla/stream_executor/cuda/cuda_blas.cc:1515] Unable to register cuBLAS factory: Attempting to register factory for plugin cuBLAS when one has already been registered
2024-04-21 18:17:46.049021: I tensorflow/core/platform/cpu_feature_guard.cc:182] This TensorFlow binary is optimized to use available CPU instructions in performance-critical operations.
To enable the following instructions: AVX2 AVX512F AVX512_VNNI FMA, in other operations, rebuild TensorFlow with the appropriate compiler flags.
2024-04-21 18:17:47.146600: W tensorflow/compiler/tf2tensorrt/utils/py_utils.cc:38] TF-TRT Warning: Could not find TensorRT
WARNING:tensorflow:From /home/ketrong/miniconda3/envs/tpot2devenv/lib/python3.10/site-packages/tensorflow/python/compat/v2_compat.py:108: disable_resource_variables (from tensorflow.python.ops.variable_scope) is deprecated and will be removed in a future version.
Instructions for updating:
non-resource variables are not supported in the long term
starting loops
[('ExtraTreesRegressor_1', 'SimpleImputer_1')]
<class 'tpot2.graphsklearn.GraphPipeline'>
loading data
/common/ketrong/AutoImputeExp/tpot2_imputetest/Impute_Experiments/logs/26/tpot2_base_normal_MAR_0.01/data/26_True.pkl
fitting
try transform
transform worked
0.4080525364756645
[('ExtraTreesRegressor_1', 'SimpleImputer_1')]
<class 'tpot2.graphsklearn.GraphPipeline'>
loading data
/common/ketrong/AutoImputeExp/tpot2_imputetest/Impute_Experiments/logs/26/tpot2_base_normal_MAR_0.1/data/26_True.pkl
fitting
try transform
transform worked
0.44655937436120674
[('ExtraTreesRegressor_1', 'SimpleImputer_1')]
<class 'tpot2.graphsklearn.GraphPipeline'>
loading data
/common/ketrong/AutoImputeExp/tpot2_imputetest/Impute_Experiments/logs/26/tpot2_base_normal_MAR_0.3/data/26_True.pkl
fitting
try transform
transform worked
0.4480881009212994
[('ExtraTreesRegressor_1', 'SimpleImputer_1')]
<class 'tpot2.graphsklearn.GraphPipeline'>
loading data
/common/ketrong/AutoImputeExp/tpot2_imputetest/Impute_Experiments/logs/26/tpot2_base_normal_MAR_0.5/data/26_True.pkl
fitting
try transform
transform worked
0.4466680895573612
[('DecisionTreeRegressor_1', 'SimpleImputer_1')]
<class 'tpot2.graphsklearn.GraphPipeline'>
loading data
/common/ketrong/AutoImputeExp/tpot2_imputetest/Impute_Experiments/logs/26/tpot2_base_normal_MAR_0.9/data/26_True.pkl
fitting
try transform
transform worked
0.4432935008469495
[('ExtraTreesRegressor_1', 'SimpleImputer_1')]
<class 'tpot2.graphsklearn.GraphPipeline'>
loading data
/common/ketrong/AutoImputeExp/tpot2_imputetest/Impute_Experiments/logs/26/tpot2_base_normal_MCAR_0.01/data/26_True.pkl
fitting
try transform
transform worked
0.46697164860967527
[('RandomForestRegressor_1', 'SimpleImputer_1')]
<class 'tpot2.graphsklearn.GraphPipeline'>
loading data
/common/ketrong/AutoImputeExp/tpot2_imputetest/Impute_Experiments/logs/26/tpot2_base_normal_MCAR_0.1/data/26_True.pkl
fitting
try transform
transform worked
0.4511736163109706
[('RandomForestRegressor_1', 'SimpleImputer_1')]
<class 'tpot2.graphsklearn.GraphPipeline'>
loading data
/common/ketrong/AutoImputeExp/tpot2_imputetest/Impute_Experiments/logs/26/tpot2_base_normal_MCAR_0.3/data/26_True.pkl
fitting
try transform
transform worked
0.45030996004250323
[('XGBRegressor_1', 'SimpleImputer_1')]
<class 'tpot2.graphsklearn.GraphPipeline'>
loading data
/common/ketrong/AutoImputeExp/tpot2_imputetest/Impute_Experiments/logs/26/tpot2_base_normal_MCAR_0.5/data/26_True.pkl
fitting
try transform
transform worked
0.4510391123679876
[('XGBRegressor_1', 'SimpleImputer_1')]
<class 'tpot2.graphsklearn.GraphPipeline'>
loading data
/common/ketrong/AutoImputeExp/tpot2_imputetest/Impute_Experiments/logs/26/tpot2_base_normal_MCAR_0.9/data/26_True.pkl
fitting
try transform
transform worked
0.45008033272477277
[('ExtraTreesRegressor_1', 'SimpleImputer_1')]
<class 'tpot2.graphsklearn.GraphPipeline'>
loading data
/common/ketrong/AutoImputeExp/tpot2_imputetest/Impute_Experiments/logs/26/tpot2_base_normal_MNAR_0.01/data/26_True.pkl
fitting
try transform
transform worked
0.4478639801658319
[('RandomForestRegressor_1', 'SimpleImputer_1')]
<class 'tpot2.graphsklearn.GraphPipeline'>
loading data
/common/ketrong/AutoImputeExp/tpot2_imputetest/Impute_Experiments/logs/26/tpot2_base_normal_MNAR_0.1/data/26_True.pkl
fitting
try transform
transform worked
0.4524916889157754
[('RandomForestRegressor_1', 'SimpleImputer_1')]
<class 'tpot2.graphsklearn.GraphPipeline'>
loading data
/common/ketrong/AutoImputeExp/tpot2_imputetest/Impute_Experiments/logs/26/tpot2_base_normal_MNAR_0.3/data/26_True.pkl
fitting
try transform
transform worked
0.4559802568128493
[('ExtraTreesRegressor_1', 'SimpleImputer_1')]
<class 'tpot2.graphsklearn.GraphPipeline'>
loading data
/common/ketrong/AutoImputeExp/tpot2_imputetest/Impute_Experiments/logs/26/tpot2_base_normal_MNAR_0.5/data/26_True.pkl
fitting
try transform
transform worked
0.4510263475696406
[('ExtraTreesRegressor_1', 'SimpleImputer_1')]
<class 'tpot2.graphsklearn.GraphPipeline'>
loading data
/common/ketrong/AutoImputeExp/tpot2_imputetest/Impute_Experiments/logs/26/tpot2_base_normal_MNAR_0.9/data/26_True.pkl
fitting
try transform
transform worked
0.45061800433198806
[('ExtraTreesRegressor_1', 'RandomForestImputer_1')]
<class 'tpot2.graphsklearn.GraphPipeline'>
loading data
/common/ketrong/AutoImputeExp/tpot2_imputetest/Impute_Experiments/logs/26/tpot2_base_imputation_MAR_0.01/data/26_True.pkl
fitting
try transform
Traceback (most recent call last):
  File "/common/ketrong/AutoImputeExp/tpot2_imputetest/Impute_Experiments/Exp3ImputeRMSE.py", line 190, in <module>
    main()
  File "/common/ketrong/AutoImputeExp/tpot2_imputetest/Impute_Experiments/Exp3ImputeRMSE.py", line 107, in main
    X_test_transform = pls_work.graph.nodes[pls_work.topo_sorted_nodes[0]]["instance"].transform(X_test_missing_n)
  File "/home/ketrong/miniconda3/envs/tpot2devenv/lib/python3.10/site-packages/sklearn/utils/_set_output.py", line 157, in wrapped
    data_to_wrap = f(self, X, *args, **kwargs)
  File "/common/ketrong/AutoImputeExp/tpot2_imputetest/Impute_Experiments/transformers.py", line 514, in transform
    X = check_array(X, accept_sparse=False, dtype=np.float64,
  File "/home/ketrong/miniconda3/envs/tpot2devenv/lib/python3.10/site-packages/sklearn/utils/validation.py", line 957, in check_array
    _assert_all_finite(
  File "/home/ketrong/miniconda3/envs/tpot2devenv/lib/python3.10/site-packages/sklearn/utils/validation.py", line 122, in _assert_all_finite
    _assert_all_finite_element_wise(
  File "/home/ketrong/miniconda3/envs/tpot2devenv/lib/python3.10/site-packages/sklearn/utils/validation.py", line 171, in _assert_all_finite_element_wise
    raise ValueError(msg_err)
ValueError: Input contains NaN.
srun: error: esplhpc-cp019: task 0: Exited with exit code 1
