Run: 1
/cm/local/apps/slurm/var/spool/job702660/slurm_script: line 23: /common/ketrong/minconda3/etc/profile.d/conda.sh: No such file or directory
/cm/local/apps/slurm/var/spool/job702660/slurm_script: line 26: $'\nconda create --name tpot2devenv -c conda-forge python=3.10\n': command not found
/cm/local/apps/slurm/var/spool/job702660/slurm_script: line 31: $'\npip install -r requirements.txt\n': command not found
RunStart
2024-03-07 13:08:27.668908: I tensorflow/core/util/port.cc:113] oneDNN custom operations are on. You may see slightly different numerical results due to floating-point round-off errors from different computation orders. To turn them off, set the environment variable `TF_ENABLE_ONEDNN_OPTS=0`.
2024-03-07 13:08:27.705225: E external/local_xla/xla/stream_executor/cuda/cuda_dnn.cc:9261] Unable to register cuDNN factory: Attempting to register factory for plugin cuDNN when one has already been registered
2024-03-07 13:08:27.705247: E external/local_xla/xla/stream_executor/cuda/cuda_fft.cc:607] Unable to register cuFFT factory: Attempting to register factory for plugin cuFFT when one has already been registered
2024-03-07 13:08:27.706619: E external/local_xla/xla/stream_executor/cuda/cuda_blas.cc:1515] Unable to register cuBLAS factory: Attempting to register factory for plugin cuBLAS when one has already been registered
2024-03-07 13:08:27.712766: I tensorflow/core/platform/cpu_feature_guard.cc:182] This TensorFlow binary is optimized to use available CPU instructions in performance-critical operations.
To enable the following instructions: AVX2 AVX512F AVX512_VNNI FMA, in other operations, rebuild TensorFlow with the appropriate compiler flags.
2024-03-07 13:08:29.259377: W tensorflow/compiler/tf2tensorrt/utils/py_utils.cc:38] TF-TRT Warning: Could not find TensorRT
WARNING:tensorflow:From /home/ketrong/miniconda3/envs/tpot2devenv/lib/python3.10/site-packages/tensorflow/python/compat/v2_compat.py:108: disable_resource_variables (from tensorflow.python.ops.variable_scope) is deprecated and will be removed in a future version.
Instructions for updating:
non-resource variables are not supported in the long term
starting loops
[('XGBRegressor_1', 'SimpleImputer_1')]
<class 'tpot2.graphsklearn.GraphPipeline'>
loading data
/common/ketrong/AutoImputeExp/tpot2_imputetest/Impute_Experiments/logs/2306/tpot2_base_normal_MAR_0.01/data/2306_True.pkl
fitting
try transform
transform worked
0.823866783335715
[('XGBRegressor_1', 'SimpleImputer_1')]
<class 'tpot2.graphsklearn.GraphPipeline'>
loading data
/common/ketrong/AutoImputeExp/tpot2_imputetest/Impute_Experiments/logs/2306/tpot2_base_normal_MAR_0.1/data/2306_True.pkl
fitting
try transform
transform worked
0.8230262831609466
[('XGBRegressor_1', 'SimpleImputer_1')]
<class 'tpot2.graphsklearn.GraphPipeline'>
loading data
/common/ketrong/AutoImputeExp/tpot2_imputetest/Impute_Experiments/logs/2306/tpot2_base_normal_MAR_0.3/data/2306_True.pkl
fitting
try transform
transform worked
0.9583620152405601
[('XGBRegressor_1', 'SimpleImputer_1')]
<class 'tpot2.graphsklearn.GraphPipeline'>
loading data
/common/ketrong/AutoImputeExp/tpot2_imputetest/Impute_Experiments/logs/2306/tpot2_base_normal_MAR_0.5/data/2306_True.pkl
fitting
try transform
transform worked
0.8556206017699833
[('DecisionTreeRegressor_1', 'SimpleImputer_1')]
<class 'tpot2.graphsklearn.GraphPipeline'>
loading data
/common/ketrong/AutoImputeExp/tpot2_imputetest/Impute_Experiments/logs/2306/tpot2_base_normal_MAR_0.9/data/2306_True.pkl
fitting
try transform
transform worked
0.8141429564271679
[('XGBRegressor_1', 'SimpleImputer_1')]
<class 'tpot2.graphsklearn.GraphPipeline'>
loading data
/common/ketrong/AutoImputeExp/tpot2_imputetest/Impute_Experiments/logs/2306/tpot2_base_normal_MCAR_0.01/data/2306_True.pkl
fitting
try transform
transform worked
0.8384332394589941
[('XGBRegressor_1', 'SimpleImputer_1')]
<class 'tpot2.graphsklearn.GraphPipeline'>
loading data
/common/ketrong/AutoImputeExp/tpot2_imputetest/Impute_Experiments/logs/2306/tpot2_base_normal_MCAR_0.1/data/2306_True.pkl
fitting
try transform
transform worked
0.8302661300801989
[('ExtraTreesRegressor_1', 'SimpleImputer_1')]
<class 'tpot2.graphsklearn.GraphPipeline'>
loading data
/common/ketrong/AutoImputeExp/tpot2_imputetest/Impute_Experiments/logs/2306/tpot2_base_normal_MCAR_0.3/data/2306_True.pkl
fitting
try transform
transform worked
0.835679278848327
[('ExtraTreesRegressor_1', 'SimpleImputer_1')]
<class 'tpot2.graphsklearn.GraphPipeline'>
loading data
/common/ketrong/AutoImputeExp/tpot2_imputetest/Impute_Experiments/logs/2306/tpot2_base_normal_MCAR_0.5/data/2306_True.pkl
fitting
try transform
transform worked
0.831792934751818
[('ExtraTreesRegressor_1', 'SimpleImputer_1')]
<class 'tpot2.graphsklearn.GraphPipeline'>
loading data
/common/ketrong/AutoImputeExp/tpot2_imputetest/Impute_Experiments/logs/2306/tpot2_base_normal_MCAR_0.9/data/2306_True.pkl
fitting
try transform
transform worked
0.8348936619303267
[('XGBRegressor_1', 'SimpleImputer_1')]
<class 'tpot2.graphsklearn.GraphPipeline'>
loading data
/common/ketrong/AutoImputeExp/tpot2_imputetest/Impute_Experiments/logs/2306/tpot2_base_normal_MNAR_0.01/data/2306_True.pkl
fitting
try transform
transform worked
0.8373797342168656
[('XGBRegressor_1', 'SimpleImputer_1')]
<class 'tpot2.graphsklearn.GraphPipeline'>
loading data
/common/ketrong/AutoImputeExp/tpot2_imputetest/Impute_Experiments/logs/2306/tpot2_base_normal_MNAR_0.1/data/2306_True.pkl
fitting
try transform
transform worked
0.8382855063400587
[('XGBRegressor_1', 'SimpleImputer_1')]
<class 'tpot2.graphsklearn.GraphPipeline'>
loading data
/common/ketrong/AutoImputeExp/tpot2_imputetest/Impute_Experiments/logs/2306/tpot2_base_normal_MNAR_0.3/data/2306_True.pkl
fitting
try transform
transform worked
0.8354816728926152
[('XGBRegressor_1', 'SimpleImputer_1')]
<class 'tpot2.graphsklearn.GraphPipeline'>
loading data
/common/ketrong/AutoImputeExp/tpot2_imputetest/Impute_Experiments/logs/2306/tpot2_base_normal_MNAR_0.5/data/2306_True.pkl
fitting
try transform
transform worked
0.833515140353771
[('XGBRegressor_1', 'SimpleImputer_1')]
<class 'tpot2.graphsklearn.GraphPipeline'>
loading data
/common/ketrong/AutoImputeExp/tpot2_imputetest/Impute_Experiments/logs/2306/tpot2_base_normal_MNAR_0.9/data/2306_True.pkl
fitting
try transform
transform worked
0.8348453325706661
[('XGBRegressor_1', 'SimpleImputer_1')]
<class 'tpot2.graphsklearn.GraphPipeline'>
loading data
/common/ketrong/AutoImputeExp/tpot2_imputetest/Impute_Experiments/logs/2306/tpot2_base_imputation_MAR_0.01/data/2306_True.pkl
fitting
try transform
transform worked
0.8468017304727874
[('DecisionTreeRegressor_1', 'GAINImputer_1')]
<class 'tpot2.graphsklearn.GraphPipeline'>
loading data
/common/ketrong/AutoImputeExp/tpot2_imputetest/Impute_Experiments/logs/2306/tpot2_base_imputation_MAR_0.1/data/2306_True.pkl
fitting
2024-03-07 13:09:17.537486: E external/local_xla/xla/stream_executor/cuda/cuda_driver.cc:274] failed call to cuInit: CUDA_ERROR_NO_DEVICE: no CUDA-capable device is detected
2024-03-07 13:09:17.546960: I tensorflow/compiler/mlir/mlir_graph_optimization_pass.cc:388] MLIR V1 optimization pass is not enabled
try transform
transform worked
0.8457175032113827
[('XGBRegressor_1', 'SimpleImputer_1')]
<class 'tpot2.graphsklearn.GraphPipeline'>
loading data
/common/ketrong/AutoImputeExp/tpot2_imputetest/Impute_Experiments/logs/2306/tpot2_base_imputation_MAR_0.3/data/2306_True.pkl
fitting
try transform
transform worked
0.8567821490276385
[('DecisionTreeRegressor_1', 'RandomForestImputer_1')]
<class 'tpot2.graphsklearn.GraphPipeline'>
loading data
/common/ketrong/AutoImputeExp/tpot2_imputetest/Impute_Experiments/logs/2306/tpot2_base_imputation_MAR_0.5/data/2306_True.pkl
fitting
try transform
Traceback (most recent call last):
  File "/common/ketrong/AutoImputeExp/tpot2_imputetest/Impute_Experiments/Exp3ImputeRMSE.py", line 188, in <module>
    main()
  File "/common/ketrong/AutoImputeExp/tpot2_imputetest/Impute_Experiments/Exp3ImputeRMSE.py", line 107, in main
    X_test_transform = pls_work.graph.nodes[pls_work.topo_sorted_nodes[0]]["instance"].transform(X_test_missing_n)
  File "/home/ketrong/miniconda3/envs/tpot2devenv/lib/python3.10/site-packages/sklearn/utils/_set_output.py", line 157, in wrapped
    data_to_wrap = f(self, X, *args, **kwargs)
  File "/common/ketrong/AutoImputeExp/tpot2_imputetest/Impute_Experiments/transformers.py", line 514, in transform
    X = check_array(X, accept_sparse=False, dtype=np.float64,
  File "/home/ketrong/miniconda3/envs/tpot2devenv/lib/python3.10/site-packages/sklearn/utils/validation.py", line 957, in check_array
    _assert_all_finite(
  File "/home/ketrong/miniconda3/envs/tpot2devenv/lib/python3.10/site-packages/sklearn/utils/validation.py", line 122, in _assert_all_finite
    _assert_all_finite_element_wise(
  File "/home/ketrong/miniconda3/envs/tpot2devenv/lib/python3.10/site-packages/sklearn/utils/validation.py", line 171, in _assert_all_finite_element_wise
    raise ValueError(msg_err)
ValueError: Input contains NaN.
srun: error: esplhpc-cp007: task 0: Exited with exit code 1
