Run: 2
/cm/local/apps/slurm/var/spool/job844183/slurm_script: line 23: /common/ketrong/minconda3/etc/profile.d/conda.sh: No such file or directory
/cm/local/apps/slurm/var/spool/job844183/slurm_script: line 26: $'\nconda create --name tpot2devenv -c conda-forge python=3.10\n': command not found
/cm/local/apps/slurm/var/spool/job844183/slurm_script: line 31: $'\npip install -r requirements.txt\n': command not found
RunStart
2024-04-27 20:11:37.997703: I tensorflow/core/util/port.cc:113] oneDNN custom operations are on. You may see slightly different numerical results due to floating-point round-off errors from different computation orders. To turn them off, set the environment variable `TF_ENABLE_ONEDNN_OPTS=0`.
2024-04-27 20:11:38.032139: E external/local_xla/xla/stream_executor/cuda/cuda_dnn.cc:9261] Unable to register cuDNN factory: Attempting to register factory for plugin cuDNN when one has already been registered
2024-04-27 20:11:38.032161: E external/local_xla/xla/stream_executor/cuda/cuda_fft.cc:607] Unable to register cuFFT factory: Attempting to register factory for plugin cuFFT when one has already been registered
2024-04-27 20:11:38.033281: E external/local_xla/xla/stream_executor/cuda/cuda_blas.cc:1515] Unable to register cuBLAS factory: Attempting to register factory for plugin cuBLAS when one has already been registered
2024-04-27 20:11:38.038754: I tensorflow/core/platform/cpu_feature_guard.cc:182] This TensorFlow binary is optimized to use available CPU instructions in performance-critical operations.
To enable the following instructions: AVX2 AVX512F AVX512_VNNI FMA, in other operations, rebuild TensorFlow with the appropriate compiler flags.
2024-04-27 20:11:40.134070: W tensorflow/compiler/tf2tensorrt/utils/py_utils.cc:38] TF-TRT Warning: Could not find TensorRT
WARNING:tensorflow:From /home/ketrong/miniconda3/envs/tpot2devenv/lib/python3.10/site-packages/tensorflow/python/compat/v2_compat.py:108: disable_resource_variables (from tensorflow.python.ops.variable_scope) is deprecated and will be removed in a future version.
Instructions for updating:
non-resource variables are not supported in the long term
starting loops
working on 
logs/2075/tpot2_base_normal_MCAR_0.1
3.8988900184631348
loading data
logs/2075/tpot2_base_normal_MCAR_0.1/data/2075_True.pkl
2705    13
3628    13
3907    13
1642    13
2257    13
        ..
3914    19
128     19
181     21
673     21
275     22
Name: Class_number_of_rings, Length: 3759, dtype: category
Categories (29, object): ['1' < '2' < '3' < '4' ... '26' < '27' < '28' < '29']
          0  ...    9
0     0.700  ...  1.0
1     0.735  ...  0.0
2     0.480  ...  0.0
3     0.575  ...  1.0
4     0.495  ...  1.0
...     ...  ...  ...
3754  0.520  ...  0.0
3755  0.700  ...  1.0
3756  0.640  ...  1.0
3757  0.490  ...  1.0
3758  0.655  ...  1.0

[3759 rows x 10 columns]
         0  ...    9
0    0.620  ...  0.0
1    0.590  ...  1.0
2    0.450  ...  0.0
3    0.560  ...  0.0
4    0.695  ...  0.0
..     ...  ...  ...
413  0.540  ...  1.0
414  0.550  ...  0.0
415  0.625  ...  0.0
416  0.680  ...  0.0
417  0.545  ...  1.0

[418 rows x 10 columns]
running experiment 1/3 - Does large hyperparameter space improve reconstruction accuracy over simple
[I 2024-04-27 20:11:55,417] A new study created in memory with name: no-name-0b51235c-9198-4d19-9d1a-67266f3d56ac
[I 2024-04-27 20:11:55,603] Trial 4 finished with value: 0.4909581076513785 and parameters: {'model_name': 'SimpleImputer', 'strategy': 'constant'}. Best is trial 4 with value: 0.4909581076513785.
[I 2024-04-27 20:11:55,914] Trial 5 finished with value: 0.4909581076513785 and parameters: {'model_name': 'SimpleImputer', 'strategy': 'constant'}. Best is trial 4 with value: 0.4909581076513785.
[I 2024-04-27 20:11:56,284] Trial 7 finished with value: 0.4909581076513785 and parameters: {'model_name': 'SimpleImputer', 'strategy': 'constant'}. Best is trial 4 with value: 0.4909581076513785.
[I 2024-04-27 20:11:56,493] Trial 6 finished with value: 0.29676292475517396 and parameters: {'model_name': 'SimpleImputer', 'strategy': 'mean'}. Best is trial 6 with value: 0.29676292475517396.
[I 2024-04-27 20:11:56,865] Trial 18 finished with value: 0.4909581076513785 and parameters: {'model_name': 'SimpleImputer', 'strategy': 'constant'}. Best is trial 6 with value: 0.29676292475517396.
[I 2024-04-27 20:11:57,171] Trial 13 finished with value: 0.29676292475517396 and parameters: {'model_name': 'SimpleImputer', 'strategy': 'mean'}. Best is trial 6 with value: 0.29676292475517396.
[I 2024-04-27 20:11:57,394] Trial 16 finished with value: 0.29676292475517396 and parameters: {'model_name': 'SimpleImputer', 'strategy': 'mean'}. Best is trial 6 with value: 0.29676292475517396.
[I 2024-04-27 20:11:57,758] Trial 15 finished with value: 0.29676292475517396 and parameters: {'model_name': 'SimpleImputer', 'strategy': 'mean'}. Best is trial 6 with value: 0.29676292475517396.
[I 2024-04-27 20:11:57,921] Trial 19 finished with value: 0.29676292475517396 and parameters: {'model_name': 'SimpleImputer', 'strategy': 'mean'}. Best is trial 6 with value: 0.29676292475517396.
[I 2024-04-27 20:11:58,095] Trial 28 finished with value: 0.4909581076513785 and parameters: {'model_name': 'SimpleImputer', 'strategy': 'constant'}. Best is trial 6 with value: 0.29676292475517396.
[I 2024-04-27 20:11:58,432] Trial 23 finished with value: 0.29676292475517396 and parameters: {'model_name': 'SimpleImputer', 'strategy': 'mean'}. Best is trial 6 with value: 0.29676292475517396.
[I 2024-04-27 20:11:58,622] Trial 14 finished with value: 0.29676292475517396 and parameters: {'model_name': 'SimpleImputer', 'strategy': 'mean'}. Best is trial 6 with value: 0.29676292475517396.
[I 2024-04-27 20:11:58,826] Trial 31 finished with value: 0.4909581076513785 and parameters: {'model_name': 'SimpleImputer', 'strategy': 'constant'}. Best is trial 6 with value: 0.29676292475517396.
[I 2024-04-27 20:11:59,123] Trial 34 finished with value: 0.4909581076513785 and parameters: {'model_name': 'SimpleImputer', 'strategy': 'constant'}. Best is trial 6 with value: 0.29676292475517396.
[I 2024-04-27 20:11:59,404] Trial 40 finished with value: 0.4909581076513785 and parameters: {'model_name': 'SimpleImputer', 'strategy': 'constant'}. Best is trial 6 with value: 0.29676292475517396.
[I 2024-04-27 20:11:59,594] Trial 29 finished with value: 0.29676292475517396 and parameters: {'model_name': 'SimpleImputer', 'strategy': 'mean'}. Best is trial 6 with value: 0.29676292475517396.
[I 2024-04-27 20:11:59,760] Trial 1 finished with value: 0.33462680936048284 and parameters: {'model_name': 'SimpleImputer', 'strategy': 'median'}. Best is trial 6 with value: 0.29676292475517396.
[I 2024-04-27 20:12:00,028] Trial 27 finished with value: 0.29676292475517396 and parameters: {'model_name': 'SimpleImputer', 'strategy': 'mean'}. Best is trial 6 with value: 0.29676292475517396.
[I 2024-04-27 20:12:00,244] Trial 37 finished with value: 0.29676292475517396 and parameters: {'model_name': 'SimpleImputer', 'strategy': 'mean'}. Best is trial 6 with value: 0.29676292475517396.
[I 2024-04-27 20:12:00,425] Trial 36 finished with value: 0.29676292475517396 and parameters: {'model_name': 'SimpleImputer', 'strategy': 'mean'}. Best is trial 6 with value: 0.29676292475517396.
[I 2024-04-27 20:12:00,434] Trial 33 finished with value: 0.29676292475517396 and parameters: {'model_name': 'SimpleImputer', 'strategy': 'mean'}. Best is trial 6 with value: 0.29676292475517396.
[I 2024-04-27 20:12:00,879] Trial 2 finished with value: 0.33462680936048284 and parameters: {'model_name': 'SimpleImputer', 'strategy': 'median'}. Best is trial 6 with value: 0.29676292475517396.
[I 2024-04-27 20:12:01,049] Trial 46 finished with value: 0.29676292475517396 and parameters: {'model_name': 'SimpleImputer', 'strategy': 'mean'}. Best is trial 6 with value: 0.29676292475517396.
[I 2024-04-27 20:12:01,272] Trial 42 finished with value: 0.29676292475517396 and parameters: {'model_name': 'SimpleImputer', 'strategy': 'mean'}. Best is trial 6 with value: 0.29676292475517396.
[I 2024-04-27 20:12:01,540] Trial 35 finished with value: 0.29676292475517396 and parameters: {'model_name': 'SimpleImputer', 'strategy': 'mean'}. Best is trial 6 with value: 0.29676292475517396.
[I 2024-04-27 20:12:01,711] Trial 49 finished with value: 0.29676292475517396 and parameters: {'model_name': 'SimpleImputer', 'strategy': 'mean'}. Best is trial 6 with value: 0.29676292475517396.
[I 2024-04-27 20:12:01,860] Trial 48 finished with value: 0.29676292475517396 and parameters: {'model_name': 'SimpleImputer', 'strategy': 'mean'}. Best is trial 6 with value: 0.29676292475517396.
[I 2024-04-27 20:12:02,080] Trial 11 finished with value: 0.33462680936048284 and parameters: {'model_name': 'SimpleImputer', 'strategy': 'median'}. Best is trial 6 with value: 0.29676292475517396.
[I 2024-04-27 20:12:02,266] Trial 12 finished with value: 0.33462680936048284 and parameters: {'model_name': 'SimpleImputer', 'strategy': 'median'}. Best is trial 6 with value: 0.29676292475517396.
[I 2024-04-27 20:12:02,505] Trial 47 finished with value: 0.29676292475517396 and parameters: {'model_name': 'SimpleImputer', 'strategy': 'mean'}. Best is trial 6 with value: 0.29676292475517396.
[I 2024-04-27 20:12:02,700] Trial 20 finished with value: 0.33462680936048284 and parameters: {'model_name': 'SimpleImputer', 'strategy': 'median'}. Best is trial 6 with value: 0.29676292475517396.
[I 2024-04-27 20:12:02,960] Trial 24 finished with value: 0.33462680936048284 and parameters: {'model_name': 'SimpleImputer', 'strategy': 'median'}. Best is trial 6 with value: 0.29676292475517396.
[I 2024-04-27 20:12:03,164] Trial 30 finished with value: 0.33462680936048284 and parameters: {'model_name': 'SimpleImputer', 'strategy': 'median'}. Best is trial 6 with value: 0.29676292475517396.
[I 2024-04-27 20:12:03,326] Trial 22 finished with value: 0.33462680936048284 and parameters: {'model_name': 'SimpleImputer', 'strategy': 'median'}. Best is trial 6 with value: 0.29676292475517396.
[I 2024-04-27 20:12:03,665] Trial 45 finished with value: 0.33462680936048284 and parameters: {'model_name': 'SimpleImputer', 'strategy': 'median'}. Best is trial 6 with value: 0.29676292475517396.
[I 2024-04-27 20:12:03,902] Trial 41 finished with value: 0.33462680936048284 and parameters: {'model_name': 'SimpleImputer', 'strategy': 'median'}. Best is trial 6 with value: 0.29676292475517396.
[I 2024-04-27 20:12:04,237] Trial 54 finished with value: 0.33462680936048284 and parameters: {'model_name': 'SimpleImputer', 'strategy': 'median'}. Best is trial 6 with value: 0.29676292475517396.
[I 2024-04-27 20:12:04,679] Trial 43 finished with value: 0.33462680936048284 and parameters: {'model_name': 'SimpleImputer', 'strategy': 'median'}. Best is trial 6 with value: 0.29676292475517396.
[I 2024-04-27 20:12:04,920] Trial 0 finished with value: 0.4909581076513785 and parameters: {'model_name': 'SimpleImputer', 'strategy': 'most_frequent'}. Best is trial 6 with value: 0.29676292475517396.
[I 2024-04-27 20:12:05,149] Trial 58 finished with value: 0.33462680936048284 and parameters: {'model_name': 'SimpleImputer', 'strategy': 'median'}. Best is trial 6 with value: 0.29676292475517396.
[I 2024-04-27 20:12:05,301] Trial 55 finished with value: 0.33462680936048284 and parameters: {'model_name': 'SimpleImputer', 'strategy': 'median'}. Best is trial 6 with value: 0.29676292475517396.
[I 2024-04-27 20:12:05,695] Trial 53 finished with value: 0.33462680936048284 and parameters: {'model_name': 'SimpleImputer', 'strategy': 'median'}. Best is trial 6 with value: 0.29676292475517396.
[I 2024-04-27 20:12:05,947] Trial 57 finished with value: 0.33462680936048284 and parameters: {'model_name': 'SimpleImputer', 'strategy': 'median'}. Best is trial 6 with value: 0.29676292475517396.
[I 2024-04-27 20:12:06,697] Trial 3 finished with value: 0.4909581076513785 and parameters: {'model_name': 'SimpleImputer', 'strategy': 'most_frequent'}. Best is trial 6 with value: 0.29676292475517396.
[I 2024-04-27 20:12:06,934] Trial 8 finished with value: 0.4909581076513785 and parameters: {'model_name': 'SimpleImputer', 'strategy': 'most_frequent'}. Best is trial 6 with value: 0.29676292475517396.
[I 2024-04-27 20:12:07,246] Trial 9 finished with value: 0.4909581076513785 and parameters: {'model_name': 'SimpleImputer', 'strategy': 'most_frequent'}. Best is trial 6 with value: 0.29676292475517396.
[I 2024-04-27 20:12:07,426] Trial 61 finished with value: 0.33462680936048284 and parameters: {'model_name': 'SimpleImputer', 'strategy': 'median'}. Best is trial 6 with value: 0.29676292475517396.
[I 2024-04-27 20:12:08,251] Trial 32 finished with value: 0.4909581076513785 and parameters: {'model_name': 'SimpleImputer', 'strategy': 'most_frequent'}. Best is trial 6 with value: 0.29676292475517396.
[I 2024-04-27 20:12:08,462] Trial 17 finished with value: 0.4909581076513785 and parameters: {'model_name': 'SimpleImputer', 'strategy': 'most_frequent'}. Best is trial 6 with value: 0.29676292475517396.
[I 2024-04-27 20:12:08,712] Trial 21 finished with value: 0.4909581076513785 and parameters: {'model_name': 'SimpleImputer', 'strategy': 'most_frequent'}. Best is trial 6 with value: 0.29676292475517396.
[I 2024-04-27 20:12:08,972] Trial 39 finished with value: 0.4909581076513785 and parameters: {'model_name': 'SimpleImputer', 'strategy': 'most_frequent'}. Best is trial 6 with value: 0.29676292475517396.
[I 2024-04-27 20:12:09,338] Trial 10 finished with value: 0.4909581076513785 and parameters: {'model_name': 'SimpleImputer', 'strategy': 'most_frequent'}. Best is trial 6 with value: 0.29676292475517396.
[I 2024-04-27 20:12:09,781] Trial 25 finished with value: 0.4909581076513785 and parameters: {'model_name': 'SimpleImputer', 'strategy': 'most_frequent'}. Best is trial 6 with value: 0.29676292475517396.
[I 2024-04-27 20:12:10,198] Trial 38 finished with value: 0.4909581076513785 and parameters: {'model_name': 'SimpleImputer', 'strategy': 'most_frequent'}. Best is trial 6 with value: 0.29676292475517396.
[I 2024-04-27 20:12:10,522] Trial 51 finished with value: 0.4909581076513785 and parameters: {'model_name': 'SimpleImputer', 'strategy': 'most_frequent'}. Best is trial 6 with value: 0.29676292475517396.
[I 2024-04-27 20:12:10,834] Trial 52 finished with value: 0.4909581076513785 and parameters: {'model_name': 'SimpleImputer', 'strategy': 'most_frequent'}. Best is trial 6 with value: 0.29676292475517396.
[I 2024-04-27 20:12:11,216] Trial 50 finished with value: 0.4909581076513785 and parameters: {'model_name': 'SimpleImputer', 'strategy': 'most_frequent'}. Best is trial 6 with value: 0.29676292475517396.
[I 2024-04-27 20:12:11,581] Trial 95 finished with value: 0.29676292475517396 and parameters: {'model_name': 'SimpleImputer', 'strategy': 'mean'}. Best is trial 6 with value: 0.29676292475517396.
[I 2024-04-27 20:12:11,934] Trial 44 finished with value: 0.4909581076513785 and parameters: {'model_name': 'SimpleImputer', 'strategy': 'most_frequent'}. Best is trial 6 with value: 0.29676292475517396.
[I 2024-04-27 20:12:12,128] Trial 96 finished with value: 0.29676292475517396 and parameters: {'model_name': 'SimpleImputer', 'strategy': 'mean'}. Best is trial 6 with value: 0.29676292475517396.
[I 2024-04-27 20:12:12,477] Trial 97 finished with value: 0.29676292475517396 and parameters: {'model_name': 'SimpleImputer', 'strategy': 'mean'}. Best is trial 6 with value: 0.29676292475517396.
[I 2024-04-27 20:12:12,679] Trial 59 finished with value: 0.4909581076513785 and parameters: {'model_name': 'SimpleImputer', 'strategy': 'most_frequent'}. Best is trial 6 with value: 0.29676292475517396.
[I 2024-04-27 20:12:12,947] Trial 99 finished with value: 0.29676292475517396 and parameters: {'model_name': 'SimpleImputer', 'strategy': 'mean'}. Best is trial 6 with value: 0.29676292475517396.
[I 2024-04-27 20:12:13,264] Trial 26 finished with value: 0.4909581076513785 and parameters: {'model_name': 'SimpleImputer', 'strategy': 'most_frequent'}. Best is trial 6 with value: 0.29676292475517396.
[I 2024-04-27 20:12:13,516] Trial 64 finished with value: 0.4909581076513785 and parameters: {'model_name': 'SimpleImputer', 'strategy': 'most_frequent'}. Best is trial 6 with value: 0.29676292475517396.
[I 2024-04-27 20:12:13,860] Trial 98 finished with value: 0.29676292475517396 and parameters: {'model_name': 'SimpleImputer', 'strategy': 'mean'}. Best is trial 6 with value: 0.29676292475517396.
[I 2024-04-27 20:12:14,102] Trial 60 finished with value: 0.4909581076513785 and parameters: {'model_name': 'SimpleImputer', 'strategy': 'most_frequent'}. Best is trial 6 with value: 0.29676292475517396.
[I 2024-04-27 20:12:14,293] Trial 100 finished with value: 0.29676292475517396 and parameters: {'model_name': 'SimpleImputer', 'strategy': 'mean'}. Best is trial 6 with value: 0.29676292475517396.
[I 2024-04-27 20:12:14,602] Trial 65 finished with value: 0.4909581076513785 and parameters: {'model_name': 'SimpleImputer', 'strategy': 'most_frequent'}. Best is trial 6 with value: 0.29676292475517396.
[I 2024-04-27 20:12:14,837] Trial 66 finished with value: 0.4909581076513785 and parameters: {'model_name': 'SimpleImputer', 'strategy': 'most_frequent'}. Best is trial 6 with value: 0.29676292475517396.
[I 2024-04-27 20:12:15,100] Trial 67 finished with value: 0.4909581076513785 and parameters: {'model_name': 'SimpleImputer', 'strategy': 'most_frequent'}. Best is trial 6 with value: 0.29676292475517396.
[I 2024-04-27 20:12:15,433] Trial 63 finished with value: 0.4909581076513785 and parameters: {'model_name': 'SimpleImputer', 'strategy': 'most_frequent'}. Best is trial 6 with value: 0.29676292475517396.
[I 2024-04-27 20:12:15,749] Trial 69 finished with value: 0.4909581076513785 and parameters: {'model_name': 'SimpleImputer', 'strategy': 'most_frequent'}. Best is trial 6 with value: 0.29676292475517396.
[I 2024-04-27 20:12:15,917] Trial 101 finished with value: 0.29676292475517396 and parameters: {'model_name': 'SimpleImputer', 'strategy': 'mean'}. Best is trial 6 with value: 0.29676292475517396.
[I 2024-04-27 20:12:16,124] Trial 102 finished with value: 0.29676292475517396 and parameters: {'model_name': 'SimpleImputer', 'strategy': 'mean'}. Best is trial 6 with value: 0.29676292475517396.
[I 2024-04-27 20:12:16,287] Trial 70 finished with value: 0.4909581076513785 and parameters: {'model_name': 'SimpleImputer', 'strategy': 'most_frequent'}. Best is trial 6 with value: 0.29676292475517396.
[I 2024-04-27 20:12:16,533] Trial 75 finished with value: 0.4909581076513785 and parameters: {'model_name': 'SimpleImputer', 'strategy': 'most_frequent'}. Best is trial 6 with value: 0.29676292475517396.
[I 2024-04-27 20:12:16,828] Trial 103 finished with value: 0.29676292475517396 and parameters: {'model_name': 'SimpleImputer', 'strategy': 'mean'}. Best is trial 6 with value: 0.29676292475517396.
[I 2024-04-27 20:12:17,037] Trial 56 finished with value: 0.4909581076513785 and parameters: {'model_name': 'SimpleImputer', 'strategy': 'most_frequent'}. Best is trial 6 with value: 0.29676292475517396.
[I 2024-04-27 20:12:17,217] Trial 78 finished with value: 0.4909581076513785 and parameters: {'model_name': 'SimpleImputer', 'strategy': 'most_frequent'}. Best is trial 6 with value: 0.29676292475517396.
[I 2024-04-27 20:12:17,474] Trial 68 finished with value: 0.4909581076513785 and parameters: {'model_name': 'SimpleImputer', 'strategy': 'most_frequent'}. Best is trial 6 with value: 0.29676292475517396.
[I 2024-04-27 20:12:17,693] Trial 74 finished with value: 0.4909581076513785 and parameters: {'model_name': 'SimpleImputer', 'strategy': 'most_frequent'}. Best is trial 6 with value: 0.29676292475517396.
[I 2024-04-27 20:12:17,939] Trial 104 finished with value: 0.29676292475517396 and parameters: {'model_name': 'SimpleImputer', 'strategy': 'mean'}. Best is trial 6 with value: 0.29676292475517396.
[I 2024-04-27 20:12:18,161] Trial 62 finished with value: 0.4909581076513785 and parameters: {'model_name': 'SimpleImputer', 'strategy': 'most_frequent'}. Best is trial 6 with value: 0.29676292475517396.
[I 2024-04-27 20:12:18,485] Trial 107 finished with value: 0.29676292475517396 and parameters: {'model_name': 'SimpleImputer', 'strategy': 'mean'}. Best is trial 6 with value: 0.29676292475517396.
[I 2024-04-27 20:12:18,720] Trial 106 finished with value: 0.29676292475517396 and parameters: {'model_name': 'SimpleImputer', 'strategy': 'mean'}. Best is trial 6 with value: 0.29676292475517396.
[I 2024-04-27 20:12:18,910] Trial 79 finished with value: 0.4909581076513785 and parameters: {'model_name': 'SimpleImputer', 'strategy': 'most_frequent'}. Best is trial 6 with value: 0.29676292475517396.
[I 2024-04-27 20:12:19,172] Trial 71 finished with value: 0.4909581076513785 and parameters: {'model_name': 'SimpleImputer', 'strategy': 'most_frequent'}. Best is trial 6 with value: 0.29676292475517396.
[I 2024-04-27 20:12:19,362] Trial 72 finished with value: 0.4909581076513785 and parameters: {'model_name': 'SimpleImputer', 'strategy': 'most_frequent'}. Best is trial 6 with value: 0.29676292475517396.
[I 2024-04-27 20:12:19,602] Trial 76 finished with value: 0.4909581076513785 and parameters: {'model_name': 'SimpleImputer', 'strategy': 'most_frequent'}. Best is trial 6 with value: 0.29676292475517396.
[I 2024-04-27 20:12:19,780] Trial 105 finished with value: 0.29676292475517396 and parameters: {'model_name': 'SimpleImputer', 'strategy': 'mean'}. Best is trial 6 with value: 0.29676292475517396.
[I 2024-04-27 20:12:20,018] Trial 108 finished with value: 0.29676292475517396 and parameters: {'model_name': 'SimpleImputer', 'strategy': 'mean'}. Best is trial 6 with value: 0.29676292475517396.
[I 2024-04-27 20:12:20,305] Trial 73 finished with value: 0.4909581076513785 and parameters: {'model_name': 'SimpleImputer', 'strategy': 'most_frequent'}. Best is trial 6 with value: 0.29676292475517396.
[I 2024-04-27 20:12:20,680] Trial 110 finished with value: 0.29676292475517396 and parameters: {'model_name': 'SimpleImputer', 'strategy': 'mean'}. Best is trial 6 with value: 0.29676292475517396.
[I 2024-04-27 20:12:20,917] Trial 77 finished with value: 0.4909581076513785 and parameters: {'model_name': 'SimpleImputer', 'strategy': 'most_frequent'}. Best is trial 6 with value: 0.29676292475517396.
[I 2024-04-27 20:12:21,225] Trial 109 finished with value: 0.29676292475517396 and parameters: {'model_name': 'SimpleImputer', 'strategy': 'mean'}. Best is trial 6 with value: 0.29676292475517396.
[I 2024-04-27 20:12:21,442] Trial 113 finished with value: 0.29676292475517396 and parameters: {'model_name': 'SimpleImputer', 'strategy': 'mean'}. Best is trial 6 with value: 0.29676292475517396.
[I 2024-04-27 20:12:21,688] Trial 80 finished with value: 0.4909581076513785 and parameters: {'model_name': 'SimpleImputer', 'strategy': 'most_frequent'}. Best is trial 6 with value: 0.29676292475517396.
[I 2024-04-27 20:12:21,922] Trial 111 finished with value: 0.29676292475517396 and parameters: {'model_name': 'SimpleImputer', 'strategy': 'mean'}. Best is trial 6 with value: 0.29676292475517396.
[I 2024-04-27 20:12:22,174] Trial 112 finished with value: 0.29676292475517396 and parameters: {'model_name': 'SimpleImputer', 'strategy': 'mean'}. Best is trial 6 with value: 0.29676292475517396.
[I 2024-04-27 20:12:22,433] Trial 83 finished with value: 0.4909581076513785 and parameters: {'model_name': 'SimpleImputer', 'strategy': 'most_frequent'}. Best is trial 6 with value: 0.29676292475517396.
[I 2024-04-27 20:12:22,637] Trial 119 finished with value: 0.29676292475517396 and parameters: {'model_name': 'SimpleImputer', 'strategy': 'mean'}. Best is trial 6 with value: 0.29676292475517396.
[I 2024-04-27 20:12:22,938] Trial 84 finished with value: 0.4909581076513785 and parameters: {'model_name': 'SimpleImputer', 'strategy': 'most_frequent'}. Best is trial 6 with value: 0.29676292475517396.
[I 2024-04-27 20:12:23,173] Trial 114 finished with value: 0.29676292475517396 and parameters: {'model_name': 'SimpleImputer', 'strategy': 'mean'}. Best is trial 6 with value: 0.29676292475517396.
[I 2024-04-27 20:12:23,363] Trial 86 finished with value: 0.4909581076513785 and parameters: {'model_name': 'SimpleImputer', 'strategy': 'most_frequent'}. Best is trial 6 with value: 0.29676292475517396.
[I 2024-04-27 20:12:23,525] Trial 115 finished with value: 0.29676292475517396 and parameters: {'model_name': 'SimpleImputer', 'strategy': 'mean'}. Best is trial 6 with value: 0.29676292475517396.
[I 2024-04-27 20:12:23,693] Trial 117 finished with value: 0.29676292475517396 and parameters: {'model_name': 'SimpleImputer', 'strategy': 'mean'}. Best is trial 6 with value: 0.29676292475517396.
[I 2024-04-27 20:12:24,015] Trial 116 finished with value: 0.29676292475517396 and parameters: {'model_name': 'SimpleImputer', 'strategy': 'mean'}. Best is trial 6 with value: 0.29676292475517396.
[I 2024-04-27 20:12:24,183] Trial 120 finished with value: 0.29676292475517396 and parameters: {'model_name': 'SimpleImputer', 'strategy': 'mean'}. Best is trial 6 with value: 0.29676292475517396.
[I 2024-04-27 20:12:24,346] Trial 118 finished with value: 0.29676292475517396 and parameters: {'model_name': 'SimpleImputer', 'strategy': 'mean'}. Best is trial 6 with value: 0.29676292475517396.
[I 2024-04-27 20:12:24,587] Trial 82 finished with value: 0.4909581076513785 and parameters: {'model_name': 'SimpleImputer', 'strategy': 'most_frequent'}. Best is trial 6 with value: 0.29676292475517396.
[I 2024-04-27 20:12:24,786] Trial 123 finished with value: 0.29676292475517396 and parameters: {'model_name': 'SimpleImputer', 'strategy': 'mean'}. Best is trial 6 with value: 0.29676292475517396.
[I 2024-04-27 20:12:25,074] Trial 121 finished with value: 0.29676292475517396 and parameters: {'model_name': 'SimpleImputer', 'strategy': 'mean'}. Best is trial 6 with value: 0.29676292475517396.
[I 2024-04-27 20:12:25,332] Trial 128 finished with value: 0.29676292475517396 and parameters: {'model_name': 'SimpleImputer', 'strategy': 'mean'}. Best is trial 6 with value: 0.29676292475517396.
[I 2024-04-27 20:12:25,545] Trial 125 finished with value: 0.29676292475517396 and parameters: {'model_name': 'SimpleImputer', 'strategy': 'mean'}. Best is trial 6 with value: 0.29676292475517396.
[I 2024-04-27 20:12:25,774] Trial 124 finished with value: 0.29676292475517396 and parameters: {'model_name': 'SimpleImputer', 'strategy': 'mean'}. Best is trial 6 with value: 0.29676292475517396.
[I 2024-04-27 20:12:26,132] Trial 122 finished with value: 0.29676292475517396 and parameters: {'model_name': 'SimpleImputer', 'strategy': 'mean'}. Best is trial 6 with value: 0.29676292475517396.
[I 2024-04-27 20:12:26,413] Trial 127 finished with value: 0.29676292475517396 and parameters: {'model_name': 'SimpleImputer', 'strategy': 'mean'}. Best is trial 6 with value: 0.29676292475517396.
[I 2024-04-27 20:12:26,667] Trial 126 finished with value: 0.29676292475517396 and parameters: {'model_name': 'SimpleImputer', 'strategy': 'mean'}. Best is trial 6 with value: 0.29676292475517396.
[I 2024-04-27 20:12:26,918] Trial 87 finished with value: 0.4909581076513785 and parameters: {'model_name': 'SimpleImputer', 'strategy': 'most_frequent'}. Best is trial 6 with value: 0.29676292475517396.
[I 2024-04-27 20:12:27,131] Trial 92 finished with value: 0.4909581076513785 and parameters: {'model_name': 'SimpleImputer', 'strategy': 'most_frequent'}. Best is trial 6 with value: 0.29676292475517396.
[I 2024-04-27 20:12:27,418] Trial 129 finished with value: 0.29676292475517396 and parameters: {'model_name': 'SimpleImputer', 'strategy': 'mean'}. Best is trial 6 with value: 0.29676292475517396.
[I 2024-04-27 20:12:27,588] Trial 130 finished with value: 0.29676292475517396 and parameters: {'model_name': 'SimpleImputer', 'strategy': 'mean'}. Best is trial 6 with value: 0.29676292475517396.
[I 2024-04-27 20:12:27,818] Trial 88 finished with value: 0.4909581076513785 and parameters: {'model_name': 'SimpleImputer', 'strategy': 'most_frequent'}. Best is trial 6 with value: 0.29676292475517396.
[I 2024-04-27 20:12:28,062] Trial 135 finished with value: 0.29676292475517396 and parameters: {'model_name': 'SimpleImputer', 'strategy': 'mean'}. Best is trial 6 with value: 0.29676292475517396.
[I 2024-04-27 20:12:28,323] Trial 134 finished with value: 0.29676292475517396 and parameters: {'model_name': 'SimpleImputer', 'strategy': 'mean'}. Best is trial 6 with value: 0.29676292475517396.
[I 2024-04-27 20:12:28,595] Trial 93 finished with value: 0.4909581076513785 and parameters: {'model_name': 'SimpleImputer', 'strategy': 'most_frequent'}. Best is trial 6 with value: 0.29676292475517396.
[I 2024-04-27 20:12:28,809] Trial 81 finished with value: 0.4909581076513785 and parameters: {'model_name': 'SimpleImputer', 'strategy': 'most_frequent'}. Best is trial 6 with value: 0.29676292475517396.
[I 2024-04-27 20:12:28,997] Trial 142 finished with value: 0.29676292475517396 and parameters: {'model_name': 'SimpleImputer', 'strategy': 'mean'}. Best is trial 6 with value: 0.29676292475517396.
[I 2024-04-27 20:12:29,270] Trial 137 finished with value: 0.29676292475517396 and parameters: {'model_name': 'SimpleImputer', 'strategy': 'mean'}. Best is trial 6 with value: 0.29676292475517396.
[I 2024-04-27 20:12:29,498] Trial 138 finished with value: 0.29676292475517396 and parameters: {'model_name': 'SimpleImputer', 'strategy': 'mean'}. Best is trial 6 with value: 0.29676292475517396.
[I 2024-04-27 20:12:29,765] Trial 90 finished with value: 0.4909581076513785 and parameters: {'model_name': 'SimpleImputer', 'strategy': 'most_frequent'}. Best is trial 6 with value: 0.29676292475517396.
[I 2024-04-27 20:12:30,016] Trial 141 finished with value: 0.29676292475517396 and parameters: {'model_name': 'SimpleImputer', 'strategy': 'mean'}. Best is trial 6 with value: 0.29676292475517396.
[I 2024-04-27 20:12:30,270] Trial 91 finished with value: 0.4909581076513785 and parameters: {'model_name': 'SimpleImputer', 'strategy': 'most_frequent'}. Best is trial 6 with value: 0.29676292475517396.
[I 2024-04-27 20:12:30,513] Trial 94 finished with value: 0.4909581076513785 and parameters: {'model_name': 'SimpleImputer', 'strategy': 'most_frequent'}. Best is trial 6 with value: 0.29676292475517396.
[I 2024-04-27 20:12:30,684] Trial 133 finished with value: 0.29676292475517396 and parameters: {'model_name': 'SimpleImputer', 'strategy': 'mean'}. Best is trial 6 with value: 0.29676292475517396.
[I 2024-04-27 20:12:30,844] Trial 132 finished with value: 0.29676292475517396 and parameters: {'model_name': 'SimpleImputer', 'strategy': 'mean'}. Best is trial 6 with value: 0.29676292475517396.
[I 2024-04-27 20:12:31,003] Trial 85 finished with value: 0.4909581076513785 and parameters: {'model_name': 'SimpleImputer', 'strategy': 'most_frequent'}. Best is trial 6 with value: 0.29676292475517396.
[I 2024-04-27 20:12:31,199] Trial 140 finished with value: 0.29676292475517396 and parameters: {'model_name': 'SimpleImputer', 'strategy': 'mean'}. Best is trial 6 with value: 0.29676292475517396.
[I 2024-04-27 20:12:31,464] Trial 146 finished with value: 0.4909581076513785 and parameters: {'model_name': 'SimpleImputer', 'strategy': 'constant'}. Best is trial 6 with value: 0.29676292475517396.
[I 2024-04-27 20:12:31,698] Trial 131 finished with value: 0.29676292475517396 and parameters: {'model_name': 'SimpleImputer', 'strategy': 'mean'}. Best is trial 6 with value: 0.29676292475517396.
[I 2024-04-27 20:12:31,909] Trial 89 finished with value: 0.4909581076513785 and parameters: {'model_name': 'SimpleImputer', 'strategy': 'most_frequent'}. Best is trial 6 with value: 0.29676292475517396.
[I 2024-04-27 20:12:32,205] Trial 150 finished with value: 0.4909581076513785 and parameters: {'model_name': 'SimpleImputer', 'strategy': 'constant'}. Best is trial 6 with value: 0.29676292475517396.
[I 2024-04-27 20:12:32,456] Trial 145 finished with value: 0.4909581076513785 and parameters: {'model_name': 'SimpleImputer', 'strategy': 'constant'}. Best is trial 6 with value: 0.29676292475517396.
[I 2024-04-27 20:12:32,694] Trial 148 finished with value: 0.4909581076513785 and parameters: {'model_name': 'SimpleImputer', 'strategy': 'constant'}. Best is trial 6 with value: 0.29676292475517396.
[I 2024-04-27 20:12:32,918] Trial 136 finished with value: 0.29676292475517396 and parameters: {'model_name': 'SimpleImputer', 'strategy': 'mean'}. Best is trial 6 with value: 0.29676292475517396.
[I 2024-04-27 20:12:33,164] Trial 139 finished with value: 0.29676292475517396 and parameters: {'model_name': 'SimpleImputer', 'strategy': 'mean'}. Best is trial 6 with value: 0.29676292475517396.
[I 2024-04-27 20:12:33,420] Trial 147 finished with value: 0.4909581076513785 and parameters: {'model_name': 'SimpleImputer', 'strategy': 'constant'}. Best is trial 6 with value: 0.29676292475517396.
[I 2024-04-27 20:12:33,606] Trial 155 finished with value: 0.4909581076513785 and parameters: {'model_name': 'SimpleImputer', 'strategy': 'constant'}. Best is trial 6 with value: 0.29676292475517396.
[I 2024-04-27 20:12:33,869] Trial 154 finished with value: 0.4909581076513785 and parameters: {'model_name': 'SimpleImputer', 'strategy': 'constant'}. Best is trial 6 with value: 0.29676292475517396.
[I 2024-04-27 20:12:34,143] Trial 157 finished with value: 0.4909581076513785 and parameters: {'model_name': 'SimpleImputer', 'strategy': 'constant'}. Best is trial 6 with value: 0.29676292475517396.
[I 2024-04-27 20:12:34,386] Trial 158 finished with value: 0.29676292475517396 and parameters: {'model_name': 'SimpleImputer', 'strategy': 'mean'}. Best is trial 6 with value: 0.29676292475517396.
[I 2024-04-27 20:12:34,626] Trial 143 finished with value: 0.29676292475517396 and parameters: {'model_name': 'SimpleImputer', 'strategy': 'mean'}. Best is trial 6 with value: 0.29676292475517396.
[I 2024-04-27 20:12:34,874] Trial 152 finished with value: 0.4909581076513785 and parameters: {'model_name': 'SimpleImputer', 'strategy': 'constant'}. Best is trial 6 with value: 0.29676292475517396.
[I 2024-04-27 20:12:35,037] Trial 144 finished with value: 0.29676292475517396 and parameters: {'model_name': 'SimpleImputer', 'strategy': 'mean'}. Best is trial 6 with value: 0.29676292475517396.
[I 2024-04-27 20:12:35,213] Trial 156 finished with value: 0.4909581076513785 and parameters: {'model_name': 'SimpleImputer', 'strategy': 'constant'}. Best is trial 6 with value: 0.29676292475517396.
[I 2024-04-27 20:12:35,391] Trial 160 finished with value: 0.4909581076513785 and parameters: {'model_name': 'SimpleImputer', 'strategy': 'constant'}. Best is trial 6 with value: 0.29676292475517396.
[I 2024-04-27 20:12:35,657] Trial 171 finished with value: 0.4909581076513785 and parameters: {'model_name': 'SimpleImputer', 'strategy': 'constant'}. Best is trial 6 with value: 0.29676292475517396.
[I 2024-04-27 20:12:35,970] Trial 151 finished with value: 0.4909581076513785 and parameters: {'model_name': 'SimpleImputer', 'strategy': 'constant'}. Best is trial 6 with value: 0.29676292475517396.
[I 2024-04-27 20:12:36,252] Trial 167 finished with value: 0.4909581076513785 and parameters: {'model_name': 'SimpleImputer', 'strategy': 'constant'}. Best is trial 6 with value: 0.29676292475517396.
[I 2024-04-27 20:12:36,550] Trial 161 finished with value: 0.4909581076513785 and parameters: {'model_name': 'SimpleImputer', 'strategy': 'constant'}. Best is trial 6 with value: 0.29676292475517396.
[I 2024-04-27 20:12:36,804] Trial 149 finished with value: 0.4909581076513785 and parameters: {'model_name': 'SimpleImputer', 'strategy': 'constant'}. Best is trial 6 with value: 0.29676292475517396.
[I 2024-04-27 20:12:37,044] Trial 162 finished with value: 0.29676292475517396 and parameters: {'model_name': 'SimpleImputer', 'strategy': 'mean'}. Best is trial 6 with value: 0.29676292475517396.
[I 2024-04-27 20:12:37,224] Trial 175 finished with value: 0.4909581076513785 and parameters: {'model_name': 'SimpleImputer', 'strategy': 'constant'}. Best is trial 6 with value: 0.29676292475517396.
[I 2024-04-27 20:12:37,526] Trial 153 finished with value: 0.4909581076513785 and parameters: {'model_name': 'SimpleImputer', 'strategy': 'constant'}. Best is trial 6 with value: 0.29676292475517396.
[I 2024-04-27 20:12:37,710] Trial 164 finished with value: 0.4909581076513785 and parameters: {'model_name': 'SimpleImputer', 'strategy': 'constant'}. Best is trial 6 with value: 0.29676292475517396.
[I 2024-04-27 20:12:37,881] Trial 168 finished with value: 0.4909581076513785 and parameters: {'model_name': 'SimpleImputer', 'strategy': 'constant'}. Best is trial 6 with value: 0.29676292475517396.
[I 2024-04-27 20:12:38,323] Trial 170 finished with value: 0.4909581076513785 and parameters: {'model_name': 'SimpleImputer', 'strategy': 'constant'}. Best is trial 6 with value: 0.29676292475517396.
[I 2024-04-27 20:12:38,683] Trial 163 finished with value: 0.4909581076513785 and parameters: {'model_name': 'SimpleImputer', 'strategy': 'constant'}. Best is trial 6 with value: 0.29676292475517396.
[I 2024-04-27 20:12:38,867] Trial 159 finished with value: 0.4909581076513785 and parameters: {'model_name': 'SimpleImputer', 'strategy': 'constant'}. Best is trial 6 with value: 0.29676292475517396.
[I 2024-04-27 20:12:39,044] Trial 176 finished with value: 0.29676292475517396 and parameters: {'model_name': 'SimpleImputer', 'strategy': 'mean'}. Best is trial 6 with value: 0.29676292475517396.
[I 2024-04-27 20:12:39,261] Trial 178 finished with value: 0.29676292475517396 and parameters: {'model_name': 'SimpleImputer', 'strategy': 'mean'}. Best is trial 6 with value: 0.29676292475517396.
[I 2024-04-27 20:12:39,537] Trial 165 finished with value: 0.4909581076513785 and parameters: {'model_name': 'SimpleImputer', 'strategy': 'constant'}. Best is trial 6 with value: 0.29676292475517396.
[I 2024-04-27 20:12:39,746] Trial 173 finished with value: 0.4909581076513785 and parameters: {'model_name': 'SimpleImputer', 'strategy': 'constant'}. Best is trial 6 with value: 0.29676292475517396.
[I 2024-04-27 20:12:39,967] Trial 172 finished with value: 0.4909581076513785 and parameters: {'model_name': 'SimpleImputer', 'strategy': 'constant'}. Best is trial 6 with value: 0.29676292475517396.
[I 2024-04-27 20:12:40,172] Trial 169 finished with value: 0.4909581076513785 and parameters: {'model_name': 'SimpleImputer', 'strategy': 'constant'}. Best is trial 6 with value: 0.29676292475517396.
[I 2024-04-27 20:12:40,481] Trial 166 finished with value: 0.29676292475517396 and parameters: {'model_name': 'SimpleImputer', 'strategy': 'mean'}. Best is trial 6 with value: 0.29676292475517396.
[I 2024-04-27 20:12:40,675] Trial 179 finished with value: 0.29676292475517396 and parameters: {'model_name': 'SimpleImputer', 'strategy': 'mean'}. Best is trial 6 with value: 0.29676292475517396.
[I 2024-04-27 20:12:41,175] Trial 187 finished with value: 0.29676292475517396 and parameters: {'model_name': 'SimpleImputer', 'strategy': 'mean'}. Best is trial 6 with value: 0.29676292475517396.
[I 2024-04-27 20:12:41,376] Trial 195 finished with value: 0.29676292475517396 and parameters: {'model_name': 'SimpleImputer', 'strategy': 'mean'}. Best is trial 6 with value: 0.29676292475517396.
[I 2024-04-27 20:12:41,546] Trial 198 finished with value: 0.29676292475517396 and parameters: {'model_name': 'SimpleImputer', 'strategy': 'mean'}. Best is trial 6 with value: 0.29676292475517396.
[I 2024-04-27 20:12:41,806] Trial 196 finished with value: 0.29676292475517396 and parameters: {'model_name': 'SimpleImputer', 'strategy': 'mean'}. Best is trial 6 with value: 0.29676292475517396.
[I 2024-04-27 20:12:42,063] Trial 191 finished with value: 0.29676292475517396 and parameters: {'model_name': 'SimpleImputer', 'strategy': 'mean'}. Best is trial 6 with value: 0.29676292475517396.
[I 2024-04-27 20:12:42,314] Trial 183 finished with value: 0.29676292475517396 and parameters: {'model_name': 'SimpleImputer', 'strategy': 'mean'}. Best is trial 6 with value: 0.29676292475517396.
[I 2024-04-27 20:12:42,496] Trial 194 finished with value: 0.29676292475517396 and parameters: {'model_name': 'SimpleImputer', 'strategy': 'mean'}. Best is trial 6 with value: 0.29676292475517396.
[I 2024-04-27 20:12:42,747] Trial 185 finished with value: 0.29676292475517396 and parameters: {'model_name': 'SimpleImputer', 'strategy': 'mean'}. Best is trial 6 with value: 0.29676292475517396.
[I 2024-04-27 20:12:42,919] Trial 177 finished with value: 0.29676292475517396 and parameters: {'model_name': 'SimpleImputer', 'strategy': 'mean'}. Best is trial 6 with value: 0.29676292475517396.
[I 2024-04-27 20:12:43,152] Trial 174 finished with value: 0.29676292475517396 and parameters: {'model_name': 'SimpleImputer', 'strategy': 'mean'}. Best is trial 6 with value: 0.29676292475517396.
[I 2024-04-27 20:12:43,318] Trial 181 finished with value: 0.29676292475517396 and parameters: {'model_name': 'SimpleImputer', 'strategy': 'mean'}. Best is trial 6 with value: 0.29676292475517396.
[I 2024-04-27 20:12:43,477] Trial 189 finished with value: 0.29676292475517396 and parameters: {'model_name': 'SimpleImputer', 'strategy': 'mean'}. Best is trial 6 with value: 0.29676292475517396.
[I 2024-04-27 20:12:43,723] Trial 193 finished with value: 0.29676292475517396 and parameters: {'model_name': 'SimpleImputer', 'strategy': 'mean'}. Best is trial 6 with value: 0.29676292475517396.
[I 2024-04-27 20:12:43,899] Trial 186 finished with value: 0.29676292475517396 and parameters: {'model_name': 'SimpleImputer', 'strategy': 'mean'}. Best is trial 6 with value: 0.29676292475517396.
[I 2024-04-27 20:12:44,085] Trial 184 finished with value: 0.29676292475517396 and parameters: {'model_name': 'SimpleImputer', 'strategy': 'mean'}. Best is trial 6 with value: 0.29676292475517396.
[I 2024-04-27 20:12:44,347] Trial 182 finished with value: 0.29676292475517396 and parameters: {'model_name': 'SimpleImputer', 'strategy': 'mean'}. Best is trial 6 with value: 0.29676292475517396.
[I 2024-04-27 20:12:44,350] Trial 188 finished with value: 0.29676292475517396 and parameters: {'model_name': 'SimpleImputer', 'strategy': 'mean'}. Best is trial 6 with value: 0.29676292475517396.
[I 2024-04-27 20:12:44,676] Trial 180 finished with value: 0.29676292475517396 and parameters: {'model_name': 'SimpleImputer', 'strategy': 'mean'}. Best is trial 6 with value: 0.29676292475517396.
[I 2024-04-27 20:12:44,871] Trial 190 finished with value: 0.29676292475517396 and parameters: {'model_name': 'SimpleImputer', 'strategy': 'mean'}. Best is trial 6 with value: 0.29676292475517396.
[I 2024-04-27 20:12:45,029] Trial 197 finished with value: 0.29676292475517396 and parameters: {'model_name': 'SimpleImputer', 'strategy': 'mean'}. Best is trial 6 with value: 0.29676292475517396.
[I 2024-04-27 20:12:45,273] Trial 192 finished with value: 0.29676292475517396 and parameters: {'model_name': 'SimpleImputer', 'strategy': 'mean'}. Best is trial 6 with value: 0.29676292475517396.
[I 2024-04-27 20:12:45,444] Trial 199 finished with value: 0.29676292475517396 and parameters: {'model_name': 'SimpleImputer', 'strategy': 'mean'}. Best is trial 6 with value: 0.29676292475517396.
simple fit
simple transform
            0  ...         9
0    0.620000  ...  0.367407
1    0.524581  ...  1.000000
2    0.450000  ...  0.000000
3    0.560000  ...  0.000000
4    0.695000  ...  0.367407
..        ...  ...       ...
413  0.540000  ...  1.000000
414  0.524581  ...  0.000000
415  0.625000  ...  0.000000
416  0.680000  ...  0.367407
417  0.545000  ...  1.000000

[418 rows x 10 columns]
0.29676292475517396
{'model_name': 'SimpleImputer', 'strategy': 'mean'}
running experiment 2/3 - Does reconstruction give good automl predictions
Start est fit
2024-04-27 20:13:11.355139: I tensorflow/core/util/port.cc:113] oneDNN custom operations are on. You may see slightly different numerical results due to floating-point round-off errors from different computation orders. To turn them off, set the environment variable `TF_ENABLE_ONEDNN_OPTS=0`.
2024-04-27 20:13:11.355139: I tensorflow/core/util/port.cc:113] oneDNN custom operations are on. You may see slightly different numerical results due to floating-point round-off errors from different computation orders. To turn them off, set the environment variable `TF_ENABLE_ONEDNN_OPTS=0`.
2024-04-27 20:13:11.355145: I tensorflow/core/util/port.cc:113] oneDNN custom operations are on. You may see slightly different numerical results due to floating-point round-off errors from different computation orders. To turn them off, set the environment variable `TF_ENABLE_ONEDNN_OPTS=0`.
2024-04-27 20:13:11.355140: I tensorflow/core/util/port.cc:113] oneDNN custom operations are on. You may see slightly different numerical results due to floating-point round-off errors from different computation orders. To turn them off, set the environment variable `TF_ENABLE_ONEDNN_OPTS=0`.
2024-04-27 20:13:11.355142: I tensorflow/core/util/port.cc:113] oneDNN custom operations are on. You may see slightly different numerical results due to floating-point round-off errors from different computation orders. To turn them off, set the environment variable `TF_ENABLE_ONEDNN_OPTS=0`.
2024-04-27 20:13:11.355143: I tensorflow/core/util/port.cc:113] oneDNN custom operations are on. You may see slightly different numerical results due to floating-point round-off errors from different computation orders. To turn them off, set the environment variable `TF_ENABLE_ONEDNN_OPTS=0`.
2024-04-27 20:13:11.355139: I tensorflow/core/util/port.cc:113] oneDNN custom operations are on. You may see slightly different numerical results due to floating-point round-off errors from different computation orders. To turn them off, set the environment variable `TF_ENABLE_ONEDNN_OPTS=0`.
2024-04-27 20:13:11.355139: I tensorflow/core/util/port.cc:113] oneDNN custom operations are on. You may see slightly different numerical results due to floating-point round-off errors from different computation orders. To turn them off, set the environment variable `TF_ENABLE_ONEDNN_OPTS=0`.
2024-04-27 20:13:11.355149: I tensorflow/core/util/port.cc:113] oneDNN custom operations are on. You may see slightly different numerical results due to floating-point round-off errors from different computation orders. To turn them off, set the environment variable `TF_ENABLE_ONEDNN_OPTS=0`.
2024-04-27 20:13:11.355176: I tensorflow/core/util/port.cc:113] oneDNN custom operations are on. You may see slightly different numerical results due to floating-point round-off errors from different computation orders. To turn them off, set the environment variable `TF_ENABLE_ONEDNN_OPTS=0`.
2024-04-27 20:13:11.355191: I tensorflow/core/util/port.cc:113] oneDNN custom operations are on. You may see slightly different numerical results due to floating-point round-off errors from different computation orders. To turn them off, set the environment variable `TF_ENABLE_ONEDNN_OPTS=0`.
2024-04-27 20:13:11.355191: I tensorflow/core/util/port.cc:113] oneDNN custom operations are on. You may see slightly different numerical results due to floating-point round-off errors from different computation orders. To turn them off, set the environment variable `TF_ENABLE_ONEDNN_OPTS=0`.
2024-04-27 20:13:11.355202: I tensorflow/core/util/port.cc:113] oneDNN custom operations are on. You may see slightly different numerical results due to floating-point round-off errors from different computation orders. To turn them off, set the environment variable `TF_ENABLE_ONEDNN_OPTS=0`.
2024-04-27 20:13:11.355194: I tensorflow/core/util/port.cc:113] oneDNN custom operations are on. You may see slightly different numerical results due to floating-point round-off errors from different computation orders. To turn them off, set the environment variable `TF_ENABLE_ONEDNN_OPTS=0`.
2024-04-27 20:13:11.355191: I tensorflow/core/util/port.cc:113] oneDNN custom operations are on. You may see slightly different numerical results due to floating-point round-off errors from different computation orders. To turn them off, set the environment variable `TF_ENABLE_ONEDNN_OPTS=0`.
2024-04-27 20:13:11.355203: I tensorflow/core/util/port.cc:113] oneDNN custom operations are on. You may see slightly different numerical results due to floating-point round-off errors from different computation orders. To turn them off, set the environment variable `TF_ENABLE_ONEDNN_OPTS=0`.
2024-04-27 20:13:11.355204: I tensorflow/core/util/port.cc:113] oneDNN custom operations are on. You may see slightly different numerical results due to floating-point round-off errors from different computation orders. To turn them off, set the environment variable `TF_ENABLE_ONEDNN_OPTS=0`.
2024-04-27 20:13:11.355204: I tensorflow/core/util/port.cc:113] oneDNN custom operations are on. You may see slightly different numerical results due to floating-point round-off errors from different computation orders. To turn them off, set the environment variable `TF_ENABLE_ONEDNN_OPTS=0`.
2024-04-27 20:13:11.355212: I tensorflow/core/util/port.cc:113] oneDNN custom operations are on. You may see slightly different numerical results due to floating-point round-off errors from different computation orders. To turn them off, set the environment variable `TF_ENABLE_ONEDNN_OPTS=0`.
2024-04-27 20:13:11.355210: I tensorflow/core/util/port.cc:113] oneDNN custom operations are on. You may see slightly different numerical results due to floating-point round-off errors from different computation orders. To turn them off, set the environment variable `TF_ENABLE_ONEDNN_OPTS=0`.
2024-04-27 20:13:11.355219: I tensorflow/core/util/port.cc:113] oneDNN custom operations are on. You may see slightly different numerical results due to floating-point round-off errors from different computation orders. To turn them off, set the environment variable `TF_ENABLE_ONEDNN_OPTS=0`.
2024-04-27 20:13:11.355217: I tensorflow/core/util/port.cc:113] oneDNN custom operations are on. You may see slightly different numerical results due to floating-point round-off errors from different computation orders. To turn them off, set the environment variable `TF_ENABLE_ONEDNN_OPTS=0`.
2024-04-27 20:13:11.355221: I tensorflow/core/util/port.cc:113] oneDNN custom operations are on. You may see slightly different numerical results due to floating-point round-off errors from different computation orders. To turn them off, set the environment variable `TF_ENABLE_ONEDNN_OPTS=0`.
2024-04-27 20:13:11.355222: I tensorflow/core/util/port.cc:113] oneDNN custom operations are on. You may see slightly different numerical results due to floating-point round-off errors from different computation orders. To turn them off, set the environment variable `TF_ENABLE_ONEDNN_OPTS=0`.
2024-04-27 20:13:11.355224: I tensorflow/core/util/port.cc:113] oneDNN custom operations are on. You may see slightly different numerical results due to floating-point round-off errors from different computation orders. To turn them off, set the environment variable `TF_ENABLE_ONEDNN_OPTS=0`.
2024-04-27 20:13:11.355238: I tensorflow/core/util/port.cc:113] oneDNN custom operations are on. You may see slightly different numerical results due to floating-point round-off errors from different computation orders. To turn them off, set the environment variable `TF_ENABLE_ONEDNN_OPTS=0`.
2024-04-27 20:13:11.355244: I tensorflow/core/util/port.cc:113] oneDNN custom operations are on. You may see slightly different numerical results due to floating-point round-off errors from different computation orders. To turn them off, set the environment variable `TF_ENABLE_ONEDNN_OPTS=0`.
2024-04-27 20:13:11.355244: I tensorflow/core/util/port.cc:113] oneDNN custom operations are on. You may see slightly different numerical results due to floating-point round-off errors from different computation orders. To turn them off, set the environment variable `TF_ENABLE_ONEDNN_OPTS=0`.
2024-04-27 20:13:11.355244: I tensorflow/core/util/port.cc:113] oneDNN custom operations are on. You may see slightly different numerical results due to floating-point round-off errors from different computation orders. To turn them off, set the environment variable `TF_ENABLE_ONEDNN_OPTS=0`.
2024-04-27 20:13:11.355247: I tensorflow/core/util/port.cc:113] oneDNN custom operations are on. You may see slightly different numerical results due to floating-point round-off errors from different computation orders. To turn them off, set the environment variable `TF_ENABLE_ONEDNN_OPTS=0`.
2024-04-27 20:13:11.355255: I tensorflow/core/util/port.cc:113] oneDNN custom operations are on. You may see slightly different numerical results due to floating-point round-off errors from different computation orders. To turn them off, set the environment variable `TF_ENABLE_ONEDNN_OPTS=0`.
2024-04-27 20:13:11.355256: I tensorflow/core/util/port.cc:113] oneDNN custom operations are on. You may see slightly different numerical results due to floating-point round-off errors from different computation orders. To turn them off, set the environment variable `TF_ENABLE_ONEDNN_OPTS=0`.
2024-04-27 20:13:11.355256: I tensorflow/core/util/port.cc:113] oneDNN custom operations are on. You may see slightly different numerical results due to floating-point round-off errors from different computation orders. To turn them off, set the environment variable `TF_ENABLE_ONEDNN_OPTS=0`.
2024-04-27 20:13:11.355262: I tensorflow/core/util/port.cc:113] oneDNN custom operations are on. You may see slightly different numerical results due to floating-point round-off errors from different computation orders. To turn them off, set the environment variable `TF_ENABLE_ONEDNN_OPTS=0`.
2024-04-27 20:13:11.355263: I tensorflow/core/util/port.cc:113] oneDNN custom operations are on. You may see slightly different numerical results due to floating-point round-off errors from different computation orders. To turn them off, set the environment variable `TF_ENABLE_ONEDNN_OPTS=0`.
2024-04-27 20:13:11.355261: I tensorflow/core/util/port.cc:113] oneDNN custom operations are on. You may see slightly different numerical results due to floating-point round-off errors from different computation orders. To turn them off, set the environment variable `TF_ENABLE_ONEDNN_OPTS=0`.
2024-04-27 20:13:11.355266: I tensorflow/core/util/port.cc:113] oneDNN custom operations are on. You may see slightly different numerical results due to floating-point round-off errors from different computation orders. To turn them off, set the environment variable `TF_ENABLE_ONEDNN_OPTS=0`.
2024-04-27 20:13:11.355265: I tensorflow/core/util/port.cc:113] oneDNN custom operations are on. You may see slightly different numerical results due to floating-point round-off errors from different computation orders. To turn them off, set the environment variable `TF_ENABLE_ONEDNN_OPTS=0`.
2024-04-27 20:13:11.355264: I tensorflow/core/util/port.cc:113] oneDNN custom operations are on. You may see slightly different numerical results due to floating-point round-off errors from different computation orders. To turn them off, set the environment variable `TF_ENABLE_ONEDNN_OPTS=0`.
2024-04-27 20:13:11.355267: I tensorflow/core/util/port.cc:113] oneDNN custom operations are on. You may see slightly different numerical results due to floating-point round-off errors from different computation orders. To turn them off, set the environment variable `TF_ENABLE_ONEDNN_OPTS=0`.
2024-04-27 20:13:11.355271: I tensorflow/core/util/port.cc:113] oneDNN custom operations are on. You may see slightly different numerical results due to floating-point round-off errors from different computation orders. To turn them off, set the environment variable `TF_ENABLE_ONEDNN_OPTS=0`.
2024-04-27 20:13:11.355267: I tensorflow/core/util/port.cc:113] oneDNN custom operations are on. You may see slightly different numerical results due to floating-point round-off errors from different computation orders. To turn them off, set the environment variable `TF_ENABLE_ONEDNN_OPTS=0`.
2024-04-27 20:13:11.355327: I tensorflow/core/util/port.cc:113] oneDNN custom operations are on. You may see slightly different numerical results due to floating-point round-off errors from different computation orders. To turn them off, set the environment variable `TF_ENABLE_ONEDNN_OPTS=0`.
2024-04-27 20:13:11.355335: I tensorflow/core/util/port.cc:113] oneDNN custom operations are on. You may see slightly different numerical results due to floating-point round-off errors from different computation orders. To turn them off, set the environment variable `TF_ENABLE_ONEDNN_OPTS=0`.
2024-04-27 20:13:11.355612: I tensorflow/core/util/port.cc:113] oneDNN custom operations are on. You may see slightly different numerical results due to floating-point round-off errors from different computation orders. To turn them off, set the environment variable `TF_ENABLE_ONEDNN_OPTS=0`.
2024-04-27 20:13:11.356866: I tensorflow/core/util/port.cc:113] oneDNN custom operations are on. You may see slightly different numerical results due to floating-point round-off errors from different computation orders. To turn them off, set the environment variable `TF_ENABLE_ONEDNN_OPTS=0`.
2024-04-27 20:13:11.357382: I tensorflow/core/util/port.cc:113] oneDNN custom operations are on. You may see slightly different numerical results due to floating-point round-off errors from different computation orders. To turn them off, set the environment variable `TF_ENABLE_ONEDNN_OPTS=0`.
2024-04-27 20:13:11.357681: I tensorflow/core/util/port.cc:113] oneDNN custom operations are on. You may see slightly different numerical results due to floating-point round-off errors from different computation orders. To turn them off, set the environment variable `TF_ENABLE_ONEDNN_OPTS=0`.
2024-04-27 20:13:11.393160: E external/local_xla/xla/stream_executor/cuda/cuda_dnn.cc:9261] Unable to register cuDNN factory: Attempting to register factory for plugin cuDNN when one has already been registered
2024-04-27 20:13:11.393160: E external/local_xla/xla/stream_executor/cuda/cuda_dnn.cc:9261] Unable to register cuDNN factory: Attempting to register factory for plugin cuDNN when one has already been registered
2024-04-27 20:13:11.393160: E external/local_xla/xla/stream_executor/cuda/cuda_dnn.cc:9261] Unable to register cuDNN factory: Attempting to register factory for plugin cuDNN when one has already been registered
2024-04-27 20:13:11.393161: E external/local_xla/xla/stream_executor/cuda/cuda_dnn.cc:9261] Unable to register cuDNN factory: Attempting to register factory for plugin cuDNN when one has already been registered
2024-04-27 20:13:11.393200: E external/local_xla/xla/stream_executor/cuda/cuda_fft.cc:607] Unable to register cuFFT factory: Attempting to register factory for plugin cuFFT when one has already been registered
2024-04-27 20:13:11.393200: E external/local_xla/xla/stream_executor/cuda/cuda_fft.cc:607] Unable to register cuFFT factory: Attempting to register factory for plugin cuFFT when one has already been registered
2024-04-27 20:13:11.393200: E external/local_xla/xla/stream_executor/cuda/cuda_fft.cc:607] Unable to register cuFFT factory: Attempting to register factory for plugin cuFFT when one has already been registered
2024-04-27 20:13:11.393281: E external/local_xla/xla/stream_executor/cuda/cuda_fft.cc:607] Unable to register cuFFT factory: Attempting to register factory for plugin cuFFT when one has already been registered
2024-04-27 20:13:11.393271: E external/local_xla/xla/stream_executor/cuda/cuda_dnn.cc:9261] Unable to register cuDNN factory: Attempting to register factory for plugin cuDNN when one has already been registered
2024-04-27 20:13:11.393268: E external/local_xla/xla/stream_executor/cuda/cuda_dnn.cc:9261] Unable to register cuDNN factory: Attempting to register factory for plugin cuDNN when one has already been registered
2024-04-27 20:13:11.393268: E external/local_xla/xla/stream_executor/cuda/cuda_dnn.cc:9261] Unable to register cuDNN factory: Attempting to register factory for plugin cuDNN when one has already been registered
2024-04-27 20:13:11.393274: E external/local_xla/xla/stream_executor/cuda/cuda_dnn.cc:9261] Unable to register cuDNN factory: Attempting to register factory for plugin cuDNN when one has already been registered
2024-04-27 20:13:11.393279: E external/local_xla/xla/stream_executor/cuda/cuda_dnn.cc:9261] Unable to register cuDNN factory: Attempting to register factory for plugin cuDNN when one has already been registered
2024-04-27 20:13:11.393271: E external/local_xla/xla/stream_executor/cuda/cuda_dnn.cc:9261] Unable to register cuDNN factory: Attempting to register factory for plugin cuDNN when one has already been registered
2024-04-27 20:13:11.393283: E external/local_xla/xla/stream_executor/cuda/cuda_dnn.cc:9261] Unable to register cuDNN factory: Attempting to register factory for plugin cuDNN when one has already been registered
2024-04-27 20:13:11.393269: E external/local_xla/xla/stream_executor/cuda/cuda_dnn.cc:9261] Unable to register cuDNN factory: Attempting to register factory for plugin cuDNN when one has already been registered
2024-04-27 20:13:11.393284: E external/local_xla/xla/stream_executor/cuda/cuda_dnn.cc:9261] Unable to register cuDNN factory: Attempting to register factory for plugin cuDNN when one has already been registered
2024-04-27 20:13:11.393267: E external/local_xla/xla/stream_executor/cuda/cuda_dnn.cc:9261] Unable to register cuDNN factory: Attempting to register factory for plugin cuDNN when one has already been registered
2024-04-27 20:13:11.393284: E external/local_xla/xla/stream_executor/cuda/cuda_dnn.cc:9261] Unable to register cuDNN factory: Attempting to register factory for plugin cuDNN when one has already been registered
2024-04-27 20:13:11.393268: E external/local_xla/xla/stream_executor/cuda/cuda_dnn.cc:9261] Unable to register cuDNN factory: Attempting to register factory for plugin cuDNN when one has already been registered
2024-04-27 20:13:11.393270: E external/local_xla/xla/stream_executor/cuda/cuda_dnn.cc:9261] Unable to register cuDNN factory: Attempting to register factory for plugin cuDNN when one has already been registered
2024-04-27 20:13:11.393282: E external/local_xla/xla/stream_executor/cuda/cuda_dnn.cc:9261] Unable to register cuDNN factory: Attempting to register factory for plugin cuDNN when one has already been registered
2024-04-27 20:13:11.393282: E external/local_xla/xla/stream_executor/cuda/cuda_dnn.cc:9261] Unable to register cuDNN factory: Attempting to register factory for plugin cuDNN when one has already been registered
2024-04-27 20:13:11.393286: E external/local_xla/xla/stream_executor/cuda/cuda_dnn.cc:9261] Unable to register cuDNN factory: Attempting to register factory for plugin cuDNN when one has already been registered
2024-04-27 20:13:11.393285: E external/local_xla/xla/stream_executor/cuda/cuda_dnn.cc:9261] Unable to register cuDNN factory: Attempting to register factory for plugin cuDNN when one has already been registered
2024-04-27 20:13:11.393299: E external/local_xla/xla/stream_executor/cuda/cuda_fft.cc:607] Unable to register cuFFT factory: Attempting to register factory for plugin cuFFT when one has already been registered
2024-04-27 20:13:11.393299: E external/local_xla/xla/stream_executor/cuda/cuda_fft.cc:607] Unable to register cuFFT factory: Attempting to register factory for plugin cuFFT when one has already been registered
2024-04-27 20:13:11.393299: E external/local_xla/xla/stream_executor/cuda/cuda_fft.cc:607] Unable to register cuFFT factory: Attempting to register factory for plugin cuFFT when one has already been registered
2024-04-27 20:13:11.393300: E external/local_xla/xla/stream_executor/cuda/cuda_fft.cc:607] Unable to register cuFFT factory: Attempting to register factory for plugin cuFFT when one has already been registered
2024-04-27 20:13:11.393301: E external/local_xla/xla/stream_executor/cuda/cuda_fft.cc:607] Unable to register cuFFT factory: Attempting to register factory for plugin cuFFT when one has already been registered
2024-04-27 20:13:11.393309: E external/local_xla/xla/stream_executor/cuda/cuda_fft.cc:607] Unable to register cuFFT factory: Attempting to register factory for plugin cuFFT when one has already been registered
2024-04-27 20:13:11.393302: E external/local_xla/xla/stream_executor/cuda/cuda_fft.cc:607] Unable to register cuFFT factory: Attempting to register factory for plugin cuFFT when one has already been registered
2024-04-27 20:13:11.393291: E external/local_xla/xla/stream_executor/cuda/cuda_dnn.cc:9261] Unable to register cuDNN factory: Attempting to register factory for plugin cuDNN when one has already been registered
2024-04-27 20:13:11.393291: E external/local_xla/xla/stream_executor/cuda/cuda_dnn.cc:9261] Unable to register cuDNN factory: Attempting to register factory for plugin cuDNN when one has already been registered
2024-04-27 20:13:11.393302: E external/local_xla/xla/stream_executor/cuda/cuda_fft.cc:607] Unable to register cuFFT factory: Attempting to register factory for plugin cuFFT when one has already been registered
2024-04-27 20:13:11.393304: E external/local_xla/xla/stream_executor/cuda/cuda_fft.cc:607] Unable to register cuFFT factory: Attempting to register factory for plugin cuFFT when one has already been registered
2024-04-27 20:13:11.393304: E external/local_xla/xla/stream_executor/cuda/cuda_fft.cc:607] Unable to register cuFFT factory: Attempting to register factory for plugin cuFFT when one has already been registered
2024-04-27 20:13:11.393304: E external/local_xla/xla/stream_executor/cuda/cuda_dnn.cc:9261] Unable to register cuDNN factory: Attempting to register factory for plugin cuDNN when one has already been registered
2024-04-27 20:13:11.393305: E external/local_xla/xla/stream_executor/cuda/cuda_fft.cc:607] Unable to register cuFFT factory: Attempting to register factory for plugin cuFFT when one has already been registered
2024-04-27 20:13:11.393307: E external/local_xla/xla/stream_executor/cuda/cuda_fft.cc:607] Unable to register cuFFT factory: Attempting to register factory for plugin cuFFT when one has already been registered
2024-04-27 20:13:11.393307: E external/local_xla/xla/stream_executor/cuda/cuda_fft.cc:607] Unable to register cuFFT factory: Attempting to register factory for plugin cuFFT when one has already been registered
2024-04-27 20:13:11.393298: E external/local_xla/xla/stream_executor/cuda/cuda_dnn.cc:9261] Unable to register cuDNN factory: Attempting to register factory for plugin cuDNN when one has already been registered
2024-04-27 20:13:11.393308: E external/local_xla/xla/stream_executor/cuda/cuda_fft.cc:607] Unable to register cuFFT factory: Attempting to register factory for plugin cuFFT when one has already been registered
2024-04-27 20:13:11.393310: E external/local_xla/xla/stream_executor/cuda/cuda_fft.cc:607] Unable to register cuFFT factory: Attempting to register factory for plugin cuFFT when one has already been registered
2024-04-27 20:13:11.393311: E external/local_xla/xla/stream_executor/cuda/cuda_fft.cc:607] Unable to register cuFFT factory: Attempting to register factory for plugin cuFFT when one has already been registered
2024-04-27 20:13:11.393309: E external/local_xla/xla/stream_executor/cuda/cuda_dnn.cc:9261] Unable to register cuDNN factory: Attempting to register factory for plugin cuDNN when one has already been registered
2024-04-27 20:13:11.393308: E external/local_xla/xla/stream_executor/cuda/cuda_dnn.cc:9261] Unable to register cuDNN factory: Attempting to register factory for plugin cuDNN when one has already been registered
2024-04-27 20:13:11.393303: E external/local_xla/xla/stream_executor/cuda/cuda_dnn.cc:9261] Unable to register cuDNN factory: Attempting to register factory for plugin cuDNN when one has already been registered
2024-04-27 20:13:11.393314: E external/local_xla/xla/stream_executor/cuda/cuda_fft.cc:607] Unable to register cuFFT factory: Attempting to register factory for plugin cuFFT when one has already been registered
2024-04-27 20:13:11.393305: E external/local_xla/xla/stream_executor/cuda/cuda_dnn.cc:9261] Unable to register cuDNN factory: Attempting to register factory for plugin cuDNN when one has already been registered
2024-04-27 20:13:11.393320: E external/local_xla/xla/stream_executor/cuda/cuda_fft.cc:607] Unable to register cuFFT factory: Attempting to register factory for plugin cuFFT when one has already been registered
2024-04-27 20:13:11.393310: E external/local_xla/xla/stream_executor/cuda/cuda_dnn.cc:9261] Unable to register cuDNN factory: Attempting to register factory for plugin cuDNN when one has already been registered
2024-04-27 20:13:11.393309: E external/local_xla/xla/stream_executor/cuda/cuda_dnn.cc:9261] Unable to register cuDNN factory: Attempting to register factory for plugin cuDNN when one has already been registered
2024-04-27 20:13:11.393321: E external/local_xla/xla/stream_executor/cuda/cuda_fft.cc:607] Unable to register cuFFT factory: Attempting to register factory for plugin cuFFT when one has already been registered
2024-04-27 20:13:11.393322: E external/local_xla/xla/stream_executor/cuda/cuda_fft.cc:607] Unable to register cuFFT factory: Attempting to register factory for plugin cuFFT when one has already been registered
2024-04-27 20:13:11.393313: E external/local_xla/xla/stream_executor/cuda/cuda_dnn.cc:9261] Unable to register cuDNN factory: Attempting to register factory for plugin cuDNN when one has already been registered
2024-04-27 20:13:11.393329: E external/local_xla/xla/stream_executor/cuda/cuda_fft.cc:607] Unable to register cuFFT factory: Attempting to register factory for plugin cuFFT when one has already been registered
2024-04-27 20:13:11.393334: E external/local_xla/xla/stream_executor/cuda/cuda_fft.cc:607] Unable to register cuFFT factory: Attempting to register factory for plugin cuFFT when one has already been registered
2024-04-27 20:13:11.393336: E external/local_xla/xla/stream_executor/cuda/cuda_fft.cc:607] Unable to register cuFFT factory: Attempting to register factory for plugin cuFFT when one has already been registered
2024-04-27 20:13:11.393338: E external/local_xla/xla/stream_executor/cuda/cuda_fft.cc:607] Unable to register cuFFT factory: Attempting to register factory for plugin cuFFT when one has already been registered
2024-04-27 20:13:11.393337: E external/local_xla/xla/stream_executor/cuda/cuda_fft.cc:607] Unable to register cuFFT factory: Attempting to register factory for plugin cuFFT when one has already been registered
2024-04-27 20:13:11.393337: E external/local_xla/xla/stream_executor/cuda/cuda_fft.cc:607] Unable to register cuFFT factory: Attempting to register factory for plugin cuFFT when one has already been registered
2024-04-27 20:13:11.393337: E external/local_xla/xla/stream_executor/cuda/cuda_fft.cc:607] Unable to register cuFFT factory: Attempting to register factory for plugin cuFFT when one has already been registered
2024-04-27 20:13:11.393342: E external/local_xla/xla/stream_executor/cuda/cuda_fft.cc:607] Unable to register cuFFT factory: Attempting to register factory for plugin cuFFT when one has already been registered
2024-04-27 20:13:11.393336: E external/local_xla/xla/stream_executor/cuda/cuda_dnn.cc:9261] Unable to register cuDNN factory: Attempting to register factory for plugin cuDNN when one has already been registered
2024-04-27 20:13:11.393337: E external/local_xla/xla/stream_executor/cuda/cuda_dnn.cc:9261] Unable to register cuDNN factory: Attempting to register factory for plugin cuDNN when one has already been registered
2024-04-27 20:13:11.393340: E external/local_xla/xla/stream_executor/cuda/cuda_dnn.cc:9261] Unable to register cuDNN factory: Attempting to register factory for plugin cuDNN when one has already been registered
2024-04-27 20:13:11.393340: E external/local_xla/xla/stream_executor/cuda/cuda_dnn.cc:9261] Unable to register cuDNN factory: Attempting to register factory for plugin cuDNN when one has already been registered
2024-04-27 20:13:11.393343: E external/local_xla/xla/stream_executor/cuda/cuda_dnn.cc:9261] Unable to register cuDNN factory: Attempting to register factory for plugin cuDNN when one has already been registered
2024-04-27 20:13:11.393343: E external/local_xla/xla/stream_executor/cuda/cuda_dnn.cc:9261] Unable to register cuDNN factory: Attempting to register factory for plugin cuDNN when one has already been registered
2024-04-27 20:13:11.393343: E external/local_xla/xla/stream_executor/cuda/cuda_dnn.cc:9261] Unable to register cuDNN factory: Attempting to register factory for plugin cuDNN when one has already been registered
2024-04-27 20:13:11.393343: E external/local_xla/xla/stream_executor/cuda/cuda_dnn.cc:9261] Unable to register cuDNN factory: Attempting to register factory for plugin cuDNN when one has already been registered
2024-04-27 20:13:11.393345: E external/local_xla/xla/stream_executor/cuda/cuda_dnn.cc:9261] Unable to register cuDNN factory: Attempting to register factory for plugin cuDNN when one has already been registered
2024-04-27 20:13:11.393356: E external/local_xla/xla/stream_executor/cuda/cuda_fft.cc:607] Unable to register cuFFT factory: Attempting to register factory for plugin cuFFT when one has already been registered
2024-04-27 20:13:11.393357: E external/local_xla/xla/stream_executor/cuda/cuda_fft.cc:607] Unable to register cuFFT factory: Attempting to register factory for plugin cuFFT when one has already been registered
2024-04-27 20:13:11.393359: E external/local_xla/xla/stream_executor/cuda/cuda_fft.cc:607] Unable to register cuFFT factory: Attempting to register factory for plugin cuFFT when one has already been registered
2024-04-27 20:13:11.393360: E external/local_xla/xla/stream_executor/cuda/cuda_fft.cc:607] Unable to register cuFFT factory: Attempting to register factory for plugin cuFFT when one has already been registered
2024-04-27 20:13:11.393363: E external/local_xla/xla/stream_executor/cuda/cuda_fft.cc:607] Unable to register cuFFT factory: Attempting to register factory for plugin cuFFT when one has already been registered
2024-04-27 20:13:11.393364: E external/local_xla/xla/stream_executor/cuda/cuda_fft.cc:607] Unable to register cuFFT factory: Attempting to register factory for plugin cuFFT when one has already been registered
2024-04-27 20:13:11.393365: E external/local_xla/xla/stream_executor/cuda/cuda_fft.cc:607] Unable to register cuFFT factory: Attempting to register factory for plugin cuFFT when one has already been registered
2024-04-27 20:13:11.393366: E external/local_xla/xla/stream_executor/cuda/cuda_fft.cc:607] Unable to register cuFFT factory: Attempting to register factory for plugin cuFFT when one has already been registered
2024-04-27 20:13:11.393366: E external/local_xla/xla/stream_executor/cuda/cuda_fft.cc:607] Unable to register cuFFT factory: Attempting to register factory for plugin cuFFT when one has already been registered
2024-04-27 20:13:11.393425: E external/local_xla/xla/stream_executor/cuda/cuda_dnn.cc:9261] Unable to register cuDNN factory: Attempting to register factory for plugin cuDNN when one has already been registered
2024-04-27 20:13:11.393449: E external/local_xla/xla/stream_executor/cuda/cuda_fft.cc:607] Unable to register cuFFT factory: Attempting to register factory for plugin cuFFT when one has already been registered
2024-04-27 20:13:11.393357: E external/local_xla/xla/stream_executor/cuda/cuda_dnn.cc:9261] Unable to register cuDNN factory: Attempting to register factory for plugin cuDNN when one has already been registered
2024-04-27 20:13:11.393467: E external/local_xla/xla/stream_executor/cuda/cuda_fft.cc:607] Unable to register cuFFT factory: Attempting to register factory for plugin cuFFT when one has already been registered
2024-04-27 20:13:11.393593: E external/local_xla/xla/stream_executor/cuda/cuda_dnn.cc:9261] Unable to register cuDNN factory: Attempting to register factory for plugin cuDNN when one has already been registered
2024-04-27 20:13:11.393595: E external/local_xla/xla/stream_executor/cuda/cuda_dnn.cc:9261] Unable to register cuDNN factory: Attempting to register factory for plugin cuDNN when one has already been registered
2024-04-27 20:13:11.393618: E external/local_xla/xla/stream_executor/cuda/cuda_fft.cc:607] Unable to register cuFFT factory: Attempting to register factory for plugin cuFFT when one has already been registered
2024-04-27 20:13:11.393691: E external/local_xla/xla/stream_executor/cuda/cuda_fft.cc:607] Unable to register cuFFT factory: Attempting to register factory for plugin cuFFT when one has already been registered
2024-04-27 20:13:11.394424: E external/local_xla/xla/stream_executor/cuda/cuda_blas.cc:1515] Unable to register cuBLAS factory: Attempting to register factory for plugin cuBLAS when one has already been registered
2024-04-27 20:13:11.394426: E external/local_xla/xla/stream_executor/cuda/cuda_blas.cc:1515] Unable to register cuBLAS factory: Attempting to register factory for plugin cuBLAS when one has already been registered
2024-04-27 20:13:11.394426: E external/local_xla/xla/stream_executor/cuda/cuda_blas.cc:1515] Unable to register cuBLAS factory: Attempting to register factory for plugin cuBLAS when one has already been registered
2024-04-27 20:13:11.394522: E external/local_xla/xla/stream_executor/cuda/cuda_blas.cc:1515] Unable to register cuBLAS factory: Attempting to register factory for plugin cuBLAS when one has already been registered
2024-04-27 20:13:11.394525: E external/local_xla/xla/stream_executor/cuda/cuda_blas.cc:1515] Unable to register cuBLAS factory: Attempting to register factory for plugin cuBLAS when one has already been registered
2024-04-27 20:13:11.394522: E external/local_xla/xla/stream_executor/cuda/cuda_blas.cc:1515] Unable to register cuBLAS factory: Attempting to register factory for plugin cuBLAS when one has already been registered
2024-04-27 20:13:11.394521: E external/local_xla/xla/stream_executor/cuda/cuda_blas.cc:1515] Unable to register cuBLAS factory: Attempting to register factory for plugin cuBLAS when one has already been registered
2024-04-27 20:13:11.394523: E external/local_xla/xla/stream_executor/cuda/cuda_blas.cc:1515] Unable to register cuBLAS factory: Attempting to register factory for plugin cuBLAS when one has already been registered
2024-04-27 20:13:11.394524: E external/local_xla/xla/stream_executor/cuda/cuda_blas.cc:1515] Unable to register cuBLAS factory: Attempting to register factory for plugin cuBLAS when one has already been registered
2024-04-27 20:13:11.394526: E external/local_xla/xla/stream_executor/cuda/cuda_blas.cc:1515] Unable to register cuBLAS factory: Attempting to register factory for plugin cuBLAS when one has already been registered
2024-04-27 20:13:11.394527: E external/local_xla/xla/stream_executor/cuda/cuda_blas.cc:1515] Unable to register cuBLAS factory: Attempting to register factory for plugin cuBLAS when one has already been registered
2024-04-27 20:13:11.394534: E external/local_xla/xla/stream_executor/cuda/cuda_blas.cc:1515] Unable to register cuBLAS factory: Attempting to register factory for plugin cuBLAS when one has already been registered
2024-04-27 20:13:11.394537: E external/local_xla/xla/stream_executor/cuda/cuda_blas.cc:1515] Unable to register cuBLAS factory: Attempting to register factory for plugin cuBLAS when one has already been registered
2024-04-27 20:13:11.394545: E external/local_xla/xla/stream_executor/cuda/cuda_blas.cc:1515] Unable to register cuBLAS factory: Attempting to register factory for plugin cuBLAS when one has already been registered
2024-04-27 20:13:11.394545: E external/local_xla/xla/stream_executor/cuda/cuda_blas.cc:1515] Unable to register cuBLAS factory: Attempting to register factory for plugin cuBLAS when one has already been registered
2024-04-27 20:13:11.394545: E external/local_xla/xla/stream_executor/cuda/cuda_blas.cc:1515] Unable to register cuBLAS factory: Attempting to register factory for plugin cuBLAS when one has already been registered
2024-04-27 20:13:11.394546: E external/local_xla/xla/stream_executor/cuda/cuda_blas.cc:1515] Unable to register cuBLAS factory: Attempting to register factory for plugin cuBLAS when one has already been registered
2024-04-27 20:13:11.394546: E external/local_xla/xla/stream_executor/cuda/cuda_blas.cc:1515] Unable to register cuBLAS factory: Attempting to register factory for plugin cuBLAS when one has already been registered
2024-04-27 20:13:11.394547: E external/local_xla/xla/stream_executor/cuda/cuda_blas.cc:1515] Unable to register cuBLAS factory: Attempting to register factory for plugin cuBLAS when one has already been registered
2024-04-27 20:13:11.394548: E external/local_xla/xla/stream_executor/cuda/cuda_blas.cc:1515] Unable to register cuBLAS factory: Attempting to register factory for plugin cuBLAS when one has already been registered
2024-04-27 20:13:11.394550: E external/local_xla/xla/stream_executor/cuda/cuda_blas.cc:1515] Unable to register cuBLAS factory: Attempting to register factory for plugin cuBLAS when one has already been registered
2024-04-27 20:13:11.394550: E external/local_xla/xla/stream_executor/cuda/cuda_blas.cc:1515] Unable to register cuBLAS factory: Attempting to register factory for plugin cuBLAS when one has already been registered
2024-04-27 20:13:11.394550: E external/local_xla/xla/stream_executor/cuda/cuda_blas.cc:1515] Unable to register cuBLAS factory: Attempting to register factory for plugin cuBLAS when one has already been registered
2024-04-27 20:13:11.394550: E external/local_xla/xla/stream_executor/cuda/cuda_blas.cc:1515] Unable to register cuBLAS factory: Attempting to register factory for plugin cuBLAS when one has already been registered
2024-04-27 20:13:11.394557: E external/local_xla/xla/stream_executor/cuda/cuda_blas.cc:1515] Unable to register cuBLAS factory: Attempting to register factory for plugin cuBLAS when one has already been registered
2024-04-27 20:13:11.394569: E external/local_xla/xla/stream_executor/cuda/cuda_blas.cc:1515] Unable to register cuBLAS factory: Attempting to register factory for plugin cuBLAS when one has already been registered
2024-04-27 20:13:11.394570: E external/local_xla/xla/stream_executor/cuda/cuda_blas.cc:1515] Unable to register cuBLAS factory: Attempting to register factory for plugin cuBLAS when one has already been registered
2024-04-27 20:13:11.394571: E external/local_xla/xla/stream_executor/cuda/cuda_blas.cc:1515] Unable to register cuBLAS factory: Attempting to register factory for plugin cuBLAS when one has already been registered
2024-04-27 20:13:11.394575: E external/local_xla/xla/stream_executor/cuda/cuda_blas.cc:1515] Unable to register cuBLAS factory: Attempting to register factory for plugin cuBLAS when one has already been registered
2024-04-27 20:13:11.394575: E external/local_xla/xla/stream_executor/cuda/cuda_blas.cc:1515] Unable to register cuBLAS factory: Attempting to register factory for plugin cuBLAS when one has already been registered
2024-04-27 20:13:11.394575: E external/local_xla/xla/stream_executor/cuda/cuda_blas.cc:1515] Unable to register cuBLAS factory: Attempting to register factory for plugin cuBLAS when one has already been registered
2024-04-27 20:13:11.394574: E external/local_xla/xla/stream_executor/cuda/cuda_blas.cc:1515] Unable to register cuBLAS factory: Attempting to register factory for plugin cuBLAS when one has already been registered
2024-04-27 20:13:11.394577: E external/local_xla/xla/stream_executor/cuda/cuda_blas.cc:1515] Unable to register cuBLAS factory: Attempting to register factory for plugin cuBLAS when one has already been registered
2024-04-27 20:13:11.394580: E external/local_xla/xla/stream_executor/cuda/cuda_blas.cc:1515] Unable to register cuBLAS factory: Attempting to register factory for plugin cuBLAS when one has already been registered
2024-04-27 20:13:11.394582: E external/local_xla/xla/stream_executor/cuda/cuda_blas.cc:1515] Unable to register cuBLAS factory: Attempting to register factory for plugin cuBLAS when one has already been registered
2024-04-27 20:13:11.394587: E external/local_xla/xla/stream_executor/cuda/cuda_blas.cc:1515] Unable to register cuBLAS factory: Attempting to register factory for plugin cuBLAS when one has already been registered
2024-04-27 20:13:11.394586: E external/local_xla/xla/stream_executor/cuda/cuda_blas.cc:1515] Unable to register cuBLAS factory: Attempting to register factory for plugin cuBLAS when one has already been registered
2024-04-27 20:13:11.394588: E external/local_xla/xla/stream_executor/cuda/cuda_blas.cc:1515] Unable to register cuBLAS factory: Attempting to register factory for plugin cuBLAS when one has already been registered
2024-04-27 20:13:11.394589: E external/local_xla/xla/stream_executor/cuda/cuda_blas.cc:1515] Unable to register cuBLAS factory: Attempting to register factory for plugin cuBLAS when one has already been registered
2024-04-27 20:13:11.394591: E external/local_xla/xla/stream_executor/cuda/cuda_blas.cc:1515] Unable to register cuBLAS factory: Attempting to register factory for plugin cuBLAS when one has already been registered
2024-04-27 20:13:11.394592: E external/local_xla/xla/stream_executor/cuda/cuda_blas.cc:1515] Unable to register cuBLAS factory: Attempting to register factory for plugin cuBLAS when one has already been registered
2024-04-27 20:13:11.394596: E external/local_xla/xla/stream_executor/cuda/cuda_blas.cc:1515] Unable to register cuBLAS factory: Attempting to register factory for plugin cuBLAS when one has already been registered
2024-04-27 20:13:11.394621: E external/local_xla/xla/stream_executor/cuda/cuda_blas.cc:1515] Unable to register cuBLAS factory: Attempting to register factory for plugin cuBLAS when one has already been registered
2024-04-27 20:13:11.394622: E external/local_xla/xla/stream_executor/cuda/cuda_blas.cc:1515] Unable to register cuBLAS factory: Attempting to register factory for plugin cuBLAS when one has already been registered
2024-04-27 20:13:11.394616: E external/local_xla/xla/stream_executor/cuda/cuda_dnn.cc:9261] Unable to register cuDNN factory: Attempting to register factory for plugin cuDNN when one has already been registered
2024-04-27 20:13:11.394640: E external/local_xla/xla/stream_executor/cuda/cuda_fft.cc:607] Unable to register cuFFT factory: Attempting to register factory for plugin cuFFT when one has already been registered
2024-04-27 20:13:11.394575: E external/local_xla/xla/stream_executor/cuda/cuda_blas.cc:1515] Unable to register cuBLAS factory: Attempting to register factory for plugin cuBLAS when one has already been registered
2024-04-27 20:13:11.395612: E external/local_xla/xla/stream_executor/cuda/cuda_blas.cc:1515] Unable to register cuBLAS factory: Attempting to register factory for plugin cuBLAS when one has already been registered
2024-04-27 20:13:11.395906: E external/local_xla/xla/stream_executor/cuda/cuda_dnn.cc:9261] Unable to register cuDNN factory: Attempting to register factory for plugin cuDNN when one has already been registered
2024-04-27 20:13:11.395976: E external/local_xla/xla/stream_executor/cuda/cuda_fft.cc:607] Unable to register cuFFT factory: Attempting to register factory for plugin cuFFT when one has already been registered
2024-04-27 20:13:11.396083: E external/local_xla/xla/stream_executor/cuda/cuda_dnn.cc:9261] Unable to register cuDNN factory: Attempting to register factory for plugin cuDNN when one has already been registered
2024-04-27 20:13:11.396153: E external/local_xla/xla/stream_executor/cuda/cuda_fft.cc:607] Unable to register cuFFT factory: Attempting to register factory for plugin cuFFT when one has already been registered
2024-04-27 20:13:11.396988: E external/local_xla/xla/stream_executor/cuda/cuda_blas.cc:1515] Unable to register cuBLAS factory: Attempting to register factory for plugin cuBLAS when one has already been registered
2024-04-27 20:13:11.397208: E external/local_xla/xla/stream_executor/cuda/cuda_blas.cc:1515] Unable to register cuBLAS factory: Attempting to register factory for plugin cuBLAS when one has already been registered
2024-04-27 20:13:11.400524: I tensorflow/core/platform/cpu_feature_guard.cc:182] This TensorFlow binary is optimized to use available CPU instructions in performance-critical operations.
To enable the following instructions: AVX2 AVX512F AVX512_VNNI FMA, in other operations, rebuild TensorFlow with the appropriate compiler flags.
2024-04-27 20:13:11.400524: I tensorflow/core/platform/cpu_feature_guard.cc:182] This TensorFlow binary is optimized to use available CPU instructions in performance-critical operations.
To enable the following instructions: AVX2 AVX512F AVX512_VNNI FMA, in other operations, rebuild TensorFlow with the appropriate compiler flags.
2024-04-27 20:13:11.400524: I tensorflow/core/platform/cpu_feature_guard.cc:182] This TensorFlow binary is optimized to use available CPU instructions in performance-critical operations.
To enable the following instructions: AVX2 AVX512F AVX512_VNNI FMA, in other operations, rebuild TensorFlow with the appropriate compiler flags.
2024-04-27 20:13:11.400525: I tensorflow/core/platform/cpu_feature_guard.cc:182] This TensorFlow binary is optimized to use available CPU instructions in performance-critical operations.
To enable the following instructions: AVX2 AVX512F AVX512_VNNI FMA, in other operations, rebuild TensorFlow with the appropriate compiler flags.
2024-04-27 20:13:11.400524: I tensorflow/core/platform/cpu_feature_guard.cc:182] This TensorFlow binary is optimized to use available CPU instructions in performance-critical operations.
To enable the following instructions: AVX2 AVX512F AVX512_VNNI FMA, in other operations, rebuild TensorFlow with the appropriate compiler flags.
2024-04-27 20:13:11.400525: I tensorflow/core/platform/cpu_feature_guard.cc:182] This TensorFlow binary is optimized to use available CPU instructions in performance-critical operations.
To enable the following instructions: AVX2 AVX512F AVX512_VNNI FMA, in other operations, rebuild TensorFlow with the appropriate compiler flags.
2024-04-27 20:13:11.400530: I tensorflow/core/platform/cpu_feature_guard.cc:182] This TensorFlow binary is optimized to use available CPU instructions in performance-critical operations.
To enable the following instructions: AVX2 AVX512F AVX512_VNNI FMA, in other operations, rebuild TensorFlow with the appropriate compiler flags.
2024-04-27 20:13:11.400530: I tensorflow/core/platform/cpu_feature_guard.cc:182] This TensorFlow binary is optimized to use available CPU instructions in performance-critical operations.
To enable the following instructions: AVX2 AVX512F AVX512_VNNI FMA, in other operations, rebuild TensorFlow with the appropriate compiler flags.
2024-04-27 20:13:11.400531: I tensorflow/core/platform/cpu_feature_guard.cc:182] This TensorFlow binary is optimized to use available CPU instructions in performance-critical operations.
To enable the following instructions: AVX2 AVX512F AVX512_VNNI FMA, in other operations, rebuild TensorFlow with the appropriate compiler flags.
2024-04-27 20:13:11.400540: I tensorflow/core/platform/cpu_feature_guard.cc:182] This TensorFlow binary is optimized to use available CPU instructions in performance-critical operations.
To enable the following instructions: AVX2 AVX512F AVX512_VNNI FMA, in other operations, rebuild TensorFlow with the appropriate compiler flags.
2024-04-27 20:13:11.400539: I tensorflow/core/platform/cpu_feature_guard.cc:182] This TensorFlow binary is optimized to use available CPU instructions in performance-critical operations.
To enable the following instructions: AVX2 AVX512F AVX512_VNNI FMA, in other operations, rebuild TensorFlow with the appropriate compiler flags.
2024-04-27 20:13:11.400542: I tensorflow/core/platform/cpu_feature_guard.cc:182] This TensorFlow binary is optimized to use available CPU instructions in performance-critical operations.
To enable the following instructions: AVX2 AVX512F AVX512_VNNI FMA, in other operations, rebuild TensorFlow with the appropriate compiler flags.
2024-04-27 20:13:11.400542: I tensorflow/core/platform/cpu_feature_guard.cc:182] This TensorFlow binary is optimized to use available CPU instructions in performance-critical operations.
To enable the following instructions: AVX2 AVX512F AVX512_VNNI FMA, in other operations, rebuild TensorFlow with the appropriate compiler flags.
2024-04-27 20:13:11.400549: I tensorflow/core/platform/cpu_feature_guard.cc:182] This TensorFlow binary is optimized to use available CPU instructions in performance-critical operations.
To enable the following instructions: AVX2 AVX512F AVX512_VNNI FMA, in other operations, rebuild TensorFlow with the appropriate compiler flags.
2024-04-27 20:13:11.400552: I tensorflow/core/platform/cpu_feature_guard.cc:182] This TensorFlow binary is optimized to use available CPU instructions in performance-critical operations.
To enable the following instructions: AVX2 AVX512F AVX512_VNNI FMA, in other operations, rebuild TensorFlow with the appropriate compiler flags.
2024-04-27 20:13:11.400553: I tensorflow/core/platform/cpu_feature_guard.cc:182] This TensorFlow binary is optimized to use available CPU instructions in performance-critical operations.
To enable the following instructions: AVX2 AVX512F AVX512_VNNI FMA, in other operations, rebuild TensorFlow with the appropriate compiler flags.
2024-04-27 20:13:11.400555: I tensorflow/core/platform/cpu_feature_guard.cc:182] This TensorFlow binary is optimized to use available CPU instructions in performance-critical operations.
To enable the following instructions: AVX2 AVX512F AVX512_VNNI FMA, in other operations, rebuild TensorFlow with the appropriate compiler flags.
2024-04-27 20:13:11.400554: I tensorflow/core/platform/cpu_feature_guard.cc:182] This TensorFlow binary is optimized to use available CPU instructions in performance-critical operations.
To enable the following instructions: AVX2 AVX512F AVX512_VNNI FMA, in other operations, rebuild TensorFlow with the appropriate compiler flags.
2024-04-27 20:13:11.400568: I tensorflow/core/platform/cpu_feature_guard.cc:182] This TensorFlow binary is optimized to use available CPU instructions in performance-critical operations.
To enable the following instructions: AVX2 AVX512F AVX512_VNNI FMA, in other operations, rebuild TensorFlow with the appropriate compiler flags.
2024-04-27 20:13:11.400570: I tensorflow/core/platform/cpu_feature_guard.cc:182] This TensorFlow binary is optimized to use available CPU instructions in performance-critical operations.
To enable the following instructions: AVX2 AVX512F AVX512_VNNI FMA, in other operations, rebuild TensorFlow with the appropriate compiler flags.
2024-04-27 20:13:11.400572: I tensorflow/core/platform/cpu_feature_guard.cc:182] This TensorFlow binary is optimized to use available CPU instructions in performance-critical operations.
To enable the following instructions: AVX2 AVX512F AVX512_VNNI FMA, in other operations, rebuild TensorFlow with the appropriate compiler flags.
2024-04-27 20:13:11.400573: I tensorflow/core/platform/cpu_feature_guard.cc:182] This TensorFlow binary is optimized to use available CPU instructions in performance-critical operations.
To enable the following instructions: AVX2 AVX512F AVX512_VNNI FMA, in other operations, rebuild TensorFlow with the appropriate compiler flags.
2024-04-27 20:13:11.400574: I tensorflow/core/platform/cpu_feature_guard.cc:182] This TensorFlow binary is optimized to use available CPU instructions in performance-critical operations.
To enable the following instructions: AVX2 AVX512F AVX512_VNNI FMA, in other operations, rebuild TensorFlow with the appropriate compiler flags.
2024-04-27 20:13:11.400574: I tensorflow/core/platform/cpu_feature_guard.cc:182] This TensorFlow binary is optimized to use available CPU instructions in performance-critical operations.
To enable the following instructions: AVX2 AVX512F AVX512_VNNI FMA, in other operations, rebuild TensorFlow with the appropriate compiler flags.
2024-04-27 20:13:11.400576: I tensorflow/core/platform/cpu_feature_guard.cc:182] This TensorFlow binary is optimized to use available CPU instructions in performance-critical operations.
To enable the following instructions: AVX2 AVX512F AVX512_VNNI FMA, in other operations, rebuild TensorFlow with the appropriate compiler flags.
2024-04-27 20:13:11.400579: I tensorflow/core/platform/cpu_feature_guard.cc:182] This TensorFlow binary is optimized to use available CPU instructions in performance-critical operations.
To enable the following instructions: AVX2 AVX512F AVX512_VNNI FMA, in other operations, rebuild TensorFlow with the appropriate compiler flags.
2024-04-27 20:13:11.400580: I tensorflow/core/platform/cpu_feature_guard.cc:182] This TensorFlow binary is optimized to use available CPU instructions in performance-critical operations.
To enable the following instructions: AVX2 AVX512F AVX512_VNNI FMA, in other operations, rebuild TensorFlow with the appropriate compiler flags.
2024-04-27 20:13:11.400582: I tensorflow/core/platform/cpu_feature_guard.cc:182] This TensorFlow binary is optimized to use available CPU instructions in performance-critical operations.
To enable the following instructions: AVX2 AVX512F AVX512_VNNI FMA, in other operations, rebuild TensorFlow with the appropriate compiler flags.
2024-04-27 20:13:11.400581: I tensorflow/core/platform/cpu_feature_guard.cc:182] This TensorFlow binary is optimized to use available CPU instructions in performance-critical operations.
To enable the following instructions: AVX2 AVX512F AVX512_VNNI FMA, in other operations, rebuild TensorFlow with the appropriate compiler flags.
2024-04-27 20:13:11.400589: I tensorflow/core/platform/cpu_feature_guard.cc:182] This TensorFlow binary is optimized to use available CPU instructions in performance-critical operations.
To enable the following instructions: AVX2 AVX512F AVX512_VNNI FMA, in other operations, rebuild TensorFlow with the appropriate compiler flags.
2024-04-27 20:13:11.400591: I tensorflow/core/platform/cpu_feature_guard.cc:182] This TensorFlow binary is optimized to use available CPU instructions in performance-critical operations.
To enable the following instructions: AVX2 AVX512F AVX512_VNNI FMA, in other operations, rebuild TensorFlow with the appropriate compiler flags.
2024-04-27 20:13:11.400592: I tensorflow/core/platform/cpu_feature_guard.cc:182] This TensorFlow binary is optimized to use available CPU instructions in performance-critical operations.
To enable the following instructions: AVX2 AVX512F AVX512_VNNI FMA, in other operations, rebuild TensorFlow with the appropriate compiler flags.
2024-04-27 20:13:11.400607: I tensorflow/core/platform/cpu_feature_guard.cc:182] This TensorFlow binary is optimized to use available CPU instructions in performance-critical operations.
To enable the following instructions: AVX2 AVX512F AVX512_VNNI FMA, in other operations, rebuild TensorFlow with the appropriate compiler flags.
2024-04-27 20:13:11.400713: I tensorflow/core/platform/cpu_feature_guard.cc:182] This TensorFlow binary is optimized to use available CPU instructions in performance-critical operations.
To enable the following instructions: AVX2 AVX512F AVX512_VNNI FMA, in other operations, rebuild TensorFlow with the appropriate compiler flags.
2024-04-27 20:13:11.400732: I tensorflow/core/platform/cpu_feature_guard.cc:182] This TensorFlow binary is optimized to use available CPU instructions in performance-critical operations.
To enable the following instructions: AVX2 AVX512F AVX512_VNNI FMA, in other operations, rebuild TensorFlow with the appropriate compiler flags.
2024-04-27 20:13:11.400765: I tensorflow/core/platform/cpu_feature_guard.cc:182] This TensorFlow binary is optimized to use available CPU instructions in performance-critical operations.
To enable the following instructions: AVX2 AVX512F AVX512_VNNI FMA, in other operations, rebuild TensorFlow with the appropriate compiler flags.
2024-04-27 20:13:11.400781: I tensorflow/core/platform/cpu_feature_guard.cc:182] This TensorFlow binary is optimized to use available CPU instructions in performance-critical operations.
To enable the following instructions: AVX2 AVX512F AVX512_VNNI FMA, in other operations, rebuild TensorFlow with the appropriate compiler flags.
2024-04-27 20:13:11.400800: I tensorflow/core/platform/cpu_feature_guard.cc:182] This TensorFlow binary is optimized to use available CPU instructions in performance-critical operations.
To enable the following instructions: AVX2 AVX512F AVX512_VNNI FMA, in other operations, rebuild TensorFlow with the appropriate compiler flags.
2024-04-27 20:13:11.400801: I tensorflow/core/platform/cpu_feature_guard.cc:182] This TensorFlow binary is optimized to use available CPU instructions in performance-critical operations.
To enable the following instructions: AVX2 AVX512F AVX512_VNNI FMA, in other operations, rebuild TensorFlow with the appropriate compiler flags.
2024-04-27 20:13:11.400800: I tensorflow/core/platform/cpu_feature_guard.cc:182] This TensorFlow binary is optimized to use available CPU instructions in performance-critical operations.
To enable the following instructions: AVX2 AVX512F AVX512_VNNI FMA, in other operations, rebuild TensorFlow with the appropriate compiler flags.
2024-04-27 20:13:11.400813: I tensorflow/core/platform/cpu_feature_guard.cc:182] This TensorFlow binary is optimized to use available CPU instructions in performance-critical operations.
To enable the following instructions: AVX2 AVX512F AVX512_VNNI FMA, in other operations, rebuild TensorFlow with the appropriate compiler flags.
2024-04-27 20:13:11.400815: I tensorflow/core/platform/cpu_feature_guard.cc:182] This TensorFlow binary is optimized to use available CPU instructions in performance-critical operations.
To enable the following instructions: AVX2 AVX512F AVX512_VNNI FMA, in other operations, rebuild TensorFlow with the appropriate compiler flags.
2024-04-27 20:13:11.401212: I tensorflow/core/platform/cpu_feature_guard.cc:182] This TensorFlow binary is optimized to use available CPU instructions in performance-critical operations.
To enable the following instructions: AVX2 AVX512F AVX512_VNNI FMA, in other operations, rebuild TensorFlow with the appropriate compiler flags.
2024-04-27 20:13:11.401328: I tensorflow/core/platform/cpu_feature_guard.cc:182] This TensorFlow binary is optimized to use available CPU instructions in performance-critical operations.
To enable the following instructions: AVX2 AVX512F AVX512_VNNI FMA, in other operations, rebuild TensorFlow with the appropriate compiler flags.
2024-04-27 20:13:11.401789: I tensorflow/core/platform/cpu_feature_guard.cc:182] This TensorFlow binary is optimized to use available CPU instructions in performance-critical operations.
To enable the following instructions: AVX2 AVX512F AVX512_VNNI FMA, in other operations, rebuild TensorFlow with the appropriate compiler flags.
2024-04-27 20:13:11.402254: I tensorflow/core/platform/cpu_feature_guard.cc:182] This TensorFlow binary is optimized to use available CPU instructions in performance-critical operations.
To enable the following instructions: AVX2 AVX512F AVX512_VNNI FMA, in other operations, rebuild TensorFlow with the appropriate compiler flags.
2024-04-27 20:13:11.402546: I tensorflow/core/platform/cpu_feature_guard.cc:182] This TensorFlow binary is optimized to use available CPU instructions in performance-critical operations.
To enable the following instructions: AVX2 AVX512F AVX512_VNNI FMA, in other operations, rebuild TensorFlow with the appropriate compiler flags.
2024-04-27 20:13:11.402994: I tensorflow/core/platform/cpu_feature_guard.cc:182] This TensorFlow binary is optimized to use available CPU instructions in performance-critical operations.
To enable the following instructions: AVX2 AVX512F AVX512_VNNI FMA, in other operations, rebuild TensorFlow with the appropriate compiler flags.
2024-04-27 20:13:16.302061: W tensorflow/compiler/tf2tensorrt/utils/py_utils.cc:38] TF-TRT Warning: Could not find TensorRT
2024-04-27 20:13:16.302100: W tensorflow/compiler/tf2tensorrt/utils/py_utils.cc:38] TF-TRT Warning: Could not find TensorRT
2024-04-27 20:13:16.302202: W tensorflow/compiler/tf2tensorrt/utils/py_utils.cc:38] TF-TRT Warning: Could not find TensorRT
2024-04-27 20:13:16.302230: W tensorflow/compiler/tf2tensorrt/utils/py_utils.cc:38] TF-TRT Warning: Could not find TensorRT
2024-04-27 20:13:16.302265: W tensorflow/compiler/tf2tensorrt/utils/py_utils.cc:38] TF-TRT Warning: Could not find TensorRT
2024-04-27 20:13:16.302282: W tensorflow/compiler/tf2tensorrt/utils/py_utils.cc:38] TF-TRT Warning: Could not find TensorRT
2024-04-27 20:13:16.302303: W tensorflow/compiler/tf2tensorrt/utils/py_utils.cc:38] TF-TRT Warning: Could not find TensorRT
2024-04-27 20:13:16.302315: W tensorflow/compiler/tf2tensorrt/utils/py_utils.cc:38] TF-TRT Warning: Could not find TensorRT
2024-04-27 20:13:16.302330: W tensorflow/compiler/tf2tensorrt/utils/py_utils.cc:38] TF-TRT Warning: Could not find TensorRT
2024-04-27 20:13:16.302389: W tensorflow/compiler/tf2tensorrt/utils/py_utils.cc:38] TF-TRT Warning: Could not find TensorRT
2024-04-27 20:13:16.302397: W tensorflow/compiler/tf2tensorrt/utils/py_utils.cc:38] TF-TRT Warning: Could not find TensorRT
2024-04-27 20:13:16.302406: W tensorflow/compiler/tf2tensorrt/utils/py_utils.cc:38] TF-TRT Warning: Could not find TensorRT
2024-04-27 20:13:16.302414: W tensorflow/compiler/tf2tensorrt/utils/py_utils.cc:38] TF-TRT Warning: Could not find TensorRT
2024-04-27 20:13:16.302538: W tensorflow/compiler/tf2tensorrt/utils/py_utils.cc:38] TF-TRT Warning: Could not find TensorRT
2024-04-27 20:13:16.302547: W tensorflow/compiler/tf2tensorrt/utils/py_utils.cc:38] TF-TRT Warning: Could not find TensorRT
2024-04-27 20:13:16.302557: W tensorflow/compiler/tf2tensorrt/utils/py_utils.cc:38] TF-TRT Warning: Could not find TensorRT
2024-04-27 20:13:16.302596: W tensorflow/compiler/tf2tensorrt/utils/py_utils.cc:38] TF-TRT Warning: Could not find TensorRT
2024-04-27 20:13:16.302640: W tensorflow/compiler/tf2tensorrt/utils/py_utils.cc:38] TF-TRT Warning: Could not find TensorRT
2024-04-27 20:13:16.302656: W tensorflow/compiler/tf2tensorrt/utils/py_utils.cc:38] TF-TRT Warning: Could not find TensorRT
2024-04-27 20:13:16.302684: W tensorflow/compiler/tf2tensorrt/utils/py_utils.cc:38] TF-TRT Warning: Could not find TensorRT
2024-04-27 20:13:16.302690: W tensorflow/compiler/tf2tensorrt/utils/py_utils.cc:38] TF-TRT Warning: Could not find TensorRT
2024-04-27 20:13:16.302702: W tensorflow/compiler/tf2tensorrt/utils/py_utils.cc:38] TF-TRT Warning: Could not find TensorRT
2024-04-27 20:13:16.302717: W tensorflow/compiler/tf2tensorrt/utils/py_utils.cc:38] TF-TRT Warning: Could not find TensorRT
2024-04-27 20:13:16.302874: W tensorflow/compiler/tf2tensorrt/utils/py_utils.cc:38] TF-TRT Warning: Could not find TensorRT
2024-04-27 20:13:16.302928: W tensorflow/compiler/tf2tensorrt/utils/py_utils.cc:38] TF-TRT Warning: Could not find TensorRT
2024-04-27 20:13:16.302986: W tensorflow/compiler/tf2tensorrt/utils/py_utils.cc:38] TF-TRT Warning: Could not find TensorRT
2024-04-27 20:13:16.302990: W tensorflow/compiler/tf2tensorrt/utils/py_utils.cc:38] TF-TRT Warning: Could not find TensorRT
2024-04-27 20:13:16.303028: W tensorflow/compiler/tf2tensorrt/utils/py_utils.cc:38] TF-TRT Warning: Could not find TensorRT
2024-04-27 20:13:16.303097: W tensorflow/compiler/tf2tensorrt/utils/py_utils.cc:38] TF-TRT Warning: Could not find TensorRT
2024-04-27 20:13:16.303116: W tensorflow/compiler/tf2tensorrt/utils/py_utils.cc:38] TF-TRT Warning: Could not find TensorRT
2024-04-27 20:13:16.303131: W tensorflow/compiler/tf2tensorrt/utils/py_utils.cc:38] TF-TRT Warning: Could not find TensorRT
2024-04-27 20:13:16.303138: W tensorflow/compiler/tf2tensorrt/utils/py_utils.cc:38] TF-TRT Warning: Could not find TensorRT
2024-04-27 20:13:16.303201: W tensorflow/compiler/tf2tensorrt/utils/py_utils.cc:38] TF-TRT Warning: Could not find TensorRT
2024-04-27 20:13:16.303262: W tensorflow/compiler/tf2tensorrt/utils/py_utils.cc:38] TF-TRT Warning: Could not find TensorRT
2024-04-27 20:13:16.303263: W tensorflow/compiler/tf2tensorrt/utils/py_utils.cc:38] TF-TRT Warning: Could not find TensorRT
2024-04-27 20:13:16.303289: W tensorflow/compiler/tf2tensorrt/utils/py_utils.cc:38] TF-TRT Warning: Could not find TensorRT
2024-04-27 20:13:16.303316: W tensorflow/compiler/tf2tensorrt/utils/py_utils.cc:38] TF-TRT Warning: Could not find TensorRT
2024-04-27 20:13:16.303392: W tensorflow/compiler/tf2tensorrt/utils/py_utils.cc:38] TF-TRT Warning: Could not find TensorRT
2024-04-27 20:13:16.303449: W tensorflow/compiler/tf2tensorrt/utils/py_utils.cc:38] TF-TRT Warning: Could not find TensorRT
2024-04-27 20:13:16.303480: W tensorflow/compiler/tf2tensorrt/utils/py_utils.cc:38] TF-TRT Warning: Could not find TensorRT
2024-04-27 20:13:16.303481: W tensorflow/compiler/tf2tensorrt/utils/py_utils.cc:38] TF-TRT Warning: Could not find TensorRT
2024-04-27 20:13:16.303487: W tensorflow/compiler/tf2tensorrt/utils/py_utils.cc:38] TF-TRT Warning: Could not find TensorRT
2024-04-27 20:13:16.303542: W tensorflow/compiler/tf2tensorrt/utils/py_utils.cc:38] TF-TRT Warning: Could not find TensorRT
2024-04-27 20:13:16.303571: W tensorflow/compiler/tf2tensorrt/utils/py_utils.cc:38] TF-TRT Warning: Could not find TensorRT
2024-04-27 20:13:16.303571: W tensorflow/compiler/tf2tensorrt/utils/py_utils.cc:38] TF-TRT Warning: Could not find TensorRT
2024-04-27 20:13:16.303702: W tensorflow/compiler/tf2tensorrt/utils/py_utils.cc:38] TF-TRT Warning: Could not find TensorRT
2024-04-27 20:13:16.304690: W tensorflow/compiler/tf2tensorrt/utils/py_utils.cc:38] TF-TRT Warning: Could not find TensorRT
2024-04-27 20:13:16.305530: W tensorflow/compiler/tf2tensorrt/utils/py_utils.cc:38] TF-TRT Warning: Could not find TensorRT
WARNING:tensorflow:From /home/ketrong/miniconda3/envs/tpot2devenv/lib/python3.10/site-packages/tensorflow/python/compat/v2_compat.py:108: disable_resource_variables (from tensorflow.python.ops.variable_scope) is deprecated and will be removed in a future version.
Instructions for updating:
non-resource variables are not supported in the long term
WARNING:tensorflow:From /home/ketrong/miniconda3/envs/tpot2devenv/lib/python3.10/site-packages/tensorflow/python/compat/v2_compat.py:108: disable_resource_variables (from tensorflow.python.ops.variable_scope) is deprecated and will be removed in a future version.
Instructions for updating:
non-resource variables are not supported in the long term
WARNING:tensorflow:From /home/ketrong/miniconda3/envs/tpot2devenv/lib/python3.10/site-packages/tensorflow/python/compat/v2_compat.py:108: disable_resource_variables (from tensorflow.python.ops.variable_scope) is deprecated and will be removed in a future version.
Instructions for updating:
non-resource variables are not supported in the long term
WARNING:tensorflow:From /home/ketrong/miniconda3/envs/tpot2devenv/lib/python3.10/site-packages/tensorflow/python/compat/v2_compat.py:108: disable_resource_variables (from tensorflow.python.ops.variable_scope) is deprecated and will be removed in a future version.
Instructions for updating:
non-resource variables are not supported in the long term
WARNING:tensorflow:From /home/ketrong/miniconda3/envs/tpot2devenv/lib/python3.10/site-packages/tensorflow/python/compat/v2_compat.py:108: disable_resource_variables (from tensorflow.python.ops.variable_scope) is deprecated and will be removed in a future version.
Instructions for updating:
non-resource variables are not supported in the long term
WARNING:tensorflow:From /home/ketrong/miniconda3/envs/tpot2devenv/lib/python3.10/site-packages/tensorflow/python/compat/v2_compat.py:108: disable_resource_variables (from tensorflow.python.ops.variable_scope) is deprecated and will be removed in a future version.
Instructions for updating:
non-resource variables are not supported in the long term
WARNING:tensorflow:From /home/ketrong/miniconda3/envs/tpot2devenv/lib/python3.10/site-packages/tensorflow/python/compat/v2_compat.py:108: disable_resource_variables (from tensorflow.python.ops.variable_scope) is deprecated and will be removed in a future version.
Instructions for updating:
non-resource variables are not supported in the long term
WARNING:tensorflow:From /home/ketrong/miniconda3/envs/tpot2devenv/lib/python3.10/site-packages/tensorflow/python/compat/v2_compat.py:108: disable_resource_variables (from tensorflow.python.ops.variable_scope) is deprecated and will be removed in a future version.
Instructions for updating:
non-resource variables are not supported in the long term
WARNING:tensorflow:From /home/ketrong/miniconda3/envs/tpot2devenv/lib/python3.10/site-packages/tensorflow/python/compat/v2_compat.py:108: disable_resource_variables (from tensorflow.python.ops.variable_scope) is deprecated and will be removed in a future version.
Instructions for updating:
non-resource variables are not supported in the long term
WARNING:tensorflow:From /home/ketrong/miniconda3/envs/tpot2devenv/lib/python3.10/site-packages/tensorflow/python/compat/v2_compat.py:108: disable_resource_variables (from tensorflow.python.ops.variable_scope) is deprecated and will be removed in a future version.
Instructions for updating:
non-resource variables are not supported in the long term
WARNING:tensorflow:From /home/ketrong/miniconda3/envs/tpot2devenv/lib/python3.10/site-packages/tensorflow/python/compat/v2_compat.py:108: disable_resource_variables (from tensorflow.python.ops.variable_scope) is deprecated and will be removed in a future version.
Instructions for updating:
non-resource variables are not supported in the long term
WARNING:tensorflow:From /home/ketrong/miniconda3/envs/tpot2devenv/lib/python3.10/site-packages/tensorflow/python/compat/v2_compat.py:108: disable_resource_variables (from tensorflow.python.ops.variable_scope) is deprecated and will be removed in a future version.
Instructions for updating:
non-resource variables are not supported in the long term
WARNING:tensorflow:From /home/ketrong/miniconda3/envs/tpot2devenv/lib/python3.10/site-packages/tensorflow/python/compat/v2_compat.py:108: disable_resource_variables (from tensorflow.python.ops.variable_scope) is deprecated and will be removed in a future version.
Instructions for updating:
non-resource variables are not supported in the long term
WARNING:tensorflow:From /home/ketrong/miniconda3/envs/tpot2devenv/lib/python3.10/site-packages/tensorflow/python/compat/v2_compat.py:108: disable_resource_variables (from tensorflow.python.ops.variable_scope) is deprecated and will be removed in a future version.
Instructions for updating:
non-resource variables are not supported in the long term
WARNING:tensorflow:From /home/ketrong/miniconda3/envs/tpot2devenv/lib/python3.10/site-packages/tensorflow/python/compat/v2_compat.py:108: disable_resource_variables (from tensorflow.python.ops.variable_scope) is deprecated and will be removed in a future version.
Instructions for updating:
non-resource variables are not supported in the long term
WARNING:tensorflow:From /home/ketrong/miniconda3/envs/tpot2devenv/lib/python3.10/site-packages/tensorflow/python/compat/v2_compat.py:108: disable_resource_variables (from tensorflow.python.ops.variable_scope) is deprecated and will be removed in a future version.
Instructions for updating:
non-resource variables are not supported in the long term
WARNING:tensorflow:From /home/ketrong/miniconda3/envs/tpot2devenv/lib/python3.10/site-packages/tensorflow/python/compat/v2_compat.py:108: disable_resource_variables (from tensorflow.python.ops.variable_scope) is deprecated and will be removed in a future version.
Instructions for updating:
non-resource variables are not supported in the long term
WARNING:tensorflow:From /home/ketrong/miniconda3/envs/tpot2devenv/lib/python3.10/site-packages/tensorflow/python/compat/v2_compat.py:108: disable_resource_variables (from tensorflow.python.ops.variable_scope) is deprecated and will be removed in a future version.
Instructions for updating:
non-resource variables are not supported in the long term
WARNING:tensorflow:From /home/ketrong/miniconda3/envs/tpot2devenv/lib/python3.10/site-packages/tensorflow/python/compat/v2_compat.py:108: disable_resource_variables (from tensorflow.python.ops.variable_scope) is deprecated and will be removed in a future version.
Instructions for updating:
non-resource variables are not supported in the long term
WARNING:tensorflow:From /home/ketrong/miniconda3/envs/tpot2devenv/lib/python3.10/site-packages/tensorflow/python/compat/v2_compat.py:108: disable_resource_variables (from tensorflow.python.ops.variable_scope) is deprecated and will be removed in a future version.
Instructions for updating:
non-resource variables are not supported in the long term
WARNING:tensorflow:From /home/ketrong/miniconda3/envs/tpot2devenv/lib/python3.10/site-packages/tensorflow/python/compat/v2_compat.py:108: disable_resource_variables (from tensorflow.python.ops.variable_scope) is deprecated and will be removed in a future version.
Instructions for updating:
non-resource variables are not supported in the long term
WARNING:tensorflow:From /home/ketrong/miniconda3/envs/tpot2devenv/lib/python3.10/site-packages/tensorflow/python/compat/v2_compat.py:108: disable_resource_variables (from tensorflow.python.ops.variable_scope) is deprecated and will be removed in a future version.
Instructions for updating:
non-resource variables are not supported in the long term
WARNING:tensorflow:From /home/ketrong/miniconda3/envs/tpot2devenv/lib/python3.10/site-packages/tensorflow/python/compat/v2_compat.py:108: disable_resource_variables (from tensorflow.python.ops.variable_scope) is deprecated and will be removed in a future version.
Instructions for updating:
non-resource variables are not supported in the long term
WARNING:tensorflow:From /home/ketrong/miniconda3/envs/tpot2devenv/lib/python3.10/site-packages/tensorflow/python/compat/v2_compat.py:108: disable_resource_variables (from tensorflow.python.ops.variable_scope) is deprecated and will be removed in a future version.
Instructions for updating:
non-resource variables are not supported in the long term
WARNING:tensorflow:From /home/ketrong/miniconda3/envs/tpot2devenv/lib/python3.10/site-packages/tensorflow/python/compat/v2_compat.py:108: disable_resource_variables (from tensorflow.python.ops.variable_scope) is deprecated and will be removed in a future version.
Instructions for updating:
non-resource variables are not supported in the long term
WARNING:tensorflow:From /home/ketrong/miniconda3/envs/tpot2devenv/lib/python3.10/site-packages/tensorflow/python/compat/v2_compat.py:108: disable_resource_variables (from tensorflow.python.ops.variable_scope) is deprecated and will be removed in a future version.
Instructions for updating:
non-resource variables are not supported in the long term
WARNING:tensorflow:From /home/ketrong/miniconda3/envs/tpot2devenv/lib/python3.10/site-packages/tensorflow/python/compat/v2_compat.py:108: disable_resource_variables (from tensorflow.python.ops.variable_scope) is deprecated and will be removed in a future version.
Instructions for updating:
non-resource variables are not supported in the long term
WARNING:tensorflow:From /home/ketrong/miniconda3/envs/tpot2devenv/lib/python3.10/site-packages/tensorflow/python/compat/v2_compat.py:108: disable_resource_variables (from tensorflow.python.ops.variable_scope) is deprecated and will be removed in a future version.
Instructions for updating:
non-resource variables are not supported in the long term
WARNING:tensorflow:From /home/ketrong/miniconda3/envs/tpot2devenv/lib/python3.10/site-packages/tensorflow/python/compat/v2_compat.py:108: disable_resource_variables (from tensorflow.python.ops.variable_scope) is deprecated and will be removed in a future version.
Instructions for updating:
non-resource variables are not supported in the long term
WARNING:tensorflow:From /home/ketrong/miniconda3/envs/tpot2devenv/lib/python3.10/site-packages/tensorflow/python/compat/v2_compat.py:108: disable_resource_variables (from tensorflow.python.ops.variable_scope) is deprecated and will be removed in a future version.
Instructions for updating:
non-resource variables are not supported in the long term
WARNING:tensorflow:From /home/ketrong/miniconda3/envs/tpot2devenv/lib/python3.10/site-packages/tensorflow/python/compat/v2_compat.py:108: disable_resource_variables (from tensorflow.python.ops.variable_scope) is deprecated and will be removed in a future version.
Instructions for updating:
non-resource variables are not supported in the long term
WARNING:tensorflow:From /home/ketrong/miniconda3/envs/tpot2devenv/lib/python3.10/site-packages/tensorflow/python/compat/v2_compat.py:108: disable_resource_variables (from tensorflow.python.ops.variable_scope) is deprecated and will be removed in a future version.
Instructions for updating:
non-resource variables are not supported in the long term
WARNING:tensorflow:From /home/ketrong/miniconda3/envs/tpot2devenv/lib/python3.10/site-packages/tensorflow/python/compat/v2_compat.py:108: disable_resource_variables (from tensorflow.python.ops.variable_scope) is deprecated and will be removed in a future version.
Instructions for updating:
non-resource variables are not supported in the long term
WARNING:tensorflow:From /home/ketrong/miniconda3/envs/tpot2devenv/lib/python3.10/site-packages/tensorflow/python/compat/v2_compat.py:108: disable_resource_variables (from tensorflow.python.ops.variable_scope) is deprecated and will be removed in a future version.
Instructions for updating:
non-resource variables are not supported in the long term
WARNING:tensorflow:From /home/ketrong/miniconda3/envs/tpot2devenv/lib/python3.10/site-packages/tensorflow/python/compat/v2_compat.py:108: disable_resource_variables (from tensorflow.python.ops.variable_scope) is deprecated and will be removed in a future version.
Instructions for updating:
non-resource variables are not supported in the long term
WARNING:tensorflow:From /home/ketrong/miniconda3/envs/tpot2devenv/lib/python3.10/site-packages/tensorflow/python/compat/v2_compat.py:108: disable_resource_variables (from tensorflow.python.ops.variable_scope) is deprecated and will be removed in a future version.
Instructions for updating:
non-resource variables are not supported in the long term
WARNING:tensorflow:From /home/ketrong/miniconda3/envs/tpot2devenv/lib/python3.10/site-packages/tensorflow/python/compat/v2_compat.py:108: disable_resource_variables (from tensorflow.python.ops.variable_scope) is deprecated and will be removed in a future version.
Instructions for updating:
non-resource variables are not supported in the long term
WARNING:tensorflow:From /home/ketrong/miniconda3/envs/tpot2devenv/lib/python3.10/site-packages/tensorflow/python/compat/v2_compat.py:108: disable_resource_variables (from tensorflow.python.ops.variable_scope) is deprecated and will be removed in a future version.
Instructions for updating:
non-resource variables are not supported in the long term
WARNING:tensorflow:From /home/ketrong/miniconda3/envs/tpot2devenv/lib/python3.10/site-packages/tensorflow/python/compat/v2_compat.py:108: disable_resource_variables (from tensorflow.python.ops.variable_scope) is deprecated and will be removed in a future version.
Instructions for updating:
non-resource variables are not supported in the long term
WARNING:tensorflow:From /home/ketrong/miniconda3/envs/tpot2devenv/lib/python3.10/site-packages/tensorflow/python/compat/v2_compat.py:108: disable_resource_variables (from tensorflow.python.ops.variable_scope) is deprecated and will be removed in a future version.
Instructions for updating:
non-resource variables are not supported in the long term
WARNING:tensorflow:From /home/ketrong/miniconda3/envs/tpot2devenv/lib/python3.10/site-packages/tensorflow/python/compat/v2_compat.py:108: disable_resource_variables (from tensorflow.python.ops.variable_scope) is deprecated and will be removed in a future version.
Instructions for updating:
non-resource variables are not supported in the long term
WARNING:tensorflow:From /home/ketrong/miniconda3/envs/tpot2devenv/lib/python3.10/site-packages/tensorflow/python/compat/v2_compat.py:108: disable_resource_variables (from tensorflow.python.ops.variable_scope) is deprecated and will be removed in a future version.
Instructions for updating:
non-resource variables are not supported in the long term
WARNING:tensorflow:From /home/ketrong/miniconda3/envs/tpot2devenv/lib/python3.10/site-packages/tensorflow/python/compat/v2_compat.py:108: disable_resource_variables (from tensorflow.python.ops.variable_scope) is deprecated and will be removed in a future version.
Instructions for updating:
non-resource variables are not supported in the long term
WARNING:tensorflow:From /home/ketrong/miniconda3/envs/tpot2devenv/lib/python3.10/site-packages/tensorflow/python/compat/v2_compat.py:108: disable_resource_variables (from tensorflow.python.ops.variable_scope) is deprecated and will be removed in a future version.
Instructions for updating:
non-resource variables are not supported in the long term
WARNING:tensorflow:From /home/ketrong/miniconda3/envs/tpot2devenv/lib/python3.10/site-packages/tensorflow/python/compat/v2_compat.py:108: disable_resource_variables (from tensorflow.python.ops.variable_scope) is deprecated and will be removed in a future version.
Instructions for updating:
non-resource variables are not supported in the long term
WARNING:tensorflow:From /home/ketrong/miniconda3/envs/tpot2devenv/lib/python3.10/site-packages/tensorflow/python/compat/v2_compat.py:108: disable_resource_variables (from tensorflow.python.ops.variable_scope) is deprecated and will be removed in a future version.
Instructions for updating:
non-resource variables are not supported in the long term
WARNING:tensorflow:From /home/ketrong/miniconda3/envs/tpot2devenv/lib/python3.10/site-packages/tensorflow/python/compat/v2_compat.py:108: disable_resource_variables (from tensorflow.python.ops.variable_scope) is deprecated and will be removed in a future version.
Instructions for updating:
non-resource variables are not supported in the long term
WARNING:tensorflow:From /home/ketrong/miniconda3/envs/tpot2devenv/lib/python3.10/site-packages/tensorflow/python/compat/v2_compat.py:108: disable_resource_variables (from tensorflow.python.ops.variable_scope) is deprecated and will be removed in a future version.
Instructions for updating:
non-resource variables are not supported in the long term
  0%|          | 0/50 [00:00<?, ?it/s]Generation:   0%|          | 0/50 [00:00<?, ?it/s]WARNING THIS INDIVIDUAL CAUSED AND EXCEPTION 
 ['XGBClassifier_1'] 
 Invalid classes inferred from unique values of `y`.  Expected: [ 0  1  2  3  4  5  6  7  8  9 10 11 12 13 14 15 16 17 18], got [ 1  2  3  4  5  6  7  8  9 10 12 13 21 22 23 24 25 26 27] 
 Traceback (most recent call last):
  File "/home/ketrong/miniconda3/envs/tpot2devenv/lib/python3.10/site-packages/tpot2/utils/eval_utils.py", line 53, in objective_nan_wrapper
    value = func_timeout.func_timeout(timeout, objective_function, args=[individual], kwargs=objective_kwargs)
  File "/home/ketrong/miniconda3/envs/tpot2devenv/lib/python3.10/site-packages/func_timeout/dafunc.py", line 108, in func_timeout
    raise_exception(exception)
  File "/home/ketrong/miniconda3/envs/tpot2devenv/lib/python3.10/site-packages/func_timeout/py3_raise.py", line 7, in raise_exception
    raise exception[0] from None
  File "/home/ketrong/miniconda3/envs/tpot2devenv/lib/python3.10/site-packages/tpot2/tpot_estimator/estimator.py", line 702, in objective_function
    return objective_function_generator(
  File "/home/ketrong/miniconda3/envs/tpot2devenv/lib/python3.10/site-packages/tpot2/tpot_estimator/estimator_utils.py", line 117, in objective_function_generator
    cv_obj_scores = cross_val_score_objective(sklearn.base.clone(pipeline),x,y,scorers=scorers, cv=cv , fold=step)
  File "/home/ketrong/miniconda3/envs/tpot2devenv/lib/python3.10/site-packages/tpot2/tpot_estimator/cross_val_utils.py", line 28, in cross_val_score_objective
    this_fold_pipeline.fit(X_train,y_train)
  File "/home/ketrong/miniconda3/envs/tpot2devenv/lib/python3.10/site-packages/tpot2/graphsklearn.py", line 354, in fit
    fit_sklearn_digraph(   graph=self.graph,
  File "/home/ketrong/miniconda3/envs/tpot2devenv/lib/python3.10/site-packages/tpot2/graphsklearn.py", line 153, in fit_sklearn_digraph
    transformed, instance = estimator_fit_transform_override_cross_val_predict_cached(instance, this_X, y, cv=cross_val_predict_cv, method=method,subset_indexes=subset_indexes)
  File "/home/ketrong/miniconda3/envs/tpot2devenv/lib/python3.10/site-packages/joblib/memory.py", line 353, in __call__
    return self.func(*args, **kwargs)
  File "/home/ketrong/miniconda3/envs/tpot2devenv/lib/python3.10/site-packages/tpot2/graphsklearn.py", line 77, in estimator_fit_transform_override_cross_val_predict
    estimator.fit(X,y, **fit_params)
  File "/home/ketrong/miniconda3/envs/tpot2devenv/lib/python3.10/site-packages/xgboost/core.py", line 729, in inner_f
    return func(**kwargs)
  File "/home/ketrong/miniconda3/envs/tpot2devenv/lib/python3.10/site-packages/xgboost/sklearn.py", line 1467, in fit
    raise ValueError(
ValueError: Invalid classes inferred from unique values of `y`.  Expected: [ 0  1  2  3  4  5  6  7  8  9 10 11 12 13 14 15 16 17 18], got [ 1  2  3  4  5  6  7  8  9 10 12 13 21 22 23 24 25 26 27]

WARNING THIS INDIVIDUAL CAUSED AND EXCEPTION 
 ['XGBClassifier_1'] 
 Invalid classes inferred from unique values of `y`.  Expected: [ 0  1  2  3  4  5  6  7  8  9 10 11 12 13 14 15 16 17 18], got [ 1  2  3  4  5  6  7  8  9 10 12 13 21 22 23 24 25 26 27] 
 Traceback (most recent call last):
  File "/home/ketrong/miniconda3/envs/tpot2devenv/lib/python3.10/site-packages/tpot2/utils/eval_utils.py", line 53, in objective_nan_wrapper
    value = func_timeout.func_timeout(timeout, objective_function, args=[individual], kwargs=objective_kwargs)
  File "/home/ketrong/miniconda3/envs/tpot2devenv/lib/python3.10/site-packages/func_timeout/dafunc.py", line 108, in func_timeout
    raise_exception(exception)
  File "/home/ketrong/miniconda3/envs/tpot2devenv/lib/python3.10/site-packages/func_timeout/py3_raise.py", line 7, in raise_exception
    raise exception[0] from None
  File "/home/ketrong/miniconda3/envs/tpot2devenv/lib/python3.10/site-packages/tpot2/tpot_estimator/estimator.py", line 702, in objective_function
    return objective_function_generator(
  File "/home/ketrong/miniconda3/envs/tpot2devenv/lib/python3.10/site-packages/tpot2/tpot_estimator/estimator_utils.py", line 117, in objective_function_generator
    cv_obj_scores = cross_val_score_objective(sklearn.base.clone(pipeline),x,y,scorers=scorers, cv=cv , fold=step)
  File "/home/ketrong/miniconda3/envs/tpot2devenv/lib/python3.10/site-packages/tpot2/tpot_estimator/cross_val_utils.py", line 28, in cross_val_score_objective
    this_fold_pipeline.fit(X_train,y_train)
  File "/home/ketrong/miniconda3/envs/tpot2devenv/lib/python3.10/site-packages/tpot2/graphsklearn.py", line 354, in fit
    fit_sklearn_digraph(   graph=self.graph,
  File "/home/ketrong/miniconda3/envs/tpot2devenv/lib/python3.10/site-packages/tpot2/graphsklearn.py", line 153, in fit_sklearn_digraph
    transformed, instance = estimator_fit_transform_override_cross_val_predict_cached(instance, this_X, y, cv=cross_val_predict_cv, method=method,subset_indexes=subset_indexes)
  File "/home/ketrong/miniconda3/envs/tpot2devenv/lib/python3.10/site-packages/joblib/memory.py", line 353, in __call__
    return self.func(*args, **kwargs)
  File "/home/ketrong/miniconda3/envs/tpot2devenv/lib/python3.10/site-packages/tpot2/graphsklearn.py", line 77, in estimator_fit_transform_override_cross_val_predict
    estimator.fit(X,y, **fit_params)
  File "/home/ketrong/miniconda3/envs/tpot2devenv/lib/python3.10/site-packages/xgboost/core.py", line 729, in inner_f
    return func(**kwargs)
  File "/home/ketrong/miniconda3/envs/tpot2devenv/lib/python3.10/site-packages/xgboost/sklearn.py", line 1467, in fit
    raise ValueError(
ValueError: Invalid classes inferred from unique values of `y`.  Expected: [ 0  1  2  3  4  5  6  7  8  9 10 11 12 13 14 15 16 17 18], got [ 1  2  3  4  5  6  7  8  9 10 12 13 21 22 23 24 25 26 27]

WARNING THIS INDIVIDUAL CAUSED AND EXCEPTION 
 ['XGBClassifier_1'] 
 Invalid classes inferred from unique values of `y`.  Expected: [ 0  1  2  3  4  5  6  7  8  9 10 11 12 13 14 15 16 17 18], got [ 1  2  3  4  5  6  7  8  9 10 12 13 21 22 23 24 25 26 27] 
 Traceback (most recent call last):
  File "/home/ketrong/miniconda3/envs/tpot2devenv/lib/python3.10/site-packages/tpot2/utils/eval_utils.py", line 53, in objective_nan_wrapper
    value = func_timeout.func_timeout(timeout, objective_function, args=[individual], kwargs=objective_kwargs)
  File "/home/ketrong/miniconda3/envs/tpot2devenv/lib/python3.10/site-packages/func_timeout/dafunc.py", line 108, in func_timeout
    raise_exception(exception)
  File "/home/ketrong/miniconda3/envs/tpot2devenv/lib/python3.10/site-packages/func_timeout/py3_raise.py", line 7, in raise_exception
    raise exception[0] from None
  File "/home/ketrong/miniconda3/envs/tpot2devenv/lib/python3.10/site-packages/tpot2/tpot_estimator/estimator.py", line 702, in objective_function
    return objective_function_generator(
  File "/home/ketrong/miniconda3/envs/tpot2devenv/lib/python3.10/site-packages/tpot2/tpot_estimator/estimator_utils.py", line 117, in objective_function_generator
    cv_obj_scores = cross_val_score_objective(sklearn.base.clone(pipeline),x,y,scorers=scorers, cv=cv , fold=step)
  File "/home/ketrong/miniconda3/envs/tpot2devenv/lib/python3.10/site-packages/tpot2/tpot_estimator/cross_val_utils.py", line 28, in cross_val_score_objective
    this_fold_pipeline.fit(X_train,y_train)
  File "/home/ketrong/miniconda3/envs/tpot2devenv/lib/python3.10/site-packages/tpot2/graphsklearn.py", line 354, in fit
    fit_sklearn_digraph(   graph=self.graph,
  File "/home/ketrong/miniconda3/envs/tpot2devenv/lib/python3.10/site-packages/tpot2/graphsklearn.py", line 153, in fit_sklearn_digraph
    transformed, instance = estimator_fit_transform_override_cross_val_predict_cached(instance, this_X, y, cv=cross_val_predict_cv, method=method,subset_indexes=subset_indexes)
  File "/home/ketrong/miniconda3/envs/tpot2devenv/lib/python3.10/site-packages/joblib/memory.py", line 353, in __call__
    return self.func(*args, **kwargs)
  File "/home/ketrong/miniconda3/envs/tpot2devenv/lib/python3.10/site-packages/tpot2/graphsklearn.py", line 77, in estimator_fit_transform_override_cross_val_predict
    estimator.fit(X,y, **fit_params)
  File "/home/ketrong/miniconda3/envs/tpot2devenv/lib/python3.10/site-packages/xgboost/core.py", line 729, in inner_f
    return func(**kwargs)
  File "/home/ketrong/miniconda3/envs/tpot2devenv/lib/python3.10/site-packages/xgboost/sklearn.py", line 1467, in fit
    raise ValueError(
ValueError: Invalid classes inferred from unique values of `y`.  Expected: [ 0  1  2  3  4  5  6  7  8  9 10 11 12 13 14 15 16 17 18], got [ 1  2  3  4  5  6  7  8  9 10 12 13 21 22 23 24 25 26 27]

WARNING THIS INDIVIDUAL CAUSED AND EXCEPTION 
 ['XGBClassifier_1'] 
 Invalid classes inferred from unique values of `y`.  Expected: [ 0  1  2  3  4  5  6  7  8  9 10 11 12 13 14 15 16 17 18], got [ 1  2  3  4  5  6  7  8  9 10 12 13 21 22 23 24 25 26 27] 
 Traceback (most recent call last):
  File "/home/ketrong/miniconda3/envs/tpot2devenv/lib/python3.10/site-packages/tpot2/utils/eval_utils.py", line 53, in objective_nan_wrapper
    value = func_timeout.func_timeout(timeout, objective_function, args=[individual], kwargs=objective_kwargs)
  File "/home/ketrong/miniconda3/envs/tpot2devenv/lib/python3.10/site-packages/func_timeout/dafunc.py", line 108, in func_timeout
    raise_exception(exception)
  File "/home/ketrong/miniconda3/envs/tpot2devenv/lib/python3.10/site-packages/func_timeout/py3_raise.py", line 7, in raise_exception
    raise exception[0] from None
  File "/home/ketrong/miniconda3/envs/tpot2devenv/lib/python3.10/site-packages/tpot2/tpot_estimator/estimator.py", line 702, in objective_function
    return objective_function_generator(
  File "/home/ketrong/miniconda3/envs/tpot2devenv/lib/python3.10/site-packages/tpot2/tpot_estimator/estimator_utils.py", line 117, in objective_function_generator
    cv_obj_scores = cross_val_score_objective(sklearn.base.clone(pipeline),x,y,scorers=scorers, cv=cv , fold=step)
  File "/home/ketrong/miniconda3/envs/tpot2devenv/lib/python3.10/site-packages/tpot2/tpot_estimator/cross_val_utils.py", line 28, in cross_val_score_objective
    this_fold_pipeline.fit(X_train,y_train)
  File "/home/ketrong/miniconda3/envs/tpot2devenv/lib/python3.10/site-packages/tpot2/graphsklearn.py", line 354, in fit
    fit_sklearn_digraph(   graph=self.graph,
  File "/home/ketrong/miniconda3/envs/tpot2devenv/lib/python3.10/site-packages/tpot2/graphsklearn.py", line 153, in fit_sklearn_digraph
    transformed, instance = estimator_fit_transform_override_cross_val_predict_cached(instance, this_X, y, cv=cross_val_predict_cv, method=method,subset_indexes=subset_indexes)
  File "/home/ketrong/miniconda3/envs/tpot2devenv/lib/python3.10/site-packages/joblib/memory.py", line 353, in __call__
    return self.func(*args, **kwargs)
  File "/home/ketrong/miniconda3/envs/tpot2devenv/lib/python3.10/site-packages/tpot2/graphsklearn.py", line 77, in estimator_fit_transform_override_cross_val_predict
    estimator.fit(X,y, **fit_params)
  File "/home/ketrong/miniconda3/envs/tpot2devenv/lib/python3.10/site-packages/xgboost/core.py", line 729, in inner_f
    return func(**kwargs)
  File "/home/ketrong/miniconda3/envs/tpot2devenv/lib/python3.10/site-packages/xgboost/sklearn.py", line 1467, in fit
    raise ValueError(
ValueError: Invalid classes inferred from unique values of `y`.  Expected: [ 0  1  2  3  4  5  6  7  8  9 10 11 12 13 14 15 16 17 18], got [ 1  2  3  4  5  6  7  8  9 10 12 13 21 22 23 24 25 26 27]

WARNING THIS INDIVIDUAL CAUSED AND EXCEPTION 
 ['XGBClassifier_1'] 
 Invalid classes inferred from unique values of `y`.  Expected: [ 0  1  2  3  4  5  6  7  8  9 10 11 12 13 14 15 16 17 18], got [ 1  2  3  4  5  6  7  8  9 10 12 13 21 22 23 24 25 26 27] 
 Traceback (most recent call last):
  File "/home/ketrong/miniconda3/envs/tpot2devenv/lib/python3.10/site-packages/tpot2/utils/eval_utils.py", line 53, in objective_nan_wrapper
    value = func_timeout.func_timeout(timeout, objective_function, args=[individual], kwargs=objective_kwargs)
  File "/home/ketrong/miniconda3/envs/tpot2devenv/lib/python3.10/site-packages/func_timeout/dafunc.py", line 108, in func_timeout
    raise_exception(exception)
  File "/home/ketrong/miniconda3/envs/tpot2devenv/lib/python3.10/site-packages/func_timeout/py3_raise.py", line 7, in raise_exception
    raise exception[0] from None
  File "/home/ketrong/miniconda3/envs/tpot2devenv/lib/python3.10/site-packages/tpot2/tpot_estimator/estimator.py", line 702, in objective_function
    return objective_function_generator(
  File "/home/ketrong/miniconda3/envs/tpot2devenv/lib/python3.10/site-packages/tpot2/tpot_estimator/estimator_utils.py", line 117, in objective_function_generator
    cv_obj_scores = cross_val_score_objective(sklearn.base.clone(pipeline),x,y,scorers=scorers, cv=cv , fold=step)
  File "/home/ketrong/miniconda3/envs/tpot2devenv/lib/python3.10/site-packages/tpot2/tpot_estimator/cross_val_utils.py", line 28, in cross_val_score_objective
    this_fold_pipeline.fit(X_train,y_train)
  File "/home/ketrong/miniconda3/envs/tpot2devenv/lib/python3.10/site-packages/tpot2/graphsklearn.py", line 354, in fit
    fit_sklearn_digraph(   graph=self.graph,
  File "/home/ketrong/miniconda3/envs/tpot2devenv/lib/python3.10/site-packages/tpot2/graphsklearn.py", line 153, in fit_sklearn_digraph
    transformed, instance = estimator_fit_transform_override_cross_val_predict_cached(instance, this_X, y, cv=cross_val_predict_cv, method=method,subset_indexes=subset_indexes)
  File "/home/ketrong/miniconda3/envs/tpot2devenv/lib/python3.10/site-packages/joblib/memory.py", line 353, in __call__
    return self.func(*args, **kwargs)
  File "/home/ketrong/miniconda3/envs/tpot2devenv/lib/python3.10/site-packages/tpot2/graphsklearn.py", line 77, in estimator_fit_transform_override_cross_val_predict
    estimator.fit(X,y, **fit_params)
  File "/home/ketrong/miniconda3/envs/tpot2devenv/lib/python3.10/site-packages/xgboost/core.py", line 729, in inner_f
    return func(**kwargs)
  File "/home/ketrong/miniconda3/envs/tpot2devenv/lib/python3.10/site-packages/xgboost/sklearn.py", line 1467, in fit
    raise ValueError(
ValueError: Invalid classes inferred from unique values of `y`.  Expected: [ 0  1  2  3  4  5  6  7  8  9 10 11 12 13 14 15 16 17 18], got [ 1  2  3  4  5  6  7  8  9 10 12 13 21 22 23 24 25 26 27]

Generation:  1
Best log_loss score: -1.90876833449119
Best complexity_scorer score: 1.0
Generation:   2%|▏         | 1/50 [01:07<54:56, 67.27s/it]Generation:  2
Best log_loss score: -1.90876833449119
Best complexity_scorer score: 1.0
Generation:   4%|▍         | 2/50 [02:20<56:24, 70.51s/it]Generation:  3
Best log_loss score: -1.90876833449119
Best complexity_scorer score: 1.0
Generation:   6%|▌         | 3/50 [03:59<1:05:39, 83.82s/it]Generation:  4
Best log_loss score: -1.9079781308976511
Best complexity_scorer score: 1.0
Generation:   8%|▊         | 4/50 [04:46<52:57, 69.09s/it]  Generation:  5
Best log_loss score: -1.9079781308976511
Best complexity_scorer score: 1.0
Generation:  10%|█         | 5/50 [05:24<43:35, 58.13s/it]Generation:  6
Best log_loss score: -1.907884691571574
Best complexity_scorer score: 1.0
Generation:  12%|█▏        | 6/50 [05:42<32:30, 44.34s/it]Generation:  7
Best log_loss score: -1.9074867610714108
Best complexity_scorer score: 1.0
Generation:  14%|█▍        | 7/50 [06:24<31:20, 43.74s/it]Generation:  8
Best log_loss score: -1.9017694107921639
Best complexity_scorer score: 1.0
Generation:  16%|█▌        | 8/50 [06:38<23:50, 34.06s/it]Generation:  9
Best log_loss score: -1.9017694107921639
Best complexity_scorer score: 1.0
Generation:  18%|█▊        | 9/50 [07:20<25:06, 36.75s/it]Generation:  10
Best log_loss score: -1.9017694107921639
Best complexity_scorer score: 1.0
Generation:  20%|██        | 10/50 [08:03<25:41, 38.53s/it]Generation:  11
Best log_loss score: -1.9017694107921639
Best complexity_scorer score: 1.0
Generation:  22%|██▏       | 11/50 [08:33<23:20, 35.91s/it]Generation:  12
Best log_loss score: -1.9017694107921639
Best complexity_scorer score: 1.0
Generation:  24%|██▍       | 12/50 [09:42<29:05, 45.93s/it]Generation:  13
Best log_loss score: -1.9017694107921639
Best complexity_scorer score: 1.0
Generation:  26%|██▌       | 13/50 [10:51<32:36, 52.88s/it]Generation:  14
Best log_loss score: -1.9017694107921639
Best complexity_scorer score: 1.0
Generation:  28%|██▊       | 14/50 [11:33<29:54, 49.84s/it]Generation:  15
Best log_loss score: -1.9017694107921639
Best complexity_scorer score: 1.0
Generation:  30%|███       | 15/50 [12:02<25:20, 43.43s/it]Generation:  16
Best log_loss score: -1.9017694107921639
Best complexity_scorer score: 1.0
Generation:  32%|███▏      | 16/50 [12:38<23:15, 41.04s/it]Generation:  17
Best log_loss score: -1.9017694107921639
Best complexity_scorer score: 1.0
Generation:  34%|███▍      | 17/50 [13:21<22:56, 41.70s/it]Generation:  18
Best log_loss score: -1.9017694107921639
Best complexity_scorer score: 1.0
Generation:  36%|███▌      | 18/50 [14:03<22:22, 41.96s/it]Generation:  19
Best log_loss score: -1.9017694107921639
Best complexity_scorer score: 1.0
Generation:  38%|███▊      | 19/50 [15:02<24:14, 46.93s/it]Generation:  20
Best log_loss score: -1.9016085092807575
Best complexity_scorer score: 1.0
Generation:  40%|████      | 20/50 [15:37<21:39, 43.32s/it]Generation:  21
Best log_loss score: -1.9016085092807575
Best complexity_scorer score: 1.0
Generation:  42%|████▏     | 21/50 [15:51<16:46, 34.70s/it]Generation:  22
Best log_loss score: -1.9016085092807575
Best complexity_scorer score: 1.0
Generation:  44%|████▍     | 22/50 [16:48<19:18, 41.39s/it]Generation:  23
Best log_loss score: -1.9016085092807575
Best complexity_scorer score: 0.0
Generation:  46%|████▌     | 23/50 [17:32<18:52, 41.94s/it]Generation:  24
Best log_loss score: -1.9016085092807575
Best complexity_scorer score: 0.0
Generation:  48%|████▊     | 24/50 [18:06<17:11, 39.68s/it]Generation:  25
Best log_loss score: -1.9016085092807575
Best complexity_scorer score: 0.0
Generation:  50%|█████     | 25/50 [18:49<16:56, 40.67s/it]Generation:  26
Best log_loss score: -1.9016085092807575
Best complexity_scorer score: 0.0
Generation:  52%|█████▏    | 26/50 [19:32<16:33, 41.38s/it]Generation:  27
Best log_loss score: -1.9016085092807575
Best complexity_scorer score: 0.0
Generation:  54%|█████▍    | 27/50 [20:02<14:33, 37.97s/it]Generation:  28
Best log_loss score: -1.9016085092807575
Best complexity_scorer score: 0.0
Generation:  56%|█████▌    | 28/50 [20:46<14:35, 39.79s/it]Generation:  29
Best log_loss score: -1.9016085092807575
Best complexity_scorer score: 0.0
Generation:  58%|█████▊    | 29/50 [22:05<17:59, 51.39s/it]Generation:  30
Best log_loss score: -1.9016085092807575
Best complexity_scorer score: 0.0
Generation:  60%|██████    | 30/50 [22:22<13:41, 41.08s/it]Generation:  31
Best log_loss score: -1.9016085092807575
Best complexity_scorer score: 0.0
Generation:  62%|██████▏   | 31/50 [23:08<13:32, 42.77s/it]Generation:  32
Best log_loss score: -1.9016085092807575
Best complexity_scorer score: 0.0
Generation:  64%|██████▍   | 32/50 [23:48<12:34, 41.92s/it]Generation:  33
Best log_loss score: -1.9016085092807575
Best complexity_scorer score: 0.0
Generation:  66%|██████▌   | 33/50 [24:58<14:13, 50.20s/it]Generation:  34
Best log_loss score: -1.9016085092807575
Best complexity_scorer score: 0.0
Generation:  68%|██████▊   | 34/50 [25:41<12:48, 48.02s/it]Generation:  35
Best log_loss score: -1.9016085092807575
Best complexity_scorer score: 0.0
Generation:  70%|███████   | 35/50 [26:23<11:36, 46.46s/it]Generation:  36
Best log_loss score: -1.9016085092807575
Best complexity_scorer score: 0.0
Generation:  72%|███████▏  | 36/50 [28:23<15:58, 68.44s/it]Generation:  37
Best log_loss score: -1.9016085092807575
Best complexity_scorer score: 0.0
Generation:  74%|███████▍  | 37/50 [29:01<12:50, 59.29s/it]Generation:  38
Best log_loss score: -1.9007256364483425
Best complexity_scorer score: 0.0
Generation:  76%|███████▌  | 38/50 [29:37<10:26, 52.17s/it]Generation:  39
Best log_loss score: -1.9007256364483425
Best complexity_scorer score: 0.0
Generation:  78%|███████▊  | 39/50 [30:20<09:04, 49.52s/it]Generation:  40
Best log_loss score: -1.9007256364483425
Best complexity_scorer score: 0.0
Generation:  80%|████████  | 40/50 [31:38<09:39, 57.98s/it]Generation:  41
Best log_loss score: -1.9007256364483425
Best complexity_scorer score: 0.0
Generation:  82%|████████▏ | 41/50 [32:13<07:41, 51.23s/it]Generation:  42
Best log_loss score: -1.9007256364483425
Best complexity_scorer score: 0.0
Generation:  84%|████████▍ | 42/50 [33:21<07:29, 56.16s/it]Generation:  43
Best log_loss score: -1.9007256364483425
Best complexity_scorer score: 0.0
Generation:  86%|████████▌ | 43/50 [34:33<07:07, 61.04s/it]Generation:  44
Best log_loss score: -1.9007256364483425
Best complexity_scorer score: 0.0
Generation:  88%|████████▊ | 44/50 [35:45<06:25, 64.30s/it]Generation:  45
Best log_loss score: -1.9007256364483425
Best complexity_scorer score: 0.0
Generation:  90%|█████████ | 45/50 [36:32<04:55, 59.06s/it]Generation:  46
Best log_loss score: -1.9007256364483425
Best complexity_scorer score: 0.0
Generation:  92%|█████████▏| 46/50 [37:42<04:09, 62.25s/it]Generation:  47
Best log_loss score: -1.9007256364483425
Best complexity_scorer score: 0.0
Generation:  94%|█████████▍| 47/50 [38:49<03:11, 63.74s/it]Generation:  48
Best log_loss score: -1.9007256364483425
Best complexity_scorer score: 0.0
Generation:  96%|█████████▌| 48/50 [39:50<02:06, 63.02s/it]Generation:  49
Best log_loss score: -1.9007256364483425
Best complexity_scorer score: 0.0
Generation:  98%|█████████▊| 49/50 [40:51<01:02, 62.21s/it]Generation:  50
Best log_loss score: -1.9007256364483425
Best complexity_scorer score: 0.0
Generation: 100%|██████████| 50/50 [41:35<00:00, 56.77s/it]Generation: 100%|██████████| 50/50 [41:35<00:00, 49.91s/it]
2024-04-27 20:55:01,558 - distributed.worker - ERROR - Failed to communicate with scheduler during heartbeat.
Traceback (most recent call last):
  File "/home/ketrong/miniconda3/envs/tpot2devenv/lib/python3.10/site-packages/distributed/comm/tcp.py", line 225, in read
    frames_nosplit_nbytes_bin = await stream.read_bytes(fmt_size)
tornado.iostream.StreamClosedError: Stream is closed

The above exception was the direct cause of the following exception:

Traceback (most recent call last):
  File "/home/ketrong/miniconda3/envs/tpot2devenv/lib/python3.10/site-packages/distributed/worker.py", line 1255, in heartbeat
    response = await retry_operation(
  File "/home/ketrong/miniconda3/envs/tpot2devenv/lib/python3.10/site-packages/distributed/utils_comm.py", line 455, in retry_operation
    return await retry(
  File "/home/ketrong/miniconda3/envs/tpot2devenv/lib/python3.10/site-packages/distributed/utils_comm.py", line 434, in retry
    return await coro()
  File "/home/ketrong/miniconda3/envs/tpot2devenv/lib/python3.10/site-packages/distributed/core.py", line 1396, in send_recv_from_rpc
    return await send_recv(comm=comm, op=key, **kwargs)
  File "/home/ketrong/miniconda3/envs/tpot2devenv/lib/python3.10/site-packages/distributed/core.py", line 1155, in send_recv
    response = await comm.read(deserializers=deserializers)
  File "/home/ketrong/miniconda3/envs/tpot2devenv/lib/python3.10/site-packages/distributed/comm/tcp.py", line 237, in read
    convert_stream_closed_error(self, e)
  File "/home/ketrong/miniconda3/envs/tpot2devenv/lib/python3.10/site-packages/distributed/comm/tcp.py", line 142, in convert_stream_closed_error
    raise CommClosedError(f"in {obj}: {exc}") from exc
distributed.comm.core.CommClosedError: in <TCP (closed) ConnectionPool.heartbeat_worker local=tcp://127.0.0.1:35084 remote=tcp://127.0.0.1:44965>: Stream is closed
2024-04-27 20:55:01,572 - distributed.worker - ERROR - Failed to communicate with scheduler during heartbeat.
Traceback (most recent call last):
  File "/home/ketrong/miniconda3/envs/tpot2devenv/lib/python3.10/site-packages/distributed/comm/tcp.py", line 225, in read
    frames_nosplit_nbytes_bin = await stream.read_bytes(fmt_size)
tornado.iostream.StreamClosedError: Stream is closed

The above exception was the direct cause of the following exception:

Traceback (most recent call last):
  File "/home/ketrong/miniconda3/envs/tpot2devenv/lib/python3.10/site-packages/distributed/worker.py", line 1255, in heartbeat
    response = await retry_operation(
  File "/home/ketrong/miniconda3/envs/tpot2devenv/lib/python3.10/site-packages/distributed/utils_comm.py", line 455, in retry_operation
    return await retry(
  File "/home/ketrong/miniconda3/envs/tpot2devenv/lib/python3.10/site-packages/distributed/utils_comm.py", line 434, in retry
    return await coro()
  File "/home/ketrong/miniconda3/envs/tpot2devenv/lib/python3.10/site-packages/distributed/core.py", line 1396, in send_recv_from_rpc
    return await send_recv(comm=comm, op=key, **kwargs)
  File "/home/ketrong/miniconda3/envs/tpot2devenv/lib/python3.10/site-packages/distributed/core.py", line 1155, in send_recv
    response = await comm.read(deserializers=deserializers)
  File "/home/ketrong/miniconda3/envs/tpot2devenv/lib/python3.10/site-packages/distributed/comm/tcp.py", line 237, in read
    convert_stream_closed_error(self, e)
  File "/home/ketrong/miniconda3/envs/tpot2devenv/lib/python3.10/site-packages/distributed/comm/tcp.py", line 142, in convert_stream_closed_error
    raise CommClosedError(f"in {obj}: {exc}") from exc
distributed.comm.core.CommClosedError: in <TCP (closed) ConnectionPool.heartbeat_worker local=tcp://127.0.0.1:35086 remote=tcp://127.0.0.1:44965>: Stream is closed
2024-04-27 20:55:01,578 - distributed.worker - ERROR - Failed to communicate with scheduler during heartbeat.
Traceback (most recent call last):
  File "/home/ketrong/miniconda3/envs/tpot2devenv/lib/python3.10/site-packages/distributed/comm/tcp.py", line 225, in read
    frames_nosplit_nbytes_bin = await stream.read_bytes(fmt_size)
tornado.iostream.StreamClosedError: Stream is closed

The above exception was the direct cause of the following exception:

Traceback (most recent call last):
  File "/home/ketrong/miniconda3/envs/tpot2devenv/lib/python3.10/site-packages/distributed/worker.py", line 1255, in heartbeat
    response = await retry_operation(
  File "/home/ketrong/miniconda3/envs/tpot2devenv/lib/python3.10/site-packages/distributed/utils_comm.py", line 455, in retry_operation
    return await retry(
  File "/home/ketrong/miniconda3/envs/tpot2devenv/lib/python3.10/site-packages/distributed/utils_comm.py", line 434, in retry
    return await coro()
  File "/home/ketrong/miniconda3/envs/tpot2devenv/lib/python3.10/site-packages/distributed/core.py", line 1396, in send_recv_from_rpc
    return await send_recv(comm=comm, op=key, **kwargs)
  File "/home/ketrong/miniconda3/envs/tpot2devenv/lib/python3.10/site-packages/distributed/core.py", line 1155, in send_recv
    response = await comm.read(deserializers=deserializers)
  File "/home/ketrong/miniconda3/envs/tpot2devenv/lib/python3.10/site-packages/distributed/comm/tcp.py", line 237, in read
    convert_stream_closed_error(self, e)
  File "/home/ketrong/miniconda3/envs/tpot2devenv/lib/python3.10/site-packages/distributed/comm/tcp.py", line 142, in convert_stream_closed_error
    raise CommClosedError(f"in {obj}: {exc}") from exc
distributed.comm.core.CommClosedError: in <TCP (closed) ConnectionPool.heartbeat_worker local=tcp://127.0.0.1:35078 remote=tcp://127.0.0.1:44965>: Stream is closed
2024-04-27 20:55:01,576 - distributed.worker - ERROR - Failed to communicate with scheduler during heartbeat.
Traceback (most recent call last):
  File "/home/ketrong/miniconda3/envs/tpot2devenv/lib/python3.10/site-packages/distributed/comm/tcp.py", line 225, in read
    frames_nosplit_nbytes_bin = await stream.read_bytes(fmt_size)
tornado.iostream.StreamClosedError: Stream is closed

The above exception was the direct cause of the following exception:

Traceback (most recent call last):
  File "/home/ketrong/miniconda3/envs/tpot2devenv/lib/python3.10/site-packages/distributed/worker.py", line 1255, in heartbeat
    response = await retry_operation(
  File "/home/ketrong/miniconda3/envs/tpot2devenv/lib/python3.10/site-packages/distributed/utils_comm.py", line 455, in retry_operation
    return await retry(
  File "/home/ketrong/miniconda3/envs/tpot2devenv/lib/python3.10/site-packages/distributed/utils_comm.py", line 434, in retry
    return await coro()
  File "/home/ketrong/miniconda3/envs/tpot2devenv/lib/python3.10/site-packages/distributed/core.py", line 1396, in send_recv_from_rpc
    return await send_recv(comm=comm, op=key, **kwargs)
  File "/home/ketrong/miniconda3/envs/tpot2devenv/lib/python3.10/site-packages/distributed/core.py", line 1155, in send_recv
    response = await comm.read(deserializers=deserializers)
  File "/home/ketrong/miniconda3/envs/tpot2devenv/lib/python3.10/site-packages/distributed/comm/tcp.py", line 237, in read
    convert_stream_closed_error(self, e)
  File "/home/ketrong/miniconda3/envs/tpot2devenv/lib/python3.10/site-packages/distributed/comm/tcp.py", line 142, in convert_stream_closed_error
    raise CommClosedError(f"in {obj}: {exc}") from exc
distributed.comm.core.CommClosedError: in <TCP (closed) ConnectionPool.heartbeat_worker local=tcp://127.0.0.1:35080 remote=tcp://127.0.0.1:44965>: Stream is closed
2024-04-27 20:55:01,576 - distributed.worker - ERROR - Failed to communicate with scheduler during heartbeat.
Traceback (most recent call last):
  File "/home/ketrong/miniconda3/envs/tpot2devenv/lib/python3.10/site-packages/distributed/comm/tcp.py", line 225, in read
    frames_nosplit_nbytes_bin = await stream.read_bytes(fmt_size)
tornado.iostream.StreamClosedError: Stream is closed

The above exception was the direct cause of the following exception:

Traceback (most recent call last):
  File "/home/ketrong/miniconda3/envs/tpot2devenv/lib/python3.10/site-packages/distributed/worker.py", line 1255, in heartbeat
    response = await retry_operation(
  File "/home/ketrong/miniconda3/envs/tpot2devenv/lib/python3.10/site-packages/distributed/utils_comm.py", line 455, in retry_operation
    return await retry(
  File "/home/ketrong/miniconda3/envs/tpot2devenv/lib/python3.10/site-packages/distributed/utils_comm.py", line 434, in retry
    return await coro()
  File "/home/ketrong/miniconda3/envs/tpot2devenv/lib/python3.10/site-packages/distributed/core.py", line 1396, in send_recv_from_rpc
    return await send_recv(comm=comm, op=key, **kwargs)
  File "/home/ketrong/miniconda3/envs/tpot2devenv/lib/python3.10/site-packages/distributed/core.py", line 1155, in send_recv
    response = await comm.read(deserializers=deserializers)
  File "/home/ketrong/miniconda3/envs/tpot2devenv/lib/python3.10/site-packages/distributed/comm/tcp.py", line 237, in read
    convert_stream_closed_error(self, e)
  File "/home/ketrong/miniconda3/envs/tpot2devenv/lib/python3.10/site-packages/distributed/comm/tcp.py", line 142, in convert_stream_closed_error
    raise CommClosedError(f"in {obj}: {exc}") from exc
distributed.comm.core.CommClosedError: in <TCP (closed) ConnectionPool.heartbeat_worker local=tcp://127.0.0.1:35074 remote=tcp://127.0.0.1:44965>: Stream is closed
2024-04-27 20:55:01,592 - distributed.worker - ERROR - Failed to communicate with scheduler during heartbeat.
Traceback (most recent call last):
  File "/home/ketrong/miniconda3/envs/tpot2devenv/lib/python3.10/site-packages/distributed/comm/tcp.py", line 225, in read
    frames_nosplit_nbytes_bin = await stream.read_bytes(fmt_size)
tornado.iostream.StreamClosedError: Stream is closed

The above exception was the direct cause of the following exception:

Traceback (most recent call last):
  File "/home/ketrong/miniconda3/envs/tpot2devenv/lib/python3.10/site-packages/distributed/worker.py", line 1255, in heartbeat
    response = await retry_operation(
  File "/home/ketrong/miniconda3/envs/tpot2devenv/lib/python3.10/site-packages/distributed/utils_comm.py", line 455, in retry_operation
    return await retry(
  File "/home/ketrong/miniconda3/envs/tpot2devenv/lib/python3.10/site-packages/distributed/utils_comm.py", line 434, in retry
    return await coro()
  File "/home/ketrong/miniconda3/envs/tpot2devenv/lib/python3.10/site-packages/distributed/core.py", line 1396, in send_recv_from_rpc
    return await send_recv(comm=comm, op=key, **kwargs)
  File "/home/ketrong/miniconda3/envs/tpot2devenv/lib/python3.10/site-packages/distributed/core.py", line 1155, in send_recv
    response = await comm.read(deserializers=deserializers)
  File "/home/ketrong/miniconda3/envs/tpot2devenv/lib/python3.10/site-packages/distributed/comm/tcp.py", line 237, in read
    convert_stream_closed_error(self, e)
  File "/home/ketrong/miniconda3/envs/tpot2devenv/lib/python3.10/site-packages/distributed/comm/tcp.py", line 142, in convert_stream_closed_error
    raise CommClosedError(f"in {obj}: {exc}") from exc
distributed.comm.core.CommClosedError: in <TCP (closed) ConnectionPool.heartbeat_worker local=tcp://127.0.0.1:35082 remote=tcp://127.0.0.1:44965>: Stream is closed
2024-04-27 20:55:01,563 - distributed.worker - ERROR - Failed to communicate with scheduler during heartbeat.
Traceback (most recent call last):
  File "/home/ketrong/miniconda3/envs/tpot2devenv/lib/python3.10/site-packages/distributed/comm/tcp.py", line 225, in read
    frames_nosplit_nbytes_bin = await stream.read_bytes(fmt_size)
tornado.iostream.StreamClosedError: Stream is closed

The above exception was the direct cause of the following exception:

Traceback (most recent call last):
  File "/home/ketrong/miniconda3/envs/tpot2devenv/lib/python3.10/site-packages/distributed/worker.py", line 1255, in heartbeat
    response = await retry_operation(
  File "/home/ketrong/miniconda3/envs/tpot2devenv/lib/python3.10/site-packages/distributed/utils_comm.py", line 455, in retry_operation
    return await retry(
  File "/home/ketrong/miniconda3/envs/tpot2devenv/lib/python3.10/site-packages/distributed/utils_comm.py", line 434, in retry
    return await coro()
  File "/home/ketrong/miniconda3/envs/tpot2devenv/lib/python3.10/site-packages/distributed/core.py", line 1396, in send_recv_from_rpc
    return await send_recv(comm=comm, op=key, **kwargs)
  File "/home/ketrong/miniconda3/envs/tpot2devenv/lib/python3.10/site-packages/distributed/core.py", line 1155, in send_recv
    response = await comm.read(deserializers=deserializers)
  File "/home/ketrong/miniconda3/envs/tpot2devenv/lib/python3.10/site-packages/distributed/comm/tcp.py", line 237, in read
    convert_stream_closed_error(self, e)
  File "/home/ketrong/miniconda3/envs/tpot2devenv/lib/python3.10/site-packages/distributed/comm/tcp.py", line 142, in convert_stream_closed_error
    raise CommClosedError(f"in {obj}: {exc}") from exc
distributed.comm.core.CommClosedError: in <TCP (closed) ConnectionPool.heartbeat_worker local=tcp://127.0.0.1:35076 remote=tcp://127.0.0.1:44965>: Stream is closed
Fitted
['MLPClassifier_1']
score start
train score: {'auroc': 0.9003978669185647, 'accuracy': 0.2897047086991221, 'balanced_accuracy': 0.12760697840673915, 'logloss': 1.8799876919919454}
failed on 
logs/2075/tpot2_base_normal_MCAR_0.1
got an unexpected keyword argument 'multi_class'
Traceback (most recent call last):
  File "/common/ketrong/AutoImputeExp/tpot2_imputetest/Impute_Experiments/utils.py", line 165, in score
    this_auroc_score = sklearn.metrics.get_scorer("roc_auc_ovr")(est, X, y)
  File "/home/ketrong/miniconda3/envs/tpot2devenv/lib/python3.10/site-packages/sklearn/metrics/_scorer.py", line 266, in __call__
    return self._score(partial(_cached_call, None), estimator, X, y_true, **_kwargs)
  File "/home/ketrong/miniconda3/envs/tpot2devenv/lib/python3.10/site-packages/sklearn/metrics/_scorer.py", line 401, in _score
    return self._sign * self._score_func(y, y_pred, **scoring_kwargs)
  File "/home/ketrong/miniconda3/envs/tpot2devenv/lib/python3.10/site-packages/sklearn/utils/_param_validation.py", line 214, in wrapper
    return func(*args, **kwargs)
  File "/home/ketrong/miniconda3/envs/tpot2devenv/lib/python3.10/site-packages/sklearn/metrics/_ranking.py", line 621, in roc_auc_score
    return _multiclass_roc_auc_score(
  File "/home/ketrong/miniconda3/envs/tpot2devenv/lib/python3.10/site-packages/sklearn/metrics/_ranking.py", line 738, in _multiclass_roc_auc_score
    raise ValueError(
ValueError: Number of classes in y_true not equal to the number of columns in 'y_score'

During handling of the above exception, another exception occurred:

Traceback (most recent call last):
  File "/common/ketrong/AutoImputeExp/tpot2_imputetest/Impute_Experiments/utils.py", line 385, in loop_through_tasks
    ori_test_score = score(est, X_test, y_test)
  File "/common/ketrong/AutoImputeExp/tpot2_imputetest/Impute_Experiments/utils.py", line 169, in score
    this_explained_score = sklearn.metrics.explained_variance_score(y, y_preds_onehot, multi_class="ovr")
  File "/home/ketrong/miniconda3/envs/tpot2devenv/lib/python3.10/site-packages/sklearn/utils/_param_validation.py", line 192, in wrapper
    params = func_sig.bind(*args, **kwargs)
  File "/home/ketrong/miniconda3/envs/tpot2devenv/lib/python3.10/inspect.py", line 3186, in bind
    return self._bind(args, kwargs)
  File "/home/ketrong/miniconda3/envs/tpot2devenv/lib/python3.10/inspect.py", line 3175, in _bind
    raise TypeError(
TypeError: got an unexpected keyword argument 'multi_class'

full run takes
0.7225676470332676
hours
DONE
